Value =  1.17394e+00
Rxn  Value+       Value-           Sensitivi   Reaction Name
 377  1.17395e+00   1.17394e+00   3.8531e-03  C2H4 + H (+M) <=> C2H5 (+M):HpA
 540  1.17397e+00   1.17392e+00   2.0735e-02  C3H6 + H <=> C2H4 + CH3:A
 541  1.17382e+00   1.17407e+00  -1.0739e-01  C3H6 + H <=> C2H4 + CH3:E
 877  1.17409e+00   1.17380e+00   1.2329e-01  C4H81 + H (+M) <=> sC4H9 (+M):HpA
 878  1.17396e+00   1.17393e+00   1.0781e-02  C4H81 + H <=> C2H4 + C2H5:A
 879  1.17388e+00   1.17401e+00  -5.5472e-02  C4H81 + H <=> C2H4 + C2H5:E
 880  1.17393e+00   1.17396e+00  -1.1751e-02  C4H81 + H <=> C3H6 + CH3:A
 881  1.17402e+00   1.17387e+00   6.1582e-02  C4H81 + H <=> C3H6 + CH3:E
 898  1.17409e+00   1.17380e+00   1.2199e-01  C4H82 + H (+M) <=> sC4H9 (+M):HpA
 914  1.17393e+00   1.17396e+00  -1.1901e-02  H + iC4H8 <=> C3H6 + CH3:A
 915  1.17401e+00   1.17387e+00   5.9523e-02  H + iC4H8 <=> C3H6 + CH3:E
 942  1.17369e+00   1.17420e+00  -2.1999e-01  C3H6 + CH3 (+M) <=> sC4H9 (+M):HpA
 968  1.17395e+00   1.17395e+00  -4.9271e-05  tC4H9 (+M) <=> H + iC4H8 (+M):HpA
 988  1.17397e+00   1.17393e+00   1.4377e-02  2 C2H5 (+M) <=> C4H10 (+M):HpA
 989  1.17502e+00   1.17287e+00   9.1710e-01  C4H10 + H <=> H2 + pC4H9:A
 990  1.17062e+00   1.17728e+00  -2.8342e+00  C4H10 + H <=> H2 + pC4H9:E
 991  1.17286e+00   1.17503e+00  -9.2679e-01  C4H10 + H <=> H2 + sC4H9:A
 992  1.17618e+00   1.17172e+00   1.9002e+00  C4H10 + H <=> H2 + sC4H9:E
 1009  1.17397e+00   1.17392e+00   2.2088e-02  C4H10 + CH3 <=> CH4 + pC4H9:A
 1312  1.17467e+00   1.17325e+00   6.0810e-01  HME <=> 2 tC4H9:E

Parameter number =  377 C2H4 + H (+M) <=> C2H5 (+M):HpA
Positive perturbation =  1.39039e+00
Value =  1.17596e+00
Rxn  Value+       Value-           Sensitivi   Reaction Name
 377  1.17597e+00   1.17596e+00   7.0548e-03  C2H4 + H (+M) <=> C2H5 (+M):HpA
 540  1.17599e+00   1.17594e+00   2.1032e-02  C3H6 + H <=> C2H4 + CH3:A
 541  1.17584e+00   1.17609e+00  -1.0750e-01  C3H6 + H <=> C2H4 + CH3:E
 877  1.17611e+00   1.17582e+00   1.2297e-01  C4H81 + H (+M) <=> sC4H9 (+M):HpA
 878  1.17598e+00   1.17595e+00   1.0844e-02  C4H81 + H <=> C2H4 + C2H5:A
 879  1.17590e+00   1.17603e+00  -5.5424e-02  C4H81 + H <=> C2H4 + C2H5:E
 880  1.17595e+00   1.17598e+00  -1.2035e-02  C4H81 + H <=> C3H6 + CH3:A
 881  1.17604e+00   1.17589e+00   6.1724e-02  C4H81 + H <=> C3H6 + CH3:E
 898  1.17611e+00   1.17582e+00   1.2150e-01  C4H82 + H (+M) <=> sC4H9 (+M):HpA
 914  1.17595e+00   1.17598e+00  -1.1665e-02  H + iC4H8 <=> C3H6 + CH3:A
 915  1.17603e+00   1.17589e+00   5.9563e-02  H + iC4H8 <=> C3H6 + CH3:E
 942  1.17571e+00   1.17622e+00  -2.1898e-01  C3H6 + CH3 (+M) <=> sC4H9 (+M):HpA
 968  1.17596e+00   1.17597e+00  -7.6433e-04  tC4H9 (+M) <=> H + iC4H8 (+M):HpA
 988  1.17598e+00   1.17594e+00   1.8888e-02  2 C2H5 (+M) <=> C4H10 (+M):HpA
 989  1.17704e+00   1.17489e+00   9.1455e-01  C4H10 + H <=> H2 + pC4H9:A
 990  1.17264e+00   1.17930e+00  -2.8329e+00  C4H10 + H <=> H2 + pC4H9:E
 991  1.17487e+00   1.17706e+00  -9.2849e-01  C4H10 + H <=> H2 + sC4H9:A
 992  1.17820e+00   1.17374e+00   1.8964e+00  C4H10 + H <=> H2 + sC4H9:E
 1009  1.17599e+00   1.17594e+00   2.1868e-02  C4H10 + CH3 <=> CH4 + pC4H9:A
 1312  1.17666e+00   1.17529e+00   5.8151e-01  HME <=> 2 tC4H9:E
Negative perturbation =  7.19223e-01
Value =  1.17122e+00
Rxn  Value+       Value-           Sensitivi   Reaction Name
 377  1.17123e+00   1.17122e+00   2.5704e-03  C2H4 + H (+M) <=> C2H5 (+M):HpA
 540  1.17124e+00   1.17119e+00   2.0923e-02  C3H6 + H <=> C2H4 + CH3:A
 541  1.17109e+00   1.17134e+00  -1.0716e-01  C3H6 + H <=> C2H4 + CH3:E
 877  1.17136e+00   1.17107e+00   1.2420e-01  C4H81 + H (+M) <=> sC4H9 (+M):HpA
 878  1.17123e+00   1.17120e+00   1.0775e-02  C4H81 + H <=> C2H4 + C2H5:A
 879  1.17115e+00   1.17128e+00  -5.5180e-02  C4H81 + H <=> C2H4 + C2H5:E
 880  1.17120e+00   1.17123e+00  -1.2026e-02  C4H81 + H <=> C3H6 + CH3:A
 881  1.17129e+00   1.17114e+00   6.1213e-02  C4H81 + H <=> C3H6 + CH3:E
 898  1.17137e+00   1.17107e+00   1.2729e-01  C4H82 + H (+M) <=> sC4H9 (+M):HpA
 914  1.17120e+00   1.17123e+00  -1.1616e-02  H + iC4H8 <=> C3H6 + CH3:A
 915  1.17129e+00   1.17115e+00   5.9490e-02  H + iC4H8 <=> C3H6 + CH3:E
 942  1.17096e+00   1.17148e+00  -2.1953e-01  C3H6 + CH3 (+M) <=> sC4H9 (+M):HpA
 968  1.17122e+00   1.17121e+00   3.8952e-03  tC4H9 (+M) <=> H + iC4H8 (+M):HpA
 988  1.17124e+00   1.17119e+00   1.9026e-02  2 C2H5 (+M) <=> C4H10 (+M):HpA
 989  1.17229e+00   1.17014e+00   9.1730e-01  C4H10 + H <=> H2 + pC4H9:A
 990  1.16791e+00   1.17455e+00  -2.8369e+00  C4H10 + H <=> H2 + pC4H9:E
 991  1.17013e+00   1.17231e+00  -9.2804e-01  C4H10 + H <=> H2 + sC4H9:A
 992  1.17344e+00   1.16900e+00   1.8963e+00  C4H10 + H <=> H2 + sC4H9:E
 1009  1.17124e+00   1.17120e+00   1.6876e-02  C4H10 + CH3 <=> CH4 + pC4H9:A
 1312  1.17199e+00   1.17049e+00   6.4001e-01  HME <=> 2 tC4H9:E

Parameter number =  540 C3H6 + H <=> C2H4 + CH3:A     
Positive perturbation =  1.23114e+00
Value =  1.17963e+00
Rxn  Value+       Value-           Sensitivi   Reaction Name
 377  1.17964e+00   1.17963e+00   4.2342e-03  C2H4 + H (+M) <=> C2H5 (+M):HpA
 540  1.17966e+00   1.17960e+00   2.5378e-02  C3H6 + H <=> C2H4 + CH3:A
 541  1.17948e+00   1.17979e+00  -1.3121e-01  C3H6 + H <=> C2H4 + CH3:E
 877  1.17978e+00   1.17949e+00   1.2355e-01  C4H81 + H (+M) <=> sC4H9 (+M):HpA
 878  1.17965e+00   1.17962e+00   1.0722e-02  C4H81 + H <=> C2H4 + C2H5:A
 879  1.17957e+00   1.17970e+00  -5.5011e-02  C4H81 + H <=> C2H4 + C2H5:E
 880  1.17962e+00   1.17965e+00  -1.1768e-02  C4H81 + H <=> C3H6 + CH3:A
 881  1.17971e+00   1.17956e+00   6.1869e-02  C4H81 + H <=> C3H6 + CH3:E
 898  1.17978e+00   1.17949e+00   1.2227e-01  C4H82 + H (+M) <=> sC4H9 (+M):HpA
 914  1.17962e+00   1.17965e+00  -1.1635e-02  H + iC4H8 <=> C3H6 + CH3:A
 915  1.17970e+00   1.17956e+00   6.0015e-02  H + iC4H8 <=> C3H6 + CH3:E
 942  1.17937e+00   1.17989e+00  -2.2047e-01  C3H6 + CH3 (+M) <=> sC4H9 (+M):HpA
 968  1.17964e+00   1.17964e+00   7.9802e-05  tC4H9 (+M) <=> H + iC4H8 (+M):HpA
 988  1.17966e+00   1.17962e+00   1.5050e-02  2 C2H5 (+M) <=> C4H10 (+M):HpA
 989  1.18072e+00   1.17856e+00   9.1497e-01  C4H10 + H <=> H2 + pC4H9:A
 990  1.17630e+00   1.18298e+00  -2.8276e+00  C4H10 + H <=> H2 + pC4H9:E
 991  1.17854e+00   1.18073e+00  -9.2904e-01  C4H10 + H <=> H2 + sC4H9:A
 992  1.18189e+00   1.17740e+00   1.9040e+00  C4H10 + H <=> H2 + sC4H9:E
 1009  1.17966e+00   1.17961e+00   2.2261e-02  C4H10 + CH3 <=> CH4 + pC4H9:A
 1312  1.18024e+00   1.17906e+00   5.0070e-01  HME <=> 2 tC4H9:E
Negative perturbation =  8.12252e-01
Value =  1.16931e+00
Rxn  Value+       Value-           Sensitivi   Reaction Name
 377  1.16932e+00   1.16931e+00   3.8264e-03  C2H4 + H (+M) <=> C2H5 (+M):HpA
 540  1.16933e+00   1.16929e+00   1.6904e-02  C3H6 + H <=> C2H4 + CH3:A
 541  1.16921e+00   1.16942e+00  -8.7538e-02  C3H6 + H <=> C2H4 + CH3:E
 877  1.16946e+00   1.16917e+00   1.2309e-01  C4H81 + H (+M) <=> sC4H9 (+M):HpA
 878  1.16933e+00   1.16930e+00   1.0562e-02  C4H81 + H <=> C2H4 + C2H5:A
 879  1.16925e+00   1.16938e+00  -5.5243e-02  C4H81 + H <=> C2H4 + C2H5:E
 880  1.16930e+00   1.16933e+00  -1.2250e-02  C4H81 + H <=> C3H6 + CH3:A
 881  1.16938e+00   1.16924e+00   6.1452e-02  C4H81 + H <=> C3H6 + CH3:E
 898  1.16946e+00   1.16917e+00   1.2170e-01  C4H82 + H (+M) <=> sC4H9 (+M):HpA
 914  1.16930e+00   1.16933e+00  -1.1617e-02  H + iC4H8 <=> C3H6 + CH3:A
 915  1.16938e+00   1.16924e+00   5.9397e-02  H + iC4H8 <=> C3H6 + CH3:E
 942  1.16906e+00   1.16957e+00  -2.1957e-01  C3H6 + CH3 (+M) <=> sC4H9 (+M):HpA
 968  1.16931e+00   1.16932e+00  -3.8601e-04  tC4H9 (+M) <=> H + iC4H8 (+M):HpA
 988  1.16934e+00   1.16930e+00   1.4292e-02  2 C2H5 (+M) <=> C4H10 (+M):HpA
 989  1.17039e+00   1.16824e+00   9.1886e-01  C4H10 + H <=> H2 + pC4H9:A
 990  1.16600e+00   1.17264e+00  -2.8394e+00  C4H10 + H <=> H2 + pC4H9:E
 991  1.16823e+00   1.17040e+00  -9.2548e-01  C4H10 + H <=> H2 + sC4H9:A
 992  1.17154e+00   1.16710e+00   1.8970e+00  C4H10 + H <=> H2 + sC4H9:E
 1009  1.16934e+00   1.16929e+00   2.1972e-02  C4H10 + CH3 <=> CH4 + pC4H9:A
 1312  1.17014e+00   1.16851e+00   6.9631e-01  HME <=> 2 tC4H9:E

Parameter number =  541 C3H6 + H <=> C2H4 + CH3:E     
Positive perturbation =  1.03547e+00
Value =  1.16985e+00
Rxn  Value+       Value-           Sensitivi   Reaction Name
 377  1.16986e+00   1.16985e+00   3.8646e-03  C2H4 + H (+M) <=> C2H5 (+M):HpA
 540  1.16987e+00   1.16983e+00   1.7584e-02  C3H6 + H <=> C2H4 + CH3:A
 541  1.16974e+00   1.16996e+00  -9.2980e-02  C3H6 + H <=> C2H4 + CH3:E
 877  1.17000e+00   1.16971e+00   1.2316e-01  C4H81 + H (+M) <=> sC4H9 (+M):HpA
 878  1.16986e+00   1.16984e+00   1.0608e-02  C4H81 + H <=> C2H4 + C2H5:A
 879  1.16979e+00   1.16991e+00  -5.5170e-02  C4H81 + H <=> C2H4 + C2H5:E
 880  1.16984e+00   1.16986e+00  -1.2265e-02  C4H81 + H <=> C3H6 + CH3:A
 881  1.16992e+00   1.16978e+00   6.1158e-02  C4H81 + H <=> C3H6 + CH3:E
 898  1.16999e+00   1.16971e+00   1.2175e-01  C4H82 + H (+M) <=> sC4H9 (+M):HpA
 914  1.16984e+00   1.16986e+00  -1.1600e-02  H + iC4H8 <=> C3H6 + CH3:A
 915  1.16992e+00   1.16978e+00   5.9384e-02  H + iC4H8 <=> C3H6 + CH3:E
 942  1.16959e+00   1.17011e+00  -2.1961e-01  C3H6 + CH3 (+M) <=> sC4H9 (+M):HpA
 968  1.16985e+00   1.16985e+00  -3.8678e-04  tC4H9 (+M) <=> H + iC4H8 (+M):HpA
 988  1.16987e+00   1.16984e+00   1.4909e-02  2 C2H5 (+M) <=> C4H10 (+M):HpA
 989  1.17093e+00   1.16878e+00   9.1861e-01  C4H10 + H <=> H2 + pC4H9:A
 990  1.16654e+00   1.17318e+00  -2.8388e+00  C4H10 + H <=> H2 + pC4H9:E
 991  1.16877e+00   1.17093e+00  -9.2569e-01  C4H10 + H <=> H2 + sC4H9:A
 992  1.17208e+00   1.16764e+00   1.8975e+00  C4H10 + H <=> H2 + sC4H9:E
 1009  1.16988e+00   1.16983e+00   2.2043e-02  C4H10 + CH3 <=> CH4 + pC4H9:A
 1312  1.17067e+00   1.16906e+00   6.8607e-01  HME <=> 2 tC4H9:E
Negative perturbation =  9.65745e-01
Value =  1.17866e+00
Rxn  Value+       Value-           Sensitivi   Reaction Name
 377  1.17867e+00   1.17866e+00   4.2130e-03  C2H4 + H (+M) <=> C2H5 (+M):HpA
 540  1.17869e+00   1.17863e+00   2.4818e-02  C3H6 + H <=> C2H4 + CH3:A
 541  1.17852e+00   1.17881e+00  -1.2286e-01  C3H6 + H <=> C2H4 + CH3:E
 877  1.17881e+00   1.17852e+00   1.2352e-01  C4H81 + H (+M) <=> sC4H9 (+M):HpA
 878  1.17867e+00   1.17865e+00   1.0758e-02  C4H81 + H <=> C2H4 + C2H5:A
 879  1.17860e+00   1.17873e+00  -5.5039e-02  C4H81 + H <=> C2H4 + C2H5:E
 880  1.17865e+00   1.17868e+00  -1.1973e-02  C4H81 + H <=> C3H6 + CH3:A
 881  1.17873e+00   1.17859e+00   6.1562e-02  C4H81 + H <=> C3H6 + CH3:E
 898  1.17881e+00   1.17852e+00   1.2221e-01  C4H82 + H (+M) <=> sC4H9 (+M):HpA
 914  1.17865e+00   1.17867e+00  -1.1663e-02  H + iC4H8 <=> C3H6 + CH3:A
 915  1.17873e+00   1.17859e+00   5.9362e-02  H + iC4H8 <=> C3H6 + CH3:E
 942  1.17840e+00   1.17892e+00  -2.2043e-01  C3H6 + CH3 (+M) <=> sC4H9 (+M):HpA
 968  1.17866e+00   1.17866e+00   1.0713e-04  tC4H9 (+M) <=> H + iC4H8 (+M):HpA
 988  1.17869e+00   1.17865e+00   1.5021e-02  2 C2H5 (+M) <=> C4H10 (+M):HpA
 989  1.17974e+00   1.17759e+00   9.1531e-01  C4H10 + H <=> H2 + pC4H9:A
 990  1.17533e+00   1.18200e+00  -2.8288e+00  C4H10 + H <=> H2 + pC4H9:E
 991  1.17757e+00   1.17976e+00  -9.2842e-01  C4H10 + H <=> H2 + sC4H9:A
 992  1.18091e+00   1.17643e+00   1.9034e+00  C4H10 + H <=> H2 + sC4H9:E
 1009  1.17869e+00   1.17864e+00   2.2372e-02  C4H10 + CH3 <=> CH4 + pC4H9:A
 1312  1.17929e+00   1.17807e+00   5.1913e-01  HME <=> 2 tC4H9:E

Parameter number =  877 C4H81 + H (+M) <=> sC4H9 (+M):HpA
Positive perturbation =  1.39039e+00
Value =  1.22612e+00
Rxn  Value+       Value-           Sensitivi   Reaction Name
 377  1.22613e+00   1.22611e+00   8.3996e-03  C2H4 + H (+M) <=> C2H5 (+M):HpA
 540  1.22615e+00   1.22610e+00   2.1340e-02  C3H6 + H <=> C2H4 + CH3:A
 541  1.22599e+00   1.22626e+00  -1.0918e-01  C3H6 + H <=> C2H4 + CH3:E
 877  1.22629e+00   1.22595e+00   1.3986e-01  C4H81 + H (+M) <=> sC4H9 (+M):HpA
 878  1.22614e+00   1.22611e+00   1.3411e-02  C4H81 + H <=> C2H4 + C2H5:A
 879  1.22604e+00   1.22621e+00  -6.8551e-02  C4H81 + H <=> C2H4 + C2H5:E
 880  1.22610e+00   1.22614e+00  -1.5547e-02  C4H81 + H <=> C3H6 + CH3:A
 881  1.22622e+00   1.22602e+00   7.9576e-02  C4H81 + H <=> C3H6 + CH3:E
 898  1.22626e+00   1.22598e+00   1.1382e-01  C4H82 + H (+M) <=> sC4H9 (+M):HpA
 914  1.22611e+00   1.22614e+00  -1.2127e-02  H + iC4H8 <=> C3H6 + CH3:A
 915  1.22620e+00   1.22605e+00   6.2080e-02  H + iC4H8 <=> C3H6 + CH3:E
 942  1.22583e+00   1.22641e+00  -2.3612e-01  C3H6 + CH3 (+M) <=> sC4H9 (+M):HpA
 968  1.22612e+00   1.22612e+00  -9.0813e-04  tC4H9 (+M) <=> H + iC4H8 (+M):HpA
 988  1.22614e+00   1.22610e+00   1.8251e-02  2 C2H5 (+M) <=> C4H10 (+M):HpA
 989  1.22725e+00   1.22501e+00   9.1550e-01  C4H10 + H <=> H2 + pC4H9:A
 990  1.22265e+00   1.22960e+00  -2.8320e+00  C4H10 + H <=> H2 + pC4H9:E
 991  1.22500e+00   1.22726e+00  -9.2195e-01  C4H10 + H <=> H2 + sC4H9:A
 992  1.22845e+00   1.22381e+00   1.8887e+00  C4H10 + H <=> H2 + sC4H9:E
 1009  1.22614e+00   1.22609e+00   2.0753e-02  C4H10 + CH3 <=> CH4 + pC4H9:A
 1312  1.22691e+00   1.22536e+00   6.3161e-01  HME <=> 2 tC4H9:E
Negative perturbation =  7.19223e-01
Value =  1.13022e+00
Rxn  Value+       Value-           Sensitivi   Reaction Name
 377  1.13022e+00   1.13021e+00   7.8594e-03  C2H4 + H (+M) <=> C2H5 (+M):HpA
 540  1.13024e+00   1.13019e+00   2.0625e-02  C3H6 + H <=> C2H4 + CH3:A
 541  1.13010e+00   1.13034e+00  -1.0590e-01  C3H6 + H <=> C2H4 + CH3:E
 877  1.13034e+00   1.13010e+00   1.0666e-01  C4H81 + H (+M) <=> sC4H9 (+M):HpA
 878  1.13023e+00   1.13021e+00   8.5678e-03  C4H81 + H <=> C2H4 + C2H5:A
 879  1.13017e+00   1.13027e+00  -4.3941e-02  C4H81 + H <=> C2H4 + C2H5:E
 880  1.13021e+00   1.13023e+00  -9.2450e-03  C4H81 + H <=> C3H6 + CH3:A
 881  1.13027e+00   1.13016e+00   4.7065e-02  C4H81 + H <=> C3H6 + CH3:E
 898  1.13036e+00   1.13007e+00   1.2553e-01  C4H82 + H (+M) <=> sC4H9 (+M):HpA
 914  1.13021e+00   1.13023e+00  -1.1170e-02  H + iC4H8 <=> C3H6 + CH3:A
 915  1.13028e+00   1.13015e+00   5.7297e-02  H + iC4H8 <=> C3H6 + CH3:E
 942  1.12998e+00   1.13045e+00  -2.0720e-01  C3H6 + CH3 (+M) <=> sC4H9 (+M):HpA
 968  1.13022e+00   1.13022e+00   1.7380e-03  tC4H9 (+M) <=> H + iC4H8 (+M):HpA
 988  1.13024e+00   1.13019e+00   2.1518e-02  2 C2H5 (+M) <=> C4H10 (+M):HpA
 989  1.13125e+00   1.12918e+00   9.1536e-01  C4H10 + H <=> H2 + pC4H9:A
 990  1.12701e+00   1.13343e+00  -2.8363e+00  C4H10 + H <=> H2 + pC4H9:E
 991  1.12917e+00   1.13127e+00  -9.2905e-01  C4H10 + H <=> H2 + sC4H9:A
 992  1.13237e+00   1.12807e+00   1.9001e+00  C4H10 + H <=> H2 + sC4H9:E
 1009  1.13024e+00   1.13019e+00   2.3337e-02  C4H10 + CH3 <=> CH4 + pC4H9:A
 1312  1.13090e+00   1.12955e+00   5.9780e-01  HME <=> 2 tC4H9:E

Parameter number =  878 C4H81 + H <=> C2H4 + C2H5:A   
Positive perturbation =  1.39039e+00
Value =  1.17887e+00
Rxn  Value+       Value-           Sensitivi   Reaction Name
 377  1.17888e+00   1.17887e+00   3.8644e-03  C2H4 + H (+M) <=> C2H5 (+M):HpA
 540  1.17889e+00   1.17884e+00   2.0803e-02  C3H6 + H <=> C2H4 + CH3:A
 541  1.17874e+00   1.17899e+00  -1.0691e-01  C3H6 + H <=> C2H4 + CH3:E
 877  1.17902e+00   1.17872e+00   1.2615e-01  C4H81 + H (+M) <=> sC4H9 (+M):HpA
 878  1.17888e+00   1.17885e+00   1.4825e-02  C4H81 + H <=> C2H4 + C2H5:A
 879  1.17878e+00   1.17896e+00  -7.5628e-02  C4H81 + H <=> C2H4 + C2H5:E
 880  1.17885e+00   1.17888e+00  -1.2102e-02  C4H81 + H <=> C3H6 + CH3:A
 881  1.17894e+00   1.17879e+00   6.1964e-02  C4H81 + H <=> C3H6 + CH3:E
 898  1.17901e+00   1.17872e+00   1.2189e-01  C4H82 + H (+M) <=> sC4H9 (+M):HpA
 914  1.17885e+00   1.17888e+00  -1.1699e-02  H + iC4H8 <=> C3H6 + CH3:A
 915  1.17894e+00   1.17880e+00   5.9999e-02  H + iC4H8 <=> C3H6 + CH3:E
 942  1.17861e+00   1.17913e+00  -2.2244e-01  C3H6 + CH3 (+M) <=> sC4H9 (+M):HpA
 968  1.17887e+00   1.17887e+00  -2.6499e-04  tC4H9 (+M) <=> H + iC4H8 (+M):HpA
 988  1.17889e+00   1.17886e+00   1.4921e-02  2 C2H5 (+M) <=> C4H10 (+M):HpA
 989  1.17995e+00   1.17779e+00   9.1332e-01  C4H10 + H <=> H2 + pC4H9:A
 990  1.17555e+00   1.18220e+00  -2.8223e+00  C4H10 + H <=> H2 + pC4H9:E
 991  1.17778e+00   1.17996e+00  -9.2669e-01  C4H10 + H <=> H2 + sC4H9:A
 992  1.18111e+00   1.17664e+00   1.8992e+00  C4H10 + H <=> H2 + sC4H9:E
 1009  1.17890e+00   1.17884e+00   2.2141e-02  C4H10 + CH3 <=> CH4 + pC4H9:A
 1312  1.17949e+00   1.17827e+00   5.1708e-01  HME <=> 2 tC4H9:E
Negative perturbation =  7.19223e-01
Value =  1.17037e+00
Rxn  Value+       Value-           Sensitivi   Reaction Name
 377  1.17038e+00   1.17037e+00   4.1288e-03  C2H4 + H (+M) <=> C2H5 (+M):HpA
 540  1.17039e+00   1.17034e+00   2.1311e-02  C3H6 + H <=> C2H4 + CH3:A
 541  1.17024e+00   1.17050e+00  -1.0769e-01  C3H6 + H <=> C2H4 + CH3:E
 877  1.17051e+00   1.17023e+00   1.2127e-01  C4H81 + H (+M) <=> sC4H9 (+M):HpA
 878  1.17038e+00   1.17036e+00   8.1096e-03  C4H81 + H <=> C2H4 + C2H5:A
 879  1.17032e+00   1.17042e+00  -4.0199e-02  C4H81 + H <=> C2H4 + C2H5:E
 880  1.17036e+00   1.17038e+00  -1.1922e-02  C4H81 + H <=> C3H6 + CH3:A
 881  1.17044e+00   1.17030e+00   6.1374e-02  C4H81 + H <=> C3H6 + CH3:E
 898  1.17051e+00   1.17023e+00   1.2210e-01  C4H82 + H (+M) <=> sC4H9 (+M):HpA
 914  1.17036e+00   1.17038e+00  -1.1356e-02  H + iC4H8 <=> C3H6 + CH3:A
 915  1.17044e+00   1.17030e+00   5.9351e-02  H + iC4H8 <=> C3H6 + CH3:E
 942  1.17011e+00   1.17063e+00  -2.1816e-01  C3H6 + CH3 (+M) <=> sC4H9 (+M):HpA
 968  1.17037e+00   1.17037e+00  -1.0957e-04  tC4H9 (+M) <=> H + iC4H8 (+M):HpA
 988  1.17039e+00   1.17036e+00   1.4925e-02  2 C2H5 (+M) <=> C4H10 (+M):HpA
 989  1.17145e+00   1.16930e+00   9.1976e-01  C4H10 + H <=> H2 + pC4H9:A
 990  1.16705e+00   1.17370e+00  -2.8426e+00  C4H10 + H <=> H2 + pC4H9:E
 991  1.16929e+00   1.17146e+00  -9.2742e-01  C4H10 + H <=> H2 + sC4H9:A
 992  1.17260e+00   1.16815e+00   1.9009e+00  C4H10 + H <=> H2 + sC4H9:E
 1009  1.17040e+00   1.17035e+00   2.2137e-02  C4H10 + CH3 <=> CH4 + pC4H9:A
 1312  1.17118e+00   1.16960e+00   6.7520e-01  HME <=> 2 tC4H9:E

Parameter number =  879 C4H81 + H <=> C2H4 + C2H5:E   
Positive perturbation =  1.05497e+00
Value =  1.17082e+00
Rxn  Value+       Value-           Sensitivi   Reaction Name
 377  1.17083e+00   1.17082e+00   4.1455e-03  C2H4 + H (+M) <=> C2H5 (+M):HpA
 540  1.17085e+00   1.17080e+00   2.0810e-02  C3H6 + H <=> C2H4 + CH3:A
 541  1.17070e+00   1.17095e+00  -1.0791e-01  C3H6 + H <=> C2H4 + CH3:E
 877  1.17097e+00   1.17069e+00   1.2155e-01  C4H81 + H (+M) <=> sC4H9 (+M):HpA
 878  1.17083e+00   1.17081e+00   8.2303e-03  C4H81 + H <=> C2H4 + C2H5:A
 879  1.17077e+00   1.17088e+00  -4.4170e-02  C4H81 + H <=> C2H4 + C2H5:E
 880  1.17081e+00   1.17084e+00  -1.1907e-02  C4H81 + H <=> C3H6 + CH3:A
 881  1.17090e+00   1.17075e+00   6.1183e-02  C4H81 + H <=> C3H6 + CH3:E
 898  1.17097e+00   1.17068e+00   1.2205e-01  C4H82 + H (+M) <=> sC4H9 (+M):HpA
 914  1.17081e+00   1.17084e+00  -1.1645e-02  H + iC4H8 <=> C3H6 + CH3:A
 915  1.17089e+00   1.17075e+00   5.9633e-02  H + iC4H8 <=> C3H6 + CH3:E
 942  1.17057e+00   1.17108e+00  -2.1841e-01  C3H6 + CH3 (+M) <=> sC4H9 (+M):HpA
 968  1.17083e+00   1.17083e+00  -9.3918e-05  tC4H9 (+M) <=> H + iC4H8 (+M):HpA
 988  1.17085e+00   1.17081e+00   1.5017e-02  2 C2H5 (+M) <=> C4H10 (+M):HpA
 989  1.17190e+00   1.16975e+00   9.1939e-01  C4H10 + H <=> H2 + pC4H9:A
 990  1.16750e+00   1.17416e+00  -2.8416e+00  C4H10 + H <=> H2 + pC4H9:E
 991  1.16974e+00   1.17191e+00  -9.2709e-01  C4H10 + H <=> H2 + sC4H9:A
 992  1.17306e+00   1.16861e+00   1.9008e+00  C4H10 + H <=> H2 + sC4H9:E
 1009  1.17085e+00   1.17080e+00   2.2173e-02  C4H10 + CH3 <=> CH4 + pC4H9:A
 1312  1.17162e+00   1.17006e+00   6.6662e-01  HME <=> 2 tC4H9:E
Negative perturbation =  9.47894e-01
Value =  1.17780e+00
Rxn  Value+       Value-           Sensitivi   Reaction Name
 377  1.17781e+00   1.17780e+00   3.8956e-03  C2H4 + H (+M) <=> C2H5 (+M):HpA
 540  1.17783e+00   1.17778e+00   2.1176e-02  C3H6 + H <=> C2H4 + CH3:A
 541  1.17768e+00   1.17793e+00  -1.0705e-01  C3H6 + H <=> C2H4 + CH3:E
 877  1.17795e+00   1.17766e+00   1.2557e-01  C4H81 + H (+M) <=> sC4H9 (+M):HpA
 878  1.17782e+00   1.17779e+00   1.3859e-02  C4H81 + H <=> C2H4 + C2H5:A
 879  1.17772e+00   1.17788e+00  -6.7287e-02  C4H81 + H <=> C2H4 + C2H5:E
 880  1.17779e+00   1.17782e+00  -1.2073e-02  C4H81 + H <=> C3H6 + CH3:A
 881  1.17788e+00   1.17773e+00   6.2116e-02  C4H81 + H <=> C3H6 + CH3:E
 898  1.17795e+00   1.17766e+00   1.2191e-01  C4H82 + H (+M) <=> sC4H9 (+M):HpA
 914  1.17779e+00   1.17782e+00  -1.1648e-02  H + iC4H8 <=> C3H6 + CH3:A
 915  1.17787e+00   1.17773e+00   5.9981e-02  H + iC4H8 <=> C3H6 + CH3:E
 942  1.17754e+00   1.17806e+00  -2.2202e-01  C3H6 + CH3 (+M) <=> sC4H9 (+M):HpA
 968  1.17780e+00   1.17780e+00  -2.9994e-04  tC4H9 (+M) <=> H + iC4H8 (+M):HpA
 988  1.17783e+00   1.17779e+00   1.4375e-02  2 C2H5 (+M) <=> C4H10 (+M):HpA
 989  1.17888e+00   1.17673e+00   9.1418e-01  C4H10 + H <=> H2 + pC4H9:A
 990  1.17448e+00   1.18114e+00  -2.8249e+00  C4H10 + H <=> H2 + pC4H9:E
 991  1.17671e+00   1.17889e+00  -9.2650e-01  C4H10 + H <=> H2 + sC4H9:A
 992  1.18005e+00   1.17557e+00   1.8994e+00  C4H10 + H <=> H2 + sC4H9:E
 1009  1.17783e+00   1.17778e+00   2.1993e-02  C4H10 + CH3 <=> CH4 + pC4H9:A
 1312  1.17845e+00   1.17719e+00   5.3658e-01  HME <=> 2 tC4H9:E

Parameter number =  880 C4H81 + H <=> C3H6 + CH3:A    
Positive perturbation =  1.62066e+00
Value =  1.16545e+00
Rxn  Value+       Value-           Sensitivi   Reaction Name
 377  1.16546e+00   1.16545e+00   4.0134e-03  C2H4 + H (+M) <=> C2H5 (+M):HpA
 540  1.16548e+00   1.16543e+00   2.0938e-02  C3H6 + H <=> C2H4 + CH3:A
 541  1.16533e+00   1.16558e+00  -1.0686e-01  C3H6 + H <=> C2H4 + CH3:E
 877  1.16559e+00   1.16532e+00   1.1732e-01  C4H81 + H (+M) <=> sC4H9 (+M):HpA
 878  1.16547e+00   1.16544e+00   1.0666e-02  C4H81 + H <=> C2H4 + C2H5:A
 879  1.16539e+00   1.16552e+00  -5.4751e-02  C4H81 + H <=> C2H4 + C2H5:E
 880  1.16543e+00   1.16548e+00  -1.8133e-02  C4H81 + H <=> C3H6 + CH3:A
 881  1.16556e+00   1.16534e+00   9.4265e-02  C4H81 + H <=> C3H6 + CH3:E
 898  1.16560e+00   1.16531e+00   1.2129e-01  C4H82 + H (+M) <=> sC4H9 (+M):HpA
 914  1.16544e+00   1.16547e+00  -1.1419e-02  H + iC4H8 <=> C3H6 + CH3:A
 915  1.16552e+00   1.16539e+00   5.8341e-02  H + iC4H8 <=> C3H6 + CH3:E
 942  1.16521e+00   1.16570e+00  -2.1412e-01  C3H6 + CH3 (+M) <=> sC4H9 (+M):HpA
 968  1.16546e+00   1.16546e+00  -2.1347e-04  tC4H9 (+M) <=> H + iC4H8 (+M):HpA
 988  1.16548e+00   1.16544e+00   1.4986e-02  2 C2H5 (+M) <=> C4H10 (+M):HpA
 989  1.16653e+00   1.16439e+00   9.1695e-01  C4H10 + H <=> H2 + pC4H9:A
 990  1.16216e+00   1.16876e+00  -2.8338e+00  C4H10 + H <=> H2 + pC4H9:E
 991  1.16438e+00   1.16653e+00  -9.2111e-01  C4H10 + H <=> H2 + sC4H9:A
 992  1.16766e+00   1.16326e+00   1.8886e+00  C4H10 + H <=> H2 + sC4H9:E
 1009  1.16548e+00   1.16543e+00   2.2275e-02  C4H10 + CH3 <=> CH4 + pC4H9:A
 1312  1.16636e+00   1.16458e+00   7.6240e-01  HME <=> 2 tC4H9:E
Negative perturbation =  6.17034e-01
Value =  1.17946e+00
Rxn  Value+       Value-           Sensitivi   Reaction Name
 377  1.17947e+00   1.17946e+00   3.9344e-03  C2H4 + H (+M) <=> C2H5 (+M):HpA
 540  1.17948e+00   1.17943e+00   2.0985e-02  C3H6 + H <=> C2H4 + CH3:A
 541  1.17933e+00   1.17959e+00  -1.0752e-01  C3H6 + H <=> C2H4 + CH3:E
 877  1.17961e+00   1.17931e+00   1.2675e-01  C4H81 + H (+M) <=> sC4H9 (+M):HpA
 878  1.17947e+00   1.17945e+00   1.0889e-02  C4H81 + H <=> C2H4 + C2H5:A
 879  1.17939e+00   1.17953e+00  -5.5649e-02  C4H81 + H <=> C2H4 + C2H5:E
 880  1.17945e+00   1.17947e+00  -7.6169e-03  C4H81 + H <=> C3H6 + CH3:A
 881  1.17951e+00   1.17941e+00   3.9591e-02  C4H81 + H <=> C3H6 + CH3:E
 898  1.17960e+00   1.17932e+00   1.2247e-01  C4H82 + H (+M) <=> sC4H9 (+M):HpA
 914  1.17945e+00   1.17947e+00  -1.1982e-02  H + iC4H8 <=> C3H6 + CH3:A
 915  1.17953e+00   1.17939e+00   6.0360e-02  H + iC4H8 <=> C3H6 + CH3:E
 942  1.17920e+00   1.17972e+00  -2.2398e-01  C3H6 + CH3 (+M) <=> sC4H9 (+M):HpA
 968  1.17946e+00   1.17946e+00  -2.9597e-04  tC4H9 (+M) <=> H + iC4H8 (+M):HpA
 988  1.17948e+00   1.17945e+00   1.4967e-02  2 C2H5 (+M) <=> C4H10 (+M):HpA
 989  1.18055e+00   1.17838e+00   9.1709e-01  C4H10 + H <=> H2 + pC4H9:A
 990  1.17612e+00   1.18281e+00  -2.8341e+00  C4H10 + H <=> H2 + pC4H9:E
 991  1.17836e+00   1.18056e+00  -9.3099e-01  C4H10 + H <=> H2 + sC4H9:A
 992  1.18172e+00   1.17722e+00   1.9081e+00  C4H10 + H <=> H2 + sC4H9:E
 1009  1.17949e+00   1.17944e+00   2.2133e-02  C4H10 + CH3 <=> CH4 + pC4H9:A
 1312  1.18007e+00   1.17888e+00   5.0396e-01  HME <=> 2 tC4H9:E

Parameter number =  881 C4H81 + H <=> C3H6 + CH3:E    
Positive perturbation =  1.05622e+00
Value =  1.17752e+00
Rxn  Value+       Value-           Sensitivi   Reaction Name
 377  1.17753e+00   1.17752e+00   3.9321e-03  C2H4 + H (+M) <=> C2H5 (+M):HpA
 540  1.17754e+00   1.17749e+00   2.0969e-02  C3H6 + H <=> C2H4 + CH3:A
 541  1.17739e+00   1.17765e+00  -1.0749e-01  C3H6 + H <=> C2H4 + CH3:E
 877  1.17767e+00   1.17738e+00   1.2569e-01  C4H81 + H (+M) <=> sC4H9 (+M):HpA
 878  1.17753e+00   1.17751e+00   1.1117e-02  C4H81 + H <=> C2H4 + C2H5:A
 879  1.17745e+00   1.17759e+00  -5.5305e-02  C4H81 + H <=> C2H4 + C2H5:E
 880  1.17751e+00   1.17753e+00  -9.4777e-03  C4H81 + H <=> C3H6 + CH3:A
 881  1.17758e+00   1.17746e+00   4.9869e-02  C4H81 + H <=> C3H6 + CH3:E
 898  1.17766e+00   1.17738e+00   1.2237e-01  C4H82 + H (+M) <=> sC4H9 (+M):HpA
 914  1.17751e+00   1.17753e+00  -1.1740e-02  H + iC4H8 <=> C3H6 + CH3:A
 915  1.17759e+00   1.17745e+00   5.9636e-02  H + iC4H8 <=> C3H6 + CH3:E
 942  1.17726e+00   1.17778e+00  -2.2257e-01  C3H6 + CH3 (+M) <=> sC4H9 (+M):HpA
 968  1.17752e+00   1.17752e+00  -2.5863e-04  tC4H9 (+M) <=> H + iC4H8 (+M):HpA
 988  1.17754e+00   1.17751e+00   1.5006e-02  2 C2H5 (+M) <=> C4H10 (+M):HpA
 989  1.17860e+00   1.17644e+00   9.1703e-01  C4H10 + H <=> H2 + pC4H9:A
 990  1.17419e+00   1.18086e+00  -2.8341e+00  C4H10 + H <=> H2 + pC4H9:E
 991  1.17643e+00   1.17861e+00  -9.2942e-01  C4H10 + H <=> H2 + sC4H9:A
 992  1.17977e+00   1.17528e+00   1.9054e+00  C4H10 + H <=> H2 + sC4H9:E
 1009  1.17755e+00   1.17750e+00   2.2216e-02  C4H10 + CH3 <=> CH4 + pC4H9:A
 1312  1.17817e+00   1.17690e+00   5.4081e-01  HME <=> 2 tC4H9:E
Negative perturbation =  9.46772e-01
Value =  1.16960e+00
Rxn  Value+       Value-           Sensitivi   Reaction Name
 377  1.16960e+00   1.16960e+00   4.0543e-03  C2H4 + H (+M) <=> C2H5 (+M):HpA
 540  1.16962e+00   1.16957e+00   2.0768e-02  C3H6 + H <=> C2H4 + CH3:A
 541  1.16947e+00   1.16972e+00  -1.0728e-01  C3H6 + H <=> C2H4 + CH3:E
 877  1.16974e+00   1.16946e+00   1.2045e-01  C4H81 + H (+M) <=> sC4H9 (+M):HpA
 878  1.16961e+00   1.16958e+00   1.0453e-02  C4H81 + H <=> C2H4 + C2H5:A
 879  1.16953e+00   1.16966e+00  -5.4859e-02  C4H81 + H <=> C2H4 + C2H5:E
 880  1.16958e+00   1.16961e+00  -1.5235e-02  C4H81 + H <=> C3H6 + CH3:A
 881  1.16968e+00   1.16951e+00   7.4322e-02  C4H81 + H <=> C3H6 + CH3:E
 898  1.16974e+00   1.16945e+00   1.2158e-01  C4H82 + H (+M) <=> sC4H9 (+M):HpA
 914  1.16958e+00   1.16961e+00  -1.1801e-02  H + iC4H8 <=> C3H6 + CH3:A
 915  1.16966e+00   1.16953e+00   5.8998e-02  H + iC4H8 <=> C3H6 + CH3:E
 942  1.16934e+00   1.16985e+00  -2.1696e-01  C3H6 + CH3 (+M) <=> sC4H9 (+M):HpA
 968  1.16960e+00   1.16960e+00  -9.7982e-05  tC4H9 (+M) <=> H + iC4H8 (+M):HpA
 988  1.16962e+00   1.16959e+00   1.4329e-02  2 C2H5 (+M) <=> C4H10 (+M):HpA
 989  1.17067e+00   1.16853e+00   9.1692e-01  C4H10 + H <=> H2 + pC4H9:A
 990  1.16629e+00   1.17292e+00  -2.8340e+00  C4H10 + H <=> H2 + pC4H9:E
 991  1.16852e+00   1.17068e+00  -9.2408e-01  C4H10 + H <=> H2 + sC4H9:A
 992  1.17182e+00   1.16739e+00   1.8941e+00  C4H10 + H <=> H2 + sC4H9:E
 1009  1.16962e+00   1.16957e+00   2.2206e-02  C4H10 + CH3 <=> CH4 + pC4H9:A
 1312  1.17042e+00   1.16881e+00   6.8806e-01  HME <=> 2 tC4H9:E

Parameter number =  898 C4H82 + H (+M) <=> sC4H9 (+M):HpA
Positive perturbation =  1.39039e+00
Value =  1.22503e+00
Rxn  Value+       Value-           Sensitivi   Reaction Name
 377  1.22504e+00   1.22502e+00   5.9422e-03  C2H4 + H (+M) <=> C2H5 (+M):HpA
 540  1.22505e+00   1.22500e+00   2.1398e-02  C3H6 + H <=> C2H4 + CH3:A
 541  1.22489e+00   1.22516e+00  -1.0954e-01  C3H6 + H <=> C2H4 + CH3:E
 877  1.22518e+00   1.22489e+00   1.1773e-01  C4H81 + H (+M) <=> sC4H9 (+M):HpA
 878  1.22504e+00   1.22501e+00   1.0735e-02  C4H81 + H <=> C2H4 + C2H5:A
 879  1.22496e+00   1.22509e+00  -5.5016e-02  C4H81 + H <=> C2H4 + C2H5:E
 880  1.22501e+00   1.22504e+00  -1.2455e-02  C4H81 + H <=> C3H6 + CH3:A
 881  1.22510e+00   1.22495e+00   6.3768e-02  C4H81 + H <=> C3H6 + CH3:E
 898  1.22520e+00   1.22487e+00   1.3461e-01  C4H82 + H (+M) <=> sC4H9 (+M):HpA
 914  1.22501e+00   1.22504e+00  -1.2193e-02  H + iC4H8 <=> C3H6 + CH3:A
 915  1.22510e+00   1.22495e+00   6.2176e-02  H + iC4H8 <=> C3H6 + CH3:E
 942  1.22474e+00   1.22532e+00  -2.3746e-01  C3H6 + CH3 (+M) <=> sC4H9 (+M):HpA
 968  1.22503e+00   1.22503e+00  -8.2884e-04  tC4H9 (+M) <=> H + iC4H8 (+M):HpA
 988  1.22505e+00   1.22500e+00   1.8792e-02  2 C2H5 (+M) <=> C4H10 (+M):HpA
 989  1.22616e+00   1.22391e+00   9.1958e-01  C4H10 + H <=> H2 + pC4H9:A
 990  1.22155e+00   1.22851e+00  -2.8414e+00  C4H10 + H <=> H2 + pC4H9:E
 991  1.22389e+00   1.22617e+00  -9.2725e-01  C4H10 + H <=> H2 + sC4H9:A
 992  1.22736e+00   1.22271e+00   1.8984e+00  C4H10 + H <=> H2 + sC4H9:E
 1009  1.22505e+00   1.22500e+00   2.0885e-02  C4H10 + CH3 <=> CH4 + pC4H9:A
 1312  1.22581e+00   1.22428e+00   6.2398e-01  HME <=> 2 tC4H9:E
Negative perturbation =  7.19223e-01
Value =  1.13139e+00
Rxn  Value+       Value-           Sensitivi   Reaction Name
 377  1.13139e+00   1.13138e+00   5.8121e-03  C2H4 + H (+M) <=> C2H5 (+M):HpA
 540  1.13141e+00   1.13136e+00   2.0634e-02  C3H6 + H <=> C2H4 + CH3:A
 541  1.13127e+00   1.13151e+00  -1.0554e-01  C3H6 + H <=> C2H4 + CH3:E
 877  1.13153e+00   1.13124e+00   1.2846e-01  C4H81 + H (+M) <=> sC4H9 (+M):HpA
 878  1.13140e+00   1.13138e+00   1.0812e-02  C4H81 + H <=> C2H4 + C2H5:A
 879  1.13132e+00   1.13145e+00  -5.5458e-02  C4H81 + H <=> C2H4 + C2H5:E
 880  1.13137e+00   1.13140e+00  -1.1650e-02  C4H81 + H <=> C3H6 + CH3:A
 881  1.13145e+00   1.13132e+00   5.9525e-02  C4H81 + H <=> C3H6 + CH3:E
 898  1.13150e+00   1.13127e+00   1.0036e-01  C4H82 + H (+M) <=> sC4H9 (+M):HpA
 914  1.13137e+00   1.13140e+00  -1.1171e-02  H + iC4H8 <=> C3H6 + CH3:A
 915  1.13145e+00   1.13132e+00   5.7169e-02  H + iC4H8 <=> C3H6 + CH3:E
 942  1.13115e+00   1.13162e+00  -2.0544e-01  C3H6 + CH3 (+M) <=> sC4H9 (+M):HpA
 968  1.13139e+00   1.13138e+00   3.7790e-04  tC4H9 (+M) <=> H + iC4H8 (+M):HpA
 988  1.13141e+00   1.13136e+00   1.8831e-02  2 C2H5 (+M) <=> C4H10 (+M):HpA
 989  1.13242e+00   1.13035e+00   9.1563e-01  C4H10 + H <=> H2 + pC4H9:A
 990  1.12819e+00   1.13459e+00  -2.8267e+00  C4H10 + H <=> H2 + pC4H9:E
 991  1.13034e+00   1.13244e+00  -9.2930e-01  C4H10 + H <=> H2 + sC4H9:A
 992  1.13354e+00   1.12924e+00   1.8988e+00  C4H10 + H <=> H2 + sC4H9:E
 1009  1.13141e+00   1.13136e+00   2.3866e-02  C4H10 + CH3 <=> CH4 + pC4H9:A
 1312  1.13208e+00   1.13072e+00   6.0037e-01  HME <=> 2 tC4H9:E

Parameter number =  914 H + iC4H8 <=> C3H6 + CH3:A    
Positive perturbation =  1.39039e+00
Value =  1.16866e+00
Rxn  Value+       Value-           Sensitivi   Reaction Name
 377  1.16867e+00   1.16866e+00   4.1262e-03  C2H4 + H (+M) <=> C2H5 (+M):HpA
 540  1.16868e+00   1.16863e+00   2.0882e-02  C3H6 + H <=> C2H4 + CH3:A
 541  1.16853e+00   1.16878e+00  -1.0709e-01  C3H6 + H <=> C2H4 + CH3:E
 877  1.16881e+00   1.16852e+00   1.2283e-01  C4H81 + H (+M) <=> sC4H9 (+M):HpA
 878  1.16867e+00   1.16865e+00   1.0723e-02  C4H81 + H <=> C2H4 + C2H5:A
 879  1.16860e+00   1.16872e+00  -5.4829e-02  C4H81 + H <=> C2H4 + C2H5:E
 880  1.16864e+00   1.16867e+00  -1.2230e-02  C4H81 + H <=> C3H6 + CH3:A
 881  1.16873e+00   1.16859e+00   6.0675e-02  C4H81 + H <=> C3H6 + CH3:E
 898  1.16880e+00   1.16852e+00   1.2200e-01  C4H82 + H (+M) <=> sC4H9 (+M):HpA
 914  1.16864e+00   1.16868e+00  -1.6214e-02  H + iC4H8 <=> C3H6 + CH3:A
 915  1.16875e+00   1.16856e+00   8.1610e-02  H + iC4H8 <=> C3H6 + CH3:E
 942  1.16840e+00   1.16892e+00  -2.1898e-01  C3H6 + CH3 (+M) <=> sC4H9 (+M):HpA
 968  1.16866e+00   1.16866e+00  -2.5490e-04  tC4H9 (+M) <=> H + iC4H8 (+M):HpA
 988  1.16868e+00   1.16865e+00   1.5036e-02  2 C2H5 (+M) <=> C4H10 (+M):HpA
 989  1.16973e+00   1.16759e+00   9.1587e-01  C4H10 + H <=> H2 + pC4H9:A
 990  1.16535e+00   1.17197e+00  -2.8323e+00  C4H10 + H <=> H2 + pC4H9:E
 991  1.16758e+00   1.16974e+00  -9.2221e-01  C4H10 + H <=> H2 + sC4H9:A
 992  1.17088e+00   1.16646e+00   1.8902e+00  C4H10 + H <=> H2 + sC4H9:E
 1009  1.16869e+00   1.16864e+00   2.2128e-02  C4H10 + CH3 <=> CH4 + pC4H9:A
 1312  1.16952e+00   1.16783e+00   7.2426e-01  HME <=> 2 tC4H9:E
Negative perturbation =  7.19223e-01
Value =  1.17781e+00
Rxn  Value+       Value-           Sensitivi   Reaction Name
 377  1.17781e+00   1.17780e+00   3.8109e-03  C2H4 + H (+M) <=> C2H5 (+M):HpA
 540  1.17783e+00   1.17778e+00   2.1030e-02  C3H6 + H <=> C2H4 + CH3:A
 541  1.17768e+00   1.17793e+00  -1.0775e-01  C3H6 + H <=> C2H4 + CH3:E
 877  1.17795e+00   1.17767e+00   1.2185e-01  C4H81 + H (+M) <=> sC4H9 (+M):HpA
 878  1.17782e+00   1.17779e+00   1.0755e-02  C4H81 + H <=> C2H4 + C2H5:A
 879  1.17774e+00   1.17787e+00  -5.5366e-02  C4H81 + H <=> C2H4 + C2H5:E
 880  1.17779e+00   1.17782e+00  -1.2077e-02  C4H81 + H <=> C3H6 + CH3:A
 881  1.17788e+00   1.17773e+00   6.1941e-02  C4H81 + H <=> C3H6 + CH3:E
 898  1.17795e+00   1.17766e+00   1.2232e-01  C4H82 + H (+M) <=> sC4H9 (+M):HpA
 914  1.17780e+00   1.17782e+00  -8.4662e-03  H + iC4H8 <=> C3H6 + CH3:A
 915  1.17786e+00   1.17776e+00   4.3224e-02  H + iC4H8 <=> C3H6 + CH3:E
 942  1.17755e+00   1.17807e+00  -2.1993e-01  C3H6 + CH3 (+M) <=> sC4H9 (+M):HpA
 968  1.17781e+00   1.17781e+00  -2.9581e-04  tC4H9 (+M) <=> H + iC4H8 (+M):HpA
 988  1.17783e+00   1.17779e+00   1.5768e-02  2 C2H5 (+M) <=> C4H10 (+M):HpA
 989  1.17889e+00   1.17673e+00   9.1720e-01  C4H10 + H <=> H2 + pC4H9:A
 990  1.17447e+00   1.18115e+00  -2.8345e+00  C4H10 + H <=> H2 + pC4H9:E
 991  1.17671e+00   1.17890e+00  -9.3075e-01  C4H10 + H <=> H2 + sC4H9:A
 992  1.18006e+00   1.17557e+00   1.9062e+00  C4H10 + H <=> H2 + sC4H9:E
 1009  1.17783e+00   1.17778e+00   2.2138e-02  C4H10 + CH3 <=> CH4 + pC4H9:A
 1312  1.17844e+00   1.17721e+00   5.2349e-01  HME <=> 2 tC4H9:E

Parameter number =  915 H + iC4H8 <=> C3H6 + CH3:E    
Positive perturbation =  1.05497e+00
Value =  1.17732e+00
Rxn  Value+       Value-           Sensitivi   Reaction Name
 377  1.17732e+00   1.17731e+00   3.8690e-03  C2H4 + H (+M) <=> C2H5 (+M):HpA
 540  1.17734e+00   1.17729e+00   2.1049e-02  C3H6 + H <=> C2H4 + CH3:A
 541  1.17719e+00   1.17744e+00  -1.0745e-01  C3H6 + H <=> C2H4 + CH3:E
 877  1.17746e+00   1.17717e+00   1.2183e-01  C4H81 + H (+M) <=> sC4H9 (+M):HpA
 878  1.17733e+00   1.17730e+00   1.0824e-02  C4H81 + H <=> C2H4 + C2H5:A
 879  1.17725e+00   1.17738e+00  -5.5412e-02  C4H81 + H <=> C2H4 + C2H5:E
 880  1.17730e+00   1.17733e+00  -1.2096e-02  C4H81 + H <=> C3H6 + CH3:A
 881  1.17739e+00   1.17724e+00   6.1898e-02  C4H81 + H <=> C3H6 + CH3:E
 898  1.17746e+00   1.17717e+00   1.2236e-01  C4H82 + H (+M) <=> sC4H9 (+M):HpA
 914  1.17730e+00   1.17733e+00  -8.9153e-03  H + iC4H8 <=> C3H6 + CH3:A
 915  1.17737e+00   1.17726e+00   4.7877e-02  H + iC4H8 <=> C3H6 + CH3:E
 942  1.17706e+00   1.17757e+00  -2.1949e-01  C3H6 + CH3 (+M) <=> sC4H9 (+M):HpA
 968  1.17731e+00   1.17732e+00  -3.3043e-04  tC4H9 (+M) <=> H + iC4H8 (+M):HpA
 988  1.17734e+00   1.17730e+00   1.4951e-02  2 C2H5 (+M) <=> C4H10 (+M):HpA
 989  1.17840e+00   1.17624e+00   9.1717e-01  C4H10 + H <=> H2 + pC4H9:A
 990  1.17398e+00   1.18066e+00  -2.8345e+00  C4H10 + H <=> H2 + pC4H9:E
 991  1.17622e+00   1.17841e+00  -9.3000e-01  C4H10 + H <=> H2 + sC4H9:A
 992  1.17956e+00   1.17508e+00   1.9054e+00  C4H10 + H <=> H2 + sC4H9:E
 1009  1.17734e+00   1.17729e+00   2.2156e-02  C4H10 + CH3 <=> CH4 + pC4H9:A
 1312  1.17796e+00   1.17670e+00   5.3435e-01  HME <=> 2 tC4H9:E
Negative perturbation =  9.47894e-01
Value =  1.16980e+00
Rxn  Value+       Value-           Sensitivi   Reaction Name
 377  1.16981e+00   1.16980e+00   4.1513e-03  C2H4 + H (+M) <=> C2H5 (+M):HpA
 540  1.16982e+00   1.16978e+00   2.0669e-02  C3H6 + H <=> C2H4 + CH3:A
 541  1.16967e+00   1.16992e+00  -1.0712e-01  C3H6 + H <=> C2H4 + CH3:E
 877  1.16995e+00   1.16966e+00   1.2293e-01  C4H81 + H (+M) <=> sC4H9 (+M):HpA
 878  1.16981e+00   1.16979e+00   1.0920e-02  C4H81 + H <=> C2H4 + C2H5:A
 879  1.16973e+00   1.16986e+00  -5.5094e-02  C4H81 + H <=> C2H4 + C2H5:E
 880  1.16979e+00   1.16981e+00  -1.1881e-02  C4H81 + H <=> C3H6 + CH3:A
 881  1.16987e+00   1.16973e+00   6.1031e-02  C4H81 + H <=> C3H6 + CH3:E
 898  1.16994e+00   1.16966e+00   1.2216e-01  C4H82 + H (+M) <=> sC4H9 (+M):HpA
 914  1.16978e+00   1.16982e+00  -1.5078e-02  H + iC4H8 <=> C3H6 + CH3:A
 915  1.16988e+00   1.16971e+00   7.2630e-02  H + iC4H8 <=> C3H6 + CH3:E
 942  1.16954e+00   1.17006e+00  -2.1913e-01  C3H6 + CH3 (+M) <=> sC4H9 (+M):HpA
 968  1.16980e+00   1.16980e+00  -3.4103e-04  tC4H9 (+M) <=> H + iC4H8 (+M):HpA
 988  1.16982e+00   1.16979e+00   1.4303e-02  2 C2H5 (+M) <=> C4H10 (+M):HpA
 989  1.17087e+00   1.16873e+00   9.1592e-01  C4H10 + H <=> H2 + pC4H9:A
 990  1.16649e+00   1.17312e+00  -2.8325e+00  C4H10 + H <=> H2 + pC4H9:E
 991  1.16872e+00   1.17088e+00  -9.2331e-01  C4H10 + H <=> H2 + sC4H9:A
 992  1.17202e+00   1.16760e+00   1.8921e+00  C4H10 + H <=> H2 + sC4H9:E
 1009  1.16983e+00   1.16978e+00   2.2136e-02  C4H10 + CH3 <=> CH4 + pC4H9:A
 1312  1.17063e+00   1.16900e+00   6.9952e-01  HME <=> 2 tC4H9:E

Parameter number =  942 C3H6 + CH3 (+M) <=> sC4H9 (+M):HpA
Positive perturbation =  1.23114e+00
Value =  1.12354e+00
Rxn  Value+       Value-           Sensitivi   Reaction Name
 377  1.12355e+00   1.12353e+00   6.1604e-03  C2H4 + H (+M) <=> C2H5 (+M):HpA
 540  1.12356e+00   1.12352e+00   2.0618e-02  C3H6 + H <=> C2H4 + CH3:A
 541  1.12342e+00   1.12366e+00  -1.0543e-01  C3H6 + H <=> C2H4 + CH3:E
 877  1.12367e+00   1.12341e+00   1.1432e-01  C4H81 + H (+M) <=> sC4H9 (+M):HpA
 878  1.12355e+00   1.12353e+00   9.5087e-03  C4H81 + H <=> C2H4 + C2H5:A
 879  1.12348e+00   1.12359e+00  -4.8827e-02  C4H81 + H <=> C2H4 + C2H5:E
 880  1.12353e+00   1.12355e+00  -1.0091e-02  C4H81 + H <=> C3H6 + CH3:A
 881  1.12360e+00   1.12348e+00   5.1918e-02  C4H81 + H <=> C3H6 + CH3:E
 898  1.12366e+00   1.12342e+00   1.0695e-01  C4H82 + H (+M) <=> sC4H9 (+M):HpA
 914  1.12353e+00   1.12355e+00  -1.1115e-02  H + iC4H8 <=> C3H6 + CH3:A
 915  1.12360e+00   1.12347e+00   5.6823e-02  H + iC4H8 <=> C3H6 + CH3:E
 942  1.12331e+00   1.12377e+00  -2.0398e-01  C3H6 + CH3 (+M) <=> sC4H9 (+M):HpA
 968  1.12354e+00   1.12354e+00   7.7923e-04  tC4H9 (+M) <=> H + iC4H8 (+M):HpA
 988  1.12357e+00   1.12352e+00   2.2669e-02  2 C2H5 (+M) <=> C4H10 (+M):HpA
 989  1.12457e+00   1.12251e+00   9.1660e-01  C4H10 + H <=> H2 + pC4H9:A
 990  1.12036e+00   1.12673e+00  -2.8317e+00  C4H10 + H <=> H2 + pC4H9:E
 991  1.12250e+00   1.12458e+00  -9.2716e-01  C4H10 + H <=> H2 + sC4H9:A
 992  1.12567e+00   1.12141e+00   1.8977e+00  C4H10 + H <=> H2 + sC4H9:E
 1009  1.12356e+00   1.12351e+00   2.2423e-02  C4H10 + CH3 <=> CH4 + pC4H9:A
 1312  1.12423e+00   1.12287e+00   6.0697e-01  HME <=> 2 tC4H9:E
Negative perturbation =  8.12252e-01
Value =  1.23161e+00
Rxn  Value+       Value-           Sensitivi   Reaction Name
 377  1.23161e+00   1.23160e+00   4.7293e-03  C2H4 + H (+M) <=> C2H5 (+M):HpA
 540  1.23163e+00   1.23158e+00   2.1370e-02  C3H6 + H <=> C2H4 + CH3:A
 541  1.23147e+00   1.23174e+00  -1.0951e-01  C3H6 + H <=> C2H4 + CH3:E
 877  1.23177e+00   1.23144e+00   1.3401e-01  C4H81 + H (+M) <=> sC4H9 (+M):HpA
 878  1.23162e+00   1.23159e+00   1.2213e-02  C4H81 + H <=> C2H4 + C2H5:A
 879  1.23153e+00   1.23168e+00  -6.2516e-02  C4H81 + H <=> C2H4 + C2H5:E
 880  1.23159e+00   1.23162e+00  -1.4268e-02  C4H81 + H <=> C3H6 + CH3:A
 881  1.23170e+00   1.23152e+00   7.2987e-02  C4H81 + H <=> C3H6 + CH3:E
 898  1.23177e+00   1.23144e+00   1.3168e-01  C4H82 + H (+M) <=> sC4H9 (+M):HpA
 914  1.23159e+00   1.23162e+00  -1.2215e-02  H + iC4H8 <=> C3H6 + CH3:A
 915  1.23168e+00   1.23153e+00   6.2601e-02  H + iC4H8 <=> C3H6 + CH3:E
 942  1.23131e+00   1.23191e+00  -2.4301e-01  C3H6 + CH3 (+M) <=> sC4H9 (+M):HpA
 968  1.23161e+00   1.23161e+00  -2.3195e-03  tC4H9 (+M) <=> H + iC4H8 (+M):HpA
 988  1.23163e+00   1.23159e+00   1.4740e-02  2 C2H5 (+M) <=> C4H10 (+M):HpA
 989  1.23274e+00   1.23048e+00   9.1444e-01  C4H10 + H <=> H2 + pC4H9:A
 990  1.22812e+00   1.23510e+00  -2.8337e+00  C4H10 + H <=> H2 + pC4H9:E
 991  1.23046e+00   1.23274e+00  -9.2516e-01  C4H10 + H <=> H2 + sC4H9:A
 992  1.23395e+00   1.22928e+00   1.8936e+00  C4H10 + H <=> H2 + sC4H9:E
 1009  1.23163e+00   1.23158e+00   2.0342e-02  C4H10 + CH3 <=> CH4 + pC4H9:A
 1312  1.23237e+00   1.23086e+00   6.1384e-01  HME <=> 2 tC4H9:E

Parameter number =  968 tC4H9 (+M) <=> H + iC4H8 (+M):HpA
Positive perturbation =  1.23114e+00
Value =  1.17396e+00
Rxn  Value+       Value-           Sensitivi   Reaction Name
 377  1.17397e+00   1.17395e+00   5.6208e-03  C2H4 + H (+M) <=> C2H5 (+M):HpA
 540  1.17398e+00   1.17393e+00   2.1004e-02  C3H6 + H <=> C2H4 + CH3:A
 541  1.17383e+00   1.17408e+00  -1.0740e-01  C3H6 + H <=> C2H4 + CH3:E
 877  1.17410e+00   1.17381e+00   1.2299e-01  C4H81 + H (+M) <=> sC4H9 (+M):HpA
 878  1.17397e+00   1.17395e+00   1.0806e-02  C4H81 + H <=> C2H4 + C2H5:A
 879  1.17389e+00   1.17402e+00  -5.5258e-02  C4H81 + H <=> C2H4 + C2H5:E
 880  1.17394e+00   1.17397e+00  -1.2019e-02  C4H81 + H <=> C3H6 + CH3:A
 881  1.17403e+00   1.17389e+00   6.1520e-02  C4H81 + H <=> C3H6 + CH3:E
 898  1.17410e+00   1.17382e+00   1.1783e-01  C4H82 + H (+M) <=> sC4H9 (+M):HpA
 914  1.17394e+00   1.17397e+00  -1.1637e-02  H + iC4H8 <=> C3H6 + CH3:A
 915  1.17403e+00   1.17389e+00   5.9542e-02  H + iC4H8 <=> C3H6 + CH3:E
 942  1.17370e+00   1.17422e+00  -2.2003e-01  C3H6 + CH3 (+M) <=> sC4H9 (+M):HpA
 968  1.17396e+00   1.17397e+00  -2.8886e-03  tC4H9 (+M) <=> H + iC4H8 (+M):HpA
 988  1.17398e+00   1.17394e+00   1.9057e-02  2 C2H5 (+M) <=> C4H10 (+M):HpA
 989  1.17503e+00   1.17288e+00   9.1634e-01  C4H10 + H <=> H2 + pC4H9:A
 990  1.17064e+00   1.17729e+00  -2.8335e+00  C4H10 + H <=> H2 + pC4H9:E
 991  1.17287e+00   1.17505e+00  -9.2706e-01  C4H10 + H <=> H2 + sC4H9:A
 992  1.17619e+00   1.17173e+00   1.8970e+00  C4H10 + H <=> H2 + sC4H9:E
 1009  1.17398e+00   1.17393e+00   2.1722e-02  C4H10 + CH3 <=> CH4 + pC4H9:A
 1312  1.17468e+00   1.17326e+00   6.0718e-01  HME <=> 2 tC4H9:E
Negative perturbation =  8.12252e-01
Value =  1.17393e+00
Rxn  Value+       Value-           Sensitivi   Reaction Name
 377  1.17394e+00   1.17393e+00   5.9142e-03  C2H4 + H (+M) <=> C2H5 (+M):HpA
 540  1.17396e+00   1.17391e+00   2.0978e-02  C3H6 + H <=> C2H4 + CH3:A
 541  1.17381e+00   1.17406e+00  -1.0728e-01  C3H6 + H <=> C2H4 + CH3:E
 877  1.17408e+00   1.17379e+00   1.2353e-01  C4H81 + H (+M) <=> sC4H9 (+M):HpA
 878  1.17395e+00   1.17392e+00   1.0814e-02  C4H81 + H <=> C2H4 + C2H5:A
 879  1.17387e+00   1.17400e+00  -5.5177e-02  C4H81 + H <=> C2H4 + C2H5:E
 880  1.17392e+00   1.17395e+00  -1.2014e-02  C4H81 + H <=> C3H6 + CH3:A
 881  1.17400e+00   1.17386e+00   6.1495e-02  C4H81 + H <=> C3H6 + CH3:E
 898  1.17407e+00   1.17379e+00   1.1984e-01  C4H82 + H (+M) <=> sC4H9 (+M):HpA
 914  1.17392e+00   1.17395e+00  -1.1620e-02  H + iC4H8 <=> C3H6 + CH3:A
 915  1.17400e+00   1.17386e+00   5.9431e-02  H + iC4H8 <=> C3H6 + CH3:E
 942  1.17368e+00   1.17419e+00  -2.1704e-01  C3H6 + CH3 (+M) <=> sC4H9 (+M):HpA
 968  1.17394e+00   1.17393e+00   7.2854e-04  tC4H9 (+M) <=> H + iC4H8 (+M):HpA
 988  1.17396e+00   1.17391e+00   1.9018e-02  2 C2H5 (+M) <=> C4H10 (+M):HpA
 989  1.17501e+00   1.17286e+00   9.1598e-01  C4H10 + H <=> H2 + pC4H9:A
 990  1.17061e+00   1.17726e+00  -2.8335e+00  C4H10 + H <=> H2 + pC4H9:E
 991  1.17284e+00   1.17502e+00  -9.2764e-01  C4H10 + H <=> H2 + sC4H9:A
 992  1.17616e+00   1.17171e+00   1.8968e+00  C4H10 + H <=> H2 + sC4H9:E
 1009  1.17396e+00   1.17391e+00   2.1418e-02  C4H10 + CH3 <=> CH4 + pC4H9:A
 1312  1.17466e+00   1.17323e+00   6.0847e-01  HME <=> 2 tC4H9:E

Parameter number =  988 2 C2H5 (+M) <=> C4H10 (+M):HpA
Positive perturbation =  1.23114e+00
Value =  1.17905e+00
Rxn  Value+       Value-           Sensitivi   Reaction Name
 377  1.17907e+00   1.17905e+00   7.1525e-03  C2H4 + H (+M) <=> C2H5 (+M):HpA
 540  1.17908e+00   1.17903e+00   2.1051e-02  C3H6 + H <=> C2H4 + CH3:A
 541  1.17893e+00   1.17918e+00  -1.0781e-01  C3H6 + H <=> C2H4 + CH3:E
 877  1.17920e+00   1.17891e+00   1.2114e-01  C4H81 + H (+M) <=> sC4H9 (+M):HpA
 878  1.17907e+00   1.17904e+00   1.0760e-02  C4H81 + H <=> C2H4 + C2H5:A
 879  1.17899e+00   1.17912e+00  -5.5222e-02  C4H81 + H <=> C2H4 + C2H5:E
 880  1.17904e+00   1.17907e+00  -1.2032e-02  C4H81 + H <=> C3H6 + CH3:A
 881  1.17913e+00   1.17898e+00   6.1558e-02  C4H81 + H <=> C3H6 + CH3:E
 898  1.17920e+00   1.17891e+00   1.2212e-01  C4H82 + H (+M) <=> sC4H9 (+M):HpA
 914  1.17904e+00   1.17907e+00  -1.1551e-02  H + iC4H8 <=> C3H6 + CH3:A
 915  1.17912e+00   1.17898e+00   5.9309e-02  H + iC4H8 <=> C3H6 + CH3:E
 942  1.17880e+00   1.17931e+00  -2.1758e-01  C3H6 + CH3 (+M) <=> sC4H9 (+M):HpA
 968  1.17906e+00   1.17906e+00   3.3699e-03  tC4H9 (+M) <=> H + iC4H8 (+M):HpA
 988  1.17909e+00   1.17903e+00   2.3926e-02  2 C2H5 (+M) <=> C4H10 (+M):HpA
 989  1.18013e+00   1.17798e+00   9.1301e-01  C4H10 + H <=> H2 + pC4H9:A
 990  1.17573e+00   1.18239e+00  -2.8219e+00  C4H10 + H <=> H2 + pC4H9:E
 991  1.17796e+00   1.18015e+00  -9.2533e-01  C4H10 + H <=> H2 + sC4H9:A
 992  1.18129e+00   1.17683e+00   1.8894e+00  C4H10 + H <=> H2 + sC4H9:E
 1009  1.17908e+00   1.17904e+00   1.7208e-02  C4H10 + CH3 <=> CH4 + pC4H9:A
 1312  1.17990e+00   1.17824e+00   7.0237e-01  HME <=> 2 tC4H9:E
Negative perturbation =  8.12252e-01
Value =  1.16962e+00
Rxn  Value+       Value-           Sensitivi   Reaction Name
 377  1.16962e+00   1.16961e+00   6.0522e-03  C2H4 + H (+M) <=> C2H5 (+M):HpA
 540  1.16964e+00   1.16959e+00   2.0916e-02  C3H6 + H <=> C2H4 + CH3:A
 541  1.16949e+00   1.16974e+00  -1.0700e-01  C3H6 + H <=> C2H4 + CH3:E
 877  1.16976e+00   1.16947e+00   1.2410e-01  C4H81 + H (+M) <=> sC4H9 (+M):HpA
 878  1.16963e+00   1.16960e+00   1.0791e-02  C4H81 + H <=> C2H4 + C2H5:A
 879  1.16955e+00   1.16968e+00  -5.5254e-02  C4H81 + H <=> C2H4 + C2H5:E
 880  1.16960e+00   1.16963e+00  -1.2024e-02  C4H81 + H <=> C3H6 + CH3:A
 881  1.16969e+00   1.16955e+00   6.1483e-02  C4H81 + H <=> C3H6 + CH3:E
 898  1.16976e+00   1.16947e+00   1.2107e-01  C4H82 + H (+M) <=> sC4H9 (+M):HpA
 914  1.16960e+00   1.16963e+00  -1.1665e-02  H + iC4H8 <=> C3H6 + CH3:A
 915  1.16969e+00   1.16955e+00   5.9687e-02  H + iC4H8 <=> C3H6 + CH3:E
 942  1.16936e+00   1.16987e+00  -2.2083e-01  C3H6 + CH3 (+M) <=> sC4H9 (+M):HpA
 968  1.16961e+00   1.16961e+00   4.8288e-05  tC4H9 (+M) <=> H + iC4H8 (+M):HpA
 988  1.16963e+00   1.16960e+00   1.6343e-02  2 C2H5 (+M) <=> C4H10 (+M):HpA
 989  1.17069e+00   1.16854e+00   9.2004e-01  C4H10 + H <=> H2 + pC4H9:A
 990  1.16629e+00   1.17295e+00  -2.8443e+00  C4H10 + H <=> H2 + pC4H9:E
 991  1.16853e+00   1.17070e+00  -9.2986e-01  C4H10 + H <=> H2 + sC4H9:A
 992  1.17184e+00   1.16739e+00   1.9028e+00  C4H10 + H <=> H2 + sC4H9:E
 1009  1.16964e+00   1.16959e+00   2.1941e-02  C4H10 + CH3 <=> CH4 + pC4H9:A
 1312  1.17024e+00   1.16901e+00   5.2658e-01  HME <=> 2 tC4H9:E

Parameter number =  989 C4H10 + H <=> H2 + pC4H9:A    
Positive perturbation =  1.39039e+00
Value =  1.59409e+00
Rxn  Value+       Value-           Sensitivi   Reaction Name
 377  1.59410e+00   1.59408e+00   5.8484e-03  C2H4 + H (+M) <=> C2H5 (+M):HpA
 540  1.59412e+00   1.59406e+00   1.8288e-02  C3H6 + H <=> C2H4 + CH3:A
 541  1.59394e+00   1.59424e+00  -9.3590e-02  C3H6 + H <=> C2H4 + CH3:E
 877  1.59429e+00   1.59389e+00   1.2318e-01  C4H81 + H (+M) <=> sC4H9 (+M):HpA
 878  1.59410e+00   1.59408e+00   8.0341e-03  C4H81 + H <=> C2H4 + C2H5:A
 879  1.59402e+00   1.59416e+00  -4.1115e-02  C4H81 + H <=> C2H4 + C2H5:E
 880  1.59407e+00   1.59411e+00  -1.2079e-02  C4H81 + H <=> C3H6 + CH3:A
 881  1.59419e+00   1.59399e+00   6.1816e-02  C4H81 + H <=> C3H6 + CH3:E
 898  1.59428e+00   1.59389e+00   1.2231e-01  C4H82 + H (+M) <=> sC4H9 (+M):HpA
 914  1.59407e+00   1.59411e+00  -1.1796e-02  H + iC4H8 <=> C3H6 + CH3:A
 915  1.59419e+00   1.59399e+00   6.0364e-02  H + iC4H8 <=> C3H6 + CH3:E
 942  1.59374e+00   1.59444e+00  -2.2153e-01  C3H6 + CH3 (+M) <=> sC4H9 (+M):HpA
 968  1.59409e+00   1.59409e+00   4.4120e-05  tC4H9 (+M) <=> H + iC4H8 (+M):HpA
 988  1.59411e+00   1.59407e+00   1.4186e-02  2 C2H5 (+M) <=> C4H10 (+M):HpA
 989  1.59559e+00   1.59260e+00   9.3790e-01  C4H10 + H <=> H2 + pC4H9:A
 990  1.58947e+00   1.59872e+00  -2.9001e+00  C4H10 + H <=> H2 + pC4H9:E
 991  1.59259e+00   1.59559e+00  -9.4090e-01  C4H10 + H <=> H2 + sC4H9:A
 992  1.59716e+00   1.59102e+00   1.9253e+00  C4H10 + H <=> H2 + sC4H9:E
 1009  1.59412e+00   1.59406e+00   1.6219e-02  C4H10 + CH3 <=> CH4 + pC4H9:A
 1312  1.59500e+00   1.59321e+00   5.6101e-01  HME <=> 2 tC4H9:E
Negative perturbation =  7.19223e-01
Value =  8.71595e-01
Rxn  Value+       Value-           Sensitivi   Reaction Name
 377  8.71598e-01   8.71590e-01   4.6267e-03  C2H4 + H (+M) <=> C2H5 (+M):HpA
 540  8.71616e-01   8.71574e-01   2.4507e-02  C3H6 + H <=> C2H4 + CH3:A
 541  8.71486e-01   8.71705e-01  -1.2532e-01  C3H6 + H <=> C2H4 + CH3:E
 877  8.71703e-01   8.71490e-01   1.2193e-01  C4H81 + H (+M) <=> sC4H9 (+M):HpA
 878  8.71608e-01   8.71583e-01   1.4396e-02  C4H81 + H <=> C2H4 + C2H5:A
 879  8.71531e-01   8.71660e-01  -7.3870e-02  C4H81 + H <=> C2H4 + C2H5:E
 880  8.71585e-01   8.71606e-01  -1.2010e-02  C4H81 + H <=> C3H6 + CH3:A
 881  8.71648e-01   8.71542e-01   6.1213e-02  C4H81 + H <=> C3H6 + CH3:E
 898  8.71699e-01   8.71492e-01   1.1878e-01  C4H82 + H (+M) <=> sC4H9 (+M):HpA
 914  8.71585e-01   8.71605e-01  -1.1385e-02  H + iC4H8 <=> C3H6 + CH3:A
 915  8.71646e-01   8.71544e-01   5.8503e-02  H + iC4H8 <=> C3H6 + CH3:E
 942  8.71404e-01   8.71785e-01  -2.1824e-01  C3H6 + CH3 (+M) <=> sC4H9 (+M):HpA
 968  8.71595e-01   8.71593e-01   1.2647e-03  tC4H9 (+M) <=> H + iC4H8 (+M):HpA
 988  8.71623e-01   8.71571e-01   2.9607e-02  2 C2H5 (+M) <=> C4H10 (+M):HpA
 989  8.72369e-01   8.70823e-01   8.8681e-01  C4H10 + H <=> H2 + pC4H9:A
 990  8.69202e-01   8.73991e-01  -2.7469e+00  C4H10 + H <=> H2 + pC4H9:E
 991  8.70804e-01   8.72388e-01  -9.0867e-01  C4H10 + H <=> H2 + sC4H9:A
 992  8.73215e-01   8.69982e-01   1.8544e+00  C4H10 + H <=> H2 + sC4H9:E
 1009  8.71618e-01   8.71570e-01   2.7583e-02  C4H10 + CH3 <=> CH4 + pC4H9:A
 1312  8.72194e-01   8.71028e-01   6.6901e-01  HME <=> 2 tC4H9:E

Parameter number =  990 C4H10 + H <=> H2 + pC4H9:E    
Positive perturbation =  1.05622e+00
Value =  1.00215e+00
Rxn  Value+       Value-           Sensitivi   Reaction Name
 377  1.00215e+00   1.00214e+00   4.7658e-03  C2H4 + H (+M) <=> C2H5 (+M):HpA
 540  1.00217e+00   1.00213e+00   2.2779e-02  C3H6 + H <=> C2H4 + CH3:A
 541  1.00203e+00   1.00227e+00  -1.1632e-01  C3H6 + H <=> C2H4 + CH3:E
 877  1.00227e+00   1.00203e+00   1.2265e-01  C4H81 + H (+M) <=> sC4H9 (+M):HpA
 878  1.00216e+00   1.00214e+00   1.2616e-02  C4H81 + H <=> C2H4 + C2H5:A
 879  1.00209e+00   1.00222e+00  -6.4482e-02  C4H81 + H <=> C2H4 + C2H5:E
 880  1.00214e+00   1.00216e+00  -1.2000e-02  C4H81 + H <=> C3H6 + CH3:A
 881  1.00221e+00   1.00209e+00   6.1356e-02  C4H81 + H <=> C3H6 + CH3:E
 898  1.00227e+00   1.00203e+00   1.1846e-01  C4H82 + H (+M) <=> sC4H9 (+M):HpA
 914  1.00214e+00   1.00216e+00  -1.1532e-02  H + iC4H8 <=> C3H6 + CH3:A
 915  1.00221e+00   1.00209e+00   5.9049e-02  H + iC4H8 <=> C3H6 + CH3:E
 942  1.00193e+00   1.00237e+00  -2.2110e-01  C3H6 + CH3 (+M) <=> sC4H9 (+M):HpA
 968  1.00215e+00   1.00215e+00   2.0445e-03  tC4H9 (+M) <=> H + iC4H8 (+M):HpA
 988  1.00217e+00   1.00213e+00   2.1050e-02  2 C2H5 (+M) <=> C4H10 (+M):HpA
 989  1.00305e+00   1.00124e+00   9.0301e-01  C4H10 + H <=> H2 + pC4H9:A
 990  9.99199e-01   1.00511e+00  -2.9487e+00  C4H10 + H <=> H2 + pC4H9:E
 991  1.00123e+00   1.00307e+00  -9.1931e-01  C4H10 + H <=> H2 + sC4H9:A
 992  1.00404e+00   1.00027e+00   1.8760e+00  C4H10 + H <=> H2 + sC4H9:E
 1009  1.00218e+00   1.00213e+00   2.4838e-02  C4H10 + CH3 <=> CH4 + pC4H9:A
 1312  1.00281e+00   1.00152e+00   6.4100e-01  HME <=> 2 tC4H9:E
Negative perturbation =  9.46772e-01
Value =  1.36651e+00
Rxn  Value+       Value-           Sensitivi   Reaction Name
 377  1.36652e+00   1.36651e+00   3.5466e-03  C2H4 + H (+M) <=> C2H5 (+M):HpA
 540  1.36654e+00   1.36648e+00   1.9428e-02  C3H6 + H <=> C2H4 + CH3:A
 541  1.36638e+00   1.36665e+00  -1.0001e-01  C3H6 + H <=> C2H4 + CH3:E
 877  1.36668e+00   1.36634e+00   1.2362e-01  C4H81 + H (+M) <=> sC4H9 (+M):HpA
 878  1.36652e+00   1.36650e+00   9.3269e-03  C4H81 + H <=> C2H4 + C2H5:A
 879  1.36645e+00   1.36658e+00  -4.7752e-02  C4H81 + H <=> C2H4 + C2H5:E
 880  1.36649e+00   1.36653e+00  -1.2030e-02  C4H81 + H <=> C3H6 + CH3:A
 881  1.36660e+00   1.36643e+00   6.1647e-02  C4H81 + H <=> C3H6 + CH3:E
 898  1.36668e+00   1.36634e+00   1.2134e-01  C4H82 + H (+M) <=> sC4H9 (+M):HpA
 914  1.36650e+00   1.36653e+00  -1.1729e-02  H + iC4H8 <=> C3H6 + CH3:A
 915  1.36659e+00   1.36643e+00   5.9960e-02  H + iC4H8 <=> C3H6 + CH3:E
 942  1.36621e+00   1.36681e+00  -2.2081e-01  C3H6 + CH3 (+M) <=> sC4H9 (+M):HpA
 968  1.36651e+00   1.36651e+00   7.2736e-05  tC4H9 (+M) <=> H + iC4H8 (+M):HpA
 988  1.36653e+00   1.36649e+00   1.6261e-02  2 C2H5 (+M) <=> C4H10 (+M):HpA
 989  1.36778e+00   1.36525e+00   9.2688e-01  C4H10 + H <=> H2 + pC4H9:A
 990  1.36281e+00   1.37023e+00  -2.7135e+00  C4H10 + H <=> H2 + pC4H9:E
 991  1.36524e+00   1.36779e+00  -9.3413e-01  C4H10 + H <=> H2 + sC4H9:A
 992  1.36913e+00   1.36391e+00   1.9096e+00  C4H10 + H <=> H2 + sC4H9:E
 1009  1.36654e+00   1.36648e+00   1.9131e-02  C4H10 + CH3 <=> CH4 + pC4H9:A
 1312  1.36732e+00   1.36573e+00   5.8014e-01  HME <=> 2 tC4H9:E

Parameter number =  991 C4H10 + H <=> H2 + sC4H9:A    
Positive perturbation =  1.39039e+00
Value =  8.66229e-01
Rxn  Value+       Value-           Sensitivi   Reaction Name
 377  8.66233e-01   8.66224e-01   5.4611e-03  C2H4 + H (+M) <=> C2H5 (+M):HpA
 540  8.66245e-01   8.66212e-01   1.8551e-02  C3H6 + H <=> C2H4 + CH3:A
 541  8.66147e-01   8.66311e-01  -9.4796e-02  C3H6 + H <=> C2H4 + CH3:E
 877  8.66336e-01   8.66120e-01   1.2465e-01  C4H81 + H (+M) <=> sC4H9 (+M):HpA
 878  8.66238e-01   8.66219e-01   1.1069e-02  C4H81 + H <=> C2H4 + C2H5:A
 879  8.66180e-01   8.66278e-01  -5.6667e-02  C4H81 + H <=> C2H4 + C2H5:E
 880  8.66221e-01   8.66236e-01  -9.0972e-03  C4H81 + H <=> C3H6 + CH3:A
 881  8.66269e-01   8.66188e-01   4.6399e-02  C4H81 + H <=> C3H6 + CH3:E
 898  8.66333e-01   8.66126e-01   1.1956e-01  C4H82 + H (+M) <=> sC4H9 (+M):HpA
 914  8.66221e-01   8.66236e-01  -8.2933e-03  H + iC4H8 <=> C3H6 + CH3:A
 915  8.66265e-01   8.66192e-01   4.2527e-02  H + iC4H8 <=> C3H6 + CH3:E
 942  8.66036e-01   8.66417e-01  -2.2004e-01  C3H6 + CH3 (+M) <=> sC4H9 (+M):HpA
 968  8.66226e-01   8.66229e-01  -1.6239e-03  tC4H9 (+M) <=> H + iC4H8 (+M):HpA
 988  8.66249e-01   8.66207e-01   2.4042e-02  2 C2H5 (+M) <=> C4H10 (+M):HpA
 989  8.67007e-01   8.65451e-01   8.9797e-01  C4H10 + H <=> H2 + pC4H9:A
 990  8.63823e-01   8.68636e-01  -2.7783e+00  C4H10 + H <=> H2 + pC4H9:E
 991  8.65436e-01   8.67021e-01  -9.1490e-01  C4H10 + H <=> H2 + sC4H9:A
 992  8.67854e-01   8.64606e-01   1.8745e+00  C4H10 + H <=> H2 + sC4H9:E
 1009  8.66247e-01   8.66202e-01   2.5926e-02  C4H10 + CH3 <=> CH4 + pC4H9:A
 1312  8.66872e-01   8.65602e-01   7.3318e-01  HME <=> 2 tC4H9:E
Negative perturbation =  7.19223e-01
Value =  1.59537e+00
Rxn  Value+       Value-           Sensitivi   Reaction Name
 377  1.59537e+00   1.59534e+00   8.8796e-03  C2H4 + H (+M) <=> C2H5 (+M):HpA
 540  1.59541e+00   1.59533e+00   2.3835e-02  C3H6 + H <=> C2H4 + CH3:A
 541  1.59517e+00   1.59556e+00  -1.2240e-01  C3H6 + H <=> C2H4 + CH3:E
 877  1.59554e+00   1.59516e+00   1.1799e-01  C4H81 + H (+M) <=> sC4H9 (+M):HpA
 878  1.59538e+00   1.59535e+00   1.0419e-02  C4H81 + H <=> C2H4 + C2H5:A
 879  1.59528e+00   1.59545e+00  -5.3076e-02  C4H81 + H <=> C2H4 + C2H5:E
 880  1.59534e+00   1.59539e+00  -1.5663e-02  C4H81 + H <=> C3H6 + CH3:A
 881  1.59549e+00   1.59524e+00   7.9157e-02  C4H81 + H <=> C3H6 + CH3:E
 898  1.59554e+00   1.59515e+00   1.2060e-01  C4H82 + H (+M) <=> sC4H9 (+M):HpA
 914  1.59534e+00   1.59539e+00  -1.5965e-02  H + iC4H8 <=> C3H6 + CH3:A
 915  1.59550e+00   1.59524e+00   8.2283e-02  H + iC4H8 <=> C3H6 + CH3:E
 942  1.59499e+00   1.59569e+00  -2.1955e-01  C3H6 + CH3 (+M) <=> sC4H9 (+M):HpA
 968  1.59535e+00   1.59534e+00   2.5945e-03  tC4H9 (+M) <=> H + iC4H8 (+M):HpA
 988  1.59539e+00   1.59532e+00   2.2730e-02  2 C2H5 (+M) <=> C4H10 (+M):HpA
 989  1.59686e+00   1.59387e+00   9.3655e-01  C4H10 + H <=> H2 + pC4H9:A
 990  1.59076e+00   1.59995e+00  -2.8794e+00  C4H10 + H <=> H2 + pC4H9:E
 991  1.59386e+00   1.59684e+00  -9.3154e-01  C4H10 + H <=> H2 + sC4H9:A
 992  1.59839e+00   1.59231e+00   1.9067e+00  C4H10 + H <=> H2 + sC4H9:E
 1009  1.59537e+00   1.59534e+00   1.0441e-02  C4H10 + CH3 <=> CH4 + pC4H9:A
 1312  1.59633e+00   1.59438e+00   6.1281e-01  HME <=> 2 tC4H9:E

Parameter number =  992 C4H10 + H <=> H2 + sC4H9:E    
Positive perturbation =  1.05622e+00
Value =  1.30634e+00
Rxn  Value+       Value-           Sensitivi   Reaction Name
 377  1.30634e+00   1.30633e+00   5.8176e-03  C2H4 + H (+M) <=> C2H5 (+M):HpA
 540  1.30637e+00   1.30631e+00   2.1958e-02  C3H6 + H <=> C2H4 + CH3:A
 541  1.30619e+00   1.30648e+00  -1.1233e-01  C3H6 + H <=> C2H4 + CH3:E
 877  1.30651e+00   1.30618e+00   1.2555e-01  C4H81 + H (+M) <=> sC4H9 (+M):HpA
 878  1.30635e+00   1.30632e+00   1.0660e-02  C4H81 + H <=> C2H4 + C2H5:A
 879  1.30627e+00   1.30641e+00  -5.4555e-02  C4H81 + H <=> C2H4 + C2H5:E
 880  1.30632e+00   1.30635e+00  -1.3166e-02  C4H81 + H <=> C3H6 + CH3:A
 881  1.30643e+00   1.30625e+00   6.7406e-02  C4H81 + H <=> C3H6 + CH3:E
 898  1.30650e+00   1.30619e+00   1.1970e-01  C4H82 + H (+M) <=> sC4H9 (+M):HpA
 914  1.30632e+00   1.30635e+00  -1.3065e-02  H + iC4H8 <=> C3H6 + CH3:A
 915  1.30642e+00   1.30625e+00   6.6719e-02  H + iC4H8 <=> C3H6 + CH3:E
 942  1.30605e+00   1.30663e+00  -2.2005e-01  C3H6 + CH3 (+M) <=> sC4H9 (+M):HpA
 968  1.30634e+00   1.30635e+00  -4.3854e-03  tC4H9 (+M) <=> H + iC4H8 (+M):HpA
 988  1.30636e+00   1.30631e+00   1.8337e-02  2 C2H5 (+M) <=> C4H10 (+M):HpA
 989  1.30754e+00   1.30513e+00   9.2228e-01  C4H10 + H <=> H2 + pC4H9:A
 990  1.30262e+00   1.31007e+00  -2.8516e+00  C4H10 + H <=> H2 + pC4H9:E
 991  1.30512e+00   1.30755e+00  -9.2997e-01  C4H10 + H <=> H2 + sC4H9:A
 992  1.30897e+00   1.30372e+00   2.0110e+00  C4H10 + H <=> H2 + sC4H9:E
 1009  1.30636e+00   1.30632e+00   1.6123e-02  C4H10 + CH3 <=> CH4 + pC4H9:A
 1312  1.30713e+00   1.30558e+00   5.9465e-01  HME <=> 2 tC4H9:E
Negative perturbation =  9.46772e-01
Value =  1.06132e+00
Rxn  Value+       Value-           Sensitivi   Reaction Name
 377  1.06132e+00   1.06131e+00   5.7616e-03  C2H4 + H (+M) <=> C2H5 (+M):HpA
 540  1.06134e+00   1.06130e+00   2.0119e-02  C3H6 + H <=> C2H4 + CH3:A
 541  1.06121e+00   1.06143e+00  -1.0295e-01  C3H6 + H <=> C2H4 + CH3:E
 877  1.06145e+00   1.06119e+00   1.2432e-01  C4H81 + H (+M) <=> sC4H9 (+M):HpA
 878  1.06133e+00   1.06131e+00   1.0910e-02  C4H81 + H <=> C2H4 + C2H5:A
 879  1.06126e+00   1.06138e+00  -5.5824e-02  C4H81 + H <=> C2H4 + C2H5:E
 880  1.06131e+00   1.06133e+00  -1.0988e-02  C4H81 + H <=> C3H6 + CH3:A
 881  1.06138e+00   1.06126e+00   5.6214e-02  C4H81 + H <=> C3H6 + CH3:E
 898  1.06144e+00   1.06119e+00   1.2049e-01  C4H82 + H (+M) <=> sC4H9 (+M):HpA
 914  1.06131e+00   1.06133e+00  -1.0426e-02  H + iC4H8 <=> C3H6 + CH3:A
 915  1.06137e+00   1.06126e+00   5.3347e-02  H + iC4H8 <=> C3H6 + CH3:E
 942  1.06108e+00   1.06155e+00  -2.2059e-01  C3H6 + CH3 (+M) <=> sC4H9 (+M):HpA
 968  1.06132e+00   1.06132e+00   2.9553e-05  tC4H9 (+M) <=> H + iC4H8 (+M):HpA
 988  1.06134e+00   1.06129e+00   2.1909e-02  2 C2H5 (+M) <=> C4H10 (+M):HpA
 989  1.06228e+00   1.06035e+00   9.1107e-01  C4H10 + H <=> H2 + pC4H9:A
 990  1.05833e+00   1.06431e+00  -2.8169e+00  C4H10 + H <=> H2 + pC4H9:E
 991  1.06034e+00   1.06230e+00  -9.2402e-01  C4H10 + H <=> H2 + sC4H9:A
 992  1.06322e+00   1.05942e+00   1.7900e+00  C4H10 + H <=> H2 + sC4H9:E
 1009  1.06134e+00   1.06129e+00   2.2801e-02  C4H10 + CH3 <=> CH4 + pC4H9:A
 1312  1.06201e+00   1.06066e+00   6.3341e-01  HME <=> 2 tC4H9:E

Parameter number =  1009 C4H10 + CH3 <=> CH4 + pC4H9:A 
Positive perturbation =  1.39039e+00
Value =  1.18400e+00
Rxn  Value+       Value-           Sensitivi   Reaction Name
 377  1.18401e+00   1.18400e+00   4.1744e-03  C2H4 + H (+M) <=> C2H5 (+M):HpA
 540  1.18403e+00   1.18398e+00   2.1070e-02  C3H6 + H <=> C2H4 + CH3:A
 541  1.18387e+00   1.18413e+00  -1.0794e-01  C3H6 + H <=> C2H4 + CH3:E
 877  1.18415e+00   1.18385e+00   1.2451e-01  C4H81 + H (+M) <=> sC4H9 (+M):HpA
 878  1.18401e+00   1.18399e+00   1.0775e-02  C4H81 + H <=> C2H4 + C2H5:A
 879  1.18394e+00   1.18407e+00  -5.5041e-02  C4H81 + H <=> C2H4 + C2H5:E
 880  1.18399e+00   1.18402e+00  -1.1949e-02  C4H81 + H <=> C3H6 + CH3:A
 881  1.18407e+00   1.18393e+00   6.1222e-02  C4H81 + H <=> C3H6 + CH3:E
 898  1.18414e+00   1.18385e+00   1.1967e-01  C4H82 + H (+M) <=> sC4H9 (+M):HpA
 914  1.18399e+00   1.18401e+00  -1.1454e-02  H + iC4H8 <=> C3H6 + CH3:A
 915  1.18407e+00   1.18393e+00   5.9051e-02  H + iC4H8 <=> C3H6 + CH3:E
 942  1.18374e+00   1.18425e+00  -2.1740e-01  C3H6 + CH3 (+M) <=> sC4H9 (+M):HpA
 968  1.18400e+00   1.18400e+00  -5.7807e-04  tC4H9 (+M) <=> H + iC4H8 (+M):HpA
 988  1.18402e+00   1.18398e+00   1.8161e-02  2 C2H5 (+M) <=> C4H10 (+M):HpA
 989  1.18507e+00   1.18293e+00   9.0575e-01  C4H10 + H <=> H2 + pC4H9:A
 990  1.18067e+00   1.18733e+00  -2.8109e+00  C4H10 + H <=> H2 + pC4H9:E
 991  1.18291e+00   1.18508e+00  -9.1839e-01  C4H10 + H <=> H2 + sC4H9:A
 992  1.18623e+00   1.18177e+00   1.8814e+00  C4H10 + H <=> H2 + sC4H9:E
 1009  1.18403e+00   1.18396e+00   3.1030e-02  C4H10 + CH3 <=> CH4 + pC4H9:A
 1312  1.18480e+00   1.18322e+00   6.6463e-01  HME <=> 2 tC4H9:E
Negative perturbation =  7.19223e-01
Value =  1.16666e+00
Rxn  Value+       Value-           Sensitivi   Reaction Name
 377  1.16667e+00   1.16666e+00   4.5431e-03  C2H4 + H (+M) <=> C2H5 (+M):HpA
 540  1.16668e+00   1.16663e+00   2.0928e-02  C3H6 + H <=> C2H4 + CH3:A
 541  1.16653e+00   1.16678e+00  -1.0704e-01  C3H6 + H <=> C2H4 + CH3:E
 877  1.16680e+00   1.16651e+00   1.2291e-01  C4H81 + H (+M) <=> sC4H9 (+M):HpA
 878  1.16667e+00   1.16665e+00   1.0859e-02  C4H81 + H <=> C2H4 + C2H5:A
 879  1.16659e+00   1.16672e+00  -5.5411e-02  C4H81 + H <=> C2H4 + C2H5:E
 880  1.16664e+00   1.16667e+00  -1.2046e-02  C4H81 + H <=> C3H6 + CH3:A
 881  1.16673e+00   1.16659e+00   6.1657e-02  C4H81 + H <=> C3H6 + CH3:E
 898  1.16680e+00   1.16652e+00   1.2059e-01  C4H82 + H (+M) <=> sC4H9 (+M):HpA
 914  1.16664e+00   1.16667e+00  -1.1703e-02  H + iC4H8 <=> C3H6 + CH3:A
 915  1.16673e+00   1.16659e+00   5.9822e-02  H + iC4H8 <=> C3H6 + CH3:E
 942  1.16640e+00   1.16692e+00  -2.2228e-01  C3H6 + CH3 (+M) <=> sC4H9 (+M):HpA
 968  1.16666e+00   1.16666e+00   4.1043e-04  tC4H9 (+M) <=> H + iC4H8 (+M):HpA
 988  1.16668e+00   1.16664e+00   1.9299e-02  2 C2H5 (+M) <=> C4H10 (+M):HpA
 989  1.16774e+00   1.16558e+00   9.2227e-01  C4H10 + H <=> H2 + pC4H9:A
 990  1.16334e+00   1.16999e+00  -2.8520e+00  C4H10 + H <=> H2 + pC4H9:E
 991  1.16557e+00   1.16775e+00  -9.3243e-01  C4H10 + H <=> H2 + sC4H9:A
 992  1.16889e+00   1.16443e+00   1.9094e+00  C4H10 + H <=> H2 + sC4H9:E
 1009  1.16668e+00   1.16664e+00   1.6732e-02  C4H10 + CH3 <=> CH4 + pC4H9:A
 1312  1.16733e+00   1.16601e+00   5.6550e-01  HME <=> 2 tC4H9:E

Parameter number =  1312 HME <=> 2 tC4H9:E             
Positive perturbation =  1.00601e+00
Value =  1.17873e+00
Rxn  Value+       Value-           Sensitivi   Reaction Name
 377  1.17874e+00   1.17873e+00   4.6314e-03  C2H4 + H (+M) <=> C2H5 (+M):HpA
 540  1.17875e+00   1.17871e+00   1.8177e-02  C3H6 + H <=> C2H4 + CH3:A
 541  1.17862e+00   1.17884e+00  -9.3643e-02  C3H6 + H <=> C2H4 + CH3:E
 877  1.17889e+00   1.17857e+00   1.3263e-01  C4H81 + H (+M) <=> sC4H9 (+M):HpA
 878  1.17874e+00   1.17872e+00   9.4152e-03  C4H81 + H <=> C2H4 + C2H5:A
 879  1.17867e+00   1.17879e+00  -4.8443e-02  C4H81 + H <=> C2H4 + C2H5:E
 880  1.17872e+00   1.17874e+00  -1.0492e-02  C4H81 + H <=> C3H6 + CH3:A
 881  1.17879e+00   1.17867e+00   5.3747e-02  C4H81 + H <=> C3H6 + CH3:E
 898  1.17887e+00   1.17859e+00   1.2099e-01  C4H82 + H (+M) <=> sC4H9 (+M):HpA
 914  1.17872e+00   1.17874e+00  -9.9302e-03  H + iC4H8 <=> C3H6 + CH3:A
 915  1.17879e+00   1.17867e+00   5.0859e-02  H + iC4H8 <=> C3H6 + CH3:E
 942  1.17847e+00   1.17898e+00  -2.1636e-01  C3H6 + CH3 (+M) <=> sC4H9 (+M):HpA
 968  1.17873e+00   1.17873e+00  -6.1064e-04  tC4H9 (+M) <=> H + iC4H8 (+M):HpA
 988  1.17875e+00   1.17870e+00   1.9813e-02  2 C2H5 (+M) <=> C4H10 (+M):HpA
 989  1.17980e+00   1.17765e+00   9.1307e-01  C4H10 + H <=> H2 + pC4H9:A
 990  1.17540e+00   1.18206e+00  -2.8256e+00  C4H10 + H <=> H2 + pC4H9:E
 991  1.17764e+00   1.17983e+00  -9.2485e-01  C4H10 + H <=> H2 + sC4H9:A
 992  1.18096e+00   1.17650e+00   1.8940e+00  C4H10 + H <=> H2 + sC4H9:E
 1009  1.17876e+00   1.17870e+00   2.3273e-02  C4H10 + CH3 <=> CH4 + pC4H9:A
 1312  1.17963e+00   1.17786e+00   7.4877e-01  HME <=> 2 tC4H9:E
Negative perturbation =  9.94027e-01
Value =  1.17012e+00
Rxn  Value+       Value-           Sensitivi   Reaction Name
 377  1.17012e+00   1.17011e+00   3.6057e-03  C2H4 + H (+M) <=> C2H5 (+M):HpA
 540  1.17014e+00   1.17009e+00   2.3880e-02  C3H6 + H <=> C2H4 + CH3:A
 541  1.16997e+00   1.17026e+00  -1.2224e-01  C3H6 + H <=> C2H4 + CH3:E
 877  1.17026e+00   1.16998e+00   1.2008e-01  C4H81 + H (+M) <=> sC4H9 (+M):HpA
 878  1.17013e+00   1.17010e+00   1.2269e-02  C4H81 + H <=> C2H4 + C2H5:A
 879  1.17004e+00   1.17019e+00  -6.2709e-02  C4H81 + H <=> C2H4 + C2H5:E
 880  1.17010e+00   1.17013e+00  -1.3639e-02  C4H81 + H <=> C3H6 + CH3:A
 881  1.17020e+00   1.17003e+00   6.9789e-02  C4H81 + H <=> C3H6 + CH3:E
 898  1.17026e+00   1.16997e+00   1.2099e-01  C4H82 + H (+M) <=> sC4H9 (+M):HpA
 914  1.17010e+00   1.17013e+00  -1.3503e-02  H + iC4H8 <=> C3H6 + CH3:A
 915  1.17020e+00   1.17003e+00   6.9163e-02  H + iC4H8 <=> C3H6 + CH3:E
 942  1.16986e+00   1.17037e+00  -2.1943e-01  C3H6 + CH3 (+M) <=> sC4H9 (+M):HpA
 968  1.17011e+00   1.17012e+00  -2.4812e-03  tC4H9 (+M) <=> H + iC4H8 (+M):HpA
 988  1.17015e+00   1.17009e+00   2.2080e-02  2 C2H5 (+M) <=> C4H10 (+M):HpA
 989  1.17119e+00   1.16904e+00   9.1755e-01  C4H10 + H <=> H2 + pC4H9:A
 990  1.16680e+00   1.17344e+00  -2.8362e+00  C4H10 + H <=> H2 + pC4H9:E
 991  1.16903e+00   1.17120e+00  -9.2660e-01  C4H10 + H <=> H2 + sC4H9:A
 992  1.17234e+00   1.16790e+00   1.9002e+00  C4H10 + H <=> H2 + sC4H9:E
 1009  1.17015e+00   1.17009e+00   2.7305e-02  C4H10 + CH3 <=> CH4 + pC4H9:A
 1312  1.17069e+00   1.16956e+00   4.8530e-01  HME <=> 2 tC4H9:E
