Value =  1.34529e+00
Rxn  Value+       Value-           Sensitivi   Reaction Name
 377  1.34529e+00   1.34526e+00   1.1411e-02  C2H4 + H (+M) <=> C2H5 (+M):HpA
 540  1.34535e+00   1.34523e+00   4.3734e-02  C3H6 + H <=> C2H4 + CH3:A
 541  1.34500e+00   1.34558e+00  -2.1419e-01  C3H6 + H <=> C2H4 + CH3:E
 877  1.34545e+00   1.34512e+00   1.2343e-01  C4H81 + H (+M) <=> sC4H9 (+M):HpA
 878  1.34532e+00   1.34526e+00   2.3113e-02  C4H81 + H <=> C2H4 + C2H5:A
 879  1.34514e+00   1.34544e+00  -1.1320e-01  C4H81 + H <=> C2H4 + C2H5:E
 880  1.34525e+00   1.34533e+00  -2.7922e-02  C4H81 + H <=> C3H6 + CH3:A
 881  1.34547e+00   1.34510e+00   1.3673e-01  C4H81 + H <=> C3H6 + CH3:E
 898  1.34544e+00   1.34514e+00   1.1254e-01  C4H82 + H (+M) <=> sC4H9 (+M):HpA
 914  1.34525e+00   1.34532e+00  -2.6445e-02  H + iC4H8 <=> C3H6 + CH3:A
 915  1.34546e+00   1.34511e+00   1.2953e-01  H + iC4H8 <=> C3H6 + CH3:E
 942  1.34499e+00   1.34557e+00  -2.1326e-01  C3H6 + CH3 (+M) <=> sC4H9 (+M):HpA
 968  1.34527e+00   1.34529e+00  -7.5470e-03  tC4H9 (+M) <=> H + iC4H8 (+M):HpA
 988  1.34531e+00   1.34524e+00   2.8087e-02  2 C2H5 (+M) <=> C4H10 (+M):HpA
 989  1.34645e+00   1.34413e+00   8.6275e-01  C4H10 + H <=> H2 + pC4H9:A
 990  1.34186e+00   1.34873e+00  -2.5526e+00  C4H10 + H <=> H2 + pC4H9:E
 991  1.34410e+00   1.34648e+00  -8.8454e-01  C4H10 + H <=> H2 + sC4H9:A
 992  1.34762e+00   1.34296e+00   1.7320e+00  C4H10 + H <=> H2 + sC4H9:E
 1009  1.34532e+00   1.34526e+00   2.0403e-02  C4H10 + CH3 <=> CH4 + pC4H9:A
 1312  1.34606e+00   1.34454e+00   5.6445e-01  HME <=> 2 tC4H9:E

Parameter number =  377 C2H4 + H (+M) <=> C2H5 (+M):HpA
Positive perturbation =  1.39039e+00
Value =  1.34709e+00
Rxn  Value+       Value-           Sensitivi   Reaction Name
 377  1.34712e+00   1.34710e+00   6.5942e-03  C2H4 + H (+M) <=> C2H5 (+M):HpA
 540  1.34715e+00   1.34703e+00   4.3799e-02  C3H6 + H <=> C2H4 + CH3:A
 541  1.34680e+00   1.34738e+00  -2.1448e-01  C3H6 + H <=> C2H4 + CH3:E
 877  1.34725e+00   1.34693e+00   1.1993e-01  C4H81 + H (+M) <=> sC4H9 (+M):HpA
 878  1.34712e+00   1.34706e+00   2.3164e-02  C4H81 + H <=> C2H4 + C2H5:A
 879  1.34694e+00   1.34725e+00  -1.1343e-01  C4H81 + H <=> C2H4 + C2H5:E
 880  1.34706e+00   1.34713e+00  -2.7984e-02  C4H81 + H <=> C3H6 + CH3:A
 881  1.34728e+00   1.34691e+00   1.3707e-01  C4H81 + H <=> C3H6 + CH3:E
 898  1.34725e+00   1.34694e+00   1.1262e-01  C4H82 + H (+M) <=> sC4H9 (+M):HpA
 914  1.34706e+00   1.34713e+00  -2.6450e-02  H + iC4H8 <=> C3H6 + CH3:A
 915  1.34727e+00   1.34692e+00   1.2954e-01  H + iC4H8 <=> C3H6 + CH3:E
 942  1.34681e+00   1.34739e+00  -2.1601e-01  C3H6 + CH3 (+M) <=> sC4H9 (+M):HpA
 968  1.34709e+00   1.34709e+00   1.0989e-04  tC4H9 (+M) <=> H + iC4H8 (+M):HpA
 988  1.34718e+00   1.34706e+00   4.3101e-02  2 C2H5 (+M) <=> C4H10 (+M):HpA
 989  1.34826e+00   1.34593e+00   8.6282e-01  C4H10 + H <=> H2 + pC4H9:A
 990  1.34366e+00   1.35054e+00  -2.5528e+00  C4H10 + H <=> H2 + pC4H9:E
 991  1.34590e+00   1.34829e+00  -8.8522e-01  C4H10 + H <=> H2 + sC4H9:A
 992  1.34943e+00   1.34476e+00   1.7333e+00  C4H10 + H <=> H2 + sC4H9:E
 1009  1.34714e+00   1.34709e+00   2.0233e-02  C4H10 + CH3 <=> CH4 + pC4H9:A
 1312  1.34787e+00   1.34637e+00   5.5380e-01  HME <=> 2 tC4H9:E
Negative perturbation =  7.19223e-01
Value =  1.34279e+00
Rxn  Value+       Value-           Sensitivi   Reaction Name
 377  1.34280e+00   1.34278e+00   6.4986e-03  C2H4 + H (+M) <=> C2H5 (+M):HpA
 540  1.34285e+00   1.34273e+00   4.3644e-02  C3H6 + H <=> C2H4 + CH3:A
 541  1.34250e+00   1.34308e+00  -2.1374e-01  C3H6 + H <=> C2H4 + CH3:E
 877  1.34295e+00   1.34263e+00   1.1980e-01  C4H81 + H (+M) <=> sC4H9 (+M):HpA
 878  1.34282e+00   1.34276e+00   2.3046e-02  C4H81 + H <=> C2H4 + C2H5:A
 879  1.34264e+00   1.34294e+00  -1.1286e-01  C4H81 + H <=> C2H4 + C2H5:E
 880  1.34275e+00   1.34283e+00  -2.7818e-02  C4H81 + H <=> C3H6 + CH3:A
 881  1.34297e+00   1.34261e+00   1.3624e-01  C4H81 + H <=> C3H6 + CH3:E
 898  1.34294e+00   1.34264e+00   1.1245e-01  C4H82 + H (+M) <=> sC4H9 (+M):HpA
 914  1.34275e+00   1.34283e+00  -2.6479e-02  H + iC4H8 <=> C3H6 + CH3:A
 915  1.34296e+00   1.34262e+00   1.2956e-01  H + iC4H8 <=> C3H6 + CH3:E
 942  1.34250e+00   1.34310e+00  -2.2222e-01  C3H6 + CH3 (+M) <=> sC4H9 (+M):HpA
 968  1.34279e+00   1.34279e+00   7.8520e-05  tC4H9 (+M) <=> H + iC4H8 (+M):HpA
 988  1.34283e+00   1.34276e+00   2.7146e-02  2 C2H5 (+M) <=> C4H10 (+M):HpA
 989  1.34395e+00   1.34163e+00   8.6273e-01  C4H10 + H <=> H2 + pC4H9:A
 990  1.33937e+00   1.34622e+00  -2.5526e+00  C4H10 + H <=> H2 + pC4H9:E
 991  1.34160e+00   1.34398e+00  -8.8375e-01  C4H10 + H <=> H2 + sC4H9:A
 992  1.34512e+00   1.34047e+00   1.7304e+00  C4H10 + H <=> H2 + sC4H9:E
 1009  1.34282e+00   1.34277e+00   1.8786e-02  C4H10 + CH3 <=> CH4 + pC4H9:A
 1312  1.34361e+00   1.34202e+00   5.9198e-01  HME <=> 2 tC4H9:E

Parameter number =  540 C3H6 + H <=> C2H4 + CH3:A     
Positive perturbation =  1.23114e+00
Value =  1.35886e+00
Rxn  Value+       Value-           Sensitivi   Reaction Name
 377  1.35886e+00   1.35884e+00   8.0696e-03  C2H4 + H (+M) <=> C2H5 (+M):HpA
 540  1.35894e+00   1.35879e+00   5.3062e-02  C3H6 + H <=> C2H4 + CH3:A
 541  1.35851e+00   1.35922e+00  -2.5986e-01  C3H6 + H <=> C2H4 + CH3:E
 877  1.35903e+00   1.35870e+00   1.2027e-01  C4H81 + H (+M) <=> sC4H9 (+M):HpA
 878  1.35889e+00   1.35883e+00   2.2937e-02  C4H81 + H <=> C2H4 + C2H5:A
 879  1.35871e+00   1.35902e+00  -1.1232e-01  C4H81 + H <=> C2H4 + C2H5:E
 880  1.35883e+00   1.35890e+00  -2.7991e-02  C4H81 + H <=> C3H6 + CH3:A
 881  1.35905e+00   1.35868e+00   1.3708e-01  C4H81 + H <=> C3H6 + CH3:E
 898  1.35902e+00   1.35871e+00   1.1307e-01  C4H82 + H (+M) <=> sC4H9 (+M):HpA
 914  1.35883e+00   1.35890e+00  -2.6599e-02  H + iC4H8 <=> C3H6 + CH3:A
 915  1.35904e+00   1.35869e+00   1.3028e-01  H + iC4H8 <=> C3H6 + CH3:E
 942  1.35856e+00   1.35914e+00  -2.1348e-01  C3H6 + CH3 (+M) <=> sC4H9 (+M):HpA
 968  1.35884e+00   1.35885e+00  -3.5182e-03  tC4H9 (+M) <=> H + iC4H8 (+M):HpA
 988  1.35889e+00   1.35881e+00   2.7863e-02  2 C2H5 (+M) <=> C4H10 (+M):HpA
 989  1.36003e+00   1.35770e+00   8.5898e-01  C4H10 + H <=> H2 + pC4H9:A
 990  1.35541e+00   1.36232e+00  -2.5413e+00  C4H10 + H <=> H2 + pC4H9:E
 991  1.35766e+00   1.36007e+00  -8.8806e-01  C4H10 + H <=> H2 + sC4H9:A
 992  1.36123e+00   1.35650e+00   1.7387e+00  C4H10 + H <=> H2 + sC4H9:E
 1009  1.35889e+00   1.35884e+00   2.0399e-02  C4H10 + CH3 <=> CH4 + pC4H9:A
 1312  1.35950e+00   1.35822e+00   4.7025e-01  HME <=> 2 tC4H9:E
Negative perturbation =  8.12252e-01
Value =  1.33421e+00
Rxn  Value+       Value-           Sensitivi   Reaction Name
 377  1.33422e+00   1.33419e+00   1.0618e-02  C2H4 + H (+M) <=> C2H5 (+M):HpA
 540  1.33426e+00   1.33417e+00   3.5950e-02  C3H6 + H <=> C2H4 + CH3:A
 541  1.33398e+00   1.33445e+00  -1.7609e-01  C3H6 + H <=> C2H4 + CH3:E
 877  1.33437e+00   1.33406e+00   1.1961e-01  C4H81 + H (+M) <=> sC4H9 (+M):HpA
 878  1.33425e+00   1.33418e+00   2.3265e-02  C4H81 + H <=> C2H4 + C2H5:A
 879  1.33406e+00   1.33437e+00  -1.1393e-01  C4H81 + H <=> C2H4 + C2H5:E
 880  1.33418e+00   1.33425e+00  -2.7866e-02  C4H81 + H <=> C3H6 + CH3:A
 881  1.33440e+00   1.33403e+00   1.3644e-01  C4H81 + H <=> C3H6 + CH3:E
 898  1.33436e+00   1.33407e+00   1.1210e-01  C4H82 + H (+M) <=> sC4H9 (+M):HpA
 914  1.33418e+00   1.33425e+00  -2.6340e-02  H + iC4H8 <=> C3H6 + CH3:A
 915  1.33438e+00   1.33404e+00   1.2589e-01  H + iC4H8 <=> C3H6 + CH3:E
 942  1.33392e+00   1.33449e+00  -2.1352e-01  C3H6 + CH3 (+M) <=> sC4H9 (+M):HpA
 968  1.33420e+00   1.33421e+00  -6.5359e-03  tC4H9 (+M) <=> H + iC4H8 (+M):HpA
 988  1.33424e+00   1.33416e+00   2.7956e-02  2 C2H5 (+M) <=> C4H10 (+M):HpA
 989  1.33537e+00   1.33306e+00   8.6593e-01  C4H10 + H <=> H2 + pC4H9:A
 990  1.33080e+00   1.33764e+00  -2.5619e+00  C4H10 + H <=> H2 + pC4H9:E
 991  1.33304e+00   1.33539e+00  -8.8175e-01  C4H10 + H <=> H2 + sC4H9:A
 992  1.33652e+00   1.33191e+00   1.7266e+00  C4H10 + H <=> H2 + sC4H9:E
 1009  1.33424e+00   1.33419e+00   2.0317e-02  C4H10 + CH3 <=> CH4 + pC4H9:A
 1312  1.33509e+00   1.33336e+00   6.4637e-01  HME <=> 2 tC4H9:E

Parameter number =  541 C3H6 + H <=> C2H4 + CH3:E     
Positive perturbation =  1.03547e+00
Value =  1.33589e+00
Rxn  Value+       Value-           Sensitivi   Reaction Name
 377  1.33589e+00   1.33586e+00   1.0691e-02  C2H4 + H (+M) <=> C2H5 (+M):HpA
 540  1.33594e+00   1.33584e+00   3.7141e-02  C3H6 + H <=> C2H4 + CH3:A
 541  1.33563e+00   1.33614e+00  -1.8835e-01  C3H6 + H <=> C2H4 + CH3:E
 877  1.33605e+00   1.33573e+00   1.1966e-01  C4H81 + H (+M) <=> sC4H9 (+M):HpA
 878  1.33592e+00   1.33585e+00   2.3240e-02  C4H81 + H <=> C2H4 + C2H5:A
 879  1.33573e+00   1.33604e+00  -1.1382e-01  C4H81 + H <=> C2H4 + C2H5:E
 880  1.33585e+00   1.33592e+00  -2.7867e-02  C4H81 + H <=> C3H6 + CH3:A
 881  1.33607e+00   1.33570e+00   1.3648e-01  C4H81 + H <=> C3H6 + CH3:E
 898  1.33604e+00   1.33574e+00   1.1216e-01  C4H82 + H (+M) <=> sC4H9 (+M):HpA
 914  1.33585e+00   1.33592e+00  -2.6360e-02  H + iC4H8 <=> C3H6 + CH3:A
 915  1.33606e+00   1.33571e+00   1.2906e-01  H + iC4H8 <=> C3H6 + CH3:E
 942  1.33559e+00   1.33616e+00  -2.1318e-01  C3H6 + CH3 (+M) <=> sC4H9 (+M):HpA
 968  1.33587e+00   1.33589e+00  -6.6181e-03  tC4H9 (+M) <=> H + iC4H8 (+M):HpA
 988  1.33591e+00   1.33584e+00   2.7896e-02  2 C2H5 (+M) <=> C4H10 (+M):HpA
 989  1.33704e+00   1.33473e+00   8.6545e-01  C4H10 + H <=> H2 + pC4H9:A
 990  1.33247e+00   1.33931e+00  -2.5604e+00  C4H10 + H <=> H2 + pC4H9:E
 991  1.33471e+00   1.33706e+00  -8.8217e-01  C4H10 + H <=> H2 + sC4H9:A
 992  1.33820e+00   1.33358e+00   1.7274e+00  C4H10 + H <=> H2 + sC4H9:E
 1009  1.33591e+00   1.33586e+00   2.0329e-02  C4H10 + CH3 <=> CH4 + pC4H9:A
 1312  1.33674e+00   1.33505e+00   6.3396e-01  HME <=> 2 tC4H9:E
Negative perturbation =  9.65745e-01
Value =  1.35602e+00
Rxn  Value+       Value-           Sensitivi   Reaction Name
 377  1.35603e+00   1.35599e+00   1.2105e-02  C2H4 + H (+M) <=> C2H5 (+M):HpA
 540  1.35609e+00   1.35595e+00   5.1130e-02  C3H6 + H <=> C2H4 + CH3:A
 541  1.35569e+00   1.35635e+00  -2.4181e-01  C3H6 + H <=> C2H4 + CH3:E
 877  1.35618e+00   1.35586e+00   1.2020e-01  C4H81 + H (+M) <=> sC4H9 (+M):HpA
 878  1.35605e+00   1.35599e+00   2.2973e-02  C4H81 + H <=> C2H4 + C2H5:A
 879  1.35587e+00   1.35617e+00  -1.1250e-01  C4H81 + H <=> C2H4 + C2H5:E
 880  1.35598e+00   1.35606e+00  -2.7979e-02  C4H81 + H <=> C3H6 + CH3:A
 881  1.35621e+00   1.35583e+00   1.3701e-01  C4H81 + H <=> C3H6 + CH3:E
 898  1.35617e+00   1.35587e+00   1.1294e-01  C4H82 + H (+M) <=> sC4H9 (+M):HpA
 914  1.35598e+00   1.35606e+00  -2.6567e-02  H + iC4H8 <=> C3H6 + CH3:A
 915  1.35620e+00   1.35584e+00   1.3017e-01  H + iC4H8 <=> C3H6 + CH3:E
 942  1.35572e+00   1.35630e+00  -2.1345e-01  C3H6 + CH3 (+M) <=> sC4H9 (+M):HpA
 968  1.35600e+00   1.35601e+00  -3.5152e-03  tC4H9 (+M) <=> H + iC4H8 (+M):HpA
 988  1.35604e+00   1.35597e+00   2.7813e-02  2 C2H5 (+M) <=> C4H10 (+M):HpA
 989  1.35719e+00   1.35486e+00   8.5976e-01  C4H10 + H <=> H2 + pC4H9:A
 990  1.35257e+00   1.35947e+00  -2.5437e+00  C4H10 + H <=> H2 + pC4H9:E
 991  1.35482e+00   1.35722e+00  -8.8723e-01  C4H10 + H <=> H2 + sC4H9:A
 992  1.35838e+00   1.35367e+00   1.7373e+00  C4H10 + H <=> H2 + sC4H9:E
 1009  1.35605e+00   1.35599e+00   2.0509e-02  C4H10 + CH3 <=> CH4 + pC4H9:A
 1312  1.35669e+00   1.35536e+00   4.9046e-01  HME <=> 2 tC4H9:E

Parameter number =  877 C4H81 + H (+M) <=> sC4H9 (+M):HpA
Positive perturbation =  1.39039e+00
Value =  1.40230e+00
Rxn  Value+       Value-           Sensitivi   Reaction Name
 377  1.40230e+00   1.40227e+00   1.2030e-02  C2H4 + H (+M) <=> C2H5 (+M):HpA
 540  1.40236e+00   1.40223e+00   4.4303e-02  C3H6 + H <=> C2H4 + CH3:A
 541  1.40199e+00   1.40260e+00  -2.1696e-01  C3H6 + H <=> C2H4 + CH3:E
 877  1.40248e+00   1.40211e+00   1.3153e-01  C4H81 + H (+M) <=> sC4H9 (+M):HpA
 878  1.40234e+00   1.40226e+00   2.8065e-02  C4H81 + H <=> C2H4 + C2H5:A
 879  1.40210e+00   1.40249e+00  -1.3747e-01  C4H81 + H <=> C2H4 + C2H5:E
 880  1.40225e+00   1.40235e+00  -3.5094e-02  C4H81 + H <=> C3H6 + CH3:A
 881  1.40254e+00   1.40206e+00   1.7190e-01  C4H81 + H <=> C3H6 + CH3:E
 898  1.40245e+00   1.40215e+00   1.0643e-01  C4H82 + H (+M) <=> sC4H9 (+M):HpA
 914  1.40226e+00   1.40234e+00  -2.7465e-02  H + iC4H8 <=> C3H6 + CH3:A
 915  1.40249e+00   1.40211e+00   1.3446e-01  H + iC4H8 <=> C3H6 + CH3:E
 942  1.40197e+00   1.40260e+00  -2.2644e-01  C3H6 + CH3 (+M) <=> sC4H9 (+M):HpA
 968  1.40228e+00   1.40230e+00  -6.8035e-03  tC4H9 (+M) <=> H + iC4H8 (+M):HpA
 988  1.40232e+00   1.40225e+00   2.6834e-02  2 C2H5 (+M) <=> C4H10 (+M):HpA
 989  1.40350e+00   1.40109e+00   8.6047e-01  C4H10 + H <=> H2 + pC4H9:A
 990  1.39873e+00   1.40587e+00  -2.5460e+00  C4H10 + H <=> H2 + pC4H9:E
 991  1.40107e+00   1.40353e+00  -8.7820e-01  C4H10 + H <=> H2 + sC4H9:A
 992  1.40471e+00   1.39989e+00   1.7199e+00  C4H10 + H <=> H2 + sC4H9:E
 1009  1.40232e+00   1.40227e+00   1.9345e-02  C4H10 + CH3 <=> CH4 + pC4H9:A
 1312  1.40315e+00   1.40146e+00   6.0361e-01  HME <=> 2 tC4H9:E
Negative perturbation =  7.19223e-01
Value =  1.29599e+00
Rxn  Value+       Value-           Sensitivi   Reaction Name
 377  1.29599e+00   1.29597e+00   9.1926e-03  C2H4 + H (+M) <=> C2H5 (+M):HpA
 540  1.29604e+00   1.29593e+00   4.3231e-02  C3H6 + H <=> C2H4 + CH3:A
 541  1.29571e+00   1.29626e+00  -2.1171e-01  C3H6 + H <=> C2H4 + CH3:E
 877  1.29613e+00   1.29585e+00   1.0634e-01  C4H81 + H (+M) <=> sC4H9 (+M):HpA
 878  1.29601e+00   1.29596e+00   1.8781e-02  C4H81 + H <=> C2H4 + C2H5:A
 879  1.29587e+00   1.29611e+00  -9.1971e-02  C4H81 + H <=> C2H4 + C2H5:E
 880  1.29596e+00   1.29602e+00  -2.1932e-02  C4H81 + H <=> C3H6 + CH3:A
 881  1.29613e+00   1.29585e+00   1.0741e-01  C4H81 + H <=> C3H6 + CH3:E
 898  1.29614e+00   1.29583e+00   1.1832e-01  C4H82 + H (+M) <=> sC4H9 (+M):HpA
 914  1.29596e+00   1.29602e+00  -2.5547e-02  H + iC4H8 <=> C3H6 + CH3:A
 915  1.29615e+00   1.29583e+00   1.2516e-01  H + iC4H8 <=> C3H6 + CH3:E
 942  1.29572e+00   1.29625e+00  -2.0340e-01  C3H6 + CH3 (+M) <=> sC4H9 (+M):HpA
 968  1.29598e+00   1.29599e+00  -4.2754e-03  tC4H9 (+M) <=> H + iC4H8 (+M):HpA
 988  1.29602e+00   1.29597e+00   1.8101e-02  2 C2H5 (+M) <=> C4H10 (+M):HpA
 989  1.29711e+00   1.29487e+00   8.6462e-01  C4H10 + H <=> H2 + pC4H9:A
 990  1.29268e+00   1.29931e+00  -2.5581e+00  C4H10 + H <=> H2 + pC4H9:E
 991  1.29484e+00   1.29714e+00  -8.8952e-01  C4H10 + H <=> H2 + sC4H9:A
 992  1.29825e+00   1.29373e+00   1.7417e+00  C4H10 + H <=> H2 + sC4H9:E
 1009  1.29602e+00   1.29596e+00   2.1045e-02  C4H10 + CH3 <=> CH4 + pC4H9:A
 1312  1.29670e+00   1.29530e+00   5.4034e-01  HME <=> 2 tC4H9:E

Parameter number =  878 C4H81 + H <=> C2H4 + C2H5:A   
Positive perturbation =  1.39039e+00
Value =  1.35729e+00
Rxn  Value+       Value-           Sensitivi   Reaction Name
 377  1.35730e+00   1.35727e+00   1.1917e-02  C2H4 + H (+M) <=> C2H5 (+M):HpA
 540  1.35735e+00   1.35723e+00   4.3434e-02  C3H6 + H <=> C2H4 + CH3:A
 541  1.35700e+00   1.35758e+00  -2.1272e-01  C3H6 + H <=> C2H4 + CH3:E
 877  1.35746e+00   1.35712e+00   1.2528e-01  C4H81 + H (+M) <=> sC4H9 (+M):HpA
 878  1.35733e+00   1.35725e+00   3.1117e-02  C4H81 + H <=> C2H4 + C2H5:A
 879  1.35709e+00   1.35750e+00  -1.5239e-01  C4H81 + H <=> C2H4 + C2H5:E
 880  1.35725e+00   1.35733e+00  -2.8299e-02  C4H81 + H <=> C3H6 + CH3:A
 881  1.35748e+00   1.35710e+00   1.3858e-01  C4H81 + H <=> C3H6 + CH3:E
 898  1.35743e+00   1.35714e+00   1.0828e-01  C4H82 + H (+M) <=> sC4H9 (+M):HpA
 914  1.35726e+00   1.35733e+00  -2.6650e-02  H + iC4H8 <=> C3H6 + CH3:A
 915  1.35747e+00   1.35712e+00   1.3055e-01  H + iC4H8 <=> C3H6 + CH3:E
 942  1.35698e+00   1.35758e+00  -2.2231e-01  C3H6 + CH3 (+M) <=> sC4H9 (+M):HpA
 968  1.35727e+00   1.35729e+00  -7.5591e-03  tC4H9 (+M) <=> H + iC4H8 (+M):HpA
 988  1.35731e+00   1.35724e+00   2.8242e-02  2 C2H5 (+M) <=> C4H10 (+M):HpA
 989  1.35845e+00   1.35613e+00   8.5561e-01  C4H10 + H <=> H2 + pC4H9:A
 990  1.35386e+00   1.36073e+00  -2.5317e+00  C4H10 + H <=> H2 + pC4H9:E
 991  1.35609e+00   1.35849e+00  -8.8311e-01  C4H10 + H <=> H2 + sC4H9:A
 992  1.35964e+00   1.35495e+00   1.7284e+00  C4H10 + H <=> H2 + sC4H9:E
 1009  1.35732e+00   1.35727e+00   2.0165e-02  C4H10 + CH3 <=> CH4 + pC4H9:A
 1312  1.35795e+00   1.35663e+00   4.8573e-01  HME <=> 2 tC4H9:E
Negative perturbation =  7.19223e-01
Value =  1.33648e+00
Rxn  Value+       Value-           Sensitivi   Reaction Name
 377  1.33648e+00   1.33645e+00   1.1223e-02  C2H4 + H (+M) <=> C2H5 (+M):HpA
 540  1.33654e+00   1.33642e+00   4.3960e-02  C3H6 + H <=> C2H4 + CH3:A
 541  1.33619e+00   1.33677e+00  -2.1529e-01  C3H6 + H <=> C2H4 + CH3:E
 877  1.33662e+00   1.33632e+00   1.1275e-01  C4H81 + H (+M) <=> sC4H9 (+M):HpA
 878  1.33650e+00   1.33646e+00   1.7019e-02  C4H81 + H <=> C2H4 + C2H5:A
 879  1.33637e+00   1.33659e+00  -8.3351e-02  C4H81 + H <=> C2H4 + C2H5:E
 880  1.33644e+00   1.33652e+00  -2.7623e-02  C4H81 + H <=> C3H6 + CH3:A
 881  1.33666e+00   1.33630e+00   1.3528e-01  C4H81 + H <=> C3H6 + CH3:E
 898  1.33663e+00   1.33633e+00   1.1265e-01  C4H82 + H (+M) <=> sC4H9 (+M):HpA
 914  1.33644e+00   1.33651e+00  -2.3189e-02  H + iC4H8 <=> C3H6 + CH3:A
 915  1.33664e+00   1.33631e+00   1.2569e-01  H + iC4H8 <=> C3H6 + CH3:E
 942  1.33619e+00   1.33675e+00  -2.1005e-01  C3H6 + CH3 (+M) <=> sC4H9 (+M):HpA
 968  1.33646e+00   1.33648e+00  -6.6627e-03  tC4H9 (+M) <=> H + iC4H8 (+M):HpA
 988  1.33650e+00   1.33643e+00   2.7960e-02  2 C2H5 (+M) <=> C4H10 (+M):HpA
 989  1.33764e+00   1.33532e+00   8.6809e-01  C4H10 + H <=> H2 + pC4H9:A
 990  1.33305e+00   1.33991e+00  -2.5684e+00  C4H10 + H <=> H2 + pC4H9:E
 991  1.33530e+00   1.33766e+00  -8.8564e-01  C4H10 + H <=> H2 + sC4H9:A
 992  1.33880e+00   1.33416e+00   1.7373e+00  C4H10 + H <=> H2 + sC4H9:E
 1009  1.33651e+00   1.33645e+00   2.0208e-02  C4H10 + CH3 <=> CH4 + pC4H9:A
 1312  1.33733e+00   1.33565e+00   6.2762e-01  HME <=> 2 tC4H9:E

Parameter number =  879 C4H81 + H <=> C2H4 + C2H5:E   
Positive perturbation =  1.05497e+00
Value =  1.33789e+00
Rxn  Value+       Value-           Sensitivi   Reaction Name
 377  1.33790e+00   1.33787e+00   1.1296e-02  C2H4 + H (+M) <=> C2H5 (+M):HpA
 540  1.33795e+00   1.33783e+00   4.3922e-02  C3H6 + H <=> C2H4 + CH3:A
 541  1.33761e+00   1.33818e+00  -2.1511e-01  C3H6 + H <=> C2H4 + CH3:E
 877  1.33804e+00   1.33773e+00   1.1650e-01  C4H81 + H (+M) <=> sC4H9 (+M):HpA
 878  1.33792e+00   1.33787e+00   1.8012e-02  C4H81 + H <=> C2H4 + C2H5:A
 879  1.33777e+00   1.33802e+00  -9.3054e-02  C4H81 + H <=> C2H4 + C2H5:E
 880  1.33786e+00   1.33793e+00  -2.7671e-02  C4H81 + H <=> C3H6 + CH3:A
 881  1.33807e+00   1.33771e+00   1.3552e-01  C4H81 + H <=> C3H6 + CH3:E
 898  1.33804e+00   1.33774e+00   1.1263e-01  C4H82 + H (+M) <=> sC4H9 (+M):HpA
 914  1.33786e+00   1.33793e+00  -2.6338e-02  H + iC4H8 <=> C3H6 + CH3:A
 915  1.33806e+00   1.33772e+00   1.2574e-01  H + iC4H8 <=> C3H6 + CH3:E
 942  1.33760e+00   1.33817e+00  -2.1054e-01  C3H6 + CH3 (+M) <=> sC4H9 (+M):HpA
 968  1.33787e+00   1.33789e+00  -6.7252e-03  tC4H9 (+M) <=> H + iC4H8 (+M):HpA
 988  1.33792e+00   1.33784e+00   2.7962e-02  2 C2H5 (+M) <=> C4H10 (+M):HpA
 989  1.33905e+00   1.33673e+00   8.6719e-01  C4H10 + H <=> H2 + pC4H9:A
 990  1.33446e+00   1.34133e+00  -2.5658e+00  C4H10 + H <=> H2 + pC4H9:E
 991  1.33671e+00   1.33908e+00  -8.8547e-01  C4H10 + H <=> H2 + sC4H9:A
 992  1.34022e+00   1.33557e+00   1.7371e+00  C4H10 + H <=> H2 + sC4H9:E
 1009  1.33792e+00   1.33787e+00   2.0296e-02  C4H10 + CH3 <=> CH4 + pC4H9:A
 1312  1.33873e+00   1.33708e+00   6.1734e-01  HME <=> 2 tC4H9:E
Negative perturbation =  9.47894e-01
Value =  1.35425e+00
Rxn  Value+       Value-           Sensitivi   Reaction Name
 377  1.35426e+00   1.35423e+00   1.1819e-02  C2H4 + H (+M) <=> C2H5 (+M):HpA
 540  1.35431e+00   1.35419e+00   4.3507e-02  C3H6 + H <=> C2H4 + CH3:A
 541  1.35397e+00   1.35454e+00  -2.1309e-01  C3H6 + H <=> C2H4 + CH3:E
 877  1.35442e+00   1.35409e+00   1.2395e-01  C4H81 + H (+M) <=> sC4H9 (+M):HpA
 878  1.35429e+00   1.35421e+00   2.9126e-02  C4H81 + H <=> C2H4 + C2H5:A
 879  1.35407e+00   1.35444e+00  -1.3520e-01  C4H81 + H <=> C2H4 + C2H5:E
 880  1.35422e+00   1.35429e+00  -2.8207e-02  C4H81 + H <=> C3H6 + CH3:A
 881  1.35444e+00   1.35407e+00   1.3813e-01  C4H81 + H <=> C3H6 + CH3:E
 898  1.35441e+00   1.35410e+00   1.1233e-01  C4H82 + H (+M) <=> sC4H9 (+M):HpA
 914  1.35422e+00   1.35429e+00  -2.6571e-02  H + iC4H8 <=> C3H6 + CH3:A
 915  1.35443e+00   1.35408e+00   1.3031e-01  H + iC4H8 <=> C3H6 + CH3:E
 942  1.35395e+00   1.35454e+00  -2.1716e-01  C3H6 + CH3 (+M) <=> sC4H9 (+M):HpA
 968  1.35423e+00   1.35425e+00  -7.8587e-03  tC4H9 (+M) <=> H + iC4H8 (+M):HpA
 988  1.35428e+00   1.35420e+00   2.8050e-02  2 C2H5 (+M) <=> C4H10 (+M):HpA
 989  1.35542e+00   1.35309e+00   8.5742e-01  C4H10 + H <=> H2 + pC4H9:A
 990  1.35082e+00   1.35769e+00  -2.5365e+00  C4H10 + H <=> H2 + pC4H9:E
 991  1.35306e+00   1.35545e+00  -8.8353e-01  C4H10 + H <=> H2 + sC4H9:A
 992  1.35659e+00   1.35191e+00   1.7257e+00  C4H10 + H <=> H2 + sC4H9:E
 1009  1.35428e+00   1.35423e+00   2.0196e-02  C4H10 + CH3 <=> CH4 + pC4H9:A
 1312  1.35494e+00   1.35358e+00   5.0190e-01  HME <=> 2 tC4H9:E

Parameter number =  880 C4H81 + H <=> C3H6 + CH3:A    
Positive perturbation =  1.62066e+00
Value =  1.32347e+00
Rxn  Value+       Value-           Sensitivi   Reaction Name
 377  1.32348e+00   1.32345e+00   1.1538e-02  C2H4 + H (+M) <=> C2H5 (+M):HpA
 540  1.32353e+00   1.32342e+00   4.3543e-02  C3H6 + H <=> C2H4 + CH3:A
 541  1.32319e+00   1.32376e+00  -2.1323e-01  C3H6 + H <=> C2H4 + CH3:E
 877  1.32362e+00   1.32333e+00   1.0832e-01  C4H81 + H (+M) <=> sC4H9 (+M):HpA
 878  1.32350e+00   1.32344e+00   2.2486e-02  C4H81 + H <=> C2H4 + C2H5:A
 879  1.32333e+00   1.32362e+00  -1.1013e-01  C4H81 + H <=> C2H4 + C2H5:E
 880  1.32342e+00   1.32353e+00  -4.0240e-02  C4H81 + H <=> C3H6 + CH3:A
 881  1.32373e+00   1.32321e+00   1.9707e-01  C4H81 + H <=> C3H6 + CH3:E
 898  1.32361e+00   1.32332e+00   1.1125e-01  C4H82 + H (+M) <=> sC4H9 (+M):HpA
 914  1.32344e+00   1.32351e+00  -2.5586e-02  H + iC4H8 <=> C3H6 + CH3:A
 915  1.32364e+00   1.32331e+00   1.2540e-01  H + iC4H8 <=> C3H6 + CH3:E
 942  1.32320e+00   1.32373e+00  -2.0213e-01  C3H6 + CH3 (+M) <=> sC4H9 (+M):HpA
 968  1.32346e+00   1.32347e+00  -6.1535e-03  tC4H9 (+M) <=> H + iC4H8 (+M):HpA
 988  1.32350e+00   1.32343e+00   2.7845e-02  2 C2H5 (+M) <=> C4H10 (+M):HpA
 989  1.32462e+00   1.32233e+00   8.6266e-01  C4H10 + H <=> H2 + pC4H9:A
 990  1.32010e+00   1.32685e+00  -2.5524e+00  C4H10 + H <=> H2 + pC4H9:E
 991  1.32232e+00   1.32463e+00  -8.7483e-01  C4H10 + H <=> H2 + sC4H9:A
 992  1.32574e+00   1.32121e+00   1.7130e+00  C4H10 + H <=> H2 + sC4H9:E
 1009  1.32350e+00   1.32345e+00   2.0352e-02  C4H10 + CH3 <=> CH4 + pC4H9:A
 1312  1.32442e+00   1.32255e+00   7.0927e-01  HME <=> 2 tC4H9:E
Negative perturbation =  6.17034e-01
Value =  1.36031e+00
Rxn  Value+       Value-           Sensitivi   Reaction Name
 377  1.36033e+00   1.36030e+00   1.2139e-02  C2H4 + H (+M) <=> C2H5 (+M):HpA
 540  1.36037e+00   1.36025e+00   4.3849e-02  C3H6 + H <=> C2H4 + CH3:A
 541  1.36002e+00   1.36061e+00  -2.1475e-01  C3H6 + H <=> C2H4 + CH3:E
 877  1.36049e+00   1.36015e+00   1.2358e-01  C4H81 + H (+M) <=> sC4H9 (+M):HpA
 878  1.36035e+00   1.36028e+00   2.3505e-02  C4H81 + H <=> C2H4 + C2H5:A
 879  1.36017e+00   1.36047e+00  -1.1078e-01  C4H81 + H <=> C2H4 + C2H5:E
 880  1.36029e+00   1.36034e+00  -1.8599e-02  C4H81 + H <=> C3H6 + CH3:A
 881  1.36045e+00   1.36019e+00   9.5894e-02  C4H81 + H <=> C3H6 + CH3:E
 898  1.36048e+00   1.36017e+00   1.1346e-01  C4H82 + H (+M) <=> sC4H9 (+M):HpA
 914  1.36028e+00   1.36035e+00  -2.7054e-02  H + iC4H8 <=> C3H6 + CH3:A
 915  1.36049e+00   1.36014e+00   1.2814e-01  H + iC4H8 <=> C3H6 + CH3:E
 942  1.36001e+00   1.36062e+00  -2.2182e-01  C3H6 + CH3 (+M) <=> sC4H9 (+M):HpA
 968  1.36031e+00   1.36032e+00  -7.2369e-03  tC4H9 (+M) <=> H + iC4H8 (+M):HpA
 988  1.36035e+00   1.36027e+00   2.8124e-02  2 C2H5 (+M) <=> C4H10 (+M):HpA
 989  1.36150e+00   1.35915e+00   8.6283e-01  C4H10 + H <=> H2 + pC4H9:A
 990  1.35686e+00   1.36380e+00  -2.5530e+00  C4H10 + H <=> H2 + pC4H9:E
 991  1.35911e+00   1.36154e+00  -8.9182e-01  C4H10 + H <=> H2 + sC4H9:A
 992  1.36270e+00   1.35795e+00   1.7458e+00  C4H10 + H <=> H2 + sC4H9:E
 1009  1.36035e+00   1.36030e+00   1.9994e-02  C4H10 + CH3 <=> CH4 + pC4H9:A
 1312  1.36096e+00   1.35970e+00   4.6046e-01  HME <=> 2 tC4H9:E

Parameter number =  881 C4H81 + H <=> C3H6 + CH3:E    
Positive perturbation =  1.05622e+00
Value =  1.35458e+00
Rxn  Value+       Value-           Sensitivi   Reaction Name
 377  1.35459e+00   1.35456e+00   1.1455e-02  C2H4 + H (+M) <=> C2H5 (+M):HpA
 540  1.35464e+00   1.35452e+00   4.3815e-02  C3H6 + H <=> C2H4 + CH3:A
 541  1.35429e+00   1.35488e+00  -2.1457e-01  C3H6 + H <=> C2H4 + CH3:E
 877  1.35474e+00   1.35440e+00   1.2483e-01  C4H81 + H (+M) <=> sC4H9 (+M):HpA
 878  1.35462e+00   1.35455e+00   2.3361e-02  C4H81 + H <=> C2H4 + C2H5:A
 879  1.35443e+00   1.35474e+00  -1.1441e-01  C4H81 + H <=> C2H4 + C2H5:E
 880  1.35455e+00   1.35461e+00  -2.2239e-02  C4H81 + H <=> C3H6 + CH3:A
 881  1.35474e+00   1.35443e+00   1.1503e-01  C4H81 + H <=> C3H6 + CH3:E
 898  1.35474e+00   1.35443e+00   1.1312e-01  C4H82 + H (+M) <=> sC4H9 (+M):HpA
 914  1.35455e+00   1.35462e+00  -2.6393e-02  H + iC4H8 <=> C3H6 + CH3:A
 915  1.35475e+00   1.35440e+00   1.2730e-01  H + iC4H8 <=> C3H6 + CH3:E
 942  1.35428e+00   1.35487e+00  -2.1866e-01  C3H6 + CH3 (+M) <=> sC4H9 (+M):HpA
 968  1.35456e+00   1.35458e+00  -7.4506e-03  tC4H9 (+M) <=> H + iC4H8 (+M):HpA
 988  1.35461e+00   1.35453e+00   2.8297e-02  2 C2H5 (+M) <=> C4H10 (+M):HpA
 989  1.35575e+00   1.35341e+00   8.6280e-01  C4H10 + H <=> H2 + pC4H9:A
 990  1.35113e+00   1.35804e+00  -2.5528e+00  C4H10 + H <=> H2 + pC4H9:E
 991  1.35338e+00   1.35579e+00  -8.8896e-01  C4H10 + H <=> H2 + sC4H9:A
 992  1.35694e+00   1.35222e+00   1.7448e+00  C4H10 + H <=> H2 + sC4H9:E
 1009  1.35461e+00   1.35456e+00   2.0161e-02  C4H10 + CH3 <=> CH4 + pC4H9:A
 1312  1.35527e+00   1.35391e+00   5.0083e-01  HME <=> 2 tC4H9:E
Negative perturbation =  9.46772e-01
Value =  1.33446e+00
Rxn  Value+       Value-           Sensitivi   Reaction Name
 377  1.33446e+00   1.33443e+00   1.1026e-02  C2H4 + H (+M) <=> C2H5 (+M):HpA
 540  1.33452e+00   1.33440e+00   4.3641e-02  C3H6 + H <=> C2H4 + CH3:A
 541  1.33417e+00   1.33474e+00  -2.1373e-01  C3H6 + H <=> C2H4 + CH3:E
 877  1.33461e+00   1.33430e+00   1.1421e-01  C4H81 + H (+M) <=> sC4H9 (+M):HpA
 878  1.33449e+00   1.33443e+00   2.2813e-02  C4H81 + H <=> C2H4 + C2H5:A
 879  1.33431e+00   1.33461e+00  -1.1172e-01  C4H81 + H <=> C2H4 + C2H5:E
 880  1.33441e+00   1.33450e+00  -3.4217e-02  C4H81 + H <=> C3H6 + CH3:A
 881  1.33467e+00   1.33425e+00   1.5865e-01  C4H81 + H <=> C3H6 + CH3:E
 898  1.33461e+00   1.33431e+00   1.1190e-01  C4H82 + H (+M) <=> sC4H9 (+M):HpA
 914  1.33442e+00   1.33449e+00  -2.6004e-02  H + iC4H8 <=> C3H6 + CH3:A
 915  1.33463e+00   1.33429e+00   1.2754e-01  H + iC4H8 <=> C3H6 + CH3:E
 942  1.33416e+00   1.33473e+00  -2.1069e-01  C3H6 + CH3 (+M) <=> sC4H9 (+M):HpA
 968  1.33444e+00   1.33446e+00  -6.5978e-03  tC4H9 (+M) <=> H + iC4H8 (+M):HpA
 988  1.33448e+00   1.33441e+00   2.7713e-02  2 C2H5 (+M) <=> C4H10 (+M):HpA
 989  1.33561e+00   1.33331e+00   8.6270e-01  C4H10 + H <=> H2 + pC4H9:A
 990  1.33105e+00   1.33787e+00  -2.5525e+00  C4H10 + H <=> H2 + pC4H9:E
 991  1.33328e+00   1.33563e+00  -8.7976e-01  C4H10 + H <=> H2 + sC4H9:A
 992  1.33675e+00   1.33216e+00   1.7193e+00  C4H10 + H <=> H2 + sC4H9:E
 1009  1.33448e+00   1.33443e+00   2.0334e-02  C4H10 + CH3 <=> CH4 + pC4H9:A
 1312  1.33531e+00   1.33361e+00   6.3869e-01  HME <=> 2 tC4H9:E

Parameter number =  898 C4H82 + H (+M) <=> sC4H9 (+M):HpA
Positive perturbation =  1.39039e+00
Value =  1.39923e+00
Rxn  Value+       Value-           Sensitivi   Reaction Name
 377  1.39923e+00   1.39920e+00   1.2240e-02  C2H4 + H (+M) <=> C2H5 (+M):HpA
 540  1.39929e+00   1.39917e+00   4.4530e-02  C3H6 + H <=> C2H4 + CH3:A
 541  1.39892e+00   1.39953e+00  -2.1808e-01  C3H6 + H <=> C2H4 + CH3:E
 877  1.39939e+00   1.39907e+00   1.1346e-01  C4H81 + H (+M) <=> sC4H9 (+M):HpA
 878  1.39926e+00   1.39920e+00   2.2969e-02  C4H81 + H <=> C2H4 + C2H5:A
 879  1.39907e+00   1.39939e+00  -1.1248e-01  C4H81 + H <=> C2H4 + C2H5:E
 880  1.39919e+00   1.39927e+00  -2.8720e-02  C4H81 + H <=> C3H6 + CH3:A
 881  1.39942e+00   1.39903e+00   1.4066e-01  C4H81 + H <=> C3H6 + CH3:E
 898  1.39940e+00   1.39905e+00   1.2574e-01  C4H82 + H (+M) <=> sC4H9 (+M):HpA
 914  1.39919e+00   1.39927e+00  -2.7607e-02  H + iC4H8 <=> C3H6 + CH3:A
 915  1.39942e+00   1.39904e+00   1.3515e-01  H + iC4H8 <=> C3H6 + CH3:E
 942  1.39890e+00   1.39954e+00  -2.2734e-01  C3H6 + CH3 (+M) <=> sC4H9 (+M):HpA
 968  1.39923e+00   1.39923e+00   1.2698e-04  tC4H9 (+M) <=> H + iC4H8 (+M):HpA
 988  1.39925e+00   1.39918e+00   2.7271e-02  2 C2H5 (+M) <=> C4H10 (+M):HpA
 989  1.40044e+00   1.39802e+00   8.6537e-01  C4H10 + H <=> H2 + pC4H9:A
 990  1.39565e+00   1.40281e+00  -2.5599e+00  C4H10 + H <=> H2 + pC4H9:E
 991  1.39799e+00   1.40047e+00  -8.8406e-01  C4H10 + H <=> H2 + sC4H9:A
 992  1.40165e+00   1.39681e+00   1.7308e+00  C4H10 + H <=> H2 + sC4H9:E
 1009  1.39926e+00   1.39920e+00   1.9470e-02  C4H10 + CH3 <=> CH4 + pC4H9:A
 1312  1.40007e+00   1.39840e+00   5.9387e-01  HME <=> 2 tC4H9:E
Negative perturbation =  7.19223e-01
Value =  1.29929e+00
Rxn  Value+       Value-           Sensitivi   Reaction Name
 377  1.29930e+00   1.29927e+00   9.1585e-03  C2H4 + H (+M) <=> C2H5 (+M):HpA
 540  1.29935e+00   1.29924e+00   4.3044e-02  C3H6 + H <=> C2H4 + CH3:A
 541  1.29902e+00   1.29957e+00  -2.1079e-01  C3H6 + H <=> C2H4 + CH3:E
 877  1.29946e+00   1.29913e+00   1.2555e-01  C4H81 + H (+M) <=> sC4H9 (+M):HpA
 878  1.29932e+00   1.29926e+00   2.3233e-02  C4H81 + H <=> C2H4 + C2H5:A
 879  1.29914e+00   1.29944e+00  -1.1378e-01  C4H81 + H <=> C2H4 + C2H5:E
 880  1.29926e+00   1.29933e+00  -2.7199e-02  C4H81 + H <=> C3H6 + CH3:A
 881  1.29946e+00   1.29912e+00   1.3320e-01  C4H81 + H <=> C3H6 + CH3:E
 898  1.29942e+00   1.29916e+00   9.8299e-02  C4H82 + H (+M) <=> sC4H9 (+M):HpA
 914  1.29926e+00   1.29933e+00  -2.5450e-02  H + iC4H8 <=> C3H6 + CH3:A
 915  1.29945e+00   1.29913e+00   1.2463e-01  H + iC4H8 <=> C3H6 + CH3:E
 942  1.29902e+00   1.29955e+00  -2.0301e-01  C3H6 + CH3 (+M) <=> sC4H9 (+M):HpA
 968  1.29928e+00   1.29929e+00  -4.3554e-03  tC4H9 (+M) <=> H + iC4H8 (+M):HpA
 988  1.29932e+00   1.29925e+00   2.7885e-02  2 C2H5 (+M) <=> C4H10 (+M):HpA
 989  1.30041e+00   1.29817e+00   8.5940e-01  C4H10 + H <=> H2 + pC4H9:A
 990  1.29599e+00   1.30260e+00  -2.5461e+00  C4H10 + H <=> H2 + pC4H9:E
 991  1.29814e+00   1.30044e+00  -8.8469e-01  C4H10 + H <=> H2 + sC4H9:A
 992  1.30155e+00   1.29704e+00   1.7322e+00  C4H10 + H <=> H2 + sC4H9:E
 1009  1.29932e+00   1.29926e+00   2.0976e-02  C4H10 + CH3 <=> CH4 + pC4H9:A
 1312  1.30002e+00   1.29858e+00   5.5387e-01  HME <=> 2 tC4H9:E

Parameter number =  914 H + iC4H8 <=> C3H6 + CH3:A    
Positive perturbation =  1.39039e+00
Value =  1.33166e+00
Rxn  Value+       Value-           Sensitivi   Reaction Name
 377  1.33166e+00   1.33164e+00   8.1876e-03  C2H4 + H (+M) <=> C2H5 (+M):HpA
 540  1.33172e+00   1.33160e+00   4.3491e-02  C3H6 + H <=> C2H4 + CH3:A
 541  1.33138e+00   1.33195e+00  -2.1298e-01  C3H6 + H <=> C2H4 + CH3:E
 877  1.33182e+00   1.33150e+00   1.1877e-01  C4H81 + H (+M) <=> sC4H9 (+M):HpA
 878  1.33169e+00   1.33163e+00   2.2917e-02  C4H81 + H <=> C2H4 + C2H5:A
 879  1.33151e+00   1.33181e+00  -1.1224e-01  C4H81 + H <=> C2H4 + C2H5:E
 880  1.33163e+00   1.33170e+00  -2.7357e-02  C4H81 + H <=> C3H6 + CH3:A
 881  1.33184e+00   1.33148e+00   1.3398e-01  C4H81 + H <=> C3H6 + CH3:E
 898  1.33180e+00   1.33151e+00   1.0851e-01  C4H82 + H (+M) <=> sC4H9 (+M):HpA
 914  1.33161e+00   1.33171e+00  -3.5686e-02  H + iC4H8 <=> C3H6 + CH3:A
 915  1.33189e+00   1.33143e+00   1.7487e-01  H + iC4H8 <=> C3H6 + CH3:E
 942  1.33136e+00   1.33194e+00  -2.1445e-01  C3H6 + CH3 (+M) <=> sC4H9 (+M):HpA
 968  1.33164e+00   1.33166e+00  -6.4801e-03  tC4H9 (+M) <=> H + iC4H8 (+M):HpA
 988  1.33169e+00   1.33161e+00   2.8070e-02  2 C2H5 (+M) <=> C4H10 (+M):HpA
 989  1.33281e+00   1.33051e+00   8.6212e-01  C4H10 + H <=> H2 + pC4H9:A
 990  1.32827e+00   1.33505e+00  -2.5479e+00  C4H10 + H <=> H2 + pC4H9:E
 991  1.33050e+00   1.33283e+00  -8.7521e-01  C4H10 + H <=> H2 + sC4H9:A
 992  1.33395e+00   1.32938e+00   1.7134e+00  C4H10 + H <=> H2 + sC4H9:E
 1009  1.33168e+00   1.33163e+00   1.7594e-02  C4H10 + CH3 <=> CH4 + pC4H9:A
 1312  1.33260e+00   1.33073e+00   7.0334e-01  HME <=> 2 tC4H9:E
Negative perturbation =  7.19223e-01
Value =  1.35543e+00
Rxn  Value+       Value-           Sensitivi   Reaction Name
 377  1.35544e+00   1.35541e+00   1.1337e-02  C2H4 + H (+M) <=> C2H5 (+M):HpA
 540  1.35549e+00   1.35537e+00   4.3916e-02  C3H6 + H <=> C2H4 + CH3:A
 541  1.35514e+00   1.35573e+00  -2.1507e-01  C3H6 + H <=> C2H4 + CH3:E
 877  1.35560e+00   1.35527e+00   1.2064e-01  C4H81 + H (+M) <=> sC4H9 (+M):HpA
 878  1.35546e+00   1.35540e+00   2.3261e-02  C4H81 + H <=> C2H4 + C2H5:A
 879  1.35528e+00   1.35559e+00  -1.1391e-01  C4H81 + H <=> C2H4 + C2H5:E
 880  1.35539e+00   1.35547e+00  -2.8346e-02  C4H81 + H <=> C3H6 + CH3:A
 881  1.35562e+00   1.35525e+00   1.3881e-01  C4H81 + H <=> C3H6 + CH3:E
 898  1.35559e+00   1.35528e+00   1.1354e-01  C4H82 + H (+M) <=> sC4H9 (+M):HpA
 914  1.35541e+00   1.35546e+00  -1.9446e-02  H + iC4H8 <=> C3H6 + CH3:A
 915  1.35556e+00   1.35530e+00   9.5299e-02  H + iC4H8 <=> C3H6 + CH3:E
 942  1.35513e+00   1.35572e+00  -2.1511e-01  C3H6 + CH3 (+M) <=> sC4H9 (+M):HpA
 968  1.35541e+00   1.35543e+00  -7.4835e-03  tC4H9 (+M) <=> H + iC4H8 (+M):HpA
 988  1.35546e+00   1.35538e+00   2.7939e-02  2 C2H5 (+M) <=> C4H10 (+M):HpA
 989  1.35660e+00   1.35426e+00   8.6327e-01  C4H10 + H <=> H2 + pC4H9:A
 990  1.35197e+00   1.35890e+00  -2.5540e+00  C4H10 + H <=> H2 + pC4H9:E
 991  1.35423e+00   1.35664e+00  -8.9171e-01  C4H10 + H <=> H2 + sC4H9:A
 992  1.35780e+00   1.35307e+00   1.7460e+00  C4H10 + H <=> H2 + sC4H9:E
 1009  1.35546e+00   1.35541e+00   2.0059e-02  C4H10 + CH3 <=> CH4 + pC4H9:A
 1312  1.35607e+00   1.35481e+00   4.6503e-01  HME <=> 2 tC4H9:E

Parameter number =  915 H + iC4H8 <=> C3H6 + CH3:E    
Positive perturbation =  1.05497e+00
Value =  1.35380e+00
Rxn  Value+       Value-           Sensitivi   Reaction Name
 377  1.35380e+00   1.35377e+00   1.1344e-02  C2H4 + H (+M) <=> C2H5 (+M):HpA
 540  1.35386e+00   1.35374e+00   4.3887e-02  C3H6 + H <=> C2H4 + CH3:A
 541  1.35351e+00   1.35409e+00  -2.1493e-01  C3H6 + H <=> C2H4 + CH3:E
 877  1.35396e+00   1.35363e+00   1.2061e-01  C4H81 + H (+M) <=> sC4H9 (+M):HpA
 878  1.35383e+00   1.35376e+00   2.3239e-02  C4H81 + H <=> C2H4 + C2H5:A
 879  1.35364e+00   1.35395e+00  -1.1380e-01  C4H81 + H <=> C2H4 + C2H5:E
 880  1.35376e+00   1.35383e+00  -2.8279e-02  C4H81 + H <=> C3H6 + CH3:A
 881  1.35398e+00   1.35361e+00   1.3847e-01  C4H81 + H <=> C3H6 + CH3:E
 898  1.35395e+00   1.35364e+00   1.1331e-01  C4H82 + H (+M) <=> sC4H9 (+M):HpA
 914  1.35377e+00   1.35382e+00  -2.0584e-02  H + iC4H8 <=> C3H6 + CH3:A
 915  1.35394e+00   1.35365e+00   1.0638e-01  H + iC4H8 <=> C3H6 + CH3:E
 942  1.35350e+00   1.35408e+00  -2.1488e-01  C3H6 + CH3 (+M) <=> sC4H9 (+M):HpA
 968  1.35378e+00   1.35380e+00  -7.9134e-03  tC4H9 (+M) <=> H + iC4H8 (+M):HpA
 988  1.35382e+00   1.35374e+00   2.7934e-02  2 C2H5 (+M) <=> C4H10 (+M):HpA
 989  1.35497e+00   1.35263e+00   8.6320e-01  C4H10 + H <=> H2 + pC4H9:A
 990  1.35034e+00   1.35726e+00  -2.5539e+00  C4H10 + H <=> H2 + pC4H9:E
 991  1.35259e+00   1.35500e+00  -8.9056e-01  C4H10 + H <=> H2 + sC4H9:A
 992  1.35616e+00   1.35144e+00   1.7438e+00  C4H10 + H <=> H2 + sC4H9:E
 1009  1.35382e+00   1.35377e+00   2.0141e-02  C4H10 + CH3 <=> CH4 + pC4H9:A
 1312  1.35445e+00   1.35314e+00   4.8267e-01  HME <=> 2 tC4H9:E
Negative perturbation =  9.47894e-01
Value =  1.33509e+00
Rxn  Value+       Value-           Sensitivi   Reaction Name
 377  1.33510e+00   1.33507e+00   1.1124e-02  C2H4 + H (+M) <=> C2H5 (+M):HpA
 540  1.33515e+00   1.33503e+00   4.3552e-02  C3H6 + H <=> C2H4 + CH3:A
 541  1.33481e+00   1.33538e+00  -2.1329e-01  C3H6 + H <=> C2H4 + CH3:E
 877  1.33525e+00   1.33493e+00   1.1903e-01  C4H81 + H (+M) <=> sC4H9 (+M):HpA
 878  1.33512e+00   1.33506e+00   2.2961e-02  C4H81 + H <=> C2H4 + C2H5:A
 879  1.33494e+00   1.33524e+00  -1.1248e-01  C4H81 + H <=> C2H4 + C2H5:E
 880  1.33505e+00   1.33513e+00  -2.7495e-02  C4H81 + H <=> C3H6 + CH3:A
 881  1.33527e+00   1.33491e+00   1.3466e-01  C4H81 + H <=> C3H6 + CH3:E
 898  1.33524e+00   1.33494e+00   1.1157e-01  C4H82 + H (+M) <=> sC4H9 (+M):HpA
 914  1.33505e+00   1.33514e+00  -3.3403e-02  H + iC4H8 <=> C3H6 + CH3:A
 915  1.33530e+00   1.33488e+00   1.5505e-01  H + iC4H8 <=> C3H6 + CH3:E
 942  1.33480e+00   1.33536e+00  -2.1207e-01  C3H6 + CH3 (+M) <=> sC4H9 (+M):HpA
 968  1.33507e+00   1.33509e+00  -6.6119e-03  tC4H9 (+M) <=> H + iC4H8 (+M):HpA
 988  1.33512e+00   1.33504e+00   2.8240e-02  2 C2H5 (+M) <=> C4H10 (+M):HpA
 989  1.33624e+00   1.33394e+00   8.6224e-01  C4H10 + H <=> H2 + pC4H9:A
 990  1.33169e+00   1.33850e+00  -2.5512e+00  C4H10 + H <=> H2 + pC4H9:E
 991  1.33392e+00   1.33626e+00  -8.7754e-01  C4H10 + H <=> H2 + sC4H9:A
 992  1.33738e+00   1.33280e+00   1.7151e+00  C4H10 + H <=> H2 + sC4H9:E
 1009  1.33512e+00   1.33506e+00   2.0398e-02  C4H10 + CH3 <=> CH4 + pC4H9:A
 1312  1.33599e+00   1.33420e+00   6.6953e-01  HME <=> 2 tC4H9:E

Parameter number =  942 C3H6 + CH3 (+M) <=> sC4H9 (+M):HpA
Positive perturbation =  1.23114e+00
Value =  1.28733e+00
Rxn  Value+       Value-           Sensitivi   Reaction Name
 377  1.28734e+00   1.28732e+00   7.1439e-03  C2H4 + H (+M) <=> C2H5 (+M):HpA
 540  1.28739e+00   1.28728e+00   4.3017e-02  C3H6 + H <=> C2H4 + CH3:A
 541  1.28706e+00   1.28760e+00  -2.1065e-01  C3H6 + H <=> C2H4 + CH3:E
 877  1.28748e+00   1.28719e+00   1.1169e-01  C4H81 + H (+M) <=> sC4H9 (+M):HpA
 878  1.28736e+00   1.28731e+00   2.0590e-02  C4H81 + H <=> C2H4 + C2H5:A
 879  1.28720e+00   1.28746e+00  -1.0083e-01  C4H81 + H <=> C2H4 + C2H5:E
 880  1.28730e+00   1.28736e+00  -2.3844e-02  C4H81 + H <=> C3H6 + CH3:A
 881  1.28748e+00   1.28718e+00   1.1677e-01  C4H81 + H <=> C3H6 + CH3:E
 898  1.28747e+00   1.28720e+00   1.0406e-01  C4H82 + H (+M) <=> sC4H9 (+M):HpA
 914  1.28730e+00   1.28737e+00  -2.5274e-02  H + iC4H8 <=> C3H6 + CH3:A
 915  1.28749e+00   1.28717e+00   1.2379e-01  H + iC4H8 <=> C3H6 + CH3:E
 942  1.28706e+00   1.28759e+00  -2.0700e-01  C3H6 + CH3 (+M) <=> sC4H9 (+M):HpA
 968  1.28733e+00   1.28733e+00   1.0608e-04  tC4H9 (+M) <=> H + iC4H8 (+M):HpA
 988  1.28736e+00   1.28730e+00   2.3740e-02  2 C2H5 (+M) <=> C4H10 (+M):HpA
 989  1.28844e+00   1.28622e+00   8.6248e-01  C4H10 + H <=> H2 + pC4H9:A
 990  1.28405e+00   1.29062e+00  -2.5519e+00  C4H10 + H <=> H2 + pC4H9:E
 991  1.28619e+00   1.28848e+00  -8.8699e-01  C4H10 + H <=> H2 + sC4H9:A
 992  1.28957e+00   1.28510e+00   1.7367e+00  C4H10 + H <=> H2 + sC4H9:E
 1009  1.28736e+00   1.28731e+00   2.1189e-02  C4H10 + CH3 <=> CH4 + pC4H9:A
 1312  1.28806e+00   1.28662e+00   5.5754e-01  HME <=> 2 tC4H9:E
Negative perturbation =  8.12252e-01
Value =  1.41103e+00
Rxn  Value+       Value-           Sensitivi   Reaction Name
 377  1.41102e+00   1.41099e+00   1.2043e-02  C2H4 + H (+M) <=> C2H5 (+M):HpA
 540  1.41109e+00   1.41097e+00   4.4529e-02  C3H6 + H <=> C2H4 + CH3:A
 541  1.41072e+00   1.41134e+00  -2.1810e-01  C3H6 + H <=> C2H4 + CH3:E
 877  1.41119e+00   1.41083e+00   1.2781e-01  C4H81 + H (+M) <=> sC4H9 (+M):HpA
 878  1.41106e+00   1.41099e+00   2.5928e-02  C4H81 + H <=> C2H4 + C2H5:A
 879  1.41085e+00   1.41121e+00  -1.2701e-01  C4H81 + H <=> C2H4 + C2H5:E
 880  1.41098e+00   1.41107e+00  -3.2742e-02  C4H81 + H <=> C3H6 + CH3:A
 881  1.41125e+00   1.41080e+00   1.6036e-01  C4H81 + H <=> C3H6 + CH3:E
 898  1.41120e+00   1.41086e+00   1.2114e-01  C4H82 + H (+M) <=> sC4H9 (+M):HpA
 914  1.41097e+00   1.41105e+00  -2.7923e-02  H + iC4H8 <=> C3H6 + CH3:A
 915  1.41122e+00   1.41082e+00   1.4142e-01  H + iC4H8 <=> C3H6 + CH3:E
 942  1.41066e+00   1.41133e+00  -2.3795e-01  C3H6 + CH3 (+M) <=> sC4H9 (+M):HpA
 968  1.41101e+00   1.41103e+00  -5.2127e-03  tC4H9 (+M) <=> H + iC4H8 (+M):HpA
 988  1.41104e+00   1.41096e+00   2.6347e-02  2 C2H5 (+M) <=> C4H10 (+M):HpA
 989  1.41225e+00   1.40980e+00   8.6813e-01  C4H10 + H <=> H2 + pC4H9:A
 990  1.40741e+00   1.41463e+00  -2.5583e+00  C4H10 + H <=> H2 + pC4H9:E
 991  1.40978e+00   1.41227e+00  -8.8147e-01  C4H10 + H <=> H2 + sC4H9:A
 992  1.41347e+00   1.40858e+00   1.7313e+00  C4H10 + H <=> H2 + sC4H9:E
 1009  1.41104e+00   1.41100e+00   1.3992e-02  C4H10 + CH3 <=> CH4 + pC4H9:A
 1312  1.41187e+00   1.41020e+00   5.9389e-01  HME <=> 2 tC4H9:E

Parameter number =  968 tC4H9 (+M) <=> H + iC4H8 (+M):HpA
Positive perturbation =  1.23114e+00
Value =  1.34530e+00
Rxn  Value+       Value-           Sensitivi   Reaction Name
 377  1.34531e+00   1.34530e+00   4.0169e-03  C2H4 + H (+M) <=> C2H5 (+M):HpA
 540  1.34536e+00   1.34525e+00   4.3738e-02  C3H6 + H <=> C2H4 + CH3:A
 541  1.34502e+00   1.34559e+00  -2.1427e-01  C3H6 + H <=> C2H4 + CH3:E
 877  1.34547e+00   1.34514e+00   1.1985e-01  C4H81 + H (+M) <=> sC4H9 (+M):HpA
 878  1.34534e+00   1.34527e+00   2.3113e-02  C4H81 + H <=> C2H4 + C2H5:A
 879  1.34515e+00   1.34546e+00  -1.1318e-01  C4H81 + H <=> C2H4 + C2H5:E
 880  1.34527e+00   1.34534e+00  -2.7886e-02  C4H81 + H <=> C3H6 + CH3:A
 881  1.34549e+00   1.34512e+00   1.3676e-01  C4H81 + H <=> C3H6 + CH3:E
 898  1.34546e+00   1.34515e+00   1.1317e-01  C4H82 + H (+M) <=> sC4H9 (+M):HpA
 914  1.34527e+00   1.34534e+00  -2.6508e-02  H + iC4H8 <=> C3H6 + CH3:A
 915  1.34548e+00   1.34513e+00   1.2960e-01  H + iC4H8 <=> C3H6 + CH3:E
 942  1.34501e+00   1.34560e+00  -2.2092e-01  C3H6 + CH3 (+M) <=> sC4H9 (+M):HpA
 968  1.34530e+00   1.34530e+00   2.0657e-04  tC4H9 (+M) <=> H + iC4H8 (+M):HpA
 988  1.34535e+00   1.34526e+00   3.1046e-02  2 C2H5 (+M) <=> C4H10 (+M):HpA
 989  1.34647e+00   1.34415e+00   8.6170e-01  C4H10 + H <=> H2 + pC4H9:A
 990  1.34187e+00   1.34874e+00  -2.5528e+00  C4H10 + H <=> H2 + pC4H9:E
 991  1.34412e+00   1.34650e+00  -8.8683e-01  C4H10 + H <=> H2 + sC4H9:A
 992  1.34764e+00   1.34298e+00   1.7316e+00  C4H10 + H <=> H2 + sC4H9:E
 1009  1.34533e+00   1.34528e+00   2.0257e-02  C4H10 + CH3 <=> CH4 + pC4H9:A
 1312  1.34608e+00   1.34455e+00   5.6736e-01  HME <=> 2 tC4H9:E
Negative perturbation =  8.12252e-01
Value =  1.34525e+00
Rxn  Value+       Value-           Sensitivi   Reaction Name
 377  1.34526e+00   1.34525e+00   4.7859e-03  C2H4 + H (+M) <=> C2H5 (+M):HpA
 540  1.34531e+00   1.34519e+00   4.3715e-02  C3H6 + H <=> C2H4 + CH3:A
 541  1.34496e+00   1.34554e+00  -2.1409e-01  C3H6 + H <=> C2H4 + CH3:E
 877  1.34541e+00   1.34509e+00   1.1986e-01  C4H81 + H (+M) <=> sC4H9 (+M):HpA
 878  1.34528e+00   1.34522e+00   2.3105e-02  C4H81 + H <=> C2H4 + C2H5:A
 879  1.34510e+00   1.34540e+00  -1.1315e-01  C4H81 + H <=> C2H4 + C2H5:E
 880  1.34521e+00   1.34529e+00  -2.7907e-02  C4H81 + H <=> C3H6 + CH3:A
 881  1.34543e+00   1.34507e+00   1.3667e-01  C4H81 + H <=> C3H6 + CH3:E
 898  1.34540e+00   1.34510e+00   1.1254e-01  C4H82 + H (+M) <=> sC4H9 (+M):HpA
 914  1.34522e+00   1.34529e+00  -2.7177e-02  H + iC4H8 <=> C3H6 + CH3:A
 915  1.34543e+00   1.34508e+00   1.3025e-01  H + iC4H8 <=> C3H6 + CH3:E
 942  1.34496e+00   1.34555e+00  -2.1933e-01  C3H6 + CH3 (+M) <=> sC4H9 (+M):HpA
 968  1.34525e+00   1.34525e+00   1.1295e-04  tC4H9 (+M) <=> H + iC4H8 (+M):HpA
 988  1.34529e+00   1.34522e+00   2.5627e-02  2 C2H5 (+M) <=> C4H10 (+M):HpA
 989  1.34641e+00   1.34409e+00   8.6277e-01  C4H10 + H <=> H2 + pC4H9:A
 990  1.34182e+00   1.34869e+00  -2.5527e+00  C4H10 + H <=> H2 + pC4H9:E
 991  1.34406e+00   1.34644e+00  -8.8455e-01  C4H10 + H <=> H2 + sC4H9:A
 992  1.34759e+00   1.34292e+00   1.7327e+00  C4H10 + H <=> H2 + sC4H9:E
 1009  1.34528e+00   1.34523e+00   2.0254e-02  C4H10 + CH3 <=> CH4 + pC4H9:A
 1312  1.34603e+00   1.34450e+00   5.7189e-01  HME <=> 2 tC4H9:E

Parameter number =  988 2 C2H5 (+M) <=> C4H10 (+M):HpA
Positive perturbation =  1.23114e+00
Value =  1.35489e+00
Rxn  Value+       Value-           Sensitivi   Reaction Name
 377  1.35490e+00   1.35489e+00   4.7062e-03  C2H4 + H (+M) <=> C2H5 (+M):HpA
 540  1.35495e+00   1.35483e+00   4.4031e-02  C3H6 + H <=> C2H4 + CH3:A
 541  1.35460e+00   1.35519e+00  -2.1564e-01  C3H6 + H <=> C2H4 + CH3:E
 877  1.35505e+00   1.35473e+00   1.1933e-01  C4H81 + H (+M) <=> sC4H9 (+M):HpA
 878  1.35492e+00   1.35486e+00   2.3107e-02  C4H81 + H <=> C2H4 + C2H5:A
 879  1.35474e+00   1.35505e+00  -1.1316e-01  C4H81 + H <=> C2H4 + C2H5:E
 880  1.35486e+00   1.35493e+00  -2.7941e-02  C4H81 + H <=> C3H6 + CH3:A
 881  1.35508e+00   1.35471e+00   1.3686e-01  C4H81 + H <=> C3H6 + CH3:E
 898  1.35504e+00   1.35474e+00   1.1173e-01  C4H82 + H (+M) <=> sC4H9 (+M):HpA
 914  1.35486e+00   1.35493e+00  -2.6352e-02  H + iC4H8 <=> C3H6 + CH3:A
 915  1.35507e+00   1.35472e+00   1.2909e-01  H + iC4H8 <=> C3H6 + CH3:E
 942  1.35460e+00   1.35519e+00  -2.1921e-01  C3H6 + CH3 (+M) <=> sC4H9 (+M):HpA
 968  1.35489e+00   1.35489e+00  -2.3000e-04  tC4H9 (+M) <=> H + iC4H8 (+M):HpA
 988  1.35494e+00   1.35484e+00   3.6001e-02  2 C2H5 (+M) <=> C4H10 (+M):HpA
 989  1.35605e+00   1.35373e+00   8.5618e-01  C4H10 + H <=> H2 + pC4H9:A
 990  1.35146e+00   1.35833e+00  -2.5342e+00  C4H10 + H <=> H2 + pC4H9:E
 991  1.35370e+00   1.35609e+00  -8.7982e-01  C4H10 + H <=> H2 + sC4H9:A
 992  1.35723e+00   1.35256e+00   1.7227e+00  C4H10 + H <=> H2 + sC4H9:E
 1009  1.35492e+00   1.35487e+00   1.9918e-02  C4H10 + CH3 <=> CH4 + pC4H9:A
 1312  1.35577e+00   1.35403e+00   6.4105e-01  HME <=> 2 tC4H9:E
Negative perturbation =  8.12252e-01
Value =  1.33698e+00
Rxn  Value+       Value-           Sensitivi   Reaction Name
 377  1.33699e+00   1.33698e+00   4.9437e-03  C2H4 + H (+M) <=> C2H5 (+M):HpA
 540  1.33704e+00   1.33692e+00   4.3447e-02  C3H6 + H <=> C2H4 + CH3:A
 541  1.33670e+00   1.33727e+00  -2.1293e-01  C3H6 + H <=> C2H4 + CH3:E
 877  1.33715e+00   1.33683e+00   1.1897e-01  C4H81 + H (+M) <=> sC4H9 (+M):HpA
 878  1.33701e+00   1.33695e+00   2.3145e-02  C4H81 + H <=> C2H4 + C2H5:A
 879  1.33683e+00   1.33713e+00  -1.1324e-01  C4H81 + H <=> C2H4 + C2H5:E
 880  1.33694e+00   1.33702e+00  -2.7920e-02  C4H81 + H <=> C3H6 + CH3:A
 881  1.33716e+00   1.33680e+00   1.3660e-01  C4H81 + H <=> C3H6 + CH3:E
 898  1.33714e+00   1.33683e+00   1.1336e-01  C4H82 + H (+M) <=> sC4H9 (+M):HpA
 914  1.33695e+00   1.33702e+00  -2.6562e-02  H + iC4H8 <=> C3H6 + CH3:A
 915  1.33715e+00   1.33681e+00   1.2994e-01  H + iC4H8 <=> C3H6 + CH3:E
 942  1.33669e+00   1.33729e+00  -2.2447e-01  C3H6 + CH3 (+M) <=> sC4H9 (+M):HpA
 968  1.33699e+00   1.33698e+00   5.2033e-03  tC4H9 (+M) <=> H + iC4H8 (+M):HpA
 988  1.33702e+00   1.33694e+00   2.9971e-02  2 C2H5 (+M) <=> C4H10 (+M):HpA
 989  1.33815e+00   1.33582e+00   8.6817e-01  C4H10 + H <=> H2 + pC4H9:A
 990  1.33356e+00   1.34042e+00  -2.5674e+00  C4H10 + H <=> H2 + pC4H9:E
 991  1.33578e+00   1.33817e+00  -8.9411e-01  C4H10 + H <=> H2 + sC4H9:A
 992  1.33931e+00   1.33466e+00   1.7400e+00  C4H10 + H <=> H2 + sC4H9:E
 1009  1.33701e+00   1.33696e+00   2.0696e-02  C4H10 + CH3 <=> CH4 + pC4H9:A
 1312  1.33767e+00   1.33632e+00   5.0410e-01  HME <=> 2 tC4H9:E

Parameter number =  989 C4H10 + H <=> H2 + pC4H9:A    
Positive perturbation =  1.39039e+00
Value =  1.79820e+00
Rxn  Value+       Value-           Sensitivi   Reaction Name
 377  1.79821e+00   1.79818e+00   8.0781e-03  C2H4 + H (+M) <=> C2H5 (+M):HpA
 540  1.79827e+00   1.79813e+00   3.8905e-02  C3H6 + H <=> C2H4 + CH3:A
 541  1.79786e+00   1.79854e+00  -1.9057e-01  C3H6 + H <=> C2H4 + CH3:E
 877  1.79841e+00   1.79799e+00   1.1799e-01  C4H81 + H (+M) <=> sC4H9 (+M):HpA
 878  1.79823e+00   1.79817e+00   1.7710e-02  C4H81 + H <=> C2H4 + C2H5:A
 879  1.79804e+00   1.79835e+00  -8.6748e-02  C4H81 + H <=> C2H4 + C2H5:E
 880  1.79815e+00   1.79825e+00  -2.8024e-02  C4H81 + H <=> C3H6 + CH3:A
 881  1.79844e+00   1.79795e+00   1.3726e-01  C4H81 + H <=> C3H6 + CH3:E
 898  1.79840e+00   1.79799e+00   1.1456e-01  C4H82 + H (+M) <=> sC4H9 (+M):HpA
 914  1.79815e+00   1.79825e+00  -2.7033e-02  H + iC4H8 <=> C3H6 + CH3:A
 915  1.79843e+00   1.79796e+00   1.3241e-01  H + iC4H8 <=> C3H6 + CH3:E
 942  1.79779e+00   1.79859e+00  -2.2252e-01  C3H6 + CH3 (+M) <=> sC4H9 (+M):HpA
 968  1.79820e+00   1.79820e+00   1.1362e-04  tC4H9 (+M) <=> H + iC4H8 (+M):HpA
 988  1.79824e+00   1.79815e+00   2.2943e-02  2 C2H5 (+M) <=> C4H10 (+M):HpA
 989  1.79981e+00   1.79659e+00   8.9578e-01  C4H10 + H <=> H2 + pC4H9:A
 990  1.79344e+00   1.80297e+00  -2.6507e+00  C4H10 + H <=> H2 + pC4H9:E
 991  1.79657e+00   1.79982e+00  -9.0306e-01  C4H10 + H <=> H2 + sC4H9:A
 992  1.80138e+00   1.79502e+00   1.7685e+00  C4H10 + H <=> H2 + sC4H9:E
 1009  1.79822e+00   1.79817e+00   1.4203e-02  C4H10 + CH3 <=> CH4 + pC4H9:A
 1312  1.79923e+00   1.79719e+00   5.6505e-01  HME <=> 2 tC4H9:E
Negative perturbation =  7.19223e-01
Value =  1.01901e+00
Rxn  Value+       Value-           Sensitivi   Reaction Name
 377  1.01902e+00   1.01900e+00   9.8462e-03  C2H4 + H (+M) <=> C2H5 (+M):HpA
 540  1.01906e+00   1.01896e+00   4.9882e-02  C3H6 + H <=> C2H4 + CH3:A
 541  1.01876e+00   1.01926e+00  -2.4426e-01  C3H6 + H <=> C2H4 + CH3:E
 877  1.01914e+00   1.01889e+00   1.2210e-01  C4H81 + H (+M) <=> sC4H9 (+M):HpA
 878  1.01904e+00   1.01898e+00   2.9993e-02  C4H81 + H <=> C2H4 + C2H5:A
 879  1.01886e+00   1.01916e+00  -1.4686e-01  C4H81 + H <=> C2H4 + C2H5:E
 880  1.01898e+00   1.01904e+00  -2.7902e-02  C4H81 + H <=> C3H6 + CH3:A
 881  1.01915e+00   1.01887e+00   1.3662e-01  C4H81 + H <=> C3H6 + CH3:E
 898  1.01912e+00   1.01890e+00   1.0981e-01  C4H82 + H (+M) <=> sC4H9 (+M):HpA
 914  1.01899e+00   1.01904e+00  -2.5891e-02  H + iC4H8 <=> C3H6 + CH3:A
 915  1.01914e+00   1.01888e+00   1.2671e-01  H + iC4H8 <=> C3H6 + CH3:E
 942  1.01879e+00   1.01923e+00  -2.1483e-01  C3H6 + CH3 (+M) <=> sC4H9 (+M):HpA
 968  1.01901e+00   1.01901e+00   1.1806e-04  tC4H9 (+M) <=> H + iC4H8 (+M):HpA
 988  1.01904e+00   1.01897e+00   3.1306e-02  2 C2H5 (+M) <=> C4H10 (+M):HpA
 989  1.01985e+00   1.01818e+00   8.2026e-01  C4H10 + H <=> H2 + pC4H9:A
 990  1.01654e+00   1.02149e+00  -2.4268e+00  C4H10 + H <=> H2 + pC4H9:E
 991  1.01814e+00   1.01989e+00  -8.6033e-01  C4H10 + H <=> H2 + sC4H9:A
 992  1.02073e+00   1.01730e+00   1.6844e+00  C4H10 + H <=> H2 + sC4H9:E
 1009  1.01903e+00   1.01897e+00   2.6857e-02  C4H10 + CH3 <=> CH4 + pC4H9:A
 1312  1.01962e+00   1.01844e+00   5.7731e-01  HME <=> 2 tC4H9:E

Parameter number =  990 C4H10 + H <=> H2 + pC4H9:E    
Positive perturbation =  1.05622e+00
Value =  1.16728e+00
Rxn  Value+       Value-           Sensitivi   Reaction Name
 377  1.16728e+00   1.16726e+00   1.0897e-02  C2H4 + H (+M) <=> C2H5 (+M):HpA
 540  1.16733e+00   1.16722e+00   4.6663e-02  C3H6 + H <=> C2H4 + CH3:A
 541  1.16701e+00   1.16754e+00  -2.2851e-01  C3H6 + H <=> C2H4 + CH3:E
 877  1.16742e+00   1.16714e+00   1.2095e-01  C4H81 + H (+M) <=> sC4H9 (+M):HpA
 878  1.16731e+00   1.16725e+00   2.6388e-02  C4H81 + H <=> C2H4 + C2H5:A
 879  1.16713e+00   1.16743e+00  -1.2922e-01  C4H81 + H <=> C2H4 + C2H5:E
 880  1.16724e+00   1.16731e+00  -2.7898e-02  C4H81 + H <=> C3H6 + CH3:A
 881  1.16744e+00   1.16712e+00   1.3661e-01  C4H81 + H <=> C3H6 + CH3:E
 898  1.16741e+00   1.16715e+00   1.1128e-01  C4H82 + H (+M) <=> sC4H9 (+M):HpA
 914  1.16725e+00   1.16731e+00  -2.6166e-02  H + iC4H8 <=> C3H6 + CH3:A
 915  1.16743e+00   1.16713e+00   1.2813e-01  H + iC4H8 <=> C3H6 + CH3:E
 942  1.16702e+00   1.16752e+00  -2.1383e-01  C3H6 + CH3 (+M) <=> sC4H9 (+M):HpA
 968  1.16728e+00   1.16728e+00   1.4096e-04  tC4H9 (+M) <=> H + iC4H8 (+M):HpA
 988  1.16729e+00   1.16724e+00   1.8694e-02  2 C2H5 (+M) <=> C4H10 (+M):HpA
 989  1.16826e+00   1.16629e+00   8.4254e-01  C4H10 + H <=> H2 + pC4H9:A
 990  1.16421e+00   1.17035e+00  -2.6329e+00  C4H10 + H <=> H2 + pC4H9:E
 991  1.16626e+00   1.16830e+00  -8.7305e-01  C4H10 + H <=> H2 + sC4H9:A
 992  1.16927e+00   1.16528e+00   1.7094e+00  C4H10 + H <=> H2 + sC4H9:E
 1009  1.16730e+00   1.16725e+00   2.3383e-02  C4H10 + CH3 <=> CH4 + pC4H9:A
 1312  1.16798e+00   1.16661e+00   5.8607e-01  HME <=> 2 tC4H9:E
Negative perturbation =  9.46772e-01
Value =  1.54327e+00
Rxn  Value+       Value-           Sensitivi   Reaction Name
 377  1.54327e+00   1.54326e+00   4.7413e-03  C2H4 + H (+M) <=> C2H5 (+M):HpA
 540  1.54333e+00   1.54320e+00   4.1266e-02  C3H6 + H <=> C2H4 + CH3:A
 541  1.54295e+00   1.54358e+00  -2.0210e-01  C3H6 + H <=> C2H4 + CH3:E
 877  1.54345e+00   1.54308e+00   1.1894e-01  C4H81 + H (+M) <=> sC4H9 (+M):HpA
 878  1.54330e+00   1.54323e+00   2.0359e-02  C4H81 + H <=> C2H4 + C2H5:A
 879  1.54311e+00   1.54342e+00  -9.9709e-02  C4H81 + H <=> C2H4 + C2H5:E
 880  1.54322e+00   1.54331e+00  -2.7955e-02  C4H81 + H <=> C3H6 + CH3:A
 881  1.54348e+00   1.54305e+00   1.3692e-01  C4H81 + H <=> C3H6 + CH3:E
 898  1.54344e+00   1.54309e+00   1.1358e-01  C4H82 + H (+M) <=> sC4H9 (+M):HpA
 914  1.54322e+00   1.54331e+00  -2.6707e-02  H + iC4H8 <=> C3H6 + CH3:A
 915  1.54347e+00   1.54306e+00   1.3090e-01  H + iC4H8 <=> C3H6 + CH3:E
 942  1.54293e+00   1.54362e+00  -2.2143e-01  C3H6 + CH3 (+M) <=> sC4H9 (+M):HpA
 968  1.54327e+00   1.54327e+00   1.0753e-04  tC4H9 (+M) <=> H + iC4H8 (+M):HpA
 988  1.54331e+00   1.54323e+00   2.4384e-02  2 C2H5 (+M) <=> C4H10 (+M):HpA
 989  1.54462e+00   1.54191e+00   8.7972e-01  C4H10 + H <=> H2 + pC4H9:A
 990  1.53947e+00   1.54707e+00  -2.4644e+00  C4H10 + H <=> H2 + pC4H9:E
 991  1.54189e+00   1.54465e+00  -8.9412e-01  C4H10 + H <=> H2 + sC4H9:A
 992  1.54597e+00   1.54057e+00   1.7508e+00  C4H10 + H <=> H2 + sC4H9:E
 1009  1.54331e+00   1.54326e+00   1.7628e-02  C4H10 + CH3 <=> CH4 + pC4H9:A
 1312  1.54416e+00   1.54242e+00   5.6465e-01  HME <=> 2 tC4H9:E

Parameter number =  991 C4H10 + H <=> H2 + sC4H9:A    
Positive perturbation =  1.39039e+00
Value =  1.00631e+00
Rxn  Value+       Value-           Sensitivi   Reaction Name
 377  1.00631e+00   1.00632e+00  -3.7025e-03  C2H4 + H (+M) <=> C2H5 (+M):HpA
 540  1.00635e+00   1.00627e+00   3.9159e-02  C3H6 + H <=> C2H4 + CH3:A
 541  1.00612e+00   1.00650e+00  -1.9087e-01  C3H6 + H <=> C2H4 + CH3:E
 877  1.00643e+00   1.00618e+00   1.2444e-01  C4H81 + H (+M) <=> sC4H9 (+M):HpA
 878  1.00633e+00   1.00628e+00   2.3348e-02  C4H81 + H <=> C2H4 + C2H5:A
 879  1.00619e+00   1.00643e+00  -1.1793e-01  C4H81 + H <=> C2H4 + C2H5:E
 880  1.00628e+00   1.00633e+00  -2.2276e-02  C4H81 + H <=> C3H6 + CH3:A
 881  1.00642e+00   1.00620e+00   1.1001e-01  C4H81 + H <=> C3H6 + CH3:E
 898  1.00642e+00   1.00619e+00   1.1219e-01  C4H82 + H (+M) <=> sC4H9 (+M):HpA
 914  1.00629e+00   1.00633e+00  -1.9236e-02  H + iC4H8 <=> C3H6 + CH3:A
 915  1.00640e+00   1.00621e+00   9.4218e-02  H + iC4H8 <=> C3H6 + CH3:E
 942  1.00609e+00   1.00653e+00  -2.1954e-01  C3H6 + CH3 (+M) <=> sC4H9 (+M):HpA
 968  1.00631e+00   1.00631e+00   7.6992e-04  tC4H9 (+M) <=> H + iC4H8 (+M):HpA
 988  1.00635e+00   1.00629e+00   3.0789e-02  2 C2H5 (+M) <=> C4H10 (+M):HpA
 989  1.00715e+00   1.00546e+00   8.3804e-01  C4H10 + H <=> H2 + pC4H9:A
 990  1.00382e+00   1.00881e+00  -2.4772e+00  C4H10 + H <=> H2 + pC4H9:E
 991  1.00543e+00   1.00719e+00  -8.7385e-01  C4H10 + H <=> H2 + sC4H9:A
 992  1.00803e+00   1.00460e+00   1.7078e+00  C4H10 + H <=> H2 + sC4H9:E
 1009  1.00634e+00   1.00629e+00   2.6327e-02  C4H10 + CH3 <=> CH4 + pC4H9:A
 1312  1.00692e+00   1.00573e+00   5.9253e-01  HME <=> 2 tC4H9:E
Negative perturbation =  7.19223e-01
Value =  1.80181e+00
Rxn  Value+       Value-           Sensitivi   Reaction Name
 377  1.80182e+00   1.80180e+00   5.8013e-03  C2H4 + H (+M) <=> C2H5 (+M):HpA
 540  1.80190e+00   1.80172e+00   4.8923e-02  C3H6 + H <=> C2H4 + CH3:A
 541  1.80138e+00   1.80224e+00  -2.3959e-01  C3H6 + H <=> C2H4 + CH3:E
 877  1.80201e+00   1.80160e+00   1.1342e-01  C4H81 + H (+M) <=> sC4H9 (+M):HpA
 878  1.80185e+00   1.80177e+00   2.1675e-02  C4H81 + H <=> C2H4 + C2H5:A
 879  1.80162e+00   1.80200e+00  -1.0614e-01  C4H81 + H <=> C2H4 + C2H5:E
 880  1.80175e+00   1.80187e+00  -3.3733e-02  C4H81 + H <=> C3H6 + CH3:A
 881  1.80210e+00   1.80151e+00   1.6520e-01  C4H81 + H <=> C3H6 + CH3:E
 898  1.80201e+00   1.80161e+00   1.1209e-01  C4H82 + H (+M) <=> sC4H9 (+M):HpA
 914  1.80174e+00   1.80187e+00  -3.5926e-02  H + iC4H8 <=> C3H6 + CH3:A
 915  1.80212e+00   1.80149e+00   1.7585e-01  H + iC4H8 <=> C3H6 + CH3:E
 942  1.80142e+00   1.80218e+00  -2.1211e-01  C3H6 + CH3 (+M) <=> sC4H9 (+M):HpA
 968  1.80181e+00   1.80181e+00   5.6859e-04  tC4H9 (+M) <=> H + iC4H8 (+M):HpA
 988  1.80185e+00   1.80177e+00   2.3724e-02  2 C2H5 (+M) <=> C4H10 (+M):HpA
 989  1.80340e+00   1.80022e+00   8.8168e-01  C4H10 + H <=> H2 + pC4H9:A
 990  1.79711e+00   1.80652e+00  -2.6099e+00  C4H10 + H <=> H2 + pC4H9:E
 991  1.80021e+00   1.80340e+00  -8.8637e-01  C4H10 + H <=> H2 + sC4H9:A
 992  1.80494e+00   1.79869e+00   1.7350e+00  C4H10 + H <=> H2 + sC4H9:E
 1009  1.80184e+00   1.80179e+00   1.4825e-02  C4H10 + CH3 <=> CH4 + pC4H9:A
 1312  1.80300e+00   1.80063e+00   6.5574e-01  HME <=> 2 tC4H9:E

Parameter number =  992 C4H10 + H <=> H2 + sC4H9:E    
Positive perturbation =  1.05622e+00
Value =  1.48307e+00
Rxn  Value+       Value-           Sensitivi   Reaction Name
 377  1.48308e+00   1.48307e+00   4.2781e-03  C2H4 + H (+M) <=> C2H5 (+M):HpA
 540  1.48314e+00   1.48300e+00   4.5390e-02  C3H6 + H <=> C2H4 + CH3:A
 541  1.48274e+00   1.48340e+00  -2.2231e-01  C3H6 + H <=> C2H4 + CH3:E
 877  1.48325e+00   1.48290e+00   1.1980e-01  C4H81 + H (+M) <=> sC4H9 (+M):HpA
 878  1.48311e+00   1.48304e+00   2.2653e-02  C4H81 + H <=> C2H4 + C2H5:A
 879  1.48291e+00   1.48324e+00  -1.1095e-01  C4H81 + H <=> C2H4 + C2H5:E
 880  1.48303e+00   1.48312e+00  -2.9823e-02  C4H81 + H <=> C3H6 + CH3:A
 881  1.48329e+00   1.48285e+00   1.4624e-01  C4H81 + H <=> C3H6 + CH3:E
 898  1.48324e+00   1.48290e+00   1.1232e-01  C4H82 + H (+M) <=> sC4H9 (+M):HpA
 914  1.48303e+00   1.48312e+00  -2.9336e-02  H + iC4H8 <=> C3H6 + CH3:A
 915  1.48328e+00   1.48286e+00   1.4366e-01  H + iC4H8 <=> C3H6 + CH3:E
 942  1.48275e+00   1.48339e+00  -2.1650e-01  C3H6 + CH3 (+M) <=> sC4H9 (+M):HpA
 968  1.48307e+00   1.48307e+00   4.7225e-05  tC4H9 (+M) <=> H + iC4H8 (+M):HpA
 988  1.48309e+00   1.48303e+00   1.9312e-02  2 C2H5 (+M) <=> C4H10 (+M):HpA
 989  1.48436e+00   1.48178e+00   8.6969e-01  C4H10 + H <=> H2 + pC4H9:A
 990  1.47926e+00   1.48689e+00  -2.5731e+00  C4H10 + H <=> H2 + pC4H9:E
 991  1.48176e+00   1.48439e+00  -8.8604e-01  C4H10 + H <=> H2 + sC4H9:A
 992  1.48579e+00   1.48036e+00   1.8306e+00  C4H10 + H <=> H2 + sC4H9:E
 1009  1.48308e+00   1.48303e+00   1.8565e-02  C4H10 + CH3 <=> CH4 + pC4H9:A
 1312  1.48395e+00   1.48222e+00   5.8409e-01  HME <=> 2 tC4H9:E
Negative perturbation =  9.46772e-01
Value =  1.22687e+00
Rxn  Value+       Value-           Sensitivi   Reaction Name
 377  1.22687e+00   1.22686e+00   4.3588e-03  C2H4 + H (+M) <=> C2H5 (+M):HpA
 540  1.22692e+00   1.22681e+00   4.2220e-02  C3H6 + H <=> C2H4 + CH3:A
 541  1.22661e+00   1.22712e+00  -2.0676e-01  C3H6 + H <=> C2H4 + CH3:E
 877  1.22701e+00   1.22672e+00   1.2153e-01  C4H81 + H (+M) <=> sC4H9 (+M):HpA
 878  1.22689e+00   1.22684e+00   2.3516e-02  C4H81 + H <=> C2H4 + C2H5:A
 879  1.22672e+00   1.22701e+00  -1.1516e-01  C4H81 + H <=> C2H4 + C2H5:E
 880  1.22683e+00   1.22690e+00  -2.6096e-02  C4H81 + H <=> C3H6 + CH3:A
 881  1.22702e+00   1.22671e+00   1.2779e-01  C4H81 + H <=> C3H6 + CH3:E
 898  1.22700e+00   1.22673e+00   1.1259e-01  C4H82 + H (+M) <=> sC4H9 (+M):HpA
 914  1.22684e+00   1.22689e+00  -2.3960e-02  H + iC4H8 <=> C3H6 + CH3:A
 915  1.22701e+00   1.22672e+00   1.1729e-01  H + iC4H8 <=> C3H6 + CH3:E
 942  1.22662e+00   1.22714e+00  -2.1161e-01  C3H6 + CH3 (+M) <=> sC4H9 (+M):HpA
 968  1.22687e+00   1.22687e+00   9.1700e-05  tC4H9 (+M) <=> H + iC4H8 (+M):HpA
 988  1.22691e+00   1.22684e+00   2.9230e-02  2 C2H5 (+M) <=> C4H10 (+M):HpA
 989  1.22792e+00   1.22582e+00   8.5577e-01  C4H10 + H <=> H2 + pC4H9:A
 990  1.22376e+00   1.22997e+00  -2.5320e+00  C4H10 + H <=> H2 + pC4H9:E
 991  1.22578e+00   1.22795e+00  -8.8239e-01  C4H10 + H <=> H2 + sC4H9:A
 992  1.22888e+00   1.22486e+00   1.6358e+00  C4H10 + H <=> H2 + sC4H9:E
 1009  1.22690e+00   1.22685e+00   2.1992e-02  C4H10 + CH3 <=> CH4 + pC4H9:A
 1312  1.22758e+00   1.22619e+00   5.6503e-01  HME <=> 2 tC4H9:E

Parameter number =  1009 C4H10 + CH3 <=> CH4 + pC4H9:A 
Positive perturbation =  1.39039e+00
Value =  1.35588e+00
Rxn  Value+       Value-           Sensitivi   Reaction Name
 377  1.35587e+00   1.35587e+00   9.9161e-04  C2H4 + H (+M) <=> C2H5 (+M):HpA
 540  1.35594e+00   1.35582e+00   4.3931e-02  C3H6 + H <=> C2H4 + CH3:A
 541  1.35559e+00   1.35617e+00  -2.1514e-01  C3H6 + H <=> C2H4 + CH3:E
 877  1.35604e+00   1.35572e+00   1.1905e-01  C4H81 + H (+M) <=> sC4H9 (+M):HpA
 878  1.35591e+00   1.35585e+00   2.3026e-02  C4H81 + H <=> C2H4 + C2H5:A
 879  1.35573e+00   1.35603e+00  -1.1277e-01  C4H81 + H <=> C2H4 + C2H5:E
 880  1.35584e+00   1.35592e+00  -2.7826e-02  C4H81 + H <=> C3H6 + CH3:A
 881  1.35606e+00   1.35569e+00   1.3628e-01  C4H81 + H <=> C3H6 + CH3:E
 898  1.35603e+00   1.35573e+00   1.1165e-01  C4H82 + H (+M) <=> sC4H9 (+M):HpA
 914  1.35584e+00   1.35591e+00  -2.6314e-02  H + iC4H8 <=> C3H6 + CH3:A
 915  1.35605e+00   1.35570e+00   1.2886e-01  H + iC4H8 <=> C3H6 + CH3:E
 942  1.35556e+00   1.35617e+00  -2.2561e-01  C3H6 + CH3 (+M) <=> sC4H9 (+M):HpA
 968  1.35588e+00   1.35588e+00   1.1625e-04  tC4H9 (+M) <=> H + iC4H8 (+M):HpA
 988  1.35592e+00   1.35583e+00   3.5016e-02  2 C2H5 (+M) <=> C4H10 (+M):HpA
 989  1.35704e+00   1.35472e+00   8.5585e-01  C4H10 + H <=> H2 + pC4H9:A
 990  1.35245e+00   1.35931e+00  -2.5323e+00  C4H10 + H <=> H2 + pC4H9:E
 991  1.35469e+00   1.35707e+00  -8.7801e-01  C4H10 + H <=> H2 + sC4H9:A
 992  1.35821e+00   1.35355e+00   1.7200e+00  C4H10 + H <=> H2 + sC4H9:E
 1009  1.35590e+00   1.35584e+00   2.0751e-02  C4H10 + CH3 <=> CH4 + pC4H9:A
 1312  1.35669e+00   1.35507e+00   5.9803e-01  HME <=> 2 tC4H9:E
Negative perturbation =  7.19223e-01
Value =  1.33759e+00
Rxn  Value+       Value-           Sensitivi   Reaction Name
 377  1.33760e+00   1.33758e+00   3.9366e-03  C2H4 + H (+M) <=> C2H5 (+M):HpA
 540  1.33765e+00   1.33753e+00   4.3589e-02  C3H6 + H <=> C2H4 + CH3:A
 541  1.33730e+00   1.33787e+00  -2.1347e-01  C3H6 + H <=> C2H4 + CH3:E
 877  1.33775e+00   1.33743e+00   1.2058e-01  C4H81 + H (+M) <=> sC4H9 (+M):HpA
 878  1.33762e+00   1.33756e+00   2.3178e-02  C4H81 + H <=> C2H4 + C2H5:A
 879  1.33744e+00   1.33774e+00  -1.1351e-01  C4H81 + H <=> C2H4 + C2H5:E
 880  1.33755e+00   1.33763e+00  -2.7986e-02  C4H81 + H <=> C3H6 + CH3:A
 881  1.33777e+00   1.33740e+00   1.3705e-01  C4H81 + H <=> C3H6 + CH3:E
 898  1.33774e+00   1.33744e+00   1.1320e-01  C4H82 + H (+M) <=> sC4H9 (+M):HpA
 914  1.33755e+00   1.33762e+00  -2.6560e-02  H + iC4H8 <=> C3H6 + CH3:A
 915  1.33776e+00   1.33741e+00   1.3008e-01  H + iC4H8 <=> C3H6 + CH3:E
 942  1.33731e+00   1.33789e+00  -2.1475e-01  C3H6 + CH3 (+M) <=> sC4H9 (+M):HpA
 968  1.33759e+00   1.33759e+00   1.0392e-04  tC4H9 (+M) <=> H + iC4H8 (+M):HpA
 988  1.33763e+00   1.33756e+00   2.7532e-02  2 C2H5 (+M) <=> C4H10 (+M):HpA
 989  1.33875e+00   1.33643e+00   8.6782e-01  C4H10 + H <=> H2 + pC4H9:A
 990  1.33416e+00   1.34103e+00  -2.5677e+00  C4H10 + H <=> H2 + pC4H9:E
 991  1.33640e+00   1.33878e+00  -8.8915e-01  C4H10 + H <=> H2 + sC4H9:A
 992  1.33992e+00   1.33526e+00   1.7409e+00  C4H10 + H <=> H2 + sC4H9:E
 1009  1.33763e+00   1.33759e+00   1.4735e-02  C4H10 + CH3 <=> CH4 + pC4H9:A
 1312  1.33834e+00   1.33688e+00   5.4795e-01  HME <=> 2 tC4H9:E

Parameter number =  1312 HME <=> 2 tC4H9:E             
Positive perturbation =  1.00601e+00
Value =  1.35025e+00
Rxn  Value+       Value-           Sensitivi   Reaction Name
 377  1.35025e+00   1.35024e+00   5.2035e-03  C2H4 + H (+M) <=> C2H5 (+M):HpA
 540  1.35030e+00   1.35020e+00   3.8818e-02  C3H6 + H <=> C2H4 + CH3:A
 541  1.34998e+00   1.35052e+00  -2.0085e-01  C3H6 + H <=> C2H4 + CH3:E
 877  1.35043e+00   1.35009e+00   1.2735e-01  C4H81 + H (+M) <=> sC4H9 (+M):HpA
 878  1.35028e+00   1.35022e+00   2.1402e-02  C4H81 + H <=> C2H4 + C2H5:A
 879  1.35011e+00   1.35040e+00  -1.0637e-01  C4H81 + H <=> C2H4 + C2H5:E
 880  1.35022e+00   1.35028e+00  -2.4150e-02  C4H81 + H <=> C3H6 + CH3:A
 881  1.35043e+00   1.35008e+00   1.2880e-01  C4H81 + H <=> C3H6 + CH3:E
 898  1.35040e+00   1.35009e+00   1.1278e-01  C4H82 + H (+M) <=> sC4H9 (+M):HpA
 914  1.35022e+00   1.35028e+00  -2.4054e-02  H + iC4H8 <=> C3H6 + CH3:A
 915  1.35041e+00   1.35009e+00   1.1873e-01  H + iC4H8 <=> C3H6 + CH3:E
 942  1.34995e+00   1.35054e+00  -2.2090e-01  C3H6 + CH3 (+M) <=> sC4H9 (+M):HpA
 968  1.35027e+00   1.35024e+00   9.0999e-03  tC4H9 (+M) <=> H + iC4H8 (+M):HpA
 988  1.35029e+00   1.35020e+00   3.2688e-02  2 C2H5 (+M) <=> C4H10 (+M):HpA
 989  1.35141e+00   1.34908e+00   8.6353e-01  C4H10 + H <=> H2 + pC4H9:A
 990  1.34681e+00   1.35369e+00  -2.5483e+00  C4H10 + H <=> H2 + pC4H9:E
 991  1.34905e+00   1.35144e+00  -8.8509e-01  C4H10 + H <=> H2 + sC4H9:A
 992  1.35259e+00   1.34791e+00   1.7324e+00  C4H10 + H <=> H2 + sC4H9:E
 1009  1.35027e+00   1.35022e+00   2.1125e-02  C4H10 + CH3 <=> CH4 + pC4H9:A
 1312  1.35116e+00   1.34936e+00   6.6631e-01  HME <=> 2 tC4H9:E
Negative perturbation =  9.94027e-01
Value =  1.34100e+00
Rxn  Value+       Value-           Sensitivi   Reaction Name
 377  1.34101e+00   1.34099e+00   5.1651e-03  C2H4 + H (+M) <=> C2H5 (+M):HpA
 540  1.34106e+00   1.34094e+00   4.6126e-02  C3H6 + H <=> C2H4 + CH3:A
 541  1.34069e+00   1.34130e+00  -2.2591e-01  C3H6 + H <=> C2H4 + CH3:E
 877  1.34116e+00   1.34084e+00   1.1934e-01  C4H81 + H (+M) <=> sC4H9 (+M):HpA
 878  1.34103e+00   1.34096e+00   2.4328e-02  C4H81 + H <=> C2H4 + C2H5:A
 879  1.34084e+00   1.34116e+00  -1.1913e-01  C4H81 + H <=> C2H4 + C2H5:E
 880  1.34096e+00   1.34104e+00  -2.9296e-02  C4H81 + H <=> C3H6 + CH3:A
 881  1.34119e+00   1.34080e+00   1.4348e-01  C4H81 + H <=> C3H6 + CH3:E
 898  1.34115e+00   1.34085e+00   1.1221e-01  C4H82 + H (+M) <=> sC4H9 (+M):HpA
 914  1.34096e+00   1.34104e+00  -2.9173e-02  H + iC4H8 <=> C3H6 + CH3:A
 915  1.34119e+00   1.34081e+00   1.4023e-01  H + iC4H8 <=> C3H6 + CH3:E
 942  1.34069e+00   1.34128e+00  -2.1968e-01  C3H6 + CH3 (+M) <=> sC4H9 (+M):HpA
 968  1.34100e+00   1.34100e+00   6.7711e-04  tC4H9 (+M) <=> H + iC4H8 (+M):HpA
 988  1.34103e+00   1.34093e+00   3.6928e-02  2 C2H5 (+M) <=> C4H10 (+M):HpA
 989  1.34216e+00   1.33984e+00   8.6278e-01  C4H10 + H <=> H2 + pC4H9:A
 990  1.33758e+00   1.34443e+00  -2.5528e+00  C4H10 + H <=> H2 + pC4H9:E
 991  1.33981e+00   1.34218e+00  -8.8371e-01  C4H10 + H <=> H2 + sC4H9:A
 992  1.34332e+00   1.33868e+00   1.7310e+00  C4H10 + H <=> H2 + sC4H9:E
 1009  1.34101e+00   1.34095e+00   2.1721e-02  C4H10 + CH3 <=> CH4 + pC4H9:A
 1312  1.34166e+00   1.34032e+00   4.9897e-01  HME <=> 2 tC4H9:E
