Value =  7.85047e-01
Rxn  Value+       Value-           Sensitivi   Reaction Name
 377  7.85071e-01   7.84951e-01   7.6224e-02  C2H4 + H (+M) <=> C2H5 (+M):HpA
 540  7.85047e-01   7.85046e-01   2.4311e-04  C3H6 + H <=> C2H4 + CH3:A
 541  7.85046e-01   7.85048e-01  -1.4398e-03  C3H6 + H <=> C2H4 + CH3:E
 877  7.85121e-01   7.84973e-01   9.4497e-02  C4H81 + H (+M) <=> sC4H9 (+M):HpA
 878  7.85047e-01   7.85047e-01   8.0573e-05  C4H81 + H <=> C2H4 + C2H5:A
 879  7.85046e-01   7.85047e-01  -4.7720e-04  C4H81 + H <=> C2H4 + C2H5:E
 880  7.85047e-01   7.85047e-01  -6.4736e-05  C4H81 + H <=> C3H6 + CH3:A
 881  7.85047e-01   7.85046e-01   3.8340e-04  C4H81 + H <=> C3H6 + CH3:E
 898  7.85137e-01   7.84956e-01   1.1525e-01  C4H82 + H (+M) <=> sC4H9 (+M):HpA
 914  7.85047e-01   7.85047e-01  -1.1331e-04  H + iC4H8 <=> C3H6 + CH3:A
 915  7.85047e-01   7.85046e-01   6.7106e-04  H + iC4H8 <=> C3H6 + CH3:E
 942  7.84904e-01   7.85189e-01  -1.8122e-01  C3H6 + CH3 (+M) <=> sC4H9 (+M):HpA
 968  7.85047e-01   7.85046e-01   6.8471e-04  tC4H9 (+M) <=> H + iC4H8 (+M):HpA
 988  7.85055e-01   7.84968e-01   5.5522e-02  2 C2H5 (+M) <=> C4H10 (+M):HpA
 989  7.85807e-01   7.84287e-01   9.6826e-01  C4H10 + H <=> H2 + pC4H9:A
 990  7.82330e-01   7.87770e-01  -3.4651e+00  C4H10 + H <=> H2 + pC4H9:E
 991  7.84289e-01   7.85806e-01  -9.6623e-01  C4H10 + H <=> H2 + sC4H9:A
 992  7.86846e-01   7.83253e-01   2.2883e+00  C4H10 + H <=> H2 + sC4H9:E
 1009  7.85059e-01   7.85034e-01   1.5517e-02  C4H10 + CH3 <=> CH4 + pC4H9:A
 1312  7.85467e-01   7.84677e-01   5.0333e-01  HME <=> 2 tC4H9:E

Parameter number =  377 C2H4 + H (+M) <=> C2H5 (+M):HpA
Positive perturbation =  1.39039e+00
Value =  7.92021e-01
Rxn  Value+       Value-           Sensitivi   Reaction Name
 377  7.91951e-01   7.92003e-01  -3.2477e-02  C2H4 + H (+M) <=> C2H5 (+M):HpA
 540  7.92021e-01   7.92021e-01   2.4305e-04  C3H6 + H <=> C2H4 + CH3:A
 541  7.92020e-01   7.92022e-01  -1.4394e-03  C3H6 + H <=> C2H4 + CH3:E
 877  7.92096e-01   7.91946e-01   9.4608e-02  C4H81 + H (+M) <=> sC4H9 (+M):HpA
 878  7.92021e-01   7.92021e-01   8.1608e-05  C4H81 + H <=> C2H4 + C2H5:A
 879  7.92021e-01   7.92021e-01  -4.8330e-04  C4H81 + H <=> C2H4 + C2H5:E
 880  7.92021e-01   7.92021e-01  -6.5561e-05  C4H81 + H <=> C3H6 + CH3:A
 881  7.92021e-01   7.92021e-01   3.8826e-04  C4H81 + H <=> C3H6 + CH3:E
 898  7.92112e-01   7.91930e-01   1.1542e-01  C4H82 + H (+M) <=> sC4H9 (+M):HpA
 914  7.92021e-01   7.92021e-01  -1.1356e-04  H + iC4H8 <=> C3H6 + CH3:A
 915  7.92022e-01   7.92020e-01   6.7250e-04  H + iC4H8 <=> C3H6 + CH3:E
 942  7.91877e-01   7.92165e-01  -1.8156e-01  C3H6 + CH3 (+M) <=> sC4H9 (+M):HpA
 968  7.92011e-01   7.92020e-01  -6.1712e-03  tC4H9 (+M) <=> H + iC4H8 (+M):HpA
 988  7.92009e-01   7.91993e-01   1.0245e-02  2 C2H5 (+M) <=> C4H10 (+M):HpA
 989  7.92788e-01   7.91254e-01   9.6855e-01  C4H10 + H <=> H2 + pC4H9:A
 990  7.89279e-01   7.94770e-01  -3.4661e+00  C4H10 + H <=> H2 + pC4H9:E
 991  7.91255e-01   7.92787e-01  -9.6697e-01  C4H10 + H <=> H2 + sC4H9:A
 992  7.93838e-01   7.90210e-01   2.2901e+00  C4H10 + H <=> H2 + sC4H9:E
 1009  7.92034e-01   7.92009e-01   1.5683e-02  C4H10 + CH3 <=> CH4 + pC4H9:A
 1312  7.92368e-01   7.91587e-01   4.9303e-01  HME <=> 2 tC4H9:E
Negative perturbation =  7.19223e-01
Value =  7.75691e-01
Rxn  Value+       Value-           Sensitivi   Reaction Name
 377  7.75863e-01   7.75993e-01  -8.3505e-02  C2H4 + H (+M) <=> C2H5 (+M):HpA
 540  7.75692e-01   7.75691e-01   2.4314e-04  C3H6 + H <=> C2H4 + CH3:A
 541  7.75690e-01   7.75692e-01  -1.4399e-03  C3H6 + H <=> C2H4 + CH3:E
 877  7.75765e-01   7.75618e-01   9.4458e-02  C4H81 + H (+M) <=> sC4H9 (+M):HpA
 878  7.75691e-01   7.75691e-01   7.9313e-05  C4H81 + H <=> C2H4 + C2H5:A
 879  7.75691e-01   7.75692e-01  -4.6970e-04  C4H81 + H <=> C2H4 + C2H5:E
 880  7.75691e-01   7.75691e-01  -6.3734e-05  C4H81 + H <=> C3H6 + CH3:A
 881  7.75692e-01   7.75691e-01   3.7744e-04  C4H81 + H <=> C3H6 + CH3:E
 898  7.75781e-01   7.75602e-01   1.1522e-01  C4H82 + H (+M) <=> sC4H9 (+M):HpA
 914  7.75691e-01   7.75691e-01  -1.1301e-04  H + iC4H8 <=> C3H6 + CH3:A
 915  7.75692e-01   7.75691e-01   6.6925e-04  H + iC4H8 <=> C3H6 + CH3:E
 942  7.75551e-01   7.76166e-01  -3.9650e-01  C3H6 + CH3 (+M) <=> sC4H9 (+M):HpA
 968  7.75754e-01   7.75691e-01   4.0933e-02  tC4H9 (+M) <=> H + iC4H8 (+M):HpA
 988  7.75699e-01   7.76017e-01  -2.0464e-01  2 C2H5 (+M) <=> C4H10 (+M):HpA
 989  7.76442e-01   7.74941e-01   9.6785e-01  C4H10 + H <=> H2 + pC4H9:A
 990  7.73008e-01   7.78382e-01  -3.4635e+00  C4H10 + H <=> H2 + pC4H9:E
 991  7.74943e-01   7.76441e-01  -9.6537e-01  C4H10 + H <=> H2 + sC4H9:A
 992  7.77467e-01   7.73921e-01   2.2859e+00  C4H10 + H <=> H2 + sC4H9:E
 1009  7.76038e-01   7.76014e-01   1.5314e-02  C4H10 + CH3 <=> CH4 + pC4H9:A
 1312  7.76204e-01   7.75463e-01   4.7743e-01  HME <=> 2 tC4H9:E

Parameter number =  540 C3H6 + H <=> C2H4 + CH3:A     
Positive perturbation =  1.23114e+00
Value =  7.85091e-01
Rxn  Value+       Value-           Sensitivi   Reaction Name
 377  7.85115e-01   7.84995e-01   7.6224e-02  C2H4 + H (+M) <=> C2H5 (+M):HpA
 540  7.85091e-01   7.85091e-01   2.9929e-04  C3H6 + H <=> C2H4 + CH3:A
 541  7.85089e-01   7.85092e-01  -1.7724e-03  C3H6 + H <=> C2H4 + CH3:E
 877  7.85165e-01   7.85017e-01   9.4499e-02  C4H81 + H (+M) <=> sC4H9 (+M):HpA
 878  7.85091e-01   7.85091e-01   8.0576e-05  C4H81 + H <=> C2H4 + C2H5:A
 879  7.85090e-01   7.85091e-01  -4.7717e-04  C4H81 + H <=> C2H4 + C2H5:E
 880  7.85091e-01   7.85091e-01  -6.4742e-05  C4H81 + H <=> C3H6 + CH3:A
 881  7.85091e-01   7.85091e-01   3.8340e-04  C4H81 + H <=> C3H6 + CH3:E
 898  7.85181e-01   7.85000e-01   1.1525e-01  C4H82 + H (+M) <=> sC4H9 (+M):HpA
 914  7.85091e-01   7.85091e-01  -1.1332e-04  H + iC4H8 <=> C3H6 + CH3:A
 915  7.85091e-01   7.85090e-01   6.7108e-04  H + iC4H8 <=> C3H6 + CH3:E
 942  7.84949e-01   7.85233e-01  -1.8122e-01  C3H6 + CH3 (+M) <=> sC4H9 (+M):HpA
 968  7.85091e-01   7.85090e-01   6.8588e-04  tC4H9 (+M) <=> H + iC4H8 (+M):HpA
 988  7.85099e-01   7.85012e-01   5.5523e-02  2 C2H5 (+M) <=> C4H10 (+M):HpA
 989  7.85851e-01   7.84331e-01   9.6823e-01  C4H10 + H <=> H2 + pC4H9:A
 990  7.82374e-01   7.87815e-01  -3.4650e+00  C4H10 + H <=> H2 + pC4H9:E
 991  7.84333e-01   7.85850e-01  -9.6625e-01  C4H10 + H <=> H2 + sC4H9:A
 992  7.86890e-01   7.83297e-01   2.2884e+00  C4H10 + H <=> H2 + sC4H9:E
 1009  7.85103e-01   7.85079e-01   1.5517e-02  C4H10 + CH3 <=> CH4 + pC4H9:A
 1312  7.85510e-01   7.84723e-01   5.0132e-01  HME <=> 2 tC4H9:E
Negative perturbation =  8.12252e-01
Value =  7.85011e-01
Rxn  Value+       Value-           Sensitivi   Reaction Name
 377  7.85035e-01   7.84915e-01   7.6224e-02  C2H4 + H (+M) <=> C2H5 (+M):HpA
 540  7.85011e-01   7.85011e-01   1.9748e-04  C3H6 + H <=> C2H4 + CH3:A
 541  7.85010e-01   7.85012e-01  -1.1695e-03  C3H6 + H <=> C2H4 + CH3:E
 877  7.85085e-01   7.84937e-01   9.4495e-02  C4H81 + H (+M) <=> sC4H9 (+M):HpA
 878  7.85011e-01   7.85011e-01   8.0583e-05  C4H81 + H <=> C2H4 + C2H5:A
 879  7.85010e-01   7.85011e-01  -4.7722e-04  C4H81 + H <=> C2H4 + C2H5:E
 880  7.85011e-01   7.85011e-01  -6.4739e-05  C4H81 + H <=> C3H6 + CH3:A
 881  7.85011e-01   7.85011e-01   3.8339e-04  C4H81 + H <=> C3H6 + CH3:E
 898  7.85101e-01   7.84920e-01   1.1525e-01  C4H82 + H (+M) <=> sC4H9 (+M):HpA
 914  7.85011e-01   7.85011e-01  -1.1331e-04  H + iC4H8 <=> C3H6 + CH3:A
 915  7.85011e-01   7.85010e-01   6.7105e-04  H + iC4H8 <=> C3H6 + CH3:E
 942  7.84869e-01   7.85153e-01  -1.8122e-01  C3H6 + CH3 (+M) <=> sC4H9 (+M):HpA
 968  7.85011e-01   7.85010e-01   6.8374e-04  tC4H9 (+M) <=> H + iC4H8 (+M):HpA
 988  7.85019e-01   7.84932e-01   5.5522e-02  2 C2H5 (+M) <=> C4H10 (+M):HpA
 989  7.85771e-01   7.84251e-01   9.6829e-01  C4H10 + H <=> H2 + pC4H9:A
 990  7.82294e-01   7.87735e-01  -3.4652e+00  C4H10 + H <=> H2 + pC4H9:E
 991  7.84253e-01   7.85770e-01  -9.6621e-01  C4H10 + H <=> H2 + sC4H9:A
 992  7.86810e-01   7.83217e-01   2.2883e+00  C4H10 + H <=> H2 + sC4H9:E
 1009  7.85023e-01   7.84999e-01   1.5517e-02  C4H10 + CH3 <=> CH4 + pC4H9:A
 1312  7.85433e-01   7.84640e-01   5.0496e-01  HME <=> 2 tC4H9:E

Parameter number =  541 C3H6 + H <=> C2H4 + CH3:E     
Positive perturbation =  1.03547e+00
Value =  7.85011e-01
Rxn  Value+       Value-           Sensitivi   Reaction Name
 377  7.85035e-01   7.84915e-01   7.6224e-02  C2H4 + H (+M) <=> C2H5 (+M):HpA
 540  7.85011e-01   7.85010e-01   1.9707e-04  C3H6 + H <=> C2H4 + CH3:A
 541  7.85010e-01   7.85011e-01  -1.2085e-03  C3H6 + H <=> C2H4 + CH3:E
 877  7.85085e-01   7.84936e-01   9.4495e-02  C4H81 + H (+M) <=> sC4H9 (+M):HpA
 878  7.85011e-01   7.85010e-01   8.0582e-05  C4H81 + H <=> C2H4 + C2H5:A
 879  7.85010e-01   7.85011e-01  -4.7722e-04  C4H81 + H <=> C2H4 + C2H5:E
 880  7.85010e-01   7.85011e-01  -6.4737e-05  C4H81 + H <=> C3H6 + CH3:A
 881  7.85011e-01   7.85010e-01   3.8339e-04  C4H81 + H <=> C3H6 + CH3:E
 898  7.85101e-01   7.84920e-01   1.1525e-01  C4H82 + H (+M) <=> sC4H9 (+M):HpA
 914  7.85010e-01   7.85011e-01  -1.1331e-04  H + iC4H8 <=> C3H6 + CH3:A
 915  7.85011e-01   7.85010e-01   6.7104e-04  H + iC4H8 <=> C3H6 + CH3:E
 942  7.84868e-01   7.85153e-01  -1.8122e-01  C3H6 + CH3 (+M) <=> sC4H9 (+M):HpA
 968  7.85011e-01   7.85010e-01   6.8374e-04  tC4H9 (+M) <=> H + iC4H8 (+M):HpA
 988  7.85019e-01   7.84931e-01   5.5522e-02  2 C2H5 (+M) <=> C4H10 (+M):HpA
 989  7.85771e-01   7.84251e-01   9.6829e-01  C4H10 + H <=> H2 + pC4H9:A
 990  7.82294e-01   7.87734e-01  -3.4652e+00  C4H10 + H <=> H2 + pC4H9:E
 991  7.84252e-01   7.85769e-01  -9.6621e-01  C4H10 + H <=> H2 + sC4H9:A
 992  7.86810e-01   7.83217e-01   2.2883e+00  C4H10 + H <=> H2 + sC4H9:E
 1009  7.85023e-01   7.84998e-01   1.5517e-02  C4H10 + CH3 <=> CH4 + pC4H9:A
 1312  7.85432e-01   7.84640e-01   5.0497e-01  HME <=> 2 tC4H9:E
Negative perturbation =  9.65745e-01
Value =  7.85090e-01
Rxn  Value+       Value-           Sensitivi   Reaction Name
 377  7.85114e-01   7.84994e-01   7.6224e-02  C2H4 + H (+M) <=> C2H5 (+M):HpA
 540  7.85090e-01   7.85089e-01   2.9777e-04  C3H6 + H <=> C2H4 + CH3:A
 541  7.85088e-01   7.85091e-01  -1.7030e-03  C3H6 + H <=> C2H4 + CH3:E
 877  7.85164e-01   7.85015e-01   9.4499e-02  C4H81 + H (+M) <=> sC4H9 (+M):HpA
 878  7.85090e-01   7.85090e-01   8.0575e-05  C4H81 + H <=> C2H4 + C2H5:A
 879  7.85089e-01   7.85090e-01  -4.7717e-04  C4H81 + H <=> C2H4 + C2H5:E
 880  7.85090e-01   7.85090e-01  -6.4739e-05  C4H81 + H <=> C3H6 + CH3:A
 881  7.85090e-01   7.85089e-01   3.8340e-04  C4H81 + H <=> C3H6 + CH3:E
 898  7.85180e-01   7.84999e-01   1.1525e-01  C4H82 + H (+M) <=> sC4H9 (+M):HpA
 914  7.85090e-01   7.85090e-01  -1.1332e-04  H + iC4H8 <=> C3H6 + CH3:A
 915  7.85090e-01   7.85089e-01   6.7108e-04  H + iC4H8 <=> C3H6 + CH3:E
 942  7.84947e-01   7.85232e-01  -1.8122e-01  C3H6 + CH3 (+M) <=> sC4H9 (+M):HpA
 968  7.85090e-01   7.85089e-01   6.8585e-04  tC4H9 (+M) <=> H + iC4H8 (+M):HpA
 988  7.85098e-01   7.85011e-01   5.5523e-02  2 C2H5 (+M) <=> C4H10 (+M):HpA
 989  7.85850e-01   7.84330e-01   9.6823e-01  C4H10 + H <=> H2 + pC4H9:A
 990  7.82373e-01   7.87813e-01  -3.4650e+00  C4H10 + H <=> H2 + pC4H9:E
 991  7.84331e-01   7.85849e-01  -9.6625e-01  C4H10 + H <=> H2 + sC4H9:A
 992  7.86889e-01   7.83296e-01   2.2884e+00  C4H10 + H <=> H2 + sC4H9:E
 1009  7.85102e-01   7.85077e-01   1.5517e-02  C4H10 + CH3 <=> CH4 + pC4H9:A
 1312  7.85509e-01   7.84721e-01   5.0137e-01  HME <=> 2 tC4H9:E

Parameter number =  877 C4H81 + H (+M) <=> sC4H9 (+M):HpA
Positive perturbation =  1.39039e+00
Value =  8.12574e-01
Rxn  Value+       Value-           Sensitivi   Reaction Name
 377  8.12599e-01   8.12475e-01   7.6696e-02  C2H4 + H (+M) <=> C2H5 (+M):HpA
 540  8.12574e-01   8.12574e-01   2.4645e-04  C3H6 + H <=> C2H4 + CH3:A
 541  8.12573e-01   8.12575e-01  -1.4595e-03  C3H6 + H <=> C2H4 + CH3:E
 877  8.12667e-01   8.12481e-01   1.1490e-01  C4H81 + H (+M) <=> sC4H9 (+M):HpA
 878  8.12574e-01   8.12574e-01   1.0439e-04  C4H81 + H <=> C2H4 + C2H5:A
 879  8.12574e-01   8.12575e-01  -6.1822e-04  C4H81 + H <=> C2H4 + C2H5:E
 880  8.12574e-01   8.12574e-01  -8.7031e-05  C4H81 + H <=> C3H6 + CH3:A
 881  8.12574e-01   8.12574e-01   5.1539e-04  C4H81 + H <=> C3H6 + CH3:E
 898  8.12664e-01   8.12484e-01   1.1133e-01  C4H82 + H (+M) <=> sC4H9 (+M):HpA
 914  8.12574e-01   8.12574e-01  -1.1775e-04  H + iC4H8 <=> C3H6 + CH3:A
 915  8.12575e-01   8.12573e-01   6.9727e-04  H + iC4H8 <=> C3H6 + CH3:E
 942  8.12413e-01   8.12736e-01  -1.9875e-01  C3H6 + CH3 (+M) <=> sC4H9 (+M):HpA
 968  8.12575e-01   8.12574e-01   6.7115e-04  tC4H9 (+M) <=> H + iC4H8 (+M):HpA
 988  8.12582e-01   8.12492e-01   5.5566e-02  2 C2H5 (+M) <=> C4H10 (+M):HpA
 989  8.13362e-01   8.11787e-01   9.6918e-01  C4H10 + H <=> H2 + pC4H9:A
 990  8.09759e-01   8.15396e-01  -3.4684e+00  C4H10 + H <=> H2 + pC4H9:E
 991  8.11789e-01   8.13360e-01  -9.6696e-01  C4H10 + H <=> H2 + sC4H9:A
 992  8.14438e-01   8.10716e-01   2.2902e+00  C4H10 + H <=> H2 + sC4H9:E
 1009  8.12586e-01   8.12562e-01   1.4953e-02  C4H10 + CH3 <=> CH4 + pC4H9:A
 1312  8.12996e-01   8.12178e-01   5.0340e-01  HME <=> 2 tC4H9:E
Negative perturbation =  7.19223e-01
Value =  7.63322e-01
Rxn  Value+       Value-           Sensitivi   Reaction Name
 377  7.63346e-01   7.63230e-01   7.5697e-02  C2H4 + H (+M) <=> C2H5 (+M):HpA
 540  7.63322e-01   7.63322e-01   2.4046e-04  C3H6 + H <=> C2H4 + CH3:A
 541  7.63321e-01   7.63323e-01  -1.4240e-03  C3H6 + H <=> C2H4 + CH3:E
 877  7.63380e-01   7.63264e-01   7.6138e-02  C4H81 + H (+M) <=> sC4H9 (+M):HpA
 878  7.63322e-01   7.63322e-01   6.1714e-05  C4H81 + H <=> C2H4 + C2H5:A
 879  7.63322e-01   7.63322e-01  -3.6548e-04  C4H81 + H <=> C2H4 + C2H5:E
 880  7.63322e-01   7.63322e-01  -4.8062e-05  C4H81 + H <=> C3H6 + CH3:A
 881  7.63322e-01   7.63322e-01   2.8466e-04  C4H81 + H <=> C3H6 + CH3:E
 898  7.63413e-01   7.63232e-01   1.1860e-01  C4H82 + H (+M) <=> sC4H9 (+M):HpA
 914  7.63322e-01   7.63322e-01  -1.0983e-04  H + iC4H8 <=> C3H6 + CH3:A
 915  7.63323e-01   7.63322e-01   6.5043e-04  H + iC4H8 <=> C3H6 + CH3:E
 942  7.63195e-01   7.63449e-01  -1.6664e-01  C3H6 + CH3 (+M) <=> sC4H9 (+M):HpA
 968  7.63323e-01   7.63322e-01   7.5239e-04  tC4H9 (+M) <=> H + iC4H8 (+M):HpA
 988  7.63330e-01   7.63246e-01   5.5348e-02  2 C2H5 (+M) <=> C4H10 (+M):HpA
 989  7.64061e-01   7.62584e-01   9.6748e-01  C4H10 + H <=> H2 + pC4H9:A
 990  7.60683e-01   7.65968e-01  -3.4623e+00  C4H10 + H <=> H2 + pC4H9:E
 991  7.62585e-01   7.64059e-01  -9.6553e-01  C4H10 + H <=> H2 + sC4H9:A
 992  7.65071e-01   7.61579e-01   2.2867e+00  C4H10 + H <=> H2 + sC4H9:E
 1009  7.63334e-01   7.63310e-01   1.5991e-02  C4H10 + CH3 <=> CH4 + pC4H9:A
 1312  7.63741e-01   7.62957e-01   5.1403e-01  HME <=> 2 tC4H9:E

Parameter number =  878 C4H81 + H <=> C2H4 + C2H5:A   
Positive perturbation =  1.39039e+00
Value =  7.85071e-01
Rxn  Value+       Value-           Sensitivi   Reaction Name
 377  7.85096e-01   7.84976e-01   7.6224e-02  C2H4 + H (+M) <=> C2H5 (+M):HpA
 540  7.85072e-01   7.85071e-01   2.4311e-04  C3H6 + H <=> C2H4 + CH3:A
 541  7.85070e-01   7.85073e-01  -1.4397e-03  C3H6 + H <=> C2H4 + CH3:E
 877  7.85146e-01   7.84997e-01   9.4522e-02  C4H81 + H (+M) <=> sC4H9 (+M):HpA
 878  7.85071e-01   7.85071e-01   1.1202e-04  C4H81 + H <=> C2H4 + C2H5:A
 879  7.85071e-01   7.85072e-01  -6.6340e-04  C4H81 + H <=> C2H4 + C2H5:E
 880  7.85071e-01   7.85071e-01  -6.4746e-05  C4H81 + H <=> C3H6 + CH3:A
 881  7.85072e-01   7.85071e-01   3.8344e-04  C4H81 + H <=> C3H6 + CH3:E
 898  7.85162e-01   7.84981e-01   1.1525e-01  C4H82 + H (+M) <=> sC4H9 (+M):HpA
 914  7.85071e-01   7.85071e-01  -1.1332e-04  H + iC4H8 <=> C3H6 + CH3:A
 915  7.85072e-01   7.85071e-01   6.7108e-04  H + iC4H8 <=> C3H6 + CH3:E
 942  7.84929e-01   7.85214e-01  -1.8124e-01  C3H6 + CH3 (+M) <=> sC4H9 (+M):HpA
 968  7.85072e-01   7.85071e-01   6.8545e-04  tC4H9 (+M) <=> H + iC4H8 (+M):HpA
 988  7.85079e-01   7.84992e-01   5.5521e-02  2 C2H5 (+M) <=> C4H10 (+M):HpA
 989  7.85832e-01   7.84312e-01   9.6823e-01  C4H10 + H <=> H2 + pC4H9:A
 990  7.82355e-01   7.87795e-01  -3.4650e+00  C4H10 + H <=> H2 + pC4H9:E
 991  7.84313e-01   7.85830e-01  -9.6623e-01  C4H10 + H <=> H2 + sC4H9:A
 992  7.86871e-01   7.83278e-01   2.2883e+00  C4H10 + H <=> H2 + sC4H9:E
 1009  7.85084e-01   7.85059e-01   1.5517e-02  C4H10 + CH3 <=> CH4 + pC4H9:A
 1312  7.85491e-01   7.84703e-01   5.0220e-01  HME <=> 2 tC4H9:E
Negative perturbation =  7.19223e-01
Value =  7.85029e-01
Rxn  Value+       Value-           Sensitivi   Reaction Name
 377  7.85053e-01   7.84934e-01   7.6223e-02  C2H4 + H (+M) <=> C2H5 (+M):HpA
 540  7.85029e-01   7.85029e-01   2.4312e-04  C3H6 + H <=> C2H4 + CH3:A
 541  7.85028e-01   7.85030e-01  -1.4398e-03  C3H6 + H <=> C2H4 + CH3:E
 877  7.85103e-01   7.84955e-01   9.4479e-02  C4H81 + H (+M) <=> sC4H9 (+M):HpA
 878  7.85029e-01   7.85029e-01   5.7961e-05  C4H81 + H <=> C2H4 + C2H5:A
 879  7.85029e-01   7.85029e-01  -3.4325e-04  C4H81 + H <=> C2H4 + C2H5:E
 880  7.85029e-01   7.85029e-01  -6.4735e-05  C4H81 + H <=> C3H6 + CH3:A
 881  7.85029e-01   7.85029e-01   3.8337e-04  C4H81 + H <=> C3H6 + CH3:E
 898  7.85119e-01   7.84938e-01   1.1525e-01  C4H82 + H (+M) <=> sC4H9 (+M):HpA
 914  7.85029e-01   7.85029e-01  -1.1331e-04  H + iC4H8 <=> C3H6 + CH3:A
 915  7.85029e-01   7.85028e-01   6.7105e-04  H + iC4H8 <=> C3H6 + CH3:E
 942  7.84887e-01   7.85171e-01  -1.8120e-01  C3H6 + CH3 (+M) <=> sC4H9 (+M):HpA
 968  7.85030e-01   7.85028e-01   6.8417e-04  tC4H9 (+M) <=> H + iC4H8 (+M):HpA
 988  7.85037e-01   7.84950e-01   5.5523e-02  2 C2H5 (+M) <=> C4H10 (+M):HpA
 989  7.85789e-01   7.84269e-01   9.6829e-01  C4H10 + H <=> H2 + pC4H9:A
 990  7.82312e-01   7.87753e-01  -3.4652e+00  C4H10 + H <=> H2 + pC4H9:E
 991  7.84271e-01   7.85788e-01  -9.6623e-01  C4H10 + H <=> H2 + sC4H9:A
 992  7.86828e-01   7.83236e-01   2.2883e+00  C4H10 + H <=> H2 + sC4H9:E
 1009  7.85041e-01   7.85017e-01   1.5517e-02  C4H10 + CH3 <=> CH4 + pC4H9:A
 1312  7.85450e-01   7.84659e-01   5.0414e-01  HME <=> 2 tC4H9:E

Parameter number =  879 C4H81 + H <=> C2H4 + C2H5:E   
Positive perturbation =  1.05497e+00
Value =  7.85029e-01
Rxn  Value+       Value-           Sensitivi   Reaction Name
 377  7.85053e-01   7.84934e-01   7.6223e-02  C2H4 + H (+M) <=> C2H5 (+M):HpA
 540  7.85029e-01   7.85029e-01   2.4312e-04  C3H6 + H <=> C2H4 + CH3:A
 541  7.85028e-01   7.85030e-01  -1.4398e-03  C3H6 + H <=> C2H4 + CH3:E
 877  7.85103e-01   7.84955e-01   9.4479e-02  C4H81 + H (+M) <=> sC4H9 (+M):HpA
 878  7.85029e-01   7.85029e-01   5.8196e-05  C4H81 + H <=> C2H4 + C2H5:A
 879  7.85029e-01   7.85029e-01  -3.6358e-04  C4H81 + H <=> C2H4 + C2H5:E
 880  7.85029e-01   7.85029e-01  -6.4732e-05  C4H81 + H <=> C3H6 + CH3:A
 881  7.85029e-01   7.85029e-01   3.8337e-04  C4H81 + H <=> C3H6 + CH3:E
 898  7.85120e-01   7.84939e-01   1.1525e-01  C4H82 + H (+M) <=> sC4H9 (+M):HpA
 914  7.85029e-01   7.85029e-01  -1.1331e-04  H + iC4H8 <=> C3H6 + CH3:A
 915  7.85030e-01   7.85029e-01   6.7104e-04  H + iC4H8 <=> C3H6 + CH3:E
 942  7.84887e-01   7.85171e-01  -1.8120e-01  C3H6 + CH3 (+M) <=> sC4H9 (+M):HpA
 968  7.85030e-01   7.85029e-01   6.8418e-04  tC4H9 (+M) <=> H + iC4H8 (+M):HpA
 988  7.85037e-01   7.84950e-01   5.5523e-02  2 C2H5 (+M) <=> C4H10 (+M):HpA
 989  7.85790e-01   7.84269e-01   9.6828e-01  C4H10 + H <=> H2 + pC4H9:A
 990  7.82312e-01   7.87753e-01  -3.4652e+00  C4H10 + H <=> H2 + pC4H9:E
 991  7.84271e-01   7.85788e-01  -9.6623e-01  C4H10 + H <=> H2 + sC4H9:A
 992  7.86829e-01   7.83236e-01   2.2883e+00  C4H10 + H <=> H2 + sC4H9:E
 1009  7.85041e-01   7.85017e-01   1.5517e-02  C4H10 + CH3 <=> CH4 + pC4H9:A
 1312  7.85450e-01   7.84659e-01   5.0413e-01  HME <=> 2 tC4H9:E
Negative perturbation =  9.47894e-01
Value =  7.85070e-01
Rxn  Value+       Value-           Sensitivi   Reaction Name
 377  7.85094e-01   7.84974e-01   7.6224e-02  C2H4 + H (+M) <=> C2H5 (+M):HpA
 540  7.85070e-01   7.85069e-01   2.4311e-04  C3H6 + H <=> C2H4 + CH3:A
 541  7.85068e-01   7.85071e-01  -1.4397e-03  C3H6 + H <=> C2H4 + CH3:E
 877  7.85144e-01   7.84995e-01   9.4520e-02  C4H81 + H (+M) <=> sC4H9 (+M):HpA
 878  7.85070e-01   7.85069e-01   1.0969e-04  C4H81 + H <=> C2H4 + C2H5:A
 879  7.85069e-01   7.85070e-01  -6.1577e-04  C4H81 + H <=> C2H4 + C2H5:E
 880  7.85070e-01   7.85070e-01  -6.4747e-05  C4H81 + H <=> C3H6 + CH3:A
 881  7.85070e-01   7.85069e-01   3.8344e-04  C4H81 + H <=> C3H6 + CH3:E
 898  7.85160e-01   7.84979e-01   1.1525e-01  C4H82 + H (+M) <=> sC4H9 (+M):HpA
 914  7.85069e-01   7.85070e-01  -1.1332e-04  H + iC4H8 <=> C3H6 + CH3:A
 915  7.85070e-01   7.85069e-01   6.7108e-04  H + iC4H8 <=> C3H6 + CH3:E
 942  7.84927e-01   7.85212e-01  -1.8124e-01  C3H6 + CH3 (+M) <=> sC4H9 (+M):HpA
 968  7.85070e-01   7.85069e-01   6.8540e-04  tC4H9 (+M) <=> H + iC4H8 (+M):HpA
 988  7.85078e-01   7.84990e-01   5.5521e-02  2 C2H5 (+M) <=> C4H10 (+M):HpA
 989  7.85830e-01   7.84310e-01   9.6823e-01  C4H10 + H <=> H2 + pC4H9:A
 990  7.82353e-01   7.87793e-01  -3.4650e+00  C4H10 + H <=> H2 + pC4H9:E
 991  7.84311e-01   7.85828e-01  -9.6623e-01  C4H10 + H <=> H2 + sC4H9:A
 992  7.86869e-01   7.83276e-01   2.2883e+00  C4H10 + H <=> H2 + sC4H9:E
 1009  7.85082e-01   7.85057e-01   1.5517e-02  C4H10 + CH3 <=> CH4 + pC4H9:A
 1312  7.85489e-01   7.84701e-01   5.0228e-01  HME <=> 2 tC4H9:E

Parameter number =  880 C4H81 + H <=> C3H6 + CH3:A    
Positive perturbation =  1.62066e+00
Value =  7.85015e-01
Rxn  Value+       Value-           Sensitivi   Reaction Name
 377  7.85039e-01   7.84920e-01   7.6221e-02  C2H4 + H (+M) <=> C2H5 (+M):HpA
 540  7.85015e-01   7.85015e-01   2.4311e-04  C3H6 + H <=> C2H4 + CH3:A
 541  7.85014e-01   7.85016e-01  -1.4397e-03  C3H6 + H <=> C2H4 + CH3:E
 877  7.85089e-01   7.84941e-01   9.4461e-02  C4H81 + H (+M) <=> sC4H9 (+M):HpA
 878  7.85015e-01   7.85015e-01   8.0567e-05  C4H81 + H <=> C2H4 + C2H5:A
 879  7.85015e-01   7.85016e-01  -4.7713e-04  C4H81 + H <=> C2H4 + C2H5:E
 880  7.85015e-01   7.85015e-01  -1.0487e-04  C4H81 + H <=> C3H6 + CH3:A
 881  7.85016e-01   7.85015e-01   6.2107e-04  C4H81 + H <=> C3H6 + CH3:E
 898  7.85106e-01   7.84925e-01   1.1524e-01  C4H82 + H (+M) <=> sC4H9 (+M):HpA
 914  7.85015e-01   7.85015e-01  -1.1330e-04  H + iC4H8 <=> C3H6 + CH3:A
 915  7.85016e-01   7.85015e-01   6.7100e-04  H + iC4H8 <=> C3H6 + CH3:E
 942  7.84873e-01   7.85157e-01  -1.8118e-01  C3H6 + CH3 (+M) <=> sC4H9 (+M):HpA
 968  7.85016e-01   7.85015e-01   6.8378e-04  tC4H9 (+M) <=> H + iC4H8 (+M):HpA
 988  7.85023e-01   7.84936e-01   5.5522e-02  2 C2H5 (+M) <=> C4H10 (+M):HpA
 989  7.85776e-01   7.84255e-01   9.6826e-01  C4H10 + H <=> H2 + pC4H9:A
 990  7.82298e-01   7.87739e-01  -3.4651e+00  C4H10 + H <=> H2 + pC4H9:E
 991  7.84257e-01   7.85774e-01  -9.6619e-01  C4H10 + H <=> H2 + sC4H9:A
 992  7.86814e-01   7.83222e-01   2.2883e+00  C4H10 + H <=> H2 + sC4H9:E
 1009  7.85027e-01   7.85003e-01   1.5518e-02  C4H10 + CH3 <=> CH4 + pC4H9:A
 1312  7.85437e-01   7.84644e-01   5.0477e-01  HME <=> 2 tC4H9:E
Negative perturbation =  6.17034e-01
Value =  7.85066e-01
Rxn  Value+       Value-           Sensitivi   Reaction Name
 377  7.85090e-01   7.84971e-01   7.6225e-02  C2H4 + H (+M) <=> C2H5 (+M):HpA
 540  7.85066e-01   7.85066e-01   2.4312e-04  C3H6 + H <=> C2H4 + CH3:A
 541  7.85065e-01   7.85067e-01  -1.4398e-03  C3H6 + H <=> C2H4 + CH3:E
 877  7.85140e-01   7.84992e-01   9.4519e-02  C4H81 + H (+M) <=> sC4H9 (+M):HpA
 878  7.85066e-01   7.85066e-01   8.0586e-05  C4H81 + H <=> C2H4 + C2H5:A
 879  7.85066e-01   7.85067e-01  -4.7724e-04  C4H81 + H <=> C2H4 + C2H5:E
 880  7.85066e-01   7.85066e-01  -3.9957e-05  C4H81 + H <=> C3H6 + CH3:A
 881  7.85066e-01   7.85066e-01   2.3663e-04  C4H81 + H <=> C3H6 + CH3:E
 898  7.85157e-01   7.84976e-01   1.1525e-01  C4H82 + H (+M) <=> sC4H9 (+M):HpA
 914  7.85066e-01   7.85066e-01  -1.1332e-04  H + iC4H8 <=> C3H6 + CH3:A
 915  7.85067e-01   7.85066e-01   6.7110e-04  H + iC4H8 <=> C3H6 + CH3:E
 942  7.84924e-01   7.85209e-01  -1.8124e-01  C3H6 + CH3 (+M) <=> sC4H9 (+M):HpA
 968  7.85067e-01   7.85066e-01   6.8528e-04  tC4H9 (+M) <=> H + iC4H8 (+M):HpA
 988  7.85074e-01   7.84987e-01   5.5523e-02  2 C2H5 (+M) <=> C4H10 (+M):HpA
 989  7.85827e-01   7.84306e-01   9.6826e-01  C4H10 + H <=> H2 + pC4H9:A
 990  7.82349e-01   7.87790e-01  -3.4651e+00  C4H10 + H <=> H2 + pC4H9:E
 991  7.84308e-01   7.85825e-01  -9.6625e-01  C4H10 + H <=> H2 + sC4H9:A
 992  7.86866e-01   7.83273e-01   2.2884e+00  C4H10 + H <=> H2 + sC4H9:E
 1009  7.85078e-01   7.85054e-01   1.5517e-02  C4H10 + CH3 <=> CH4 + pC4H9:A
 1312  7.85486e-01   7.84697e-01   5.0244e-01  HME <=> 2 tC4H9:E

Parameter number =  881 C4H81 + H <=> C3H6 + CH3:E    
Positive perturbation =  1.05622e+00
Value =  7.85061e-01
Rxn  Value+       Value-           Sensitivi   Reaction Name
 377  7.85085e-01   7.84966e-01   7.6225e-02  C2H4 + H (+M) <=> C2H5 (+M):HpA
 540  7.85061e-01   7.85061e-01   2.4311e-04  C3H6 + H <=> C2H4 + CH3:A
 541  7.85060e-01   7.85062e-01  -1.4398e-03  C3H6 + H <=> C2H4 + CH3:E
 877  7.85135e-01   7.84987e-01   9.4513e-02  C4H81 + H (+M) <=> sC4H9 (+M):HpA
 878  7.85061e-01   7.85061e-01   8.0585e-05  C4H81 + H <=> C2H4 + C2H5:A
 879  7.85061e-01   7.85061e-01  -4.7722e-04  C4H81 + H <=> C2H4 + C2H5:E
 880  7.85061e-01   7.85061e-01  -4.6422e-05  C4H81 + H <=> C3H6 + CH3:A
 881  7.85061e-01   7.85061e-01   2.9033e-04  C4H81 + H <=> C3H6 + CH3:E
 898  7.85152e-01   7.84971e-01   1.1525e-01  C4H82 + H (+M) <=> sC4H9 (+M):HpA
 914  7.85061e-01   7.85061e-01  -1.1332e-04  H + iC4H8 <=> C3H6 + CH3:A
 915  7.85062e-01   7.85061e-01   6.7109e-04  H + iC4H8 <=> C3H6 + CH3:E
 942  7.84919e-01   7.85203e-01  -1.8123e-01  C3H6 + CH3 (+M) <=> sC4H9 (+M):HpA
 968  7.85062e-01   7.85061e-01   6.8513e-04  tC4H9 (+M) <=> H + iC4H8 (+M):HpA
 988  7.85069e-01   7.84982e-01   5.5522e-02  2 C2H5 (+M) <=> C4H10 (+M):HpA
 989  7.85822e-01   7.84301e-01   9.6826e-01  C4H10 + H <=> H2 + pC4H9:A
 990  7.82344e-01   7.87785e-01  -3.4651e+00  C4H10 + H <=> H2 + pC4H9:E
 991  7.84303e-01   7.85820e-01  -9.6625e-01  C4H10 + H <=> H2 + sC4H9:A
 992  7.86861e-01   7.83268e-01   2.2884e+00  C4H10 + H <=> H2 + sC4H9:E
 1009  7.85073e-01   7.85049e-01   1.5517e-02  C4H10 + CH3 <=> CH4 + pC4H9:A
 1312  7.85481e-01   7.84692e-01   5.0267e-01  HME <=> 2 tC4H9:E
Negative perturbation =  9.46772e-01
Value =  7.85028e-01
Rxn  Value+       Value-           Sensitivi   Reaction Name
 377  7.85052e-01   7.84932e-01   7.6222e-02  C2H4 + H (+M) <=> C2H5 (+M):HpA
 540  7.85028e-01   7.85028e-01   2.4312e-04  C3H6 + H <=> C2H4 + CH3:A
 541  7.85027e-01   7.85029e-01  -1.4398e-03  C3H6 + H <=> C2H4 + CH3:E
 877  7.85102e-01   7.84954e-01   9.4475e-02  C4H81 + H (+M) <=> sC4H9 (+M):HpA
 878  7.85028e-01   7.85028e-01   8.0572e-05  C4H81 + H <=> C2H4 + C2H5:A
 879  7.85027e-01   7.85028e-01  -4.7716e-04  C4H81 + H <=> C2H4 + C2H5:E
 880  7.85028e-01   7.85028e-01  -8.8702e-05  C4H81 + H <=> C3H6 + CH3:A
 881  7.85028e-01   7.85027e-01   4.9736e-04  C4H81 + H <=> C3H6 + CH3:E
 898  7.85118e-01   7.84937e-01   1.1524e-01  C4H82 + H (+M) <=> sC4H9 (+M):HpA
 914  7.85028e-01   7.85028e-01  -1.1331e-04  H + iC4H8 <=> C3H6 + CH3:A
 915  7.85028e-01   7.85027e-01   6.7102e-04  H + iC4H8 <=> C3H6 + CH3:E
 942  7.84886e-01   7.85170e-01  -1.8120e-01  C3H6 + CH3 (+M) <=> sC4H9 (+M):HpA
 968  7.85028e-01   7.85027e-01   6.8416e-04  tC4H9 (+M) <=> H + iC4H8 (+M):HpA
 988  7.85036e-01   7.84949e-01   5.5522e-02  2 C2H5 (+M) <=> C4H10 (+M):HpA
 989  7.85788e-01   7.84268e-01   9.6826e-01  C4H10 + H <=> H2 + pC4H9:A
 990  7.82311e-01   7.87752e-01  -3.4651e+00  C4H10 + H <=> H2 + pC4H9:E
 991  7.84270e-01   7.85787e-01  -9.6621e-01  C4H10 + H <=> H2 + sC4H9:A
 992  7.86827e-01   7.83234e-01   2.2883e+00  C4H10 + H <=> H2 + sC4H9:E
 1009  7.85040e-01   7.85016e-01   1.5517e-02  C4H10 + CH3 <=> CH4 + pC4H9:A
 1312  7.85449e-01   7.84657e-01   5.0419e-01  HME <=> 2 tC4H9:E

Parameter number =  898 C4H82 + H (+M) <=> sC4H9 (+M):HpA
Positive perturbation =  1.39039e+00
Value =  8.18640e-01
Rxn  Value+       Value-           Sensitivi   Reaction Name
 377  8.18665e-01   8.18540e-01   7.6671e-02  C2H4 + H (+M) <=> C2H5 (+M):HpA
 540  8.18640e-01   8.18640e-01   2.4719e-04  C3H6 + H <=> C2H4 + CH3:A
 541  8.18639e-01   8.18641e-01  -1.4639e-03  C3H6 + H <=> C2H4 + CH3:E
 877  8.18714e-01   8.18566e-01   9.0545e-02  C4H81 + H (+M) <=> sC4H9 (+M):HpA
 878  8.18640e-01   8.18640e-01   8.0431e-05  C4H81 + H <=> C2H4 + C2H5:A
 879  8.18639e-01   8.18640e-01  -4.7633e-04  C4H81 + H <=> C2H4 + C2H5:E
 880  8.18640e-01   8.18640e-01  -6.7469e-05  C4H81 + H <=> C3H6 + CH3:A
 881  8.18640e-01   8.18639e-01   3.9954e-04  C4H81 + H <=> C3H6 + CH3:E
 898  8.18754e-01   8.18526e-01   1.3909e-01  C4H82 + H (+M) <=> sC4H9 (+M):HpA
 914  8.18640e-01   8.18640e-01  -1.1872e-04  H + iC4H8 <=> C3H6 + CH3:A
 915  8.18640e-01   8.18639e-01   7.0307e-04  H + iC4H8 <=> C3H6 + CH3:E
 942  8.18474e-01   8.18806e-01  -2.0244e-01  C3H6 + CH3 (+M) <=> sC4H9 (+M):HpA
 968  8.18640e-01   8.18639e-01   6.7566e-04  tC4H9 (+M) <=> H + iC4H8 (+M):HpA
 988  8.18648e-01   8.18557e-01   5.5434e-02  2 C2H5 (+M) <=> C4H10 (+M):HpA
 989  8.19434e-01   8.17847e-01   9.6941e-01  C4H10 + H <=> H2 + pC4H9:A
 990  8.15803e-01   8.21483e-01  -3.4692e+00  C4H10 + H <=> H2 + pC4H9:E
 991  8.17848e-01   8.19432e-01  -9.6719e-01  C4H10 + H <=> H2 + sC4H9:A
 992  8.20518e-01   8.16768e-01   2.2906e+00  C4H10 + H <=> H2 + sC4H9:E
 1009  8.18652e-01   8.18628e-01   1.4834e-02  C4H10 + CH3 <=> CH4 + pC4H9:A
 1312  8.19063e-01   8.18243e-01   5.0074e-01  HME <=> 2 tC4H9:E
Negative perturbation =  7.19223e-01
Value =  7.58534e-01
Rxn  Value+       Value-           Sensitivi   Reaction Name
 377  7.58557e-01   7.58442e-01   7.5600e-02  C2H4 + H (+M) <=> C2H5 (+M):HpA
 540  7.58534e-01   7.58533e-01   2.3986e-04  C3H6 + H <=> C2H4 + CH3:A
 541  7.58533e-01   7.58535e-01  -1.4205e-03  C3H6 + H <=> C2H4 + CH3:E
 877  7.58608e-01   7.58460e-01   9.7798e-02  C4H81 + H (+M) <=> sC4H9 (+M):HpA
 878  7.58534e-01   7.58534e-01   8.0686e-05  C4H81 + H <=> C2H4 + C2H5:A
 879  7.58533e-01   7.58534e-01  -4.7782e-04  C4H81 + H <=> C2H4 + C2H5:E
 880  7.58534e-01   7.58534e-01  -6.2573e-05  C4H81 + H <=> C3H6 + CH3:A
 881  7.58534e-01   7.58533e-01   3.7057e-04  C4H81 + H <=> C3H6 + CH3:E
 898  7.58605e-01   7.58463e-01   9.3501e-02  C4H82 + H (+M) <=> sC4H9 (+M):HpA
 914  7.58534e-01   7.58534e-01  -1.0906e-04  H + iC4H8 <=> C3H6 + CH3:A
 915  7.58534e-01   7.58533e-01   6.4588e-04  H + iC4H8 <=> C3H6 + CH3:E
 942  7.58410e-01   7.58658e-01  -1.6323e-01  C3H6 + CH3 (+M) <=> sC4H9 (+M):HpA
 968  7.58534e-01   7.58533e-01   7.1447e-04  tC4H9 (+M) <=> H + iC4H8 (+M):HpA
 988  7.58542e-01   7.58458e-01   5.5328e-02  2 C2H5 (+M) <=> C4H10 (+M):HpA
 989  7.59268e-01   7.57800e-01   9.6727e-01  C4H10 + H <=> H2 + pC4H9:A
 990  7.55911e-01   7.61163e-01  -3.4616e+00  C4H10 + H <=> H2 + pC4H9:E
 991  7.57802e-01   7.59266e-01  -9.6535e-01  C4H10 + H <=> H2 + sC4H9:A
 992  7.60271e-01   7.56802e-01   2.2862e+00  C4H10 + H <=> H2 + sC4H9:E
 1009  7.58546e-01   7.58521e-01   1.6057e-02  C4H10 + CH3 <=> CH4 + pC4H9:A
 1312  7.58953e-01   7.58170e-01   5.1616e-01  HME <=> 2 tC4H9:E

Parameter number =  914 H + iC4H8 <=> C3H6 + CH3:A    
Positive perturbation =  1.39039e+00
Value =  7.85012e-01
Rxn  Value+       Value-           Sensitivi   Reaction Name
 377  7.85036e-01   7.84917e-01   7.6224e-02  C2H4 + H (+M) <=> C2H5 (+M):HpA
 540  7.85012e-01   7.85012e-01   2.4311e-04  C3H6 + H <=> C2H4 + CH3:A
 541  7.85011e-01   7.85013e-01  -1.4397e-03  C3H6 + H <=> C2H4 + CH3:E
 877  7.85086e-01   7.84938e-01   9.4492e-02  C4H81 + H (+M) <=> sC4H9 (+M):HpA
 878  7.85012e-01   7.85012e-01   8.0573e-05  C4H81 + H <=> C2H4 + C2H5:A
 879  7.85012e-01   7.85012e-01  -4.7718e-04  C4H81 + H <=> C2H4 + C2H5:E
 880  7.85012e-01   7.85012e-01  -6.4732e-05  C4H81 + H <=> C3H6 + CH3:A
 881  7.85012e-01   7.85012e-01   3.8336e-04  C4H81 + H <=> C3H6 + CH3:E
 898  7.85102e-01   7.84922e-01   1.1524e-01  C4H82 + H (+M) <=> sC4H9 (+M):HpA
 914  7.85012e-01   7.85012e-01  -1.5753e-04  H + iC4H8 <=> C3H6 + CH3:A
 915  7.85013e-01   7.85011e-01   9.3292e-04  H + iC4H8 <=> C3H6 + CH3:E
 942  7.84870e-01   7.85154e-01  -1.8121e-01  C3H6 + CH3 (+M) <=> sC4H9 (+M):HpA
 968  7.85013e-01   7.85011e-01   6.8372e-04  tC4H9 (+M) <=> H + iC4H8 (+M):HpA
 988  7.85020e-01   7.84933e-01   5.5523e-02  2 C2H5 (+M) <=> C4H10 (+M):HpA
 989  7.85772e-01   7.84252e-01   9.6826e-01  C4H10 + H <=> H2 + pC4H9:A
 990  7.82295e-01   7.87736e-01  -3.4651e+00  C4H10 + H <=> H2 + pC4H9:E
 991  7.84254e-01   7.85771e-01  -9.6618e-01  C4H10 + H <=> H2 + sC4H9:A
 992  7.86811e-01   7.83219e-01   2.2882e+00  C4H10 + H <=> H2 + sC4H9:E
 1009  7.85024e-01   7.85000e-01   1.5518e-02  C4H10 + CH3 <=> CH4 + pC4H9:A
 1312  7.85434e-01   7.84641e-01   5.0493e-01  HME <=> 2 tC4H9:E
Negative perturbation =  7.19223e-01
Value =  7.85072e-01
Rxn  Value+       Value-           Sensitivi   Reaction Name
 377  7.85096e-01   7.84976e-01   7.6223e-02  C2H4 + H (+M) <=> C2H5 (+M):HpA
 540  7.85072e-01   7.85071e-01   2.4311e-04  C3H6 + H <=> C2H4 + CH3:A
 541  7.85071e-01   7.85073e-01  -1.4398e-03  C3H6 + H <=> C2H4 + CH3:E
 877  7.85146e-01   7.84998e-01   9.4500e-02  C4H81 + H (+M) <=> sC4H9 (+M):HpA
 878  7.85072e-01   7.85072e-01   8.0580e-05  C4H81 + H <=> C2H4 + C2H5:A
 879  7.85071e-01   7.85072e-01  -4.7721e-04  C4H81 + H <=> C2H4 + C2H5:E
 880  7.85072e-01   7.85072e-01  -6.4748e-05  C4H81 + H <=> C3H6 + CH3:A
 881  7.85072e-01   7.85071e-01   3.8342e-04  C4H81 + H <=> C3H6 + CH3:E
 898  7.85162e-01   7.84981e-01   1.1525e-01  C4H82 + H (+M) <=> sC4H9 (+M):HpA
 914  7.85072e-01   7.85072e-01  -8.1505e-05  H + iC4H8 <=> C3H6 + CH3:A
 915  7.85072e-01   7.85071e-01   4.8269e-04  H + iC4H8 <=> C3H6 + CH3:E
 942  7.84929e-01   7.85214e-01  -1.8122e-01  C3H6 + CH3 (+M) <=> sC4H9 (+M):HpA
 968  7.85072e-01   7.85071e-01   6.8542e-04  tC4H9 (+M) <=> H + iC4H8 (+M):HpA
 988  7.85080e-01   7.84993e-01   5.5522e-02  2 C2H5 (+M) <=> C4H10 (+M):HpA
 989  7.85832e-01   7.84312e-01   9.6826e-01  C4H10 + H <=> H2 + pC4H9:A
 990  7.82355e-01   7.87796e-01  -3.4651e+00  C4H10 + H <=> H2 + pC4H9:E
 991  7.84313e-01   7.85831e-01  -9.6626e-01  C4H10 + H <=> H2 + sC4H9:A
 992  7.86871e-01   7.83278e-01   2.2884e+00  C4H10 + H <=> H2 + sC4H9:E
 1009  7.85084e-01   7.85059e-01   1.5517e-02  C4H10 + CH3 <=> CH4 + pC4H9:A
 1312  7.85491e-01   7.84703e-01   5.0217e-01  HME <=> 2 tC4H9:E

Parameter number =  915 H + iC4H8 <=> C3H6 + CH3:E    
Positive perturbation =  1.05497e+00
Value =  7.85071e-01
Rxn  Value+       Value-           Sensitivi   Reaction Name
 377  7.85096e-01   7.84976e-01   7.6223e-02  C2H4 + H (+M) <=> C2H5 (+M):HpA
 540  7.85072e-01   7.85071e-01   2.4312e-04  C3H6 + H <=> C2H4 + CH3:A
 541  7.85070e-01   7.85073e-01  -1.4398e-03  C3H6 + H <=> C2H4 + CH3:E
 877  7.85146e-01   7.84997e-01   9.4500e-02  C4H81 + H (+M) <=> sC4H9 (+M):HpA
 878  7.85071e-01   7.85071e-01   8.0580e-05  C4H81 + H <=> C2H4 + C2H5:A
 879  7.85071e-01   7.85072e-01  -4.7721e-04  C4H81 + H <=> C2H4 + C2H5:E
 880  7.85071e-01   7.85071e-01  -6.4744e-05  C4H81 + H <=> C3H6 + CH3:A
 881  7.85072e-01   7.85071e-01   3.8342e-04  C4H81 + H <=> C3H6 + CH3:E
 898  7.85162e-01   7.84981e-01   1.1525e-01  C4H82 + H (+M) <=> sC4H9 (+M):HpA
 914  7.85071e-01   7.85071e-01  -8.1839e-05  H + iC4H8 <=> C3H6 + CH3:A
 915  7.85072e-01   7.85071e-01   5.1129e-04  H + iC4H8 <=> C3H6 + CH3:E
 942  7.84929e-01   7.85214e-01  -1.8122e-01  C3H6 + CH3 (+M) <=> sC4H9 (+M):HpA
 968  7.85072e-01   7.85071e-01   6.8541e-04  tC4H9 (+M) <=> H + iC4H8 (+M):HpA
 988  7.85079e-01   7.84992e-01   5.5522e-02  2 C2H5 (+M) <=> C4H10 (+M):HpA
 989  7.85832e-01   7.84312e-01   9.6826e-01  C4H10 + H <=> H2 + pC4H9:A
 990  7.82355e-01   7.87795e-01  -3.4651e+00  C4H10 + H <=> H2 + pC4H9:E
 991  7.84313e-01   7.85830e-01  -9.6626e-01  C4H10 + H <=> H2 + sC4H9:A
 992  7.86871e-01   7.83278e-01   2.2884e+00  C4H10 + H <=> H2 + sC4H9:E
 1009  7.85084e-01   7.85059e-01   1.5517e-02  C4H10 + CH3 <=> CH4 + pC4H9:A
 1312  7.85491e-01   7.84703e-01   5.0218e-01  HME <=> 2 tC4H9:E
Negative perturbation =  9.47894e-01
Value =  7.85015e-01
Rxn  Value+       Value-           Sensitivi   Reaction Name
 377  7.85039e-01   7.84919e-01   7.6224e-02  C2H4 + H (+M) <=> C2H5 (+M):HpA
 540  7.85015e-01   7.85014e-01   2.4310e-04  C3H6 + H <=> C2H4 + CH3:A
 541  7.85013e-01   7.85016e-01  -1.4397e-03  C3H6 + H <=> C2H4 + CH3:E
 877  7.85089e-01   7.84940e-01   9.4492e-02  C4H81 + H (+M) <=> sC4H9 (+M):HpA
 878  7.85015e-01   7.85014e-01   8.0575e-05  C4H81 + H <=> C2H4 + C2H5:A
 879  7.85014e-01   7.85015e-01  -4.7718e-04  C4H81 + H <=> C2H4 + C2H5:E
 880  7.85014e-01   7.85015e-01  -6.4735e-05  C4H81 + H <=> C3H6 + CH3:A
 881  7.85015e-01   7.85014e-01   3.8336e-04  C4H81 + H <=> C3H6 + CH3:E
 898  7.85105e-01   7.84924e-01   1.1524e-01  C4H82 + H (+M) <=> sC4H9 (+M):HpA
 914  7.85014e-01   7.85015e-01  -1.5426e-04  H + iC4H8 <=> C3H6 + CH3:A
 915  7.85015e-01   7.85014e-01   8.6593e-04  H + iC4H8 <=> C3H6 + CH3:E
 942  7.84872e-01   7.85157e-01  -1.8121e-01  C3H6 + CH3 (+M) <=> sC4H9 (+M):HpA
 968  7.85015e-01   7.85014e-01   6.8379e-04  tC4H9 (+M) <=> H + iC4H8 (+M):HpA
 988  7.85023e-01   7.84935e-01   5.5523e-02  2 C2H5 (+M) <=> C4H10 (+M):HpA
 989  7.85775e-01   7.84255e-01   9.6826e-01  C4H10 + H <=> H2 + pC4H9:A
 990  7.82298e-01   7.87738e-01  -3.4651e+00  C4H10 + H <=> H2 + pC4H9:E
 991  7.84256e-01   7.85773e-01  -9.6618e-01  C4H10 + H <=> H2 + sC4H9:A
 992  7.86814e-01   7.83221e-01   2.2882e+00  C4H10 + H <=> H2 + sC4H9:E
 1009  7.85027e-01   7.85002e-01   1.5518e-02  C4H10 + CH3 <=> CH4 + pC4H9:A
 1312  7.85436e-01   7.84644e-01   5.0481e-01  HME <=> 2 tC4H9:E

Parameter number =  942 C3H6 + CH3 (+M) <=> sC4H9 (+M):HpA
Positive perturbation =  1.23114e+00
Value =  7.57868e-01
Rxn  Value+       Value-           Sensitivi   Reaction Name
 377  7.57891e-01   7.57850e-01   2.7042e-02  C2H4 + H (+M) <=> C2H5 (+M):HpA
 540  7.57868e-01   7.57868e-01   2.4003e-04  C3H6 + H <=> C2H4 + CH3:A
 541  7.57867e-01   7.57869e-01  -1.4215e-03  C3H6 + H <=> C2H4 + CH3:E
 877  7.57932e-01   7.57804e-01   8.4848e-02  C4H81 + H (+M) <=> sC4H9 (+M):HpA
 878  7.57868e-01   7.57868e-01   7.0186e-05  C4H81 + H <=> C2H4 + C2H5:A
 879  7.57868e-01   7.57868e-01  -4.1567e-04  C4H81 + H <=> C2H4 + C2H5:E
 880  7.57868e-01   7.57868e-01  -5.4297e-05  C4H81 + H <=> C3H6 + CH3:A
 881  7.57868e-01   7.57868e-01   3.2155e-04  C4H81 + H <=> C3H6 + CH3:E
 898  7.57946e-01   7.57789e-01   1.0359e-01  C4H82 + H (+M) <=> sC4H9 (+M):HpA
 914  7.57868e-01   7.57868e-01  -1.0890e-04  H + iC4H8 <=> C3H6 + CH3:A
 915  7.57868e-01   7.57867e-01   6.4493e-04  H + iC4H8 <=> C3H6 + CH3:E
 942  7.57748e-01   7.58034e-01  -1.8876e-01  C3H6 + CH3 (+M) <=> sC4H9 (+M):HpA
 968  7.57879e-01   7.57867e-01   7.5549e-03  tC4H9 (+M) <=> H + iC4H8 (+M):HpA
 988  7.57876e-01   7.57865e-01   6.9262e-03  2 C2H5 (+M) <=> C4H10 (+M):HpA
 989  7.58601e-01   7.57135e-01   9.6720e-01  C4H10 + H <=> H2 + pC4H9:A
 990  7.55248e-01   7.60495e-01  -3.4614e+00  C4H10 + H <=> H2 + pC4H9:E
 991  7.57137e-01   7.58600e-01  -9.6529e-01  C4H10 + H <=> H2 + sC4H9:A
 992  7.59603e-01   7.56138e-01   2.2860e+00  C4H10 + H <=> H2 + sC4H9:E
 1009  7.57880e-01   7.57856e-01   1.6111e-02  C4H10 + CH3 <=> CH4 + pC4H9:A
 1312  7.58207e-01   7.57321e-01   5.8471e-01  HME <=> 2 tC4H9:E
Negative perturbation =  8.12252e-01
Value =  8.17467e-01
Rxn  Value+       Value-           Sensitivi   Reaction Name
 377  8.17492e-01   8.17361e-01   8.0086e-02  C2H4 + H (+M) <=> C2H5 (+M):HpA
 540  8.17467e-01   8.17467e-01   2.4669e-04  C3H6 + H <=> C2H4 + CH3:A
 541  8.17466e-01   8.17468e-01  -1.4609e-03  C3H6 + H <=> C2H4 + CH3:E
 877  8.17553e-01   8.17381e-01   1.0508e-01  C4H81 + H (+M) <=> sC4H9 (+M):HpA
 878  8.17467e-01   8.17467e-01   9.2854e-05  C4H81 + H <=> C2H4 + C2H5:A
 879  8.17466e-01   8.17467e-01  -5.4989e-04  C4H81 + H <=> C2H4 + C2H5:E
 880  8.17467e-01   8.17467e-01  -7.7892e-05  C4H81 + H <=> C3H6 + CH3:A
 881  8.17467e-01   8.17466e-01   4.6129e-04  C4H81 + H <=> C3H6 + CH3:E
 898  8.17572e-01   8.17362e-01   1.2824e-01  C4H82 + H (+M) <=> sC4H9 (+M):HpA
 914  8.17467e-01   8.17467e-01  -1.1858e-04  H + iC4H8 <=> C3H6 + CH3:A
 915  8.17467e-01   8.17466e-01   7.0223e-04  H + iC4H8 <=> C3H6 + CH3:E
 942  8.17287e-01   8.17637e-01  -2.1416e-01  C3H6 + CH3 (+M) <=> sC4H9 (+M):HpA
 968  8.17457e-01   8.17466e-01  -6.0372e-03  tC4H9 (+M) <=> H + iC4H8 (+M):HpA
 988  8.17475e-01   8.17378e-01   5.8856e-02  2 C2H5 (+M) <=> C4H10 (+M):HpA
 989  8.18260e-01   8.16675e-01   9.6941e-01  C4H10 + H <=> H2 + pC4H9:A
 990  8.14634e-01   8.20306e-01  -3.4691e+00  C4H10 + H <=> H2 + pC4H9:E
 991  8.16676e-01   8.18258e-01  -9.6723e-01  C4H10 + H <=> H2 + sC4H9:A
 992  8.19342e-01   8.15597e-01   2.2907e+00  C4H10 + H <=> H2 + sC4H9:E
 1009  8.17479e-01   8.17445e-01   2.0645e-02  C4H10 + CH3 <=> CH4 + pC4H9:A
 1312  8.17881e-01   8.17011e-01   5.3217e-01  HME <=> 2 tC4H9:E

Parameter number =  968 tC4H9 (+M) <=> H + iC4H8 (+M):HpA
Positive perturbation =  1.23114e+00
Value =  7.85146e-01
Rxn  Value+       Value-           Sensitivi   Reaction Name
 377  7.85170e-01   7.85083e-01   5.5123e-02  C2H4 + H (+M) <=> C2H5 (+M):HpA
 540  7.85146e-01   7.85145e-01   2.4398e-04  C3H6 + H <=> C2H4 + CH3:A
 541  7.85144e-01   7.85147e-01  -1.4449e-03  C3H6 + H <=> C2H4 + CH3:E
 877  7.85220e-01   7.85071e-01   9.4529e-02  C4H81 + H (+M) <=> sC4H9 (+M):HpA
 878  7.85146e-01   7.85146e-01   8.0887e-05  C4H81 + H <=> C2H4 + C2H5:A
 879  7.85145e-01   7.85146e-01  -4.7902e-04  C4H81 + H <=> C2H4 + C2H5:E
 880  7.85146e-01   7.85146e-01  -6.4988e-05  C4H81 + H <=> C3H6 + CH3:A
 881  7.85146e-01   7.85145e-01   3.8487e-04  C4H81 + H <=> C3H6 + CH3:E
 898  7.85236e-01   7.85055e-01   1.1526e-01  C4H82 + H (+M) <=> sC4H9 (+M):HpA
 914  7.85146e-01   7.85146e-01  -1.1370e-04  H + iC4H8 <=> C3H6 + CH3:A
 915  7.85146e-01   7.85145e-01   6.7335e-04  H + iC4H8 <=> C3H6 + CH3:E
 942  7.85003e-01   7.85279e-01  -1.7572e-01  C3H6 + CH3 (+M) <=> sC4H9 (+M):HpA
 968  7.85134e-01   7.85133e-01   5.3093e-04  tC4H9 (+M) <=> H + iC4H8 (+M):HpA
 988  7.85154e-01   7.85099e-01   3.4633e-02  2 C2H5 (+M) <=> C4H10 (+M):HpA
 989  7.85906e-01   7.84386e-01   9.6809e-01  C4H10 + H <=> H2 + pC4H9:A
 990  7.82429e-01   7.87869e-01  -3.4646e+00  C4H10 + H <=> H2 + pC4H9:E
 991  7.84387e-01   7.85905e-01  -9.6638e-01  C4H10 + H <=> H2 + sC4H9:A
 992  7.86946e-01   7.83352e-01   2.2887e+00  C4H10 + H <=> H2 + sC4H9:E
 1009  7.85149e-01   7.85125e-01   1.5566e-02  C4H10 + CH3 <=> CH4 + pC4H9:A
 1312  7.85585e-01   7.84841e-01   4.7387e-01  HME <=> 2 tC4H9:E
Negative perturbation =  8.12252e-01
Value =  7.84927e-01
Rxn  Value+       Value-           Sensitivi   Reaction Name
 377  7.84951e-01   7.84867e-01   5.3754e-02  C2H4 + H (+M) <=> C2H5 (+M):HpA
 540  7.84927e-01   7.84926e-01   2.4204e-04  C3H6 + H <=> C2H4 + CH3:A
 541  7.84925e-01   7.84928e-01  -1.4334e-03  C3H6 + H <=> C2H4 + CH3:E
 877  7.85001e-01   7.84852e-01   9.4492e-02  C4H81 + H (+M) <=> sC4H9 (+M):HpA
 878  7.84927e-01   7.84926e-01   8.0197e-05  C4H81 + H <=> C2H4 + C2H5:A
 879  7.84926e-01   7.84927e-01  -4.7494e-04  C4H81 + H <=> C2H4 + C2H5:E
 880  7.84926e-01   7.84927e-01  -6.4437e-05  C4H81 + H <=> C3H6 + CH3:A
 881  7.84927e-01   7.84926e-01   3.8161e-04  C4H81 + H <=> C3H6 + CH3:E
 898  7.85017e-01   7.84836e-01   1.1524e-01  C4H82 + H (+M) <=> sC4H9 (+M):HpA
 914  7.84926e-01   7.84927e-01  -1.1283e-04  H + iC4H8 <=> C3H6 + CH3:A
 915  7.84927e-01   7.84926e-01   6.6822e-04  H + iC4H8 <=> C3H6 + CH3:E
 942  7.84784e-01   7.85068e-01  -1.8093e-01  C3H6 + CH3 (+M) <=> sC4H9 (+M):HpA
 968  7.84927e-01   7.84985e-01  -3.6629e-02  tC4H9 (+M) <=> H + iC4H8 (+M):HpA
 988  7.84935e-01   7.84883e-01   3.3048e-02  2 C2H5 (+M) <=> C4H10 (+M):HpA
 989  7.85687e-01   7.84167e-01   9.6825e-01  C4H10 + H <=> H2 + pC4H9:A
 990  7.82210e-01   7.87650e-01  -3.4651e+00  C4H10 + H <=> H2 + pC4H9:E
 991  7.84168e-01   7.85685e-01  -9.6624e-01  C4H10 + H <=> H2 + sC4H9:A
 992  7.86726e-01   7.83133e-01   2.2884e+00  C4H10 + H <=> H2 + sC4H9:E
 1009  7.84938e-01   7.84914e-01   1.5454e-02  C4H10 + CH3 <=> CH4 + pC4H9:A
 1312  7.85319e-01   7.84627e-01   4.4056e-01  HME <=> 2 tC4H9:E

Parameter number =  988 2 C2H5 (+M) <=> C4H10 (+M):HpA
Positive perturbation =  1.23114e+00
Value =  7.86815e-01
Rxn  Value+       Value-           Sensitivi   Reaction Name
 377  7.86882e-01   7.86842e-01   2.5011e-02  C2H4 + H (+M) <=> C2H5 (+M):HpA
 540  7.86815e-01   7.86815e-01   2.4342e-04  C3H6 + H <=> C2H4 + CH3:A
 541  7.86814e-01   7.86816e-01  -1.4416e-03  C3H6 + H <=> C2H4 + CH3:E
 877  7.86889e-01   7.86741e-01   9.4261e-02  C4H81 + H (+M) <=> sC4H9 (+M):HpA
 878  7.86815e-01   7.86815e-01   8.0544e-05  C4H81 + H <=> C2H4 + C2H5:A
 879  7.86815e-01   7.86815e-01  -4.7699e-04  C4H81 + H <=> C2H4 + C2H5:E
 880  7.86815e-01   7.86815e-01  -6.4725e-05  C4H81 + H <=> C3H6 + CH3:A
 881  7.86815e-01   7.86815e-01   3.8331e-04  C4H81 + H <=> C3H6 + CH3:E
 898  7.86906e-01   7.86725e-01   1.1506e-01  C4H82 + H (+M) <=> sC4H9 (+M):HpA
 914  7.86815e-01   7.86815e-01  -1.1311e-04  H + iC4H8 <=> C3H6 + CH3:A
 915  7.86816e-01   7.86815e-01   6.6984e-04  H + iC4H8 <=> C3H6 + CH3:E
 942  7.86673e-01   7.86957e-01  -1.8031e-01  C3H6 + CH3 (+M) <=> sC4H9 (+M):HpA
 968  7.86793e-01   7.86815e-01  -1.3969e-02  tC4H9 (+M) <=> H + iC4H8 (+M):HpA
 988  7.86783e-01   7.86808e-01  -1.5831e-02  2 C2H5 (+M) <=> C4H10 (+M):HpA
 989  7.87576e-01   7.86055e-01   9.6610e-01  C4H10 + H <=> H2 + pC4H9:A
 990  7.84098e-01   7.89539e-01  -3.4574e+00  C4H10 + H <=> H2 + pC4H9:E
 991  7.86057e-01   7.87574e-01  -9.6412e-01  C4H10 + H <=> H2 + sC4H9:A
 992  7.88615e-01   7.85022e-01   2.2834e+00  C4H10 + H <=> H2 + sC4H9:E
 1009  7.86826e-01   7.86803e-01   1.4895e-02  C4H10 + CH3 <=> CH4 + pC4H9:A
 1312  7.85086e-01   7.86314e-01  -7.8091e-01  HME <=> 2 tC4H9:E
Negative perturbation =  8.12252e-01
Value =  7.81251e-01
Rxn  Value+       Value-           Sensitivi   Reaction Name
 377  7.82588e-01   7.82537e-01   3.2374e-02  C2H4 + H (+M) <=> C2H5 (+M):HpA
 540  7.81251e-01   7.81251e-01   2.4515e-04  C3H6 + H <=> C2H4 + CH3:A
 541  7.81250e-01   7.81252e-01  -1.4339e-03  C3H6 + H <=> C2H4 + CH3:E
 877  7.81325e-01   7.81177e-01   9.4874e-02  C4H81 + H (+M) <=> sC4H9 (+M):HpA
 878  7.81251e-01   7.81251e-01   8.3225e-05  C4H81 + H <=> C2H4 + C2H5:A
 879  7.81251e-01   7.81251e-01  -4.7771e-04  C4H81 + H <=> C2H4 + C2H5:E
 880  7.81251e-01   7.81251e-01  -6.2107e-05  C4H81 + H <=> C3H6 + CH3:A
 881  7.81251e-01   7.81251e-01   3.8316e-04  C4H81 + H <=> C3H6 + CH3:E
 898  7.81341e-01   7.81160e-01   1.1579e-01  C4H82 + H (+M) <=> sC4H9 (+M):HpA
 914  7.81251e-01   7.81251e-01  -1.1705e-04  H + iC4H8 <=> C3H6 + CH3:A
 915  7.81251e-01   7.81250e-01   6.7499e-04  H + iC4H8 <=> C3H6 + CH3:E
 942  7.81109e-01   7.81393e-01  -1.8158e-01  C3H6 + CH3 (+M) <=> sC4H9 (+M):HpA
 968  7.81254e-01   7.81246e-01   5.2077e-03  tC4H9 (+M) <=> H + iC4H8 (+M):HpA
 988  7.82591e-01   7.82579e-01   7.5722e-03  2 C2H5 (+M) <=> C4H10 (+M):HpA
 989  7.82010e-01   7.80493e-01   9.7080e-01  C4H10 + H <=> H2 + pC4H9:A
 990  7.78540e-01   7.83969e-01  -3.4742e+00  C4H10 + H <=> H2 + pC4H9:E
 991  7.80488e-01   7.82014e-01  -9.7649e-01  C4H10 + H <=> H2 + sC4H9:A
 992  7.83061e-01   7.79447e-01   2.3127e+00  C4H10 + H <=> H2 + sC4H9:E
 1009  7.81263e-01   7.81237e-01   1.6938e-02  C4H10 + CH3 <=> CH4 + pC4H9:A
 1312  7.81599e-01   7.82329e-01  -4.6759e-01  HME <=> 2 tC4H9:E

Parameter number =  989 C4H10 + H <=> H2 + pC4H9:A    
Positive perturbation =  1.39039e+00
Value =  1.08181e+00
Rxn  Value+       Value-           Sensitivi   Reaction Name
 377  1.08184e+00   1.08168e+00   7.5884e-02  C2H4 + H (+M) <=> C2H5 (+M):HpA
 540  1.08181e+00   1.08181e+00   2.0274e-04  C3H6 + H <=> C2H4 + CH3:A
 541  1.08180e+00   1.08181e+00  -1.2007e-03  C3H6 + H <=> C2H4 + CH3:E
 877  1.08191e+00   1.08170e+00   9.5225e-02  C4H81 + H (+M) <=> sC4H9 (+M):HpA
 878  1.08181e+00   1.08181e+00   5.7979e-05  C4H81 + H <=> C2H4 + C2H5:A
 879  1.08181e+00   1.08181e+00  -3.4336e-04  C4H81 + H <=> C2H4 + C2H5:E
 880  1.08181e+00   1.08181e+00  -6.4737e-05  C4H81 + H <=> C3H6 + CH3:A
 881  1.08181e+00   1.08181e+00   3.8341e-04  C4H81 + H <=> C3H6 + CH3:E
 898  1.08193e+00   1.08168e+00   1.1614e-01  C4H82 + H (+M) <=> sC4H9 (+M):HpA
 914  1.08181e+00   1.08181e+00  -1.1510e-04  H + iC4H8 <=> C3H6 + CH3:A
 915  1.08181e+00   1.08180e+00   6.8166e-04  H + iC4H8 <=> C3H6 + CH3:E
 942  1.08161e+00   1.08200e+00  -1.8262e-01  C3H6 + CH3 (+M) <=> sC4H9 (+M):HpA
 968  1.08181e+00   1.08180e+00   8.9449e-04  tC4H9 (+M) <=> H + iC4H8 (+M):HpA
 988  1.08181e+00   1.08170e+00   5.2032e-02  2 C2H5 (+M) <=> C4H10 (+M):HpA
 989  1.08286e+00   1.08075e+00   9.7607e-01  C4H10 + H <=> H2 + pC4H9:A
 990  1.07803e+00   1.08559e+00  -3.4931e+00  C4H10 + H <=> H2 + pC4H9:E
 991  1.08075e+00   1.08286e+00  -9.7389e-01  C4H10 + H <=> H2 + sC4H9:A
 992  1.08430e+00   1.07931e+00   2.3065e+00  C4H10 + H <=> H2 + sC4H9:E
 1009  1.08182e+00   1.08179e+00   1.1120e-02  C4H10 + CH3 <=> CH4 + pC4H9:A
 1312  1.08229e+00   1.08150e+00   3.6730e-01  HME <=> 2 tC4H9:E
Negative perturbation =  7.19223e-01
Value =  5.71443e-01
Rxn  Value+       Value-           Sensitivi   Reaction Name
 377  5.71460e-01   5.71377e-01   7.3249e-02  C2H4 + H (+M) <=> C2H5 (+M):HpA
 540  5.71443e-01   5.71443e-01   2.9714e-04  C3H6 + H <=> C2H4 + CH3:A
 541  5.71442e-01   5.71444e-01  -1.7597e-03  C3H6 + H <=> C2H4 + CH3:E
 877  5.71496e-01   5.71390e-01   9.3475e-02  C4H81 + H (+M) <=> sC4H9 (+M):HpA
 878  5.71443e-01   5.71443e-01   1.1137e-04  C4H81 + H <=> C2H4 + C2H5:A
 879  5.71443e-01   5.71443e-01  -6.5955e-04  C4H81 + H <=> C2H4 + C2H5:E
 880  5.71443e-01   5.71443e-01  -6.4403e-05  C4H81 + H <=> C3H6 + CH3:A
 881  5.71443e-01   5.71443e-01   3.8141e-04  C4H81 + H <=> C3H6 + CH3:E
 898  5.71508e-01   5.71378e-01   1.1398e-01  C4H82 + H (+M) <=> sC4H9 (+M):HpA
 914  5.71443e-01   5.71443e-01  -1.1142e-04  H + iC4H8 <=> C3H6 + CH3:A
 915  5.71443e-01   5.71443e-01   6.5989e-04  H + iC4H8 <=> C3H6 + CH3:E
 942  5.71341e-01   5.71546e-01  -1.7962e-01  C3H6 + CH3 (+M) <=> sC4H9 (+M):HpA
 968  5.71444e-01   5.71443e-01   1.1003e-03  tC4H9 (+M) <=> H + iC4H8 (+M):HpA
 988  5.71451e-01   5.71386e-01   5.6447e-02  2 C2H5 (+M) <=> C4H10 (+M):HpA
 989  5.71990e-01   5.70896e-01   9.5732e-01  C4H10 + H <=> H2 + pC4H9:A
 990  5.69488e-01   5.73403e-01  -3.4260e+00  C4H10 + H <=> H2 + pC4H9:E
 991  5.70897e-01   5.71989e-01  -9.5545e-01  C4H10 + H <=> H2 + sC4H9:A
 992  5.72738e-01   5.70152e-01   2.2628e+00  C4H10 + H <=> H2 + sC4H9:E
 1009  5.71456e-01   5.71431e-01   2.1480e-02  C4H10 + CH3 <=> CH4 + pC4H9:A
 1312  5.71856e-01   5.71083e-01   6.7636e-01  HME <=> 2 tC4H9:E

Parameter number =  990 C4H10 + H <=> H2 + pC4H9:E    
Positive perturbation =  1.05622e+00
Value =  6.46417e-01
Rxn  Value+       Value-           Sensitivi   Reaction Name
 377  6.46437e-01   6.46340e-01   7.4748e-02  C2H4 + H (+M) <=> C2H5 (+M):HpA
 540  6.46417e-01   6.46417e-01   2.7419e-04  C3H6 + H <=> C2H4 + CH3:A
 541  6.46416e-01   6.46418e-01  -1.6238e-03  C3H6 + H <=> C2H4 + CH3:E
 877  6.46478e-01   6.46356e-01   9.3912e-02  C4H81 + H (+M) <=> sC4H9 (+M):HpA
 878  6.46417e-01   6.46417e-01   9.8246e-05  C4H81 + H <=> C2H4 + C2H5:A
 879  6.46416e-01   6.46417e-01  -5.8182e-04  C4H81 + H <=> C2H4 + C2H5:E
 880  6.46417e-01   6.46417e-01  -6.4571e-05  C4H81 + H <=> C3H6 + CH3:A
 881  6.46417e-01   6.46417e-01   3.8242e-04  C4H81 + H <=> C3H6 + CH3:E
 898  6.46491e-01   6.46343e-01   1.1452e-01  C4H82 + H (+M) <=> sC4H9 (+M):HpA
 914  6.46417e-01   6.46417e-01  -1.1218e-04  H + iC4H8 <=> C3H6 + CH3:A
 915  6.46417e-01   6.46416e-01   6.6436e-04  H + iC4H8 <=> C3H6 + CH3:E
 942  6.46300e-01   6.46533e-01  -1.8017e-01  C3H6 + CH3 (+M) <=> sC4H9 (+M):HpA
 968  6.46417e-01   6.46416e-01   8.2936e-04  tC4H9 (+M) <=> H + iC4H8 (+M):HpA
 988  6.46425e-01   6.46352e-01   5.6315e-02  2 C2H5 (+M) <=> C4H10 (+M):HpA
 989  6.47039e-01   6.45795e-01   9.6202e-01  C4H10 + H <=> H2 + pC4H9:A
 990  6.44069e-01   6.48771e-01  -3.6363e+00  C4H10 + H <=> H2 + pC4H9:E
 991  6.45797e-01   6.47038e-01  -9.6007e-01  C4H10 + H <=> H2 + sC4H9:A
 992  6.47889e-01   6.44949e-01   2.2738e+00  C4H10 + H <=> H2 + sC4H9:E
 1009  6.46429e-01   6.46405e-01   1.8923e-02  C4H10 + CH3 <=> CH4 + pC4H9:A
 1312  6.46832e-01   6.46058e-01   5.9908e-01  HME <=> 2 tC4H9:E
Negative perturbation =  9.46772e-01
Value =  9.44590e-01
Rxn  Value+       Value-           Sensitivi   Reaction Name
 377  9.44620e-01   9.44475e-01   7.6506e-02  C2H4 + H (+M) <=> C2H5 (+M):HpA
 540  9.44590e-01   9.44590e-01   2.1838e-04  C3H6 + H <=> C2H4 + CH3:A
 541  9.44589e-01   9.44592e-01  -1.2933e-03  C3H6 + H <=> C2H4 + CH3:E
 877  9.44680e-01   9.44501e-01   9.4953e-02  C4H81 + H (+M) <=> sC4H9 (+M):HpA
 878  9.44590e-01   9.44590e-01   6.6663e-05  C4H81 + H <=> C2H4 + C2H5:A
 879  9.44590e-01   9.44591e-01  -3.9479e-04  C4H81 + H <=> C2H4 + C2H5:E
 880  9.44590e-01   9.44590e-01  -6.4782e-05  C4H81 + H <=> C3H6 + CH3:A
 881  9.44591e-01   9.44590e-01   3.8364e-04  C4H81 + H <=> C3H6 + CH3:E
 898  9.44700e-01   9.44481e-01   1.1581e-01  C4H82 + H (+M) <=> sC4H9 (+M):HpA
 914  9.44590e-01   9.44590e-01  -1.1434e-04  H + iC4H8 <=> C3H6 + CH3:A
 915  9.44591e-01   9.44590e-01   6.7720e-04  H + iC4H8 <=> C3H6 + CH3:E
 942  9.44418e-01   9.44762e-01  -1.8214e-01  C3H6 + CH3 (+M) <=> sC4H9 (+M):HpA
 968  9.44591e-01   9.44590e-01   6.6067e-04  tC4H9 (+M) <=> H + iC4H8 (+M):HpA
 988  9.44598e-01   9.44497e-01   5.3909e-02  2 C2H5 (+M) <=> C4H10 (+M):HpA
 989  9.45510e-01   9.43672e-01   9.7309e-01  C4H10 + H <=> H2 + pC4H9:A
 990  9.41480e-01   9.47708e-01  -3.2971e+00  C4H10 + H <=> H2 + pC4H9:E
 991  9.43674e-01   9.45508e-01  -9.7097e-01  C4H10 + H <=> H2 + sC4H9:A
 992  9.46766e-01   9.42422e-01   2.2995e+00  C4H10 + H <=> H2 + sC4H9:E
 1009  9.44602e-01   9.44578e-01   1.2807e-02  C4H10 + CH3 <=> CH4 + pC4H9:A
 1312  9.45018e-01   9.44231e-01   4.1677e-01  HME <=> 2 tC4H9:E

Parameter number =  991 C4H10 + H <=> H2 + sC4H9:A    
Positive perturbation =  1.39039e+00
Value =  5.71761e-01
Rxn  Value+       Value-           Sensitivi   Reaction Name
 377  5.71778e-01   5.71762e-01   1.4128e-02  C2H4 + H (+M) <=> C2H5 (+M):HpA
 540  5.71761e-01   5.71761e-01   2.1665e-04  C3H6 + H <=> C2H4 + CH3:A
 541  5.71760e-01   5.71762e-01  -1.2831e-03  C3H6 + H <=> C2H4 + CH3:E
 877  5.71814e-01   5.71707e-01   9.3522e-02  C4H81 + H (+M) <=> sC4H9 (+M):HpA
 878  5.71761e-01   5.71761e-01   8.1294e-05  C4H81 + H <=> C2H4 + C2H5:A
 879  5.71761e-01   5.71761e-01  -4.8143e-04  C4H81 + H <=> C2H4 + C2H5:E
 880  5.71761e-01   5.71761e-01  -4.6836e-05  C4H81 + H <=> C3H6 + CH3:A
 881  5.71761e-01   5.71761e-01   2.7737e-04  C4H81 + H <=> C3H6 + CH3:E
 898  5.71826e-01   5.71696e-01   1.1414e-01  C4H82 + H (+M) <=> sC4H9 (+M):HpA
 914  5.71761e-01   5.71761e-01  -7.9243e-05  H + iC4H8 <=> C3H6 + CH3:A
 915  5.71761e-01   5.71761e-01   4.6929e-04  H + iC4H8 <=> C3H6 + CH3:E
 942  5.71658e-01   5.71865e-01  -1.8113e-01  C3H6 + CH3 (+M) <=> sC4H9 (+M):HpA
 968  5.71734e-01   5.71761e-01  -2.3504e-02  tC4H9 (+M) <=> H + iC4H8 (+M):HpA
 988  5.71769e-01   5.71771e-01  -2.2901e-03  2 C2H5 (+M) <=> C4H10 (+M):HpA
 989  5.72309e-01   5.71214e-01   9.5742e-01  C4H10 + H <=> H2 + pC4H9:A
 990  5.69804e-01   5.73722e-01  -3.4263e+00  C4H10 + H <=> H2 + pC4H9:E
 991  5.71214e-01   5.72308e-01  -9.5618e-01  C4H10 + H <=> H2 + sC4H9:A
 992  5.73058e-01   5.70468e-01   2.2646e+00  C4H10 + H <=> H2 + sC4H9:E
 1009  5.71775e-01   5.71750e-01   2.1727e-02  C4H10 + CH3 <=> CH4 + pC4H9:A
 1312  5.72113e-01   5.71402e-01   6.2188e-01  HME <=> 2 tC4H9:E
Negative perturbation =  7.19223e-01
Value =  1.08093e+00
Rxn  Value+       Value-           Sensitivi   Reaction Name
 377  1.08097e+00   1.08079e+00   8.1815e-02  C2H4 + H (+M) <=> C2H5 (+M):HpA
 540  1.08093e+00   1.08093e+00   2.7635e-04  C3H6 + H <=> C2H4 + CH3:A
 541  1.08093e+00   1.08093e+00  -1.6366e-03  C3H6 + H <=> C2H4 + CH3:E
 877  1.08103e+00   1.08083e+00   9.5019e-02  C4H81 + H (+M) <=> sC4H9 (+M):HpA
 878  1.08093e+00   1.08093e+00   7.8923e-05  C4H81 + H <=> C2H4 + C2H5:A
 879  1.08093e+00   1.08093e+00  -4.6739e-04  C4H81 + H <=> C2H4 + C2H5:E
 880  1.08093e+00   1.08093e+00  -8.8355e-05  C4H81 + H <=> C3H6 + CH3:A
 881  1.08093e+00   1.08093e+00   5.2325e-04  C4H81 + H <=> C3H6 + CH3:E
 898  1.08106e+00   1.08081e+00   1.1600e-01  C4H82 + H (+M) <=> sC4H9 (+M):HpA
 914  1.08093e+00   1.08093e+00  -1.6207e-04  H + iC4H8 <=> C3H6 + CH3:A
 915  1.08093e+00   1.08093e+00   9.5980e-04  H + iC4H8 <=> C3H6 + CH3:E
 942  1.08073e+00   1.08117e+00  -1.9916e-01  C3H6 + CH3 (+M) <=> sC4H9 (+M):HpA
 968  1.08092e+00   1.08093e+00  -3.5375e-03  tC4H9 (+M) <=> H + iC4H8 (+M):HpA
 988  1.08094e+00   1.08082e+00   5.6814e-02  2 C2H5 (+M) <=> C4H10 (+M):HpA
 989  1.08199e+00   1.07988e+00   9.7598e-01  C4H10 + H <=> H2 + pC4H9:A
 990  1.07716e+00   1.08471e+00  -3.4927e+00  C4H10 + H <=> H2 + pC4H9:E
 991  1.07988e+00   1.08198e+00  -9.7298e-01  C4H10 + H <=> H2 + sC4H9:A
 992  1.08343e+00   1.07844e+00   2.3045e+00  C4H10 + H <=> H2 + sC4H9:E
 1009  1.08098e+00   1.08096e+00   1.0985e-02  C4H10 + CH3 <=> CH4 + pC4H9:A
 1312  1.08126e+00   1.08046e+00   3.6960e-01  HME <=> 2 tC4H9:E

Parameter number =  992 C4H10 + H <=> H2 + sC4H9:E    
Positive perturbation =  1.05622e+00
Value =  8.93123e-01
Rxn  Value+       Value-           Sensitivi   Reaction Name
 377  8.93151e-01   8.92958e-01   1.0787e-01  C2H4 + H (+M) <=> C2H5 (+M):HpA
 540  8.93123e-01   8.93123e-01   2.5569e-04  C3H6 + H <=> C2H4 + CH3:A
 541  8.93122e-01   8.93124e-01  -1.5143e-03  C3H6 + H <=> C2H4 + CH3:E
 877  8.93208e-01   8.93038e-01   9.4740e-02  C4H81 + H (+M) <=> sC4H9 (+M):HpA
 878  8.93123e-01   8.93123e-01   8.0035e-05  C4H81 + H <=> C2H4 + C2H5:A
 879  8.93123e-01   8.93123e-01  -4.7398e-04  C4H81 + H <=> C2H4 + C2H5:E
 880  8.93123e-01   8.93123e-01  -7.3531e-05  C4H81 + H <=> C3H6 + CH3:A
 881  8.93123e-01   8.93123e-01   4.3546e-04  C4H81 + H <=> C3H6 + CH3:E
 898  8.93226e-01   8.93020e-01   1.1563e-01  C4H82 + H (+M) <=> sC4H9 (+M):HpA
 914  8.93123e-01   8.93123e-01  -1.3094e-04  H + iC4H8 <=> C3H6 + CH3:A
 915  8.93124e-01   8.93122e-01   7.7547e-04  H + iC4H8 <=> C3H6 + CH3:E
 942  8.92961e-01   8.93245e-01  -1.5903e-01  C3H6 + CH3 (+M) <=> sC4H9 (+M):HpA
 968  8.93079e-01   8.93122e-01  -2.4403e-02  tC4H9 (+M) <=> H + iC4H8 (+M):HpA
 988  8.93131e-01   8.92978e-01   8.5587e-02  2 C2H5 (+M) <=> C4H10 (+M):HpA
 989  8.93991e-01   8.92256e-01   9.7171e-01  C4H10 + H <=> H2 + pC4H9:A
 990  8.90021e-01   8.96233e-01  -3.4774e+00  C4H10 + H <=> H2 + pC4H9:E
 991  8.92258e-01   8.93989e-01  -9.6930e-01  C4H10 + H <=> H2 + sC4H9:A
 992  8.95292e-01   8.90961e-01   2.4247e+00  C4H10 + H <=> H2 + sC4H9:E
 1009  8.93094e-01   8.93070e-01   1.3521e-02  C4H10 + CH3 <=> CH4 + pC4H9:A
 1312  8.93500e-01   8.92694e-01   4.5112e-01  HME <=> 2 tC4H9:E
Negative perturbation =  9.46772e-01
Value =  6.95135e-01
Rxn  Value+       Value-           Sensitivi   Reaction Name
 377  6.95156e-01   6.95120e-01   2.6264e-02  C2H4 + H (+M) <=> C2H5 (+M):HpA
 540  6.95135e-01   6.95135e-01   2.3223e-04  C3H6 + H <=> C2H4 + CH3:A
 541  6.95134e-01   6.95136e-01  -1.3753e-03  C3H6 + H <=> C2H4 + CH3:E
 877  6.95201e-01   6.95070e-01   9.4164e-02  C4H81 + H (+M) <=> sC4H9 (+M):HpA
 878  6.95135e-01   6.95135e-01   8.0947e-05  C4H81 + H <=> C2H4 + C2H5:A
 879  6.95135e-01   6.95135e-01  -4.7938e-04  C4H81 + H <=> C2H4 + C2H5:E
 880  6.95135e-01   6.95135e-01  -5.7276e-05  C4H81 + H <=> C3H6 + CH3:A
 881  6.95135e-01   6.95135e-01   3.3920e-04  C4H81 + H <=> C3H6 + CH3:E
 898  6.95215e-01   6.95055e-01   1.1491e-01  C4H82 + H (+M) <=> sC4H9 (+M):HpA
 914  6.95135e-01   6.95135e-01  -9.8815e-05  H + iC4H8 <=> C3H6 + CH3:A
 915  6.95136e-01   6.95135e-01   5.8520e-04  H + iC4H8 <=> C3H6 + CH3:E
 942  6.95010e-01   6.95260e-01  -1.8039e-01  C3H6 + CH3 (+M) <=> sC4H9 (+M):HpA
 968  6.95120e-01   6.95135e-01  -1.0836e-02  tC4H9 (+M) <=> H + iC4H8 (+M):HpA
 988  6.95143e-01   6.95132e-01   8.1572e-03  2 C2H5 (+M) <=> C4H10 (+M):HpA
 989  6.95806e-01   6.94465e-01   9.6418e-01  C4H10 + H <=> H2 + pC4H9:A
 990  6.92739e-01   6.97537e-01  -3.4512e+00  C4H10 + H <=> H2 + pC4H9:E
 991  6.94466e-01   6.95805e-01  -9.6299e-01  C4H10 + H <=> H2 + sC4H9:A
 992  6.96639e-01   6.93637e-01   2.1594e+00  C4H10 + H <=> H2 + sC4H9:E
 1009  6.95147e-01   6.95122e-01   1.7671e-02  C4H10 + CH3 <=> CH4 + pC4H9:A
 1312  6.95473e-01   6.94753e-01   5.1742e-01  HME <=> 2 tC4H9:E

Parameter number =  1009 C4H10 + CH3 <=> CH4 + pC4H9:A 
Positive perturbation =  1.39039e+00
Value =  7.89789e-01
Rxn  Value+       Value-           Sensitivi   Reaction Name
 377  7.89814e-01   7.89694e-01   7.6092e-02  C2H4 + H (+M) <=> C2H5 (+M):HpA
 540  7.89789e-01   7.89789e-01   2.4337e-04  C3H6 + H <=> C2H4 + CH3:A
 541  7.89788e-01   7.89790e-01  -1.4413e-03  C3H6 + H <=> C2H4 + CH3:E
 877  7.89863e-01   7.89715e-01   9.3887e-02  C4H81 + H (+M) <=> sC4H9 (+M):HpA
 878  7.89789e-01   7.89789e-01   8.0247e-05  C4H81 + H <=> C2H4 + C2H5:A
 879  7.89789e-01   7.89789e-01  -4.7524e-04  C4H81 + H <=> C2H4 + C2H5:E
 880  7.89789e-01   7.89789e-01  -6.4484e-05  C4H81 + H <=> C3H6 + CH3:A
 881  7.89789e-01   7.89789e-01   3.8188e-04  C4H81 + H <=> C3H6 + CH3:E
 898  7.89880e-01   7.89699e-01   1.1450e-01  C4H82 + H (+M) <=> sC4H9 (+M):HpA
 914  7.89789e-01   7.89789e-01  -1.1272e-04  H + iC4H8 <=> C3H6 + CH3:A
 915  7.89790e-01   7.89789e-01   6.6751e-04  H + iC4H8 <=> C3H6 + CH3:E
 942  7.89647e-01   7.89931e-01  -1.8005e-01  C3H6 + CH3 (+M) <=> sC4H9 (+M):HpA
 968  7.89790e-01   7.89789e-01   7.9394e-04  tC4H9 (+M) <=> H + iC4H8 (+M):HpA
 988  7.89797e-01   7.89710e-01   5.5102e-02  2 C2H5 (+M) <=> C4H10 (+M):HpA
 989  7.90549e-01   7.89029e-01   9.6227e-01  C4H10 + H <=> H2 + pC4H9:A
 990  7.87073e-01   7.92512e-01  -3.4437e+00  C4H10 + H <=> H2 + pC4H9:E
 991  7.89031e-01   7.90548e-01  -9.6003e-01  C4H10 + H <=> H2 + sC4H9:A
 992  7.91588e-01   7.87996e-01   2.2736e+00  C4H10 + H <=> H2 + sC4H9:E
 1009  7.89806e-01   7.89772e-01   2.1322e-02  C4H10 + CH3 <=> CH4 + pC4H9:A
 1312  7.90212e-01   7.89418e-01   5.0247e-01  HME <=> 2 tC4H9:E
Negative perturbation =  7.19223e-01
Value =  7.81621e-01
Rxn  Value+       Value-           Sensitivi   Reaction Name
 377  7.81645e-01   7.81526e-01   7.6364e-02  C2H4 + H (+M) <=> C2H5 (+M):HpA
 540  7.81621e-01   7.81621e-01   2.4293e-04  C3H6 + H <=> C2H4 + CH3:A
 541  7.81620e-01   7.81622e-01  -1.4387e-03  C3H6 + H <=> C2H4 + CH3:E
 877  7.81695e-01   7.81547e-01   9.4942e-02  C4H81 + H (+M) <=> sC4H9 (+M):HpA
 878  7.81621e-01   7.81621e-01   8.0824e-05  C4H81 + H <=> C2H4 + C2H5:A
 879  7.81621e-01   7.81621e-01  -4.7862e-04  C4H81 + H <=> C2H4 + C2H5:E
 880  7.81621e-01   7.81621e-01  -6.4925e-05  C4H81 + H <=> C3H6 + CH3:A
 881  7.81621e-01   7.81621e-01   3.8450e-04  C4H81 + H <=> C3H6 + CH3:E
 898  7.81712e-01   7.81531e-01   1.1579e-01  C4H82 + H (+M) <=> sC4H9 (+M):HpA
 914  7.81621e-01   7.81621e-01  -1.1375e-04  H + iC4H8 <=> C3H6 + CH3:A
 915  7.81622e-01   7.81621e-01   6.7365e-04  H + iC4H8 <=> C3H6 + CH3:E
 942  7.81479e-01   7.81763e-01  -1.8196e-01  C3H6 + CH3 (+M) <=> sC4H9 (+M):HpA
 968  7.81622e-01   7.81621e-01   6.2254e-04  tC4H9 (+M) <=> H + iC4H8 (+M):HpA
 988  7.81629e-01   7.81542e-01   5.5873e-02  2 C2H5 (+M) <=> C4H10 (+M):HpA
 989  7.82382e-01   7.80861e-01   9.7264e-01  C4H10 + H <=> H2 + pC4H9:A
 990  7.78904e-01   7.84345e-01  -3.4808e+00  C4H10 + H <=> H2 + pC4H9:E
 991  7.80863e-01   7.82380e-01  -9.7076e-01  C4H10 + H <=> H2 + sC4H9:A
 992  7.83421e-01   7.79827e-01   2.2991e+00  C4H10 + H <=> H2 + sC4H9:E
 1009  7.81630e-01   7.81612e-01   1.1243e-02  C4H10 + CH3 <=> CH4 + pC4H9:A
 1312  7.82040e-01   7.81254e-01   5.0302e-01  HME <=> 2 tC4H9:E

Parameter number =  1312 HME <=> 2 tC4H9:E             
Positive perturbation =  1.00601e+00
Value =  7.89026e-01
Rxn  Value+       Value-           Sensitivi   Reaction Name
 377  7.89241e-01   7.89130e-01   7.0610e-02  C2H4 + H (+M) <=> C2H5 (+M):HpA
 540  7.89026e-01   7.89026e-01   1.9659e-04  C3H6 + H <=> C2H4 + CH3:A
 541  7.89025e-01   7.89027e-01  -1.1619e-03  C3H6 + H <=> C2H4 + CH3:E
 877  7.89100e-01   7.88952e-01   9.4130e-02  C4H81 + H (+M) <=> sC4H9 (+M):HpA
 878  7.89026e-01   7.89026e-01   6.4480e-05  C4H81 + H <=> C2H4 + C2H5:A
 879  7.89026e-01   7.89026e-01  -3.8389e-04  C4H81 + H <=> C2H4 + C2H5:E
 880  7.89026e-01   7.89026e-01  -5.4048e-05  C4H81 + H <=> C3H6 + CH3:A
 881  7.89026e-01   7.89026e-01   3.0905e-04  C4H81 + H <=> C3H6 + CH3:E
 898  7.89117e-01   7.88936e-01   1.1479e-01  C4H82 + H (+M) <=> sC4H9 (+M):HpA
 914  7.89026e-01   7.89026e-01  -8.9875e-05  H + iC4H8 <=> C3H6 + CH3:A
 915  7.89027e-01   7.89026e-01   5.3765e-04  H + iC4H8 <=> C3H6 + CH3:E
 942  7.88891e-01   7.89169e-01  -1.7596e-01  C3H6 + CH3 (+M) <=> sC4H9 (+M):HpA
 968  7.89043e-01   7.89018e-01   1.5788e-02  tC4H9 (+M) <=> H + iC4H8 (+M):HpA
 988  7.86715e-01   7.86606e-01   6.8817e-02  2 C2H5 (+M) <=> C4H10 (+M):HpA
 989  7.89785e-01   7.88268e-01   9.6175e-01  C4H10 + H <=> H2 + pC4H9:A
 990  7.86314e-01   7.91745e-01  -3.4417e+00  C4H10 + H <=> H2 + pC4H9:E
 991  7.88255e-01   7.89798e-01  -9.7813e-01  C4H10 + H <=> H2 + sC4H9:A
 992  7.90857e-01   7.87208e-01   2.3121e+00  C4H10 + H <=> H2 + sC4H9:E
 1009  7.88865e-01   7.88841e-01   1.5499e-02  C4H10 + CH3 <=> CH4 + pC4H9:A
 1312  7.87235e-01   7.86457e-01   4.9299e-01  HME <=> 2 tC4H9:E
Negative perturbation =  9.94027e-01
Value =  7.81617e-01
Rxn  Value+       Value-           Sensitivi   Reaction Name
 377  7.82541e-01   7.82492e-01   3.1133e-02  C2H4 + H (+M) <=> C2H5 (+M):HpA
 540  7.81618e-01   7.81617e-01   2.9763e-04  C3H6 + H <=> C2H4 + CH3:A
 541  7.81616e-01   7.81619e-01  -1.7848e-03  C3H6 + H <=> C2H4 + CH3:E
 877  7.81692e-01   7.81543e-01   9.4830e-02  C4H81 + H (+M) <=> sC4H9 (+M):HpA
 878  7.81617e-01   7.81617e-01   1.0051e-04  C4H81 + H <=> C2H4 + C2H5:A
 879  7.81617e-01   7.81618e-01  -5.9269e-04  C4H81 + H <=> C2H4 + C2H5:E
 880  7.81617e-01   7.81617e-01  -7.7421e-05  C4H81 + H <=> C3H6 + CH3:A
 881  7.81618e-01   7.81617e-01   4.7642e-04  C4H81 + H <=> C3H6 + CH3:E
 898  7.81708e-01   7.81527e-01   1.1571e-01  C4H82 + H (+M) <=> sC4H9 (+M):HpA
 914  7.81617e-01   7.81617e-01  -1.3690e-04  H + iC4H8 <=> C3H6 + CH3:A
 915  7.81618e-01   7.81617e-01   8.3986e-04  H + iC4H8 <=> C3H6 + CH3:E
 942  7.81500e-01   7.81749e-01  -1.5950e-01  C3H6 + CH3 (+M) <=> sC4H9 (+M):HpA
 968  7.81617e-01   7.81614e-01   1.8304e-03  tC4H9 (+M) <=> H + iC4H8 (+M):HpA
 988  7.82523e-01   7.82512e-01   7.1738e-03  2 C2H5 (+M) <=> C4H10 (+M):HpA
 989  7.82377e-01   7.80859e-01   9.7140e-01  C4H10 + H <=> H2 + pC4H9:A
 990  7.78904e-01   7.84338e-01  -3.4764e+00  C4H10 + H <=> H2 + pC4H9:E
 991  7.80858e-01   7.82377e-01  -9.7148e-01  C4H10 + H <=> H2 + sC4H9:A
 992  7.83419e-01   7.79822e-01   2.3008e+00  C4H10 + H <=> H2 + sC4H9:E
 1009  7.81619e-01   7.81664e-01  -2.8385e-02  C4H10 + CH3 <=> CH4 + pC4H9:A
 1312  7.82890e-01   7.81307e-01   1.0129e+00  HME <=> 2 tC4H9:E
