Value =  9.11092e-01
Rxn  Value+       Value-           Sensitivi   Reaction Name
 377  9.11105e-01   9.11084e-01   1.1588e-02  C2H4 + H (+M) <=> C2H5 (+M):HpA
 540  9.11093e-01   9.11091e-01   1.4229e-03  C3H6 + H <=> C2H4 + CH3:A
 541  9.11085e-01   9.11099e-01  -7.9320e-03  C3H6 + H <=> C2H4 + CH3:E
 877  9.11191e-01   9.10994e-01   1.0803e-01  C4H81 + H (+M) <=> sC4H9 (+M):HpA
 878  9.11093e-01   9.11091e-01   5.8481e-04  C4H81 + H <=> C2H4 + C2H5:A
 879  9.11089e-01   9.11095e-01  -3.1925e-03  C4H81 + H <=> C2H4 + C2H5:E
 880  9.11092e-01   9.11092e-01  -5.0717e-04  C4H81 + H <=> C3H6 + CH3:A
 881  9.11095e-01   9.11090e-01   2.7673e-03  C4H81 + H <=> C3H6 + CH3:E
 898  9.11203e-01   9.10982e-01   1.2121e-01  C4H82 + H (+M) <=> sC4H9 (+M):HpA
 914  9.11091e-01   9.11093e-01  -7.9042e-04  H + iC4H8 <=> C3H6 + CH3:A
 915  9.11095e-01   9.11089e-01   3.5483e-03  H + iC4H8 <=> C3H6 + CH3:E
 942  9.10914e-01   9.11271e-01  -1.9579e-01  C3H6 + CH3 (+M) <=> sC4H9 (+M):HpA
 968  9.11092e-01   9.11092e-01   4.7741e-05  tC4H9 (+M) <=> H + iC4H8 (+M):HpA
 988  9.11106e-01   9.11081e-01   1.3462e-02  2 C2H5 (+M) <=> C4H10 (+M):HpA
 989  9.11966e-01   9.10219e-01   9.5853e-01  C4H10 + H <=> H2 + pC4H9:A
 990  9.08126e-01   9.14065e-01  -3.2590e+00  C4H10 + H <=> H2 + pC4H9:E
 991  9.10220e-01   9.11965e-01  -9.5801e-01  C4H10 + H <=> H2 + sC4H9:A
 992  9.13059e-01   9.09131e-01   2.1555e+00  C4H10 + H <=> H2 + sC4H9:E
 1009  9.11111e-01   9.11073e-01   2.1046e-02  C4H10 + CH3 <=> CH4 + pC4H9:A
 1312  9.11708e-01   9.10603e-01   6.0652e-01  HME <=> 2 tC4H9:E

Parameter number =  377 C2H4 + H (+M) <=> C2H5 (+M):HpA
Positive perturbation =  1.39039e+00
Value =  9.14327e-01
Rxn  Value+       Value-           Sensitivi   Reaction Name
 377  9.14333e-01   9.14320e-01   7.2985e-03  C2H4 + H (+M) <=> C2H5 (+M):HpA
 540  9.14329e-01   9.14326e-01   1.4530e-03  C3H6 + H <=> C2H4 + CH3:A
 541  9.14321e-01   9.14335e-01  -7.7481e-03  C3H6 + H <=> C2H4 + CH3:E
 877  9.14426e-01   9.14229e-01   1.0803e-01  C4H81 + H (+M) <=> sC4H9 (+M):HpA
 878  9.14328e-01   9.14327e-01   5.7531e-04  C4H81 + H <=> C2H4 + C2H5:A
 879  9.14325e-01   9.14331e-01  -3.2539e-03  C4H81 + H <=> C2H4 + C2H5:E
 880  9.14327e-01   9.14328e-01  -5.0348e-04  C4H81 + H <=> C3H6 + CH3:A
 881  9.14330e-01   9.14325e-01   2.9575e-03  C4H81 + H <=> C3H6 + CH3:E
 898  9.14438e-01   9.14217e-01   1.2121e-01  C4H82 + H (+M) <=> sC4H9 (+M):HpA
 914  9.14327e-01   9.14328e-01  -6.3979e-04  H + iC4H8 <=> C3H6 + CH3:A
 915  9.14331e-01   9.14324e-01   3.8485e-03  H + iC4H8 <=> C3H6 + CH3:E
 942  9.14149e-01   9.14507e-01  -1.9581e-01  C3H6 + CH3 (+M) <=> sC4H9 (+M):HpA
 968  9.14328e-01   9.14328e-01  -5.7542e-05  tC4H9 (+M) <=> H + iC4H8 (+M):HpA
 988  9.14340e-01   9.14315e-01   1.3498e-02  2 C2H5 (+M) <=> C4H10 (+M):HpA
 989  9.15204e-01   9.13452e-01   9.5839e-01  C4H10 + H <=> H2 + pC4H9:A
 990  9.11352e-01   9.17310e-01  -3.2586e+00  C4H10 + H <=> H2 + pC4H9:E
 991  9.13452e-01   9.15204e-01  -9.5831e-01  C4H10 + H <=> H2 + sC4H9:A
 992  9.16302e-01   9.12359e-01   2.1563e+00  C4H10 + H <=> H2 + sC4H9:E
 1009  9.14346e-01   9.14308e-01   2.0927e-02  C4H10 + CH3 <=> CH4 + pC4H9:A
 1312  9.14932e-01   9.13806e-01   6.1542e-01  HME <=> 2 tC4H9:E
Negative perturbation =  7.19223e-01
Value =  9.06857e-01
Rxn  Value+       Value-           Sensitivi   Reaction Name
 377  9.06872e-01   9.06839e-01   1.7986e-02  C2H4 + H (+M) <=> C2H5 (+M):HpA
 540  9.06858e-01   9.06856e-01   1.3939e-03  C3H6 + H <=> C2H4 + CH3:A
 541  9.06850e-01   9.06864e-01  -7.8187e-03  C3H6 + H <=> C2H4 + CH3:E
 877  9.06955e-01   9.06759e-01   1.0792e-01  C4H81 + H (+M) <=> sC4H9 (+M):HpA
 878  9.06857e-01   9.06856e-01   5.5524e-04  C4H81 + H <=> C2H4 + C2H5:A
 879  9.06854e-01   9.06860e-01  -3.1717e-03  C4H81 + H <=> C2H4 + C2H5:E
 880  9.06856e-01   9.06857e-01  -5.1194e-04  C4H81 + H <=> C3H6 + CH3:A
 881  9.06860e-01   9.06854e-01   2.8263e-03  C4H81 + H <=> C3H6 + CH3:E
 898  9.06967e-01   9.06747e-01   1.2112e-01  C4H82 + H (+M) <=> sC4H9 (+M):HpA
 914  9.06856e-01   9.06858e-01  -6.7330e-04  H + iC4H8 <=> C3H6 + CH3:A
 915  9.06860e-01   9.06854e-01   3.7869e-03  H + iC4H8 <=> C3H6 + CH3:E
 942  9.06680e-01   9.07035e-01  -1.9570e-01  C3H6 + CH3 (+M) <=> sC4H9 (+M):HpA
 968  9.06857e-01   9.06857e-01  -6.9220e-05  tC4H9 (+M) <=> H + iC4H8 (+M):HpA
 988  9.06864e-01   9.06847e-01   9.5721e-03  2 C2H5 (+M) <=> C4H10 (+M):HpA
 989  9.07727e-01   9.05988e-01   9.5860e-01  C4H10 + H <=> H2 + pC4H9:A
 990  9.03905e-01   9.09816e-01  -3.2590e+00  C4H10 + H <=> H2 + pC4H9:E
 991  9.05989e-01   9.07726e-01  -9.5754e-01  C4H10 + H <=> H2 + sC4H9:A
 992  9.08814e-01   9.04906e-01   2.1544e+00  C4H10 + H <=> H2 + sC4H9:E
 1009  9.06875e-01   9.06838e-01   2.0749e-02  C4H10 + CH3 <=> CH4 + pC4H9:A
 1312  9.07490e-01   9.06336e-01   6.3652e-01  HME <=> 2 tC4H9:E

Parameter number =  540 C3H6 + H <=> C2H4 + CH3:A     
Positive perturbation =  1.23114e+00
Value =  9.11385e-01
Rxn  Value+       Value-           Sensitivi   Reaction Name
 377  9.11397e-01   9.11376e-01   1.1510e-02  C2H4 + H (+M) <=> C2H5 (+M):HpA
 540  9.11386e-01   9.11383e-01   1.8793e-03  C3H6 + H <=> C2H4 + CH3:A
 541  9.11376e-01   9.11394e-01  -9.7383e-03  C3H6 + H <=> C2H4 + CH3:E
 877  9.11483e-01   9.11286e-01   1.0822e-01  C4H81 + H (+M) <=> sC4H9 (+M):HpA
 878  9.11385e-01   9.11384e-01   6.6482e-04  C4H81 + H <=> C2H4 + C2H5:A
 879  9.11381e-01   9.11388e-01  -3.3574e-03  C4H81 + H <=> C2H4 + C2H5:E
 880  9.11384e-01   9.11385e-01  -4.0323e-04  C4H81 + H <=> C3H6 + CH3:A
 881  9.11387e-01   9.11382e-01   2.8482e-03  C4H81 + H <=> C3H6 + CH3:E
 898  9.11495e-01   9.11274e-01   1.2098e-01  C4H82 + H (+M) <=> sC4H9 (+M):HpA
 914  9.11384e-01   9.11385e-01  -4.8167e-04  H + iC4H8 <=> C3H6 + CH3:A
 915  9.11388e-01   9.11381e-01   3.7930e-03  H + iC4H8 <=> C3H6 + CH3:E
 942  9.11206e-01   9.11563e-01  -1.9603e-01  C3H6 + CH3 (+M) <=> sC4H9 (+M):HpA
 968  9.11384e-01   9.11385e-01  -2.8596e-04  tC4H9 (+M) <=> H + iC4H8 (+M):HpA
 988  9.11398e-01   9.11374e-01   1.3424e-02  2 C2H5 (+M) <=> C4H10 (+M):HpA
 989  9.12259e-01   9.10511e-01   9.5866e-01  C4H10 + H <=> H2 + pC4H9:A
 990  9.08418e-01   9.14358e-01  -3.2585e+00  C4H10 + H <=> H2 + pC4H9:E
 991  9.10512e-01   9.12259e-01  -9.5835e-01  C4H10 + H <=> H2 + sC4H9:A
 992  9.13353e-01   9.09423e-01   2.1557e+00  C4H10 + H <=> H2 + sC4H9:E
 1009  9.11403e-01   9.11365e-01   2.0748e-02  C4H10 + CH3 <=> CH4 + pC4H9:A
 1312  9.11991e-01   9.10905e-01   5.9599e-01  HME <=> 2 tC4H9:E
Negative perturbation =  8.12252e-01
Value =  9.10855e-01
Rxn  Value+       Value-           Sensitivi   Reaction Name
 377  9.10867e-01   9.10846e-01   1.1530e-02  C2H4 + H (+M) <=> C2H5 (+M):HpA
 540  9.10856e-01   9.10854e-01   1.1350e-03  C3H6 + H <=> C2H4 + CH3:A
 541  9.10849e-01   9.10860e-01  -6.2106e-03  C3H6 + H <=> C2H4 + CH3:E
 877  9.10953e-01   9.10756e-01   1.0793e-01  C4H81 + H (+M) <=> sC4H9 (+M):HpA
 878  9.10855e-01   9.10854e-01   5.6595e-04  C4H81 + H <=> C2H4 + C2H5:A
 879  9.10852e-01   9.10857e-01  -3.0626e-03  C4H81 + H <=> C2H4 + C2H5:E
 880  9.10854e-01   9.10855e-01  -5.2693e-04  C4H81 + H <=> C3H6 + CH3:A
 881  9.10857e-01   9.10852e-01   3.0044e-03  C4H81 + H <=> C3H6 + CH3:E
 898  9.10965e-01   9.10744e-01   1.2107e-01  C4H82 + H (+M) <=> sC4H9 (+M):HpA
 914  9.10854e-01   9.10855e-01  -8.4055e-04  H + iC4H8 <=> C3H6 + CH3:A
 915  9.10858e-01   9.10851e-01   3.8850e-03  H + iC4H8 <=> C3H6 + CH3:E
 942  9.10676e-01   9.11033e-01  -1.9577e-01  C3H6 + CH3 (+M) <=> sC4H9 (+M):HpA
 968  9.10854e-01   9.10855e-01  -2.4628e-04  tC4H9 (+M) <=> H + iC4H8 (+M):HpA
 988  9.10868e-01   9.10844e-01   1.3372e-02  2 C2H5 (+M) <=> C4H10 (+M):HpA
 989  9.11728e-01   9.09982e-01   9.5856e-01  C4H10 + H <=> H2 + pC4H9:A
 990  9.07889e-01   9.13827e-01  -3.2593e+00  C4H10 + H <=> H2 + pC4H9:E
 991  9.09982e-01   9.11727e-01  -9.5786e-01  C4H10 + H <=> H2 + sC4H9:A
 992  9.12821e-01   9.08895e-01   2.1551e+00  C4H10 + H <=> H2 + sC4H9:E
 1009  9.10873e-01   9.10835e-01   2.0926e-02  C4H10 + CH3 <=> CH4 + pC4H9:A
 1312  9.11478e-01   9.10357e-01   6.1515e-01  HME <=> 2 tC4H9:E

Parameter number =  541 C3H6 + H <=> C2H4 + CH3:E     
Positive perturbation =  1.03547e+00
Value =  9.10863e-01
Rxn  Value+       Value-           Sensitivi   Reaction Name
 377  9.10876e-01   9.10855e-01   1.1640e-02  C2H4 + H (+M) <=> C2H5 (+M):HpA
 540  9.10864e-01   9.10862e-01   1.2089e-03  C3H6 + H <=> C2H4 + CH3:A
 541  9.10857e-01   9.10869e-01  -6.7841e-03  C3H6 + H <=> C2H4 + CH3:E
 877  9.10961e-01   9.10765e-01   1.0797e-01  C4H81 + H (+M) <=> sC4H9 (+M):HpA
 878  9.10864e-01   9.10863e-01   6.4279e-04  C4H81 + H <=> C2H4 + C2H5:A
 879  9.10860e-01   9.10866e-01  -3.2495e-03  C4H81 + H <=> C2H4 + C2H5:E
 880  9.10863e-01   9.10864e-01  -4.2823e-04  C4H81 + H <=> C3H6 + CH3:A
 881  9.10866e-01   9.10861e-01   2.8150e-03  C4H81 + H <=> C3H6 + CH3:E
 898  9.10973e-01   9.10753e-01   1.2102e-01  C4H82 + H (+M) <=> sC4H9 (+M):HpA
 914  9.10863e-01   9.10864e-01  -6.4097e-04  H + iC4H8 <=> C3H6 + CH3:A
 915  9.10866e-01   9.10860e-01   3.7142e-03  H + iC4H8 <=> C3H6 + CH3:E
 942  9.10685e-01   9.11042e-01  -1.9596e-01  C3H6 + CH3 (+M) <=> sC4H9 (+M):HpA
 968  9.10863e-01   9.10863e-01  -1.0571e-04  tC4H9 (+M) <=> H + iC4H8 (+M):HpA
 988  9.10877e-01   9.10852e-01   1.3603e-02  2 C2H5 (+M) <=> C4H10 (+M):HpA
 989  9.11737e-01   9.09990e-01   9.5852e-01  C4H10 + H <=> H2 + pC4H9:A
 990  9.07898e-01   9.13835e-01  -3.2593e+00  C4H10 + H <=> H2 + pC4H9:E
 991  9.09991e-01   9.11736e-01  -9.5788e-01  C4H10 + H <=> H2 + sC4H9:A
 992  9.12830e-01   9.08903e-01   2.1554e+00  C4H10 + H <=> H2 + sC4H9:E
 1009  9.10882e-01   9.10844e-01   2.0808e-02  C4H10 + CH3 <=> CH4 + pC4H9:A
 1312  9.11486e-01   9.10366e-01   6.1483e-01  HME <=> 2 tC4H9:E
Negative perturbation =  9.65745e-01
Value =  9.11361e-01
Rxn  Value+       Value-           Sensitivi   Reaction Name
 377  9.11374e-01   9.11353e-01   1.1508e-02  C2H4 + H (+M) <=> C2H5 (+M):HpA
 540  9.11363e-01   9.11360e-01   1.7147e-03  C3H6 + H <=> C2H4 + CH3:A
 541  9.11353e-01   9.11370e-01  -9.0743e-03  C3H6 + H <=> C2H4 + CH3:E
 877  9.11460e-01   9.11262e-01   1.0816e-01  C4H81 + H (+M) <=> sC4H9 (+M):HpA
 878  9.11362e-01   9.11361e-01   6.1079e-04  C4H81 + H <=> C2H4 + C2H5:A
 879  9.11358e-01   9.11364e-01  -3.1598e-03  C4H81 + H <=> C2H4 + C2H5:E
 880  9.11361e-01   9.11362e-01  -5.0290e-04  C4H81 + H <=> C3H6 + CH3:A
 881  9.11364e-01   9.11359e-01   2.8389e-03  C4H81 + H <=> C3H6 + CH3:E
 898  9.11472e-01   9.11250e-01   1.2133e-01  C4H82 + H (+M) <=> sC4H9 (+M):HpA
 914  9.11361e-01   9.11362e-01  -6.3337e-04  H + iC4H8 <=> C3H6 + CH3:A
 915  9.11365e-01   9.11358e-01   3.8828e-03  H + iC4H8 <=> C3H6 + CH3:E
 942  9.11183e-01   9.11540e-01  -1.9590e-01  C3H6 + CH3 (+M) <=> sC4H9 (+M):HpA
 968  9.11361e-01   9.11361e-01  -1.7957e-04  tC4H9 (+M) <=> H + iC4H8 (+M):HpA
 988  9.11375e-01   9.11351e-01   1.3288e-02  2 C2H5 (+M) <=> C4H10 (+M):HpA
 989  9.12235e-01   9.10488e-01   9.5845e-01  C4H10 + H <=> H2 + pC4H9:A
 990  9.08395e-01   9.14334e-01  -3.2584e+00  C4H10 + H <=> H2 + pC4H9:E
 991  9.10488e-01   9.12235e-01  -9.5809e-01  C4H10 + H <=> H2 + sC4H9:A
 992  9.13329e-01   9.09400e-01   2.1556e+00  C4H10 + H <=> H2 + sC4H9:E
 1009  9.11380e-01   9.11342e-01   2.1060e-02  C4H10 + CH3 <=> CH4 + pC4H9:A
 1312  9.11969e-01   9.10881e-01   5.9679e-01  HME <=> 2 tC4H9:E

Parameter number =  877 C4H81 + H (+M) <=> sC4H9 (+M):HpA
Positive perturbation =  1.39039e+00
Value =  9.47327e-01
Rxn  Value+       Value-           Sensitivi   Reaction Name
 377  9.47341e-01   9.47318e-01   1.1726e-02  C2H4 + H (+M) <=> C2H5 (+M):HpA
 540  9.47328e-01   9.47326e-01   1.2071e-03  C3H6 + H <=> C2H4 + CH3:A
 541  9.47320e-01   9.47335e-01  -7.8691e-03  C3H6 + H <=> C2H4 + CH3:E
 877  9.47449e-01   9.47205e-01   1.2867e-01  C4H81 + H (+M) <=> sC4H9 (+M):HpA
 878  9.47328e-01   9.47327e-01   5.1722e-04  C4H81 + H <=> C2H4 + C2H5:A
 879  9.47323e-01   9.47331e-01  -4.2311e-03  C4H81 + H <=> C2H4 + C2H5:E
 880  9.47326e-01   9.47328e-01  -8.8613e-04  C4H81 + H <=> C3H6 + CH3:A
 881  9.47331e-01   9.47323e-01   3.9061e-03  C4H81 + H <=> C3H6 + CH3:E
 898  9.47438e-01   9.47217e-01   1.1635e-01  C4H82 + H (+M) <=> sC4H9 (+M):HpA
 914  9.47327e-01   9.47328e-01  -5.2417e-04  H + iC4H8 <=> C3H6 + CH3:A
 915  9.47331e-01   9.47324e-01   3.7866e-03  H + iC4H8 <=> C3H6 + CH3:E
 942  9.47125e-01   9.47530e-01  -2.1371e-01  C3H6 + CH3 (+M) <=> sC4H9 (+M):HpA
 968  9.47327e-01   9.47327e-01  -6.7307e-06  tC4H9 (+M) <=> H + iC4H8 (+M):HpA
 988  9.47341e-01   9.47317e-01   1.2890e-02  2 C2H5 (+M) <=> C4H10 (+M):HpA
 989  9.48237e-01   9.46418e-01   9.5967e-01  C4H10 + H <=> H2 + pC4H9:A
 990  9.44240e-01   9.50422e-01  -3.2633e+00  C4H10 + H <=> H2 + pC4H9:E
 991  9.46419e-01   9.48236e-01  -9.5917e-01  C4H10 + H <=> H2 + sC4H9:A
 992  9.49375e-01   9.45286e-01   2.1579e+00  C4H10 + H <=> H2 + sC4H9:E
 1009  9.47346e-01   9.47308e-01   1.9905e-02  C4H10 + CH3 <=> CH4 + pC4H9:A
 1312  9.47952e-01   9.46829e-01   5.9294e-01  HME <=> 2 tC4H9:E
Negative perturbation =  7.19223e-01
Value =  8.82064e-01
Rxn  Value+       Value-           Sensitivi   Reaction Name
 377  8.82077e-01   8.82108e-01  -1.7724e-02  C2H4 + H (+M) <=> C2H5 (+M):HpA
 540  8.82066e-01   8.82063e-01   1.3597e-03  C3H6 + H <=> C2H4 + CH3:A
 541  8.82058e-01   8.82071e-01  -7.7070e-03  C3H6 + H <=> C2H4 + CH3:E
 877  8.82143e-01   8.81986e-01   8.8781e-02  C4H81 + H (+M) <=> sC4H9 (+M):HpA
 878  8.82065e-01   8.82064e-01   4.4798e-04  C4H81 + H <=> C2H4 + C2H5:A
 879  8.82062e-01   8.82067e-01  -2.3334e-03  C4H81 + H <=> C2H4 + C2H5:E
 880  8.82064e-01   8.82065e-01  -3.7431e-04  C4H81 + H <=> C3H6 + CH3:A
 881  8.82066e-01   8.82063e-01   2.1126e-03  C4H81 + H <=> C3H6 + CH3:E
 898  8.82175e-01   8.81954e-01   1.2543e-01  C4H82 + H (+M) <=> sC4H9 (+M):HpA
 914  8.82064e-01   8.82065e-01  -5.9470e-04  H + iC4H8 <=> C3H6 + CH3:A
 915  8.82068e-01   8.82061e-01   3.8451e-03  H + iC4H8 <=> C3H6 + CH3:E
 942  8.81906e-01   8.82224e-01  -1.8009e-01  C3H6 + CH3 (+M) <=> sC4H9 (+M):HpA
 968  8.82065e-01   8.82065e-01   6.0693e-05  tC4H9 (+M) <=> H + iC4H8 (+M):HpA
 988  8.82130e-01   8.82054e-01   4.3045e-02  2 C2H5 (+M) <=> C4H10 (+M):HpA
 989  8.82909e-01   8.81220e-01   9.5748e-01  C4H10 + H <=> H2 + pC4H9:A
 990  8.79197e-01   8.84939e-01  -3.2551e+00  C4H10 + H <=> H2 + pC4H9:E
 991  8.81221e-01   8.82909e-01  -9.5684e-01  C4H10 + H <=> H2 + sC4H9:A
 992  8.83967e-01   8.80168e-01   2.1532e+00  C4H10 + H <=> H2 + sC4H9:E
 1009  8.82084e-01   8.82045e-01   2.1652e-02  C4H10 + CH3 <=> CH4 + pC4H9:A
 1312  8.82675e-01   8.81584e-01   6.1866e-01  HME <=> 2 tC4H9:E

Parameter number =  878 C4H81 + H <=> C2H4 + C2H5:A   
Positive perturbation =  1.39039e+00
Value =  9.11293e-01
Rxn  Value+       Value-           Sensitivi   Reaction Name
 377  9.11306e-01   9.11285e-01   1.1705e-02  C2H4 + H (+M) <=> C2H5 (+M):HpA
 540  9.11295e-01   9.11292e-01   1.3962e-03  C3H6 + H <=> C2H4 + CH3:A
 541  9.11287e-01   9.11301e-01  -7.6704e-03  C3H6 + H <=> C2H4 + CH3:E
 877  9.11392e-01   9.11195e-01   1.0802e-01  C4H81 + H (+M) <=> sC4H9 (+M):HpA
 878  9.11294e-01   9.11293e-01   7.7460e-04  C4H81 + H <=> C2H4 + C2H5:A
 879  9.11289e-01   9.11298e-01  -4.4111e-03  C4H81 + H <=> C2H4 + C2H5:E
 880  9.11293e-01   9.11294e-01  -4.9646e-04  C4H81 + H <=> C3H6 + CH3:A
 881  9.11296e-01   9.11291e-01   2.9076e-03  C4H81 + H <=> C3H6 + CH3:E
 898  9.11404e-01   9.11183e-01   1.2106e-01  C4H82 + H (+M) <=> sC4H9 (+M):HpA
 914  9.11293e-01   9.11294e-01  -5.2125e-04  H + iC4H8 <=> C3H6 + CH3:A
 915  9.11297e-01   9.11290e-01   3.8849e-03  H + iC4H8 <=> C3H6 + CH3:E
 942  9.11115e-01   9.11472e-01  -1.9600e-01  C3H6 + CH3 (+M) <=> sC4H9 (+M):HpA
 968  9.11294e-01   9.11294e-01  -8.2460e-05  tC4H9 (+M) <=> H + iC4H8 (+M):HpA
 988  9.11307e-01   9.11283e-01   1.3407e-02  2 C2H5 (+M) <=> C4H10 (+M):HpA
 989  9.12168e-01   9.10421e-01   9.5831e-01  C4H10 + H <=> H2 + pC4H9:A
 990  9.08328e-01   9.14266e-01  -3.2583e+00  C4H10 + H <=> H2 + pC4H9:E
 991  9.10421e-01   9.12167e-01  -9.5789e-01  C4H10 + H <=> H2 + sC4H9:A
 992  9.13261e-01   9.09333e-01   2.1554e+00  C4H10 + H <=> H2 + sC4H9:E
 1009  9.11313e-01   9.11275e-01   2.0885e-02  C4H10 + CH3 <=> CH4 + pC4H9:A
 1312  9.11903e-01   9.10811e-01   5.9911e-01  HME <=> 2 tC4H9:E
Negative perturbation =  7.19223e-01
Value =  9.10947e-01
Rxn  Value+       Value-           Sensitivi   Reaction Name
 377  9.10960e-01   9.10939e-01   1.1583e-02  C2H4 + H (+M) <=> C2H5 (+M):HpA
 540  9.10948e-01   9.10946e-01   1.3465e-03  C3H6 + H <=> C2H4 + CH3:A
 541  9.10940e-01   9.10954e-01  -7.7398e-03  C3H6 + H <=> C2H4 + CH3:E
 877  9.11045e-01   9.10849e-01   1.0772e-01  C4H81 + H (+M) <=> sC4H9 (+M):HpA
 878  9.10947e-01   9.10947e-01   2.6420e-04  C4H81 + H <=> C2H4 + C2H5:A
 879  9.10945e-01   9.10949e-01  -2.2586e-03  C4H81 + H <=> C2H4 + C2H5:E
 880  9.10947e-01   9.10948e-01  -6.1819e-04  C4H81 + H <=> C3H6 + CH3:A
 881  9.10950e-01   9.10945e-01   2.8408e-03  C4H81 + H <=> C3H6 + CH3:E
 898  9.11058e-01   9.10837e-01   1.2131e-01  C4H82 + H (+M) <=> sC4H9 (+M):HpA
 914  9.10947e-01   9.10948e-01  -5.7676e-04  H + iC4H8 <=> C3H6 + CH3:A
 915  9.10951e-01   9.10944e-01   3.8039e-03  H + iC4H8 <=> C3H6 + CH3:E
 942  9.10769e-01   9.11125e-01  -1.9571e-01  C3H6 + CH3 (+M) <=> sC4H9 (+M):HpA
 968  9.10947e-01   9.10947e-01  -1.9318e-04  tC4H9 (+M) <=> H + iC4H8 (+M):HpA
 988  9.10961e-01   9.10936e-01   1.3595e-02  2 C2H5 (+M) <=> C4H10 (+M):HpA
 989  9.11821e-01   9.10074e-01   9.5861e-01  C4H10 + H <=> H2 + pC4H9:A
 990  9.07981e-01   9.13920e-01  -3.2594e+00  C4H10 + H <=> H2 + pC4H9:E
 991  9.10075e-01   9.11820e-01  -9.5808e-01  C4H10 + H <=> H2 + sC4H9:A
 992  9.12914e-01   9.08986e-01   2.1556e+00  C4H10 + H <=> H2 + sC4H9:E
 1009  9.10966e-01   9.10928e-01   2.0773e-02  C4H10 + CH3 <=> CH4 + pC4H9:A
 1312  9.11568e-01   9.10453e-01   6.1189e-01  HME <=> 2 tC4H9:E

Parameter number =  879 C4H81 + H <=> C2H4 + C2H5:E   
Positive perturbation =  1.05497e+00
Value =  9.10955e-01
Rxn  Value+       Value-           Sensitivi   Reaction Name
 377  9.10967e-01   9.10946e-01   1.1725e-02  C2H4 + H (+M) <=> C2H5 (+M):HpA
 540  9.10956e-01   9.10953e-01   1.3049e-03  C3H6 + H <=> C2H4 + CH3:A
 541  9.10948e-01   9.10962e-01  -7.6933e-03  C3H6 + H <=> C2H4 + CH3:E
 877  9.11053e-01   9.10856e-01   1.0785e-01  C4H81 + H (+M) <=> sC4H9 (+M):HpA
 878  9.10955e-01   9.10954e-01   2.8940e-04  C4H81 + H <=> C2H4 + C2H5:A
 879  9.10952e-01   9.10957e-01  -2.3568e-03  C4H81 + H <=> C2H4 + C2H5:E
 880  9.10954e-01   9.10955e-01  -6.0770e-04  C4H81 + H <=> C3H6 + CH3:A
 881  9.10957e-01   9.10952e-01   2.9736e-03  C4H81 + H <=> C3H6 + CH3:E
 898  9.11065e-01   9.10844e-01   1.2116e-01  C4H82 + H (+M) <=> sC4H9 (+M):HpA
 914  9.10954e-01   9.10955e-01  -6.5820e-04  H + iC4H8 <=> C3H6 + CH3:A
 915  9.10958e-01   9.10951e-01   3.7019e-03  H + iC4H8 <=> C3H6 + CH3:E
 942  9.10776e-01   9.11133e-01  -1.9601e-01  C3H6 + CH3 (+M) <=> sC4H9 (+M):HpA
 968  9.10955e-01   9.10955e-01  -9.2642e-05  tC4H9 (+M) <=> H + iC4H8 (+M):HpA
 988  9.10968e-01   9.10944e-01   1.3450e-02  2 C2H5 (+M) <=> C4H10 (+M):HpA
 989  9.11828e-01   9.10082e-01   9.5854e-01  C4H10 + H <=> H2 + pC4H9:A
 990  9.07989e-01   9.13928e-01  -3.2597e+00  C4H10 + H <=> H2 + pC4H9:E
 991  9.10082e-01   9.11828e-01  -9.5797e-01  C4H10 + H <=> H2 + sC4H9:A
 992  9.12922e-01   9.08994e-01   2.1555e+00  C4H10 + H <=> H2 + sC4H9:E
 1009  9.10973e-01   9.10935e-01   2.1028e-02  C4H10 + CH3 <=> CH4 + pC4H9:A
 1312  9.11575e-01   9.10461e-01   6.1162e-01  HME <=> 2 tC4H9:E
Negative perturbation =  9.47894e-01
Value =  9.11268e-01
Rxn  Value+       Value-           Sensitivi   Reaction Name
 377  9.11281e-01   9.11259e-01   1.1846e-02  C2H4 + H (+M) <=> C2H5 (+M):HpA
 540  9.11269e-01   9.11267e-01   1.3041e-03  C3H6 + H <=> C2H4 + CH3:A
 541  9.11261e-01   9.11275e-01  -7.8055e-03  C3H6 + H <=> C2H4 + CH3:E
 877  9.11367e-01   9.11169e-01   1.0836e-01  C4H81 + H (+M) <=> sC4H9 (+M):HpA
 878  9.11269e-01   9.11267e-01   6.7519e-04  C4H81 + H <=> C2H4 + C2H5:A
 879  9.11264e-01   9.11272e-01  -3.9488e-03  C4H81 + H <=> C2H4 + C2H5:E
 880  9.11268e-01   9.11268e-01  -4.8987e-04  C4H81 + H <=> C3H6 + CH3:A
 881  9.11271e-01   9.11265e-01   2.9081e-03  C4H81 + H <=> C3H6 + CH3:E
 898  9.11379e-01   9.11158e-01   1.2126e-01  C4H82 + H (+M) <=> sC4H9 (+M):HpA
 914  9.11267e-01   9.11269e-01  -6.3492e-04  H + iC4H8 <=> C3H6 + CH3:A
 915  9.11271e-01   9.11264e-01   3.7670e-03  H + iC4H8 <=> C3H6 + CH3:E
 942  9.11089e-01   9.11447e-01  -1.9605e-01  C3H6 + CH3 (+M) <=> sC4H9 (+M):HpA
 968  9.11268e-01   9.11268e-01   2.8307e-05  tC4H9 (+M) <=> H + iC4H8 (+M):HpA
 988  9.11282e-01   9.11257e-01   1.3405e-02  2 C2H5 (+M) <=> C4H10 (+M):HpA
 989  9.12142e-01   9.10395e-01   9.5836e-01  C4H10 + H <=> H2 + pC4H9:A
 990  9.08303e-01   9.14241e-01  -3.2582e+00  C4H10 + H <=> H2 + pC4H9:E
 991  9.10395e-01   9.12141e-01  -9.5788e-01  C4H10 + H <=> H2 + sC4H9:A
 992  9.13235e-01   9.09307e-01   2.1556e+00  C4H10 + H <=> H2 + sC4H9:E
 1009  9.11287e-01   9.11249e-01   2.1061e-02  C4H10 + CH3 <=> CH4 + pC4H9:A
 1312  9.11878e-01   9.10785e-01   6.0002e-01  HME <=> 2 tC4H9:E

Parameter number =  880 C4H81 + H <=> C3H6 + CH3:A    
Positive perturbation =  1.62066e+00
Value =  9.10804e-01
Rxn  Value+       Value-           Sensitivi   Reaction Name
 377  9.10817e-01   9.10796e-01   1.1455e-02  C2H4 + H (+M) <=> C2H5 (+M):HpA
 540  9.10806e-01   9.10803e-01   1.4643e-03  C3H6 + H <=> C2H4 + CH3:A
 541  9.10798e-01   9.10812e-01  -7.7386e-03  C3H6 + H <=> C2H4 + CH3:E
 877  9.10903e-01   9.10706e-01   1.0786e-01  C4H81 + H (+M) <=> sC4H9 (+M):HpA
 878  9.10805e-01   9.10804e-01   6.0454e-04  C4H81 + H <=> C2H4 + C2H5:A
 879  9.10802e-01   9.10808e-01  -3.1774e-03  C4H81 + H <=> C2H4 + C2H5:E
 880  9.10804e-01   9.10805e-01  -7.7426e-04  C4H81 + H <=> C3H6 + CH3:A
 881  9.10809e-01   9.10800e-01   4.6960e-03  C4H81 + H <=> C3H6 + CH3:E
 898  9.10915e-01   9.10694e-01   1.2115e-01  C4H82 + H (+M) <=> sC4H9 (+M):HpA
 914  9.10804e-01   9.10805e-01  -5.5647e-04  H + iC4H8 <=> C3H6 + CH3:A
 915  9.10808e-01   9.10801e-01   3.9244e-03  H + iC4H8 <=> C3H6 + CH3:E
 942  9.10627e-01   9.10983e-01  -1.9540e-01  C3H6 + CH3 (+M) <=> sC4H9 (+M):HpA
 968  9.10804e-01   9.10805e-01  -2.2408e-04  tC4H9 (+M) <=> H + iC4H8 (+M):HpA
 988  9.10819e-01   9.10794e-01   1.3563e-02  2 C2H5 (+M) <=> C4H10 (+M):HpA
 989  9.11678e-01   9.09932e-01   9.5833e-01  C4H10 + H <=> H2 + pC4H9:A
 990  9.07840e-01   9.13776e-01  -3.2587e+00  C4H10 + H <=> H2 + pC4H9:E
 991  9.09933e-01   9.11677e-01  -9.5768e-01  C4H10 + H <=> H2 + sC4H9:A
 992  9.12770e-01   9.08845e-01   2.1549e+00  C4H10 + H <=> H2 + sC4H9:E
 1009  9.10824e-01   9.10785e-01   2.0979e-02  C4H10 + CH3 <=> CH4 + pC4H9:A
 1312  9.11430e-01   9.10306e-01   6.1705e-01  HME <=> 2 tC4H9:E
Negative perturbation =  6.17034e-01
Value =  9.11270e-01
Rxn  Value+       Value-           Sensitivi   Reaction Name
 377  9.11283e-01   9.11262e-01   1.1510e-02  C2H4 + H (+M) <=> C2H5 (+M):HpA
 540  9.11271e-01   9.11269e-01   1.4607e-03  C3H6 + H <=> C2H4 + CH3:A
 541  9.11263e-01   9.11277e-01  -7.8345e-03  C3H6 + H <=> C2H4 + CH3:E
 877  9.11369e-01   9.11171e-01   1.0842e-01  C4H81 + H (+M) <=> sC4H9 (+M):HpA
 878  9.11270e-01   9.11269e-01   5.4690e-04  C4H81 + H <=> C2H4 + C2H5:A
 879  9.11267e-01   9.11273e-01  -3.0776e-03  C4H81 + H <=> C2H4 + C2H5:E
 880  9.11270e-01   9.11270e-01  -3.2854e-04  C4H81 + H <=> C3H6 + CH3:A
 881  9.11271e-01   9.11268e-01   1.7008e-03  C4H81 + H <=> C3H6 + CH3:E
 898  9.11381e-01   9.11159e-01   1.2131e-01  C4H82 + H (+M) <=> sC4H9 (+M):HpA
 914  9.11269e-01   9.11270e-01  -6.1621e-04  H + iC4H8 <=> C3H6 + CH3:A
 915  9.11273e-01   9.11267e-01   3.8344e-03  H + iC4H8 <=> C3H6 + CH3:E
 942  9.11091e-01   9.11448e-01  -1.9585e-01  C3H6 + CH3 (+M) <=> sC4H9 (+M):HpA
 968  9.11270e-01   9.11270e-01  -1.3959e-05  tC4H9 (+M) <=> H + iC4H8 (+M):HpA
 988  9.11284e-01   9.11260e-01   1.3202e-02  2 C2H5 (+M) <=> C4H10 (+M):HpA
 989  9.12144e-01   9.10397e-01   9.5852e-01  C4H10 + H <=> H2 + pC4H9:A
 990  9.08304e-01   9.14243e-01  -3.2591e+00  C4H10 + H <=> H2 + pC4H9:E
 991  9.10397e-01   9.12143e-01  -9.5817e-01  C4H10 + H <=> H2 + sC4H9:A
 992  9.13238e-01   9.09308e-01   2.1559e+00  C4H10 + H <=> H2 + sC4H9:E
 1009  9.11289e-01   9.11251e-01   2.0734e-02  C4H10 + CH3 <=> CH4 + pC4H9:A
 1312  9.11880e-01   9.10787e-01   6.0006e-01  HME <=> 2 tC4H9:E

Parameter number =  881 C4H81 + H <=> C3H6 + CH3:E    
Positive perturbation =  1.05622e+00
Value =  9.11218e-01
Rxn  Value+       Value-           Sensitivi   Reaction Name
 377  9.11231e-01   9.11209e-01   1.1851e-02  C2H4 + H (+M) <=> C2H5 (+M):HpA
 540  9.11219e-01   9.11217e-01   1.3687e-03  C3H6 + H <=> C2H4 + CH3:A
 541  9.11211e-01   9.11225e-01  -7.8952e-03  C3H6 + H <=> C2H4 + CH3:E
 877  9.11316e-01   9.11119e-01   1.0813e-01  C4H81 + H (+M) <=> sC4H9 (+M):HpA
 878  9.11218e-01   9.11217e-01   5.6329e-04  C4H81 + H <=> C2H4 + C2H5:A
 879  9.11215e-01   9.11221e-01  -3.1211e-03  C4H81 + H <=> C2H4 + C2H5:E
 880  9.11218e-01   9.11218e-01  -3.8140e-04  C4H81 + H <=> C3H6 + CH3:A
 881  9.11220e-01   9.11216e-01   2.1036e-03  C4H81 + H <=> C3H6 + CH3:E
 898  9.11328e-01   9.11108e-01   1.2108e-01  C4H82 + H (+M) <=> sC4H9 (+M):HpA
 914  9.11218e-01   9.11218e-01  -5.2559e-04  H + iC4H8 <=> C3H6 + CH3:A
 915  9.11221e-01   9.11215e-01   3.8004e-03  H + iC4H8 <=> C3H6 + CH3:E
 942  9.11040e-01   9.11396e-01  -1.9577e-01  C3H6 + CH3 (+M) <=> sC4H9 (+M):HpA
 968  9.11218e-01   9.11218e-01  -1.0562e-04  tC4H9 (+M) <=> H + iC4H8 (+M):HpA
 988  9.11232e-01   9.11207e-01   1.3378e-02  2 C2H5 (+M) <=> C4H10 (+M):HpA
 989  9.12092e-01   9.10345e-01   9.5851e-01  C4H10 + H <=> H2 + pC4H9:A
 990  9.08252e-01   9.14191e-01  -3.2590e+00  C4H10 + H <=> H2 + pC4H9:E
 991  9.10345e-01   9.12091e-01  -9.5808e-01  C4H10 + H <=> H2 + sC4H9:A
 992  9.13185e-01   9.09257e-01   2.1558e+00  C4H10 + H <=> H2 + sC4H9:E
 1009  9.11237e-01   9.11199e-01   2.1036e-02  C4H10 + CH3 <=> CH4 + pC4H9:A
 1312  9.11830e-01   9.10733e-01   6.0187e-01  HME <=> 2 tC4H9:E
Negative perturbation =  9.46772e-01
Value =  9.10930e-01
Rxn  Value+       Value-           Sensitivi   Reaction Name
 377  9.10943e-01   9.10922e-01   1.1631e-02  C2H4 + H (+M) <=> C2H5 (+M):HpA
 540  9.10931e-01   9.10929e-01   1.3691e-03  C3H6 + H <=> C2H4 + CH3:A
 541  9.10923e-01   9.10937e-01  -7.7030e-03  C3H6 + H <=> C2H4 + CH3:E
 877  9.11029e-01   9.10832e-01   1.0803e-01  C4H81 + H (+M) <=> sC4H9 (+M):HpA
 878  9.10931e-01   9.10929e-01   6.9517e-04  C4H81 + H <=> C2H4 + C2H5:A
 879  9.10927e-01   9.10933e-01  -3.1706e-03  C4H81 + H <=> C2H4 + C2H5:E
 880  9.10929e-01   9.10931e-01  -6.8070e-04  C4H81 + H <=> C3H6 + CH3:A
 881  9.10934e-01   9.10927e-01   3.7377e-03  C4H81 + H <=> C3H6 + CH3:E
 898  9.11041e-01   9.10820e-01   1.2119e-01  C4H82 + H (+M) <=> sC4H9 (+M):HpA
 914  9.10929e-01   9.10931e-01  -6.7911e-04  H + iC4H8 <=> C3H6 + CH3:A
 915  9.10933e-01   9.10927e-01   3.7961e-03  H + iC4H8 <=> C3H6 + CH3:E
 942  9.10752e-01   9.11109e-01  -1.9578e-01  C3H6 + CH3 (+M) <=> sC4H9 (+M):HpA
 968  9.10930e-01   9.10930e-01   1.8077e-05  tC4H9 (+M) <=> H + iC4H8 (+M):HpA
 988  9.10944e-01   9.10920e-01   1.3323e-02  2 C2H5 (+M) <=> C4H10 (+M):HpA
 989  9.11804e-01   9.10057e-01   9.5856e-01  C4H10 + H <=> H2 + pC4H9:A
 990  9.07965e-01   9.13902e-01  -3.2588e+00  C4H10 + H <=> H2 + pC4H9:E
 991  9.10058e-01   9.11803e-01  -9.5799e-01  C4H10 + H <=> H2 + sC4H9:A
 992  9.12897e-01   9.08971e-01   2.1550e+00  C4H10 + H <=> H2 + sC4H9:E
 1009  9.10949e-01   9.10911e-01   2.0818e-02  C4H10 + CH3 <=> CH4 + pC4H9:A
 1312  9.11552e-01   9.10436e-01   6.1248e-01  HME <=> 2 tC4H9:E

Parameter number =  898 C4H82 + H (+M) <=> sC4H9 (+M):HpA
Positive perturbation =  1.39039e+00
Value =  9.51756e-01
Rxn  Value+       Value-           Sensitivi   Reaction Name
 377  9.51769e-01   9.51747e-01   1.1675e-02  C2H4 + H (+M) <=> C2H5 (+M):HpA
 540  9.51757e-01   9.51755e-01   1.4333e-03  C3H6 + H <=> C2H4 + CH3:A
 541  9.51748e-01   9.51763e-01  -7.9865e-03  C3H6 + H <=> C2H4 + CH3:E
 877  9.51854e-01   9.51658e-01   1.0337e-01  C4H81 + H (+M) <=> sC4H9 (+M):HpA
 878  9.51756e-01   9.51755e-01   5.9641e-04  C4H81 + H <=> C2H4 + C2H5:A
 879  9.51753e-01   9.51759e-01  -3.1666e-03  C4H81 + H <=> C2H4 + C2H5:E
 880  9.51756e-01   9.51756e-01  -4.4404e-04  C4H81 + H <=> C3H6 + CH3:A
 881  9.51759e-01   9.51753e-01   3.0999e-03  C4H81 + H <=> C3H6 + CH3:E
 898  9.51893e-01   9.51619e-01   1.4374e-01  C4H82 + H (+M) <=> sC4H9 (+M):HpA
 914  9.51755e-01   9.51757e-01  -5.9871e-04  H + iC4H8 <=> C3H6 + CH3:A
 915  9.51760e-01   9.51752e-01   3.9531e-03  H + iC4H8 <=> C3H6 + CH3:E
 942  9.51550e-01   9.51962e-01  -2.1601e-01  C3H6 + CH3 (+M) <=> sC4H9 (+M):HpA
 968  9.51756e-01   9.51756e-01   1.7895e-04  tC4H9 (+M) <=> H + iC4H8 (+M):HpA
 988  9.51770e-01   9.51745e-01   1.2891e-02  2 C2H5 (+M) <=> C4H10 (+M):HpA
 989  9.52670e-01   9.50842e-01   9.6011e-01  C4H10 + H <=> H2 + pC4H9:A
 990  9.48653e-01   9.54867e-01  -3.2645e+00  C4H10 + H <=> H2 + pC4H9:E
 991  9.50843e-01   9.52670e-01  -9.5957e-01  C4H10 + H <=> H2 + sC4H9:A
 992  9.53814e-01   9.49705e-01   2.1590e+00  C4H10 + H <=> H2 + sC4H9:E
 1009  9.51775e-01   9.51737e-01   1.9966e-02  C4H10 + CH3 <=> CH4 + pC4H9:A
 1312  9.52383e-01   9.51255e-01   5.9226e-01  HME <=> 2 tC4H9:E
Negative perturbation =  7.19223e-01
Value =  8.78522e-01
Rxn  Value+       Value-           Sensitivi   Reaction Name
 377  8.78535e-01   8.78566e-01  -1.7782e-02  C2H4 + H (+M) <=> C2H5 (+M):HpA
 540  8.78523e-01   8.78521e-01   1.2029e-03  C3H6 + H <=> C2H4 + CH3:A
 541  8.78516e-01   8.78529e-01  -7.6772e-03  C3H6 + H <=> C2H4 + CH3:E
 877  8.78621e-01   8.78424e-01   1.1218e-01  C4H81 + H (+M) <=> sC4H9 (+M):HpA
 878  8.78523e-01   8.78522e-01   4.5136e-04  C4H81 + H <=> C2H4 + C2H5:A
 879  8.78520e-01   8.78525e-01  -3.0231e-03  C4H81 + H <=> C2H4 + C2H5:E
 880  8.78522e-01   8.78523e-01  -6.5873e-04  C4H81 + H <=> C3H6 + CH3:A
 881  8.78525e-01   8.78520e-01   2.7471e-03  C4H81 + H <=> C3H6 + CH3:E
 898  8.78610e-01   8.78435e-01   9.9950e-02  C4H82 + H (+M) <=> sC4H9 (+M):HpA
 914  8.78522e-01   8.78523e-01  -7.5021e-04  H + iC4H8 <=> C3H6 + CH3:A
 915  8.78526e-01   8.78519e-01   3.6466e-03  H + iC4H8 <=> C3H6 + CH3:E
 942  8.78366e-01   8.78679e-01  -1.7832e-01  C3H6 + CH3 (+M) <=> sC4H9 (+M):HpA
 968  8.78523e-01   8.78523e-01   2.2520e-05  tC4H9 (+M) <=> H + iC4H8 (+M):HpA
 988  8.78588e-01   8.78512e-01   4.3284e-02  2 C2H5 (+M) <=> C4H10 (+M):HpA
 989  8.79364e-01   8.77682e-01   9.5728e-01  C4H10 + H <=> H2 + pC4H9:A
 990  8.75667e-01   8.81385e-01  -3.2543e+00  C4H10 + H <=> H2 + pC4H9:E
 991  8.77682e-01   8.79363e-01  -9.5672e-01  C4H10 + H <=> H2 + sC4H9:A
 992  8.80417e-01   8.76634e-01   2.1526e+00  C4H10 + H <=> H2 + sC4H9:E
 1009  8.78541e-01   8.78503e-01   2.1535e-02  C4H10 + CH3 <=> CH4 + pC4H9:A
 1312  8.79131e-01   8.78042e-01   6.1996e-01  HME <=> 2 tC4H9:E

Parameter number =  914 H + iC4H8 <=> C3H6 + CH3:A    
Positive perturbation =  1.39039e+00
Value =  9.10852e-01
Rxn  Value+       Value-           Sensitivi   Reaction Name
 377  9.10865e-01   9.10844e-01   1.1757e-02  C2H4 + H (+M) <=> C2H5 (+M):HpA
 540  9.10854e-01   9.10851e-01   1.3756e-03  C3H6 + H <=> C2H4 + CH3:A
 541  9.10845e-01   9.10859e-01  -7.7081e-03  C3H6 + H <=> C2H4 + CH3:E
 877  9.10950e-01   9.10754e-01   1.0780e-01  C4H81 + H (+M) <=> sC4H9 (+M):HpA
 878  9.10853e-01   9.10852e-01   5.5050e-04  C4H81 + H <=> C2H4 + C2H5:A
 879  9.10849e-01   9.10855e-01  -3.1074e-03  C4H81 + H <=> C2H4 + C2H5:E
 880  9.10852e-01   9.10853e-01  -5.0985e-04  C4H81 + H <=> C3H6 + CH3:A
 881  9.10855e-01   9.10849e-01   2.9611e-03  C4H81 + H <=> C3H6 + CH3:E
 898  9.10963e-01   9.10742e-01   1.2143e-01  C4H82 + H (+M) <=> sC4H9 (+M):HpA
 914  9.10851e-01   9.10853e-01  -1.1674e-03  H + iC4H8 <=> C3H6 + CH3:A
 915  9.10857e-01   9.10847e-01   5.3057e-03  H + iC4H8 <=> C3H6 + CH3:E
 942  9.10674e-01   9.11031e-01  -1.9583e-01  C3H6 + CH3 (+M) <=> sC4H9 (+M):HpA
 968  9.10852e-01   9.10852e-01  -8.6503e-05  tC4H9 (+M) <=> H + iC4H8 (+M):HpA
 988  9.10866e-01   9.10842e-01   1.3406e-02  2 C2H5 (+M) <=> C4H10 (+M):HpA
 989  9.11726e-01   9.09980e-01   9.5869e-01  C4H10 + H <=> H2 + pC4H9:A
 990  9.07887e-01   9.13824e-01  -3.2589e+00  C4H10 + H <=> H2 + pC4H9:E
 991  9.09981e-01   9.11725e-01  -9.5753e-01  C4H10 + H <=> H2 + sC4H9:A
 992  9.12818e-01   9.08893e-01   2.1548e+00  C4H10 + H <=> H2 + sC4H9:E
 1009  9.10871e-01   9.10833e-01   2.0852e-02  C4H10 + CH3 <=> CH4 + pC4H9:A
 1312  9.11476e-01   9.10355e-01   6.1552e-01  HME <=> 2 tC4H9:E
Negative perturbation =  7.19223e-01
Value =  9.11265e-01
Rxn  Value+       Value-           Sensitivi   Reaction Name
 377  9.11278e-01   9.11256e-01   1.1842e-02  C2H4 + H (+M) <=> C2H5 (+M):HpA
 540  9.11266e-01   9.11263e-01   1.3902e-03  C3H6 + H <=> C2H4 + CH3:A
 541  9.11258e-01   9.11272e-01  -7.8334e-03  C3H6 + H <=> C2H4 + CH3:E
 877  9.11363e-01   9.11166e-01   1.0802e-01  C4H81 + H (+M) <=> sC4H9 (+M):HpA
 878  9.11265e-01   9.11264e-01   5.7542e-04  C4H81 + H <=> C2H4 + C2H5:A
 879  9.11262e-01   9.11268e-01  -3.1951e-03  C4H81 + H <=> C2H4 + C2H5:E
 880  9.11264e-01   9.11265e-01  -5.3343e-04  C4H81 + H <=> C3H6 + CH3:A
 881  9.11267e-01   9.11262e-01   2.8020e-03  C4H81 + H <=> C3H6 + CH3:E
 898  9.11375e-01   9.11154e-01   1.2111e-01  C4H82 + H (+M) <=> sC4H9 (+M):HpA
 914  9.11264e-01   9.11265e-01  -4.7235e-04  H + iC4H8 <=> C3H6 + CH3:A
 915  9.11267e-01   9.11262e-01   2.8073e-03  H + iC4H8 <=> C3H6 + CH3:E
 942  9.11086e-01   9.11443e-01  -1.9603e-01  C3H6 + CH3 (+M) <=> sC4H9 (+M):HpA
 968  9.11265e-01   9.11265e-01  -2.7249e-05  tC4H9 (+M) <=> H + iC4H8 (+M):HpA
 988  9.11279e-01   9.11254e-01   1.3462e-02  2 C2H5 (+M) <=> C4H10 (+M):HpA
 989  9.12139e-01   9.10391e-01   9.5877e-01  C4H10 + H <=> H2 + pC4H9:A
 990  9.08299e-01   9.14238e-01  -3.2588e+00  C4H10 + H <=> H2 + pC4H9:E
 991  9.10392e-01   9.12139e-01  -9.5836e-01  C4H10 + H <=> H2 + sC4H9:A
 992  9.13232e-01   9.09303e-01   2.1558e+00  C4H10 + H <=> H2 + sC4H9:E
 1009  9.11283e-01   9.11245e-01   2.0878e-02  C4H10 + CH3 <=> CH4 + pC4H9:A
 1312  9.11875e-01   9.10781e-01   6.0017e-01  HME <=> 2 tC4H9:E

Parameter number =  915 H + iC4H8 <=> C3H6 + CH3:E    
Positive perturbation =  1.05497e+00
Value =  9.11256e-01
Rxn  Value+       Value-           Sensitivi   Reaction Name
 377  9.11269e-01   9.11247e-01   1.1784e-02  C2H4 + H (+M) <=> C2H5 (+M):HpA
 540  9.11257e-01   9.11254e-01   1.5259e-03  C3H6 + H <=> C2H4 + CH3:A
 541  9.11248e-01   9.11263e-01  -7.7782e-03  C3H6 + H <=> C2H4 + CH3:E
 877  9.11354e-01   9.11157e-01   1.0817e-01  C4H81 + H (+M) <=> sC4H9 (+M):HpA
 878  9.11256e-01   9.11255e-01   6.8755e-04  C4H81 + H <=> C2H4 + C2H5:A
 879  9.11253e-01   9.11259e-01  -3.1624e-03  C4H81 + H <=> C2H4 + C2H5:E
 880  9.11255e-01   9.11256e-01  -3.8028e-04  C4H81 + H <=> C3H6 + CH3:A
 881  9.11258e-01   9.11253e-01   2.8801e-03  C4H81 + H <=> C3H6 + CH3:E
 898  9.11366e-01   9.11145e-01   1.2130e-01  C4H82 + H (+M) <=> sC4H9 (+M):HpA
 914  9.11255e-01   9.11256e-01  -4.4887e-04  H + iC4H8 <=> C3H6 + CH3:A
 915  9.11258e-01   9.11253e-01   2.8622e-03  H + iC4H8 <=> C3H6 + CH3:E
 942  9.11078e-01   9.11434e-01  -1.9579e-01  C3H6 + CH3 (+M) <=> sC4H9 (+M):HpA
 968  9.11256e-01   9.11255e-01   2.5277e-05  tC4H9 (+M) <=> H + iC4H8 (+M):HpA
 988  9.11269e-01   9.11245e-01   1.3463e-02  2 C2H5 (+M) <=> C4H10 (+M):HpA
 989  9.12129e-01   9.10383e-01   9.5850e-01  C4H10 + H <=> H2 + pC4H9:A
 990  9.08289e-01   9.14229e-01  -3.2590e+00  C4H10 + H <=> H2 + pC4H9:E
 991  9.10383e-01   9.12129e-01  -9.5828e-01  C4H10 + H <=> H2 + sC4H9:A
 992  9.13223e-01   9.09294e-01   2.1557e+00  C4H10 + H <=> H2 + sC4H9:E
 1009  9.11274e-01   9.11236e-01   2.0911e-02  C4H10 + CH3 <=> CH4 + pC4H9:A
 1312  9.11866e-01   9.10772e-01   6.0037e-01  HME <=> 2 tC4H9:E
Negative perturbation =  9.47894e-01
Value =  9.10883e-01
Rxn  Value+       Value-           Sensitivi   Reaction Name
 377  9.10896e-01   9.10875e-01   1.1605e-02  C2H4 + H (+M) <=> C2H5 (+M):HpA
 540  9.10884e-01   9.10882e-01   1.2479e-03  C3H6 + H <=> C2H4 + CH3:A
 541  9.10876e-01   9.10890e-01  -7.7622e-03  C3H6 + H <=> C2H4 + CH3:E
 877  9.10981e-01   9.10784e-01   1.0799e-01  C4H81 + H (+M) <=> sC4H9 (+M):HpA
 878  9.10883e-01   9.10882e-01   5.5615e-04  C4H81 + H <=> C2H4 + C2H5:A
 879  9.10880e-01   9.10886e-01  -3.1025e-03  C4H81 + H <=> C2H4 + C2H5:E
 880  9.10882e-01   9.10883e-01  -6.5792e-04  C4H81 + H <=> C3H6 + CH3:A
 881  9.10886e-01   9.10880e-01   2.9523e-03  C4H81 + H <=> C3H6 + CH3:E
 898  9.10993e-01   9.10772e-01   1.2134e-01  C4H82 + H (+M) <=> sC4H9 (+M):HpA
 914  9.10882e-01   9.10884e-01  -9.9322e-04  H + iC4H8 <=> C3H6 + CH3:A
 915  9.10887e-01   9.10878e-01   4.8462e-03  H + iC4H8 <=> C3H6 + CH3:E
 942  9.10704e-01   9.11061e-01  -1.9586e-01  C3H6 + CH3 (+M) <=> sC4H9 (+M):HpA
 968  9.10883e-01   9.10883e-01  -2.1785e-04  tC4H9 (+M) <=> H + iC4H8 (+M):HpA
 988  9.10896e-01   9.10872e-01   1.3350e-02  2 C2H5 (+M) <=> C4H10 (+M):HpA
 989  9.11756e-01   9.10010e-01   9.5841e-01  C4H10 + H <=> H2 + pC4H9:A
 990  9.07918e-01   9.13855e-01  -3.2591e+00  C4H10 + H <=> H2 + pC4H9:E
 991  9.10011e-01   9.11756e-01  -9.5767e-01  C4H10 + H <=> H2 + sC4H9:A
 992  9.12849e-01   9.08923e-01   2.1551e+00  C4H10 + H <=> H2 + sC4H9:E
 1009  9.10902e-01   9.10864e-01   2.0877e-02  C4H10 + CH3 <=> CH4 + pC4H9:A
 1312  9.11506e-01   9.10387e-01   6.1438e-01  HME <=> 2 tC4H9:E

Parameter number =  942 C3H6 + CH3 (+M) <=> sC4H9 (+M):HpA
Positive perturbation =  1.23114e+00
Value =  8.76766e-01
Rxn  Value+       Value-           Sensitivi   Reaction Name
 377  8.76778e-01   8.76758e-01   1.1426e-02  C2H4 + H (+M) <=> C2H5 (+M):HpA
 540  8.76767e-01   8.76765e-01   1.3738e-03  C3H6 + H <=> C2H4 + CH3:A
 541  8.76759e-01   8.76773e-01  -7.6521e-03  C3H6 + H <=> C2H4 + CH3:E
 877  8.76852e-01   8.76680e-01   9.7959e-02  C4H81 + H (+M) <=> sC4H9 (+M):HpA
 878  8.76766e-01   8.76765e-01   4.9836e-04  C4H81 + H <=> C2H4 + C2H5:A
 879  8.76764e-01   8.76768e-01  -2.6320e-03  C4H81 + H <=> C2H4 + C2H5:E
 880  8.76766e-01   8.76766e-01  -3.8032e-04  C4H81 + H <=> C3H6 + CH3:A
 881  8.76768e-01   8.76764e-01   2.4210e-03  C4H81 + H <=> C3H6 + CH3:E
 898  8.76862e-01   8.76670e-01   1.0977e-01  C4H82 + H (+M) <=> sC4H9 (+M):HpA
 914  8.76765e-01   8.76766e-01  -6.4519e-04  H + iC4H8 <=> C3H6 + CH3:A
 915  8.76769e-01   8.76763e-01   3.6109e-03  H + iC4H8 <=> C3H6 + CH3:E
 942  8.76614e-01   8.76918e-01  -1.7337e-01  C3H6 + CH3 (+M) <=> sC4H9 (+M):HpA
 968  8.76766e-01   8.76766e-01  -1.4155e-04  tC4H9 (+M) <=> H + iC4H8 (+M):HpA
 988  8.76780e-01   8.76756e-01   1.3957e-02  2 C2H5 (+M) <=> C4H10 (+M):HpA
 989  8.77606e-01   8.75927e-01   9.5725e-01  C4H10 + H <=> H2 + pC4H9:A
 990  8.73916e-01   8.79623e-01  -3.2542e+00  C4H10 + H <=> H2 + pC4H9:E
 991  8.75928e-01   8.77605e-01  -9.5675e-01  C4H10 + H <=> H2 + sC4H9:A
 992  8.78656e-01   8.74882e-01   2.1525e+00  C4H10 + H <=> H2 + sC4H9:E
 1009  8.76786e-01   8.76747e-01   2.2644e-02  C4H10 + CH3 <=> CH4 + pC4H9:A
 1312  8.77375e-01   8.76283e-01   6.2237e-01  HME <=> 2 tC4H9:E
Negative perturbation =  8.12252e-01
Value =  9.51451e-01
Rxn  Value+       Value-           Sensitivi   Reaction Name
 377  9.51464e-01   9.51442e-01   1.1764e-02  C2H4 + H (+M) <=> C2H5 (+M):HpA
 540  9.51453e-01   9.51450e-01   1.5276e-03  C3H6 + H <=> C2H4 + CH3:A
 541  9.51444e-01   9.51459e-01  -7.9464e-03  C3H6 + H <=> C2H4 + CH3:E
 877  9.51564e-01   9.51338e-01   1.1881e-01  C4H81 + H (+M) <=> sC4H9 (+M):HpA
 878  9.51452e-01   9.51450e-01   7.8405e-04  C4H81 + H <=> C2H4 + C2H5:A
 879  9.51448e-01   9.51455e-01  -3.7075e-03  C4H81 + H <=> C2H4 + C2H5:E
 880  9.51451e-01   9.51452e-01  -4.6288e-04  C4H81 + H <=> C3H6 + CH3:A
 881  9.51454e-01   9.51448e-01   3.4672e-03  C4H81 + H <=> C3H6 + CH3:E
 898  9.51578e-01   9.51324e-01   1.3380e-01  C4H82 + H (+M) <=> sC4H9 (+M):HpA
 914  9.51451e-01   9.51452e-01  -7.2934e-04  H + iC4H8 <=> C3H6 + CH3:A
 915  9.51455e-01   9.51447e-01   3.9894e-03  H + iC4H8 <=> C3H6 + CH3:E
 942  9.51240e-01   9.51662e-01  -2.2193e-01  C3H6 + CH3 (+M) <=> sC4H9 (+M):HpA
 968  9.51451e-01   9.51451e-01  -5.5498e-05  tC4H9 (+M) <=> H + iC4H8 (+M):HpA
 988  9.51465e-01   9.51440e-01   1.2998e-02  2 C2H5 (+M) <=> C4H10 (+M):HpA
 989  9.52365e-01   9.50538e-01   9.6002e-01  C4H10 + H <=> H2 + pC4H9:A
 990  9.48349e-01   9.54560e-01  -3.2640e+00  C4H10 + H <=> H2 + pC4H9:E
 991  9.50539e-01   9.52364e-01  -9.5955e-01  C4H10 + H <=> H2 + sC4H9:A
 992  9.53508e-01   9.49400e-01   2.1587e+00  C4H10 + H <=> H2 + sC4H9:E
 1009  9.51470e-01   9.51431e-01   2.0181e-02  C4H10 + CH3 <=> CH4 + pC4H9:A
 1312  9.52074e-01   9.50965e-01   5.8272e-01  HME <=> 2 tC4H9:E

Parameter number =  968 tC4H9 (+M) <=> H + iC4H8 (+M):HpA
Positive perturbation =  1.23114e+00
Value =  9.11090e-01
Rxn  Value+       Value-           Sensitivi   Reaction Name
 377  9.11105e-01   9.11087e-01   1.0010e-02  C2H4 + H (+M) <=> C2H5 (+M):HpA
 540  9.11092e-01   9.11089e-01   1.4909e-03  C3H6 + H <=> C2H4 + CH3:A
 541  9.11083e-01   9.11097e-01  -7.7873e-03  C3H6 + H <=> C2H4 + CH3:E
 877  9.11188e-01   9.10991e-01   1.0811e-01  C4H81 + H (+M) <=> sC4H9 (+M):HpA
 878  9.11091e-01   9.11090e-01   6.5523e-04  C4H81 + H <=> C2H4 + C2H5:A
 879  9.11087e-01   9.11093e-01  -3.2839e-03  C4H81 + H <=> C2H4 + C2H5:E
 880  9.11090e-01   9.11091e-01  -4.4357e-04  C4H81 + H <=> C3H6 + CH3:A
 881  9.11093e-01   9.11088e-01   2.9283e-03  C4H81 + H <=> C3H6 + CH3:E
 898  9.11201e-01   9.10980e-01   1.2121e-01  C4H82 + H (+M) <=> sC4H9 (+M):HpA
 914  9.11089e-01   9.11091e-01  -6.8866e-04  H + iC4H8 <=> C3H6 + CH3:A
 915  9.11093e-01   9.11087e-01   3.6428e-03  H + iC4H8 <=> C3H6 + CH3:E
 942  9.10912e-01   9.11268e-01  -1.9569e-01  C3H6 + CH3 (+M) <=> sC4H9 (+M):HpA
 968  9.11090e-01   9.11090e-01   1.5093e-04  tC4H9 (+M) <=> H + iC4H8 (+M):HpA
 988  9.11109e-01   9.11079e-01   1.6337e-02  2 C2H5 (+M) <=> C4H10 (+M):HpA
 989  9.11964e-01   9.10217e-01   9.5867e-01  C4H10 + H <=> H2 + pC4H9:A
 990  9.08124e-01   9.14063e-01  -3.2589e+00  C4H10 + H <=> H2 + pC4H9:E
 991  9.10217e-01   9.11963e-01  -9.5805e-01  C4H10 + H <=> H2 + sC4H9:A
 992  9.13057e-01   9.09129e-01   2.1556e+00  C4H10 + H <=> H2 + sC4H9:E
 1009  9.11110e-01   9.11071e-01   2.1385e-02  C4H10 + CH3 <=> CH4 + pC4H9:A
 1312  9.11702e-01   9.10729e-01   5.3392e-01  HME <=> 2 tC4H9:E
Negative perturbation =  8.12252e-01
Value =  9.11163e-01
Rxn  Value+       Value-           Sensitivi   Reaction Name
 377  9.11179e-01   9.11157e-01   1.2213e-02  C2H4 + H (+M) <=> C2H5 (+M):HpA
 540  9.11164e-01   9.11161e-01   1.3432e-03  C3H6 + H <=> C2H4 + CH3:A
 541  9.11156e-01   9.11170e-01  -7.7862e-03  C3H6 + H <=> C2H4 + CH3:E
 877  9.11264e-01   9.11067e-01   1.0800e-01  C4H81 + H (+M) <=> sC4H9 (+M):HpA
 878  9.11166e-01   9.11162e-01   1.9724e-03  C4H81 + H <=> C2H4 + C2H5:A
 879  9.11160e-01   9.11168e-01  -4.5866e-03  C4H81 + H <=> C2H4 + C2H5:E
 880  9.11162e-01   9.11163e-01  -5.2848e-04  C4H81 + H <=> C3H6 + CH3:A
 881  9.11168e-01   9.11160e-01   4.2695e-03  C4H81 + H <=> C3H6 + CH3:E
 898  9.11273e-01   9.11055e-01   1.1975e-01  C4H82 + H (+M) <=> sC4H9 (+M):HpA
 914  9.11162e-01   9.11163e-01  -6.3352e-04  H + iC4H8 <=> C3H6 + CH3:A
 915  9.11166e-01   9.11162e-01   2.3717e-03  H + iC4H8 <=> C3H6 + CH3:E
 942  9.10984e-01   9.11341e-01  -1.9596e-01  C3H6 + CH3 (+M) <=> sC4H9 (+M):HpA
 968  9.11162e-01   9.11163e-01  -3.7949e-04  tC4H9 (+M) <=> H + iC4H8 (+M):HpA
 988  9.11179e-01   9.11151e-01   1.5166e-02  2 C2H5 (+M) <=> C4H10 (+M):HpA
 989  9.12036e-01   9.10292e-01   9.5722e-01  C4H10 + H <=> H2 + pC4H9:A
 990  9.08197e-01   9.14139e-01  -3.2612e+00  C4H10 + H <=> H2 + pC4H9:E
 991  9.10294e-01   9.12036e-01  -9.5583e-01  C4H10 + H <=> H2 + sC4H9:A
 992  9.13130e-01   9.09206e-01   2.1532e+00  C4H10 + H <=> H2 + sC4H9:E
 1009  9.11185e-01   9.11143e-01   2.2920e-02  C4H10 + CH3 <=> CH4 + pC4H9:A
 1312  9.11747e-01   9.10617e-01   6.2011e-01  HME <=> 2 tC4H9:E

Parameter number =  988 2 C2H5 (+M) <=> C4H10 (+M):HpA
Positive perturbation =  1.23114e+00
Value =  9.13478e-01
Rxn  Value+       Value-           Sensitivi   Reaction Name
 377  9.13488e-01   9.13463e-01   1.4026e-02  C2H4 + H (+M) <=> C2H5 (+M):HpA
 540  9.13479e-01   9.13476e-01   1.5095e-03  C3H6 + H <=> C2H4 + CH3:A
 541  9.13471e-01   9.13485e-01  -7.9687e-03  C3H6 + H <=> C2H4 + CH3:E
 877  9.13577e-01   9.13379e-01   1.0837e-01  C4H81 + H (+M) <=> sC4H9 (+M):HpA
 878  9.13479e-01   9.13477e-01   6.5471e-04  C4H81 + H <=> C2H4 + C2H5:A
 879  9.13475e-01   9.13481e-01  -3.5921e-03  C4H81 + H <=> C2H4 + C2H5:E
 880  9.13477e-01   9.13479e-01  -6.7854e-04  C4H81 + H <=> C3H6 + CH3:A
 881  9.13481e-01   9.13476e-01   2.8492e-03  C4H81 + H <=> C3H6 + CH3:E
 898  9.13588e-01   9.13367e-01   1.2088e-01  C4H82 + H (+M) <=> sC4H9 (+M):HpA
 914  9.13478e-01   9.13479e-01  -6.3230e-04  H + iC4H8 <=> C3H6 + CH3:A
 915  9.13482e-01   9.13474e-01   4.0914e-03  H + iC4H8 <=> C3H6 + CH3:E
 942  9.13299e-01   9.13654e-01  -1.9398e-01  C3H6 + CH3 (+M) <=> sC4H9 (+M):HpA
 968  9.13477e-01   9.13481e-01  -2.2383e-03  tC4H9 (+M) <=> H + iC4H8 (+M):HpA
 988  9.13490e-01   9.13543e-01  -2.8846e-02  2 C2H5 (+M) <=> C4H10 (+M):HpA
 989  9.14352e-01   9.12605e-01   9.5618e-01  C4H10 + H <=> H2 + pC4H9:A
 990  9.10511e-01   9.16449e-01  -3.2502e+00  C4H10 + H <=> H2 + pC4H9:E
 991  9.12606e-01   9.14352e-01  -9.5575e-01  C4H10 + H <=> H2 + sC4H9:A
 992  9.15444e-01   9.11513e-01   2.1520e+00  C4H10 + H <=> H2 + sC4H9:E
 1009  9.13571e-01   9.13460e-01   6.0909e-02  C4H10 + CH3 <=> CH4 + pC4H9:A
 1312  9.14431e-01   9.13049e-01   7.5662e-01  HME <=> 2 tC4H9:E
Negative perturbation =  8.12252e-01
Value =  9.09086e-01
Rxn  Value+       Value-           Sensitivi   Reaction Name
 377  9.09097e-01   9.09075e-01   1.2230e-02  C2H4 + H (+M) <=> C2H5 (+M):HpA
 540  9.09088e-01   9.09085e-01   1.3839e-03  C3H6 + H <=> C2H4 + CH3:A
 541  9.09079e-01   9.09093e-01  -7.7940e-03  C3H6 + H <=> C2H4 + CH3:E
 877  9.09185e-01   9.08988e-01   1.0822e-01  C4H81 + H (+M) <=> sC4H9 (+M):HpA
 878  9.09087e-01   9.09086e-01   5.6833e-04  C4H81 + H <=> C2H4 + C2H5:A
 879  9.09083e-01   9.09089e-01  -3.1834e-03  C4H81 + H <=> C2H4 + C2H5:E
 880  9.09086e-01   9.09087e-01  -5.0792e-04  C4H81 + H <=> C3H6 + CH3:A
 881  9.09089e-01   9.09084e-01   2.8635e-03  C4H81 + H <=> C3H6 + CH3:E
 898  9.09197e-01   9.08976e-01   1.2143e-01  C4H82 + H (+M) <=> sC4H9 (+M):HpA
 914  9.09086e-01   9.09087e-01  -6.6844e-04  H + iC4H8 <=> C3H6 + CH3:A
 915  9.09090e-01   9.09083e-01   3.8001e-03  H + iC4H8 <=> C3H6 + CH3:E
 942  9.08908e-01   9.09265e-01  -1.9618e-01  C3H6 + CH3 (+M) <=> sC4H9 (+M):HpA
 968  9.09086e-01   9.09086e-01   1.2038e-05  tC4H9 (+M) <=> H + iC4H8 (+M):HpA
 988  9.09095e-01   9.09065e-01   1.6467e-02  2 C2H5 (+M) <=> C4H10 (+M):HpA
 989  9.09960e-01   9.08213e-01   9.6067e-01  C4H10 + H <=> H2 + pC4H9:A
 990  9.06121e-01   9.12059e-01  -3.2661e+00  C4H10 + H <=> H2 + pC4H9:E
 991  9.08214e-01   9.09959e-01  -9.5998e-01  C4H10 + H <=> H2 + sC4H9:A
 992  9.11053e-01   9.07126e-01   2.1599e+00  C4H10 + H <=> H2 + sC4H9:E
 1009  9.09106e-01   9.09055e-01   2.7607e-02  C4H10 + CH3 <=> CH4 + pC4H9:A
 1312  9.09635e-01   9.08481e-01   6.3491e-01  HME <=> 2 tC4H9:E

Parameter number =  989 C4H10 + H <=> H2 + pC4H9:A    
Positive perturbation =  1.39039e+00
Value =  1.25220e+00
Rxn  Value+       Value-           Sensitivi   Reaction Name
 377  1.25223e+00   1.25218e+00   1.8013e-02  C2H4 + H (+M) <=> C2H5 (+M):HpA
 540  1.25221e+00   1.25220e+00   1.1769e-03  C3H6 + H <=> C2H4 + CH3:A
 541  1.25220e+00   1.25221e+00  -6.6576e-03  C3H6 + H <=> C2H4 + CH3:E
 877  1.25234e+00   1.25207e+00   1.0906e-01  C4H81 + H (+M) <=> sC4H9 (+M):HpA
 878  1.25220e+00   1.25220e+00   4.1334e-04  C4H81 + H <=> C2H4 + C2H5:A
 879  1.25220e+00   1.25221e+00  -2.2920e-03  C4H81 + H <=> C2H4 + C2H5:E
 880  1.25220e+00   1.25221e+00  -5.1165e-04  C4H81 + H <=> C3H6 + CH3:A
 881  1.25221e+00   1.25220e+00   2.8892e-03  C4H81 + H <=> C3H6 + CH3:E
 898  1.25236e+00   1.25205e+00   1.2252e-01  C4H82 + H (+M) <=> sC4H9 (+M):HpA
 914  1.25220e+00   1.25221e+00  -6.9815e-04  H + iC4H8 <=> C3H6 + CH3:A
 915  1.25221e+00   1.25220e+00   3.8252e-03  H + iC4H8 <=> C3H6 + CH3:E
 942  1.25196e+00   1.25245e+00  -1.9815e-01  C3H6 + CH3 (+M) <=> sC4H9 (+M):HpA
 968  1.25220e+00   1.25221e+00  -4.4295e-04  tC4H9 (+M) <=> H + iC4H8 (+M):HpA
 988  1.25221e+00   1.25219e+00   5.5136e-03  2 C2H5 (+M) <=> C4H10 (+M):HpA
 989  1.25342e+00   1.25099e+00   9.6973e-01  C4H10 + H <=> H2 + pC4H9:A
 990  1.24808e+00   1.25634e+00  -3.2969e+00  C4H10 + H <=> H2 + pC4H9:E
 991  1.25099e+00   1.25342e+00  -9.6842e-01  C4H10 + H <=> H2 + sC4H9:A
 992  1.25494e+00   1.24948e+00   2.1789e+00  C4H10 + H <=> H2 + sC4H9:E
 1009  1.25222e+00   1.25218e+00   1.5359e-02  C4H10 + CH3 <=> CH4 + pC4H9:A
 1312  1.25290e+00   1.25167e+00   4.8984e-01  HME <=> 2 tC4H9:E
Negative perturbation =  7.19223e-01
Value =  6.65751e-01
Rxn  Value+       Value-           Sensitivi   Reaction Name
 377  6.65761e-01   6.65742e-01   1.4053e-02  C2H4 + H (+M) <=> C2H5 (+M):HpA
 540  6.65752e-01   6.65750e-01   1.6609e-03  C3H6 + H <=> C2H4 + CH3:A
 541  6.65744e-01   6.65757e-01  -9.3979e-03  C3H6 + H <=> C2H4 + CH3:E
 877  6.65822e-01   6.65680e-01   1.0661e-01  C4H81 + H (+M) <=> sC4H9 (+M):HpA
 878  6.65751e-01   6.65750e-01   7.7482e-04  C4H81 + H <=> C2H4 + C2H5:A
 879  6.65748e-01   6.65754e-01  -4.3331e-03  C4H81 + H <=> C2H4 + C2H5:E
 880  6.65750e-01   6.65751e-01  -5.0691e-04  C4H81 + H <=> C3H6 + CH3:A
 881  6.65753e-01   6.65749e-01   2.8214e-03  C4H81 + H <=> C3H6 + CH3:E
 898  6.65830e-01   6.65671e-01   1.1938e-01  C4H82 + H (+M) <=> sC4H9 (+M):HpA
 914  6.65750e-01   6.65751e-01  -6.5541e-04  H + iC4H8 <=> C3H6 + CH3:A
 915  6.65753e-01   6.65748e-01   3.7069e-03  H + iC4H8 <=> C3H6 + CH3:E
 942  6.65622e-01   6.65879e-01  -1.9306e-01  C3H6 + CH3 (+M) <=> sC4H9 (+M):HpA
 968  6.65751e-01   6.65751e-01  -4.4393e-05  tC4H9 (+M) <=> H + iC4H8 (+M):HpA
 988  6.65764e-01   6.65740e-01   1.8237e-02  2 C2H5 (+M) <=> C4H10 (+M):HpA
 989  6.66379e-01   6.65123e-01   9.4360e-01  C4H10 + H <=> H2 + pC4H9:A
 990  6.63617e-01   6.67889e-01  -3.2079e+00  C4H10 + H <=> H2 + pC4H9:E
 991  6.65123e-01   6.66379e-01  -9.4365e-01  C4H10 + H <=> H2 + sC4H9:A
 992  6.67167e-01   6.64339e-01   2.1233e+00  C4H10 + H <=> H2 + sC4H9:E
 1009  6.65770e-01   6.65731e-01   2.8716e-02  C4H10 + CH3 <=> CH4 + pC4H9:A
 1312  6.66456e-01   6.65265e-01   8.9435e-01  HME <=> 2 tC4H9:E

Parameter number =  990 C4H10 + H <=> H2 + pC4H9:E    
Positive perturbation =  1.05622e+00
Value =  7.59071e-01
Rxn  Value+       Value-           Sensitivi   Reaction Name
 377  7.59086e-01   7.59064e-01   1.4307e-02  C2H4 + H (+M) <=> C2H5 (+M):HpA
 540  7.59072e-01   7.59063e-01   5.7388e-03  C3H6 + H <=> C2H4 + CH3:A
 541  7.59057e-01   7.59076e-01  -1.2249e-02  C3H6 + H <=> C2H4 + CH3:E
 877  7.59158e-01   7.58988e-01   1.1181e-01  C4H81 + H (+M) <=> sC4H9 (+M):HpA
 878  7.59069e-01   7.59063e-01   3.9730e-03  C4H81 + H <=> C2H4 + C2H5:A
 879  7.59060e-01   7.59073e-01  -8.5099e-03  C4H81 + H <=> C2H4 + C2H5:E
 880  7.59070e-01   7.59063e-01   4.3752e-03  C4H81 + H <=> C3H6 + CH3:A
 881  7.59065e-01   7.59062e-01   1.8588e-03  C4H81 + H <=> C3H6 + CH3:E
 898  7.59158e-01   7.58978e-01   1.1851e-01  C4H82 + H (+M) <=> sC4H9 (+M):HpA
 914  7.59063e-01   7.59065e-01  -1.1072e-03  H + iC4H8 <=> C3H6 + CH3:A
 915  7.59070e-01   7.59062e-01   5.0610e-03  H + iC4H8 <=> C3H6 + CH3:E
 942  7.58928e-01   7.59223e-01  -1.9477e-01  C3H6 + CH3 (+M) <=> sC4H9 (+M):HpA
 968  7.59068e-01   7.59062e-01   3.5278e-03  tC4H9 (+M) <=> H + iC4H8 (+M):HpA
 988  7.59084e-01   7.59058e-01   1.7432e-02  2 C2H5 (+M) <=> C4H10 (+M):HpA
 989  7.59785e-01   7.58348e-01   9.4659e-01  C4H10 + H <=> H2 + pC4H9:A
 990  7.56479e-01   7.61668e-01  -3.4176e+00  C4H10 + H <=> H2 + pC4H9:E
 991  7.58344e-01   7.59790e-01  -9.5307e-01  C4H10 + H <=> H2 + sC4H9:A
 992  7.60689e-01   7.57454e-01   2.1309e+00  C4H10 + H <=> H2 + sC4H9:E
 1009  7.59093e-01   7.59049e-01   2.9538e-02  C4H10 + CH3 <=> CH4 + pC4H9:A
 1312  7.59668e-01   7.58598e-01   7.0486e-01  HME <=> 2 tC4H9:E
Negative perturbation =  9.46772e-01
Value =  1.08448e+00
Rxn  Value+       Value-           Sensitivi   Reaction Name
 377  1.08449e+00   1.08446e+00   1.2619e-02  C2H4 + H (+M) <=> C2H5 (+M):HpA
 540  1.08448e+00   1.08448e+00   1.4034e-03  C3H6 + H <=> C2H4 + CH3:A
 541  1.08447e+00   1.08449e+00  -7.1160e-03  C3H6 + H <=> C2H4 + CH3:E
 877  1.08460e+00   1.08436e+00   1.0854e-01  C4H81 + H (+M) <=> sC4H9 (+M):HpA
 878  1.08448e+00   1.08448e+00   6.1104e-04  C4H81 + H <=> C2H4 + C2H5:A
 879  1.08448e+00   1.08448e+00  -2.5646e-03  C4H81 + H <=> C2H4 + C2H5:E
 880  1.08448e+00   1.08448e+00  -3.7613e-04  C4H81 + H <=> C3H6 + CH3:A
 881  1.08448e+00   1.08447e+00   2.8921e-03  C4H81 + H <=> C3H6 + CH3:E
 898  1.08461e+00   1.08435e+00   1.2193e-01  C4H82 + H (+M) <=> sC4H9 (+M):HpA
 914  1.08448e+00   1.08448e+00  -6.0069e-04  H + iC4H8 <=> C3H6 + CH3:A
 915  1.08448e+00   1.08447e+00   3.8200e-03  H + iC4H8 <=> C3H6 + CH3:E
 942  1.08426e+00   1.08469e+00  -1.9697e-01  C3H6 + CH3 (+M) <=> sC4H9 (+M):HpA
 968  1.08448e+00   1.08448e+00  -1.2393e-04  tC4H9 (+M) <=> H + iC4H8 (+M):HpA
 988  1.08449e+00   1.08447e+00   9.1406e-03  2 C2H5 (+M) <=> C4H10 (+M):HpA
 989  1.08553e+00   1.08343e+00   9.6499e-01  C4H10 + H <=> H2 + pC4H9:A
 990  1.08111e+00   1.08785e+00  -3.1062e+00  C4H10 + H <=> H2 + pC4H9:E
 991  1.08343e+00   1.08552e+00  -9.6427e-01  C4H10 + H <=> H2 + sC4H9:A
 992  1.08683e+00   1.08213e+00   2.1696e+00  C4H10 + H <=> H2 + sC4H9:E
 1009  1.08450e+00   1.08446e+00   1.7423e-02  C4H10 + CH3 <=> CH4 + pC4H9:A
 1312  1.08511e+00   1.08392e+00   5.4756e-01  HME <=> 2 tC4H9:E

Parameter number =  991 C4H10 + H <=> H2 + sC4H9:A    
Positive perturbation =  1.39039e+00
Value =  6.65405e-01
Rxn  Value+       Value-           Sensitivi   Reaction Name
 377  6.65426e-01   6.65416e-01   7.3423e-03  C2H4 + H (+M) <=> C2H5 (+M):HpA
 540  6.65406e-01   6.65405e-01   1.1917e-03  C3H6 + H <=> C2H4 + CH3:A
 541  6.65401e-01   6.65410e-01  -6.8446e-03  C3H6 + H <=> C2H4 + CH3:E
 877  6.65477e-01   6.65335e-01   1.0667e-01  C4H81 + H (+M) <=> sC4H9 (+M):HpA
 878  6.65406e-01   6.65405e-01   5.9904e-04  C4H81 + H <=> C2H4 + C2H5:A
 879  6.65403e-01   6.65408e-01  -3.1924e-03  C4H81 + H <=> C2H4 + C2H5:E
 880  6.65405e-01   6.65406e-01  -4.0142e-04  C4H81 + H <=> C3H6 + CH3:A
 881  6.65407e-01   6.65404e-01   2.0443e-03  C4H81 + H <=> C3H6 + CH3:E
 898  6.65485e-01   6.65326e-01   1.1957e-01  C4H82 + H (+M) <=> sC4H9 (+M):HpA
 914  6.65405e-01   6.65406e-01  -4.9635e-04  H + iC4H8 <=> C3H6 + CH3:A
 915  6.65407e-01   6.65404e-01   2.6559e-03  H + iC4H8 <=> C3H6 + CH3:E
 942  6.65278e-01   6.65534e-01  -1.9283e-01  C3H6 + CH3 (+M) <=> sC4H9 (+M):HpA
 968  6.65406e-01   6.65405e-01   6.2730e-04  tC4H9 (+M) <=> H + iC4H8 (+M):HpA
 988  6.65435e-01   6.65398e-01   2.7968e-02  2 C2H5 (+M) <=> C4H10 (+M):HpA
 989  6.66034e-01   6.64777e-01   9.4473e-01  C4H10 + H <=> H2 + pC4H9:A
 990  6.63271e-01   6.67545e-01  -3.2117e+00  C4H10 + H <=> H2 + pC4H9:E
 991  6.64777e-01   6.66034e-01  -9.4474e-01  C4H10 + H <=> H2 + sC4H9:A
 992  6.66822e-01   6.63993e-01   2.1256e+00  C4H10 + H <=> H2 + sC4H9:E
 1009  6.65426e-01   6.65387e-01   2.9394e-02  C4H10 + CH3 <=> CH4 + pC4H9:A
 1312  6.65960e-01   6.65098e-01   6.4804e-01  HME <=> 2 tC4H9:E
Negative perturbation =  7.19223e-01
Value =  1.25175e+00
Rxn  Value+       Value-           Sensitivi   Reaction Name
 377  1.25177e+00   1.25174e+00   1.1921e-02  C2H4 + H (+M) <=> C2H5 (+M):HpA
 540  1.25176e+00   1.25175e+00   1.6056e-03  C3H6 + H <=> C2H4 + CH3:A
 541  1.25174e+00   1.25177e+00  -9.0372e-03  C3H6 + H <=> C2H4 + CH3:E
 877  1.25189e+00   1.25162e+00   1.0882e-01  C4H81 + H (+M) <=> sC4H9 (+M):HpA
 878  1.25175e+00   1.25175e+00   5.6081e-04  C4H81 + H <=> C2H4 + C2H5:A
 879  1.25175e+00   1.25176e+00  -3.1555e-03  C4H81 + H <=> C2H4 + C2H5:E
 880  1.25175e+00   1.25175e+00  -7.0076e-04  C4H81 + H <=> C3H6 + CH3:A
 881  1.25176e+00   1.25175e+00   3.9391e-03  C4H81 + H <=> C3H6 + CH3:E
 898  1.25191e+00   1.25160e+00   1.2229e-01  C4H82 + H (+M) <=> sC4H9 (+M):HpA
 914  1.25175e+00   1.25176e+00  -9.5737e-04  H + iC4H8 <=> C3H6 + CH3:A
 915  1.25176e+00   1.25175e+00   5.4035e-03  H + iC4H8 <=> C3H6 + CH3:E
 942  1.25151e+00   1.25200e+00  -1.9756e-01  C3H6 + CH3 (+M) <=> sC4H9 (+M):HpA
 968  1.25175e+00   1.25175e+00   7.2958e-06  tC4H9 (+M) <=> H + iC4H8 (+M):HpA
 988  1.25177e+00   1.25174e+00   9.8684e-03  2 C2H5 (+M) <=> C4H10 (+M):HpA
 989  1.25297e+00   1.25054e+00   9.6905e-01  C4H10 + H <=> H2 + pC4H9:A
 990  1.24763e+00   1.25588e+00  -3.2946e+00  C4H10 + H <=> H2 + pC4H9:E
 991  1.25054e+00   1.25297e+00  -9.6752e-01  C4H10 + H <=> H2 + sC4H9:A
 992  1.25448e+00   1.24903e+00   2.1769e+00  C4H10 + H <=> H2 + sC4H9:E
 1009  1.25177e+00   1.25173e+00   1.5187e-02  C4H10 + CH3 <=> CH4 + pC4H9:A
 1312  1.25244e+00   1.25111e+00   5.2910e-01  HME <=> 2 tC4H9:E

Parameter number =  992 C4H10 + H <=> H2 + sC4H9:E    
Positive perturbation =  1.05622e+00
Value =  1.02880e+00
Rxn  Value+       Value-           Sensitivi   Reaction Name
 377  1.02882e+00   1.02879e+00   1.1786e-02  C2H4 + H (+M) <=> C2H5 (+M):HpA
 540  1.02881e+00   1.02880e+00   1.4652e-03  C3H6 + H <=> C2H4 + CH3:A
 541  1.02880e+00   1.02881e+00  -8.2843e-03  C3H6 + H <=> C2H4 + CH3:E
 877  1.02892e+00   1.02869e+00   1.0845e-01  C4H81 + H (+M) <=> sC4H9 (+M):HpA
 878  1.02880e+00   1.02880e+00   5.5569e-04  C4H81 + H <=> C2H4 + C2H5:A
 879  1.02880e+00   1.02881e+00  -3.2000e-03  C4H81 + H <=> C2H4 + C2H5:E
 880  1.02880e+00   1.02880e+00  -5.7980e-04  C4H81 + H <=> C3H6 + CH3:A
 881  1.02881e+00   1.02880e+00   3.2084e-03  C4H81 + H <=> C3H6 + CH3:E
 898  1.02893e+00   1.02868e+00   1.2173e-01  C4H82 + H (+M) <=> sC4H9 (+M):HpA
 914  1.02880e+00   1.02880e+00  -7.2726e-04  H + iC4H8 <=> C3H6 + CH3:A
 915  1.02881e+00   1.02880e+00   4.3146e-03  H + iC4H8 <=> C3H6 + CH3:E
 942  1.02860e+00   1.02901e+00  -1.9664e-01  C3H6 + CH3 (+M) <=> sC4H9 (+M):HpA
 968  1.02880e+00   1.02880e+00  -1.6464e-04  tC4H9 (+M) <=> H + iC4H8 (+M):HpA
 988  1.02882e+00   1.02879e+00   1.2460e-02  2 C2H5 (+M) <=> C4H10 (+M):HpA
 989  1.02980e+00   1.02781e+00   9.6304e-01  C4H10 + H <=> H2 + pC4H9:A
 990  1.02544e+00   1.03218e+00  -3.2740e+00  C4H10 + H <=> H2 + pC4H9:E
 991  1.02781e+00   1.02979e+00  -9.6205e-01  C4H10 + H <=> H2 + sC4H9:A
 992  1.03116e+00   1.02646e+00   2.2864e+00  C4H10 + H <=> H2 + sC4H9:E
 1009  1.02882e+00   1.02878e+00   1.8412e-02  C4H10 + CH3 <=> CH4 + pC4H9:A
 1312  1.02913e+00   1.02827e+00   4.1456e-01  HME <=> 2 tC4H9:E
Negative perturbation =  9.46772e-01
Value =  8.12500e-01
Rxn  Value+       Value-           Sensitivi   Reaction Name
 377  8.11751e-01   8.11906e-01  -9.5570e-02  C2H4 + H (+M) <=> C2H5 (+M):HpA
 540  8.12501e-01   8.12499e-01   1.3732e-03  C3H6 + H <=> C2H4 + CH3:A
 541  8.12494e-01   8.12506e-01  -7.4754e-03  C3H6 + H <=> C2H4 + CH3:E
 877  8.12587e-01   8.12413e-01   1.0762e-01  C4H81 + H (+M) <=> sC4H9 (+M):HpA
 878  8.12500e-01   8.12499e-01   5.6319e-04  C4H81 + H <=> C2H4 + C2H5:A
 879  8.12497e-01   8.12503e-01  -3.2028e-03  C4H81 + H <=> C2H4 + C2H5:E
 880  8.12500e-01   8.12500e-01  -4.2881e-04  C4H81 + H <=> C3H6 + CH3:A
 881  8.12502e-01   8.12498e-01   2.5931e-03  C4H81 + H <=> C3H6 + CH3:E
 898  8.12598e-01   8.12402e-01   1.2067e-01  C4H82 + H (+M) <=> sC4H9 (+M):HpA
 914  8.12499e-01   8.12500e-01  -5.8498e-04  H + iC4H8 <=> C3H6 + CH3:A
 915  8.12503e-01   8.12497e-01   3.3116e-03  H + iC4H8 <=> C3H6 + CH3:E
 942  8.11547e-01   8.12658e-01  -6.8380e-01  C3H6 + CH3 (+M) <=> sC4H9 (+M):HpA
 968  8.11711e-01   8.12500e-01  -4.8550e-01  tC4H9 (+M) <=> H + iC4H8 (+M):HpA
 988  8.11926e-01   8.12489e-01  -3.4595e-01  2 C2H5 (+M) <=> C4H10 (+M):HpA
 989  8.13275e-01   8.10934e-01   1.4411e+00  C4H10 + H <=> H2 + pC4H9:A
 990  8.09076e-01   8.15138e-01  -3.7304e+00  C4H10 + H <=> H2 + pC4H9:E
 991  8.11726e-01   8.12486e-01  -4.6812e-01  C4H10 + H <=> H2 + sC4H9:A
 992  8.13356e-01   8.10852e-01   1.5406e+00  C4H10 + H <=> H2 + sC4H9:E
 1009  8.12518e-01   8.11686e-01   5.1214e-01  C4H10 + CH3 <=> CH4 + pC4H9:A
 1312  8.13108e-01   8.12034e-01   6.6147e-01  HME <=> 2 tC4H9:E

Parameter number =  1009 C4H10 + CH3 <=> CH4 + pC4H9:A 
Positive perturbation =  1.39039e+00
Value =  9.18627e-01
Rxn  Value+       Value-           Sensitivi   Reaction Name
 377  9.18640e-01   9.18618e-01   1.1809e-02  C2H4 + H (+M) <=> C2H5 (+M):HpA
 540  9.18628e-01   9.18626e-01   1.4525e-03  C3H6 + H <=> C2H4 + CH3:A
 541  9.18620e-01   9.18634e-01  -7.8595e-03  C3H6 + H <=> C2H4 + CH3:E
 877  9.18725e-01   9.18529e-01   1.0698e-01  C4H81 + H (+M) <=> sC4H9 (+M):HpA
 878  9.18627e-01   9.18626e-01   6.1424e-04  C4H81 + H <=> C2H4 + C2H5:A
 879  9.18624e-01   9.18630e-01  -3.2510e-03  C4H81 + H <=> C2H4 + C2H5:E
 880  9.18626e-01   9.18627e-01  -4.5223e-04  C4H81 + H <=> C3H6 + CH3:A
 881  9.18629e-01   9.18624e-01   2.7033e-03  C4H81 + H <=> C3H6 + CH3:E
 898  9.18738e-01   9.18516e-01   1.2031e-01  C4H82 + H (+M) <=> sC4H9 (+M):HpA
 914  9.18626e-01   9.18628e-01  -6.7438e-04  H + iC4H8 <=> C3H6 + CH3:A
 915  9.18631e-01   9.18623e-01   3.9799e-03  H + iC4H8 <=> C3H6 + CH3:E
 942  9.18450e-01   9.18806e-01  -1.9409e-01  C3H6 + CH3 (+M) <=> sC4H9 (+M):HpA
 968  9.18627e-01   9.18627e-01   9.8863e-05  tC4H9 (+M) <=> H + iC4H8 (+M):HpA
 988  9.18641e-01   9.18616e-01   1.3426e-02  2 C2H5 (+M) <=> C4H10 (+M):HpA
 989  9.19501e-01   9.17754e-01   9.5084e-01  C4H10 + H <=> H2 + pC4H9:A
 990  9.15661e-01   9.21600e-01  -3.2322e+00  C4H10 + H <=> H2 + pC4H9:E
 991  9.17755e-01   9.19500e-01  -9.5005e-01  C4H10 + H <=> H2 + sC4H9:A
 992  9.20594e-01   9.16667e-01   2.1374e+00  C4H10 + H <=> H2 + sC4H9:E
 1009  9.18654e-01   9.18600e-01   2.9040e-02  C4H10 + CH3 <=> CH4 + pC4H9:A
 1312  9.19257e-01   9.18125e-01   6.1621e-01  HME <=> 2 tC4H9:E
Negative perturbation =  7.19223e-01
Value =  9.05636e-01
Rxn  Value+       Value-           Sensitivi   Reaction Name
 377  9.05649e-01   9.05628e-01   1.1519e-02  C2H4 + H (+M) <=> C2H5 (+M):HpA
 540  9.05638e-01   9.05635e-01   1.4519e-03  C3H6 + H <=> C2H4 + CH3:A
 541  9.05629e-01   9.05644e-01  -7.7905e-03  C3H6 + H <=> C2H4 + CH3:E
 877  9.05735e-01   9.05538e-01   1.0875e-01  C4H81 + H (+M) <=> sC4H9 (+M):HpA
 878  9.05637e-01   9.05636e-01   5.7772e-04  C4H81 + H <=> C2H4 + C2H5:A
 879  9.05634e-01   9.05639e-01  -3.0579e-03  C4H81 + H <=> C2H4 + C2H5:E
 880  9.05636e-01   9.05637e-01  -5.3114e-04  C4H81 + H <=> C3H6 + CH3:A
 881  9.05639e-01   9.05634e-01   3.0073e-03  C4H81 + H <=> C3H6 + CH3:E
 898  9.05747e-01   9.05526e-01   1.2197e-01  C4H82 + H (+M) <=> sC4H9 (+M):HpA
 914  9.05636e-01   9.05637e-01  -6.7809e-04  H + iC4H8 <=> C3H6 + CH3:A
 915  9.05640e-01   9.05633e-01   3.8234e-03  H + iC4H8 <=> C3H6 + CH3:E
 942  9.05459e-01   9.05815e-01  -1.9651e-01  C3H6 + CH3 (+M) <=> sC4H9 (+M):HpA
 968  9.05636e-01   9.05637e-01  -1.5499e-04  tC4H9 (+M) <=> H + iC4H8 (+M):HpA
 988  9.05650e-01   9.05626e-01   1.3499e-02  2 C2H5 (+M) <=> C4H10 (+M):HpA
 989  9.06510e-01   9.04763e-01   9.6423e-01  C4H10 + H <=> H2 + pC4H9:A
 990  9.02671e-01   9.08609e-01  -3.2787e+00  C4H10 + H <=> H2 + pC4H9:E
 991  9.04764e-01   9.06510e-01  -9.6400e-01  C4H10 + H <=> H2 + sC4H9:A
 992  9.07604e-01   9.03675e-01   2.1690e+00  C4H10 + H <=> H2 + sC4H9:E
 1009  9.05650e-01   9.05622e-01   1.5473e-02  C4H10 + CH3 <=> CH4 + pC4H9:A
 1312  9.06241e-01   9.05157e-01   5.9871e-01  HME <=> 2 tC4H9:E

Parameter number =  1312 HME <=> 2 tC4H9:E             
Positive perturbation =  1.00601e+00
Value =  9.15013e-01
Rxn  Value+       Value-           Sensitivi   Reaction Name
 377  9.14952e-01   9.14916e-01   1.9697e-02  C2H4 + H (+M) <=> C2H5 (+M):HpA
 540  9.15014e-01   9.15012e-01   1.1367e-03  C3H6 + H <=> C2H4 + CH3:A
 541  9.15007e-01   9.15019e-01  -6.3940e-03  C3H6 + H <=> C2H4 + CH3:E
 877  9.15111e-01   9.14914e-01   1.0767e-01  C4H81 + H (+M) <=> sC4H9 (+M):HpA
 878  9.15013e-01   9.15012e-01   4.5547e-04  C4H81 + H <=> C2H4 + C2H5:A
 879  9.15010e-01   9.15015e-01  -2.6029e-03  C4H81 + H <=> C2H4 + C2H5:E
 880  9.15012e-01   9.15013e-01  -4.1377e-04  C4H81 + H <=> C3H6 + CH3:A
 881  9.15015e-01   9.15011e-01   2.3359e-03  C4H81 + H <=> C3H6 + CH3:E
 898  9.15123e-01   9.14902e-01   1.2083e-01  C4H82 + H (+M) <=> sC4H9 (+M):HpA
 914  9.15012e-01   9.15013e-01  -5.4649e-04  H + iC4H8 <=> C3H6 + CH3:A
 915  9.15016e-01   9.15010e-01   3.0783e-03  H + iC4H8 <=> C3H6 + CH3:E
 942  9.14747e-01   9.15103e-01  -1.9411e-01  C3H6 + CH3 (+M) <=> sC4H9 (+M):HpA
 968  9.15013e-01   9.15013e-01   3.7164e-04  tC4H9 (+M) <=> H + iC4H8 (+M):HpA
 988  9.14963e-01   9.14903e-01   3.2859e-02  2 C2H5 (+M) <=> C4H10 (+M):HpA
 989  9.15887e-01   9.14139e-01   9.5507e-01  C4H10 + H <=> H2 + pC4H9:A
 990  9.12045e-01   9.17987e-01  -3.2471e+00  C4H10 + H <=> H2 + pC4H9:E
 991  9.14140e-01   9.15887e-01  -9.5481e-01  C4H10 + H <=> H2 + sC4H9:A
 992  9.16982e-01   9.13050e-01   2.1483e+00  C4H10 + H <=> H2 + sC4H9:E
 1009  9.14945e-01   9.14904e-01   2.2501e-02  C4H10 + CH3 <=> CH4 + pC4H9:A
 1312  9.15642e-01   9.14271e-01   7.4902e-01  HME <=> 2 tC4H9:E
Negative perturbation =  9.94027e-01
Value =  9.07791e-01
Rxn  Value+       Value-           Sensitivi   Reaction Name
 377  9.07802e-01   9.07779e-01   1.2986e-02  C2H4 + H (+M) <=> C2H5 (+M):HpA
 540  9.07792e-01   9.07789e-01   1.6940e-03  C3H6 + H <=> C2H4 + CH3:A
 541  9.07782e-01   9.07799e-01  -9.4947e-03  C3H6 + H <=> C2H4 + CH3:E
 877  9.07895e-01   9.07694e-01   1.1066e-01  C4H81 + H (+M) <=> sC4H9 (+M):HpA
 878  9.07791e-01   9.07790e-01   6.9436e-04  C4H81 + H <=> C2H4 + C2H5:A
 879  9.07787e-01   9.07794e-01  -3.9137e-03  C4H81 + H <=> C2H4 + C2H5:E
 880  9.07790e-01   9.07791e-01  -6.2627e-04  C4H81 + H <=> C3H6 + CH3:A
 881  9.07794e-01   9.07788e-01   3.4949e-03  C4H81 + H <=> C3H6 + CH3:E
 898  9.07906e-01   9.07682e-01   1.2305e-01  C4H82 + H (+M) <=> sC4H9 (+M):HpA
 914  9.07790e-01   9.07792e-01  -8.8203e-04  H + iC4H8 <=> C3H6 + CH3:A
 915  9.07795e-01   9.07787e-01   4.6747e-03  H + iC4H8 <=> C3H6 + CH3:E
 942  9.07617e-01   9.07974e-01  -1.9631e-01  C3H6 + CH3 (+M) <=> sC4H9 (+M):HpA
 968  9.07792e-01   9.07790e-01   1.3989e-03  tC4H9 (+M) <=> H + iC4H8 (+M):HpA
 988  9.07801e-01   9.07783e-01   9.7818e-03  2 C2H5 (+M) <=> C4H10 (+M):HpA
 989  9.08670e-01   9.06923e-01   9.6214e-01  C4H10 + H <=> H2 + pC4H9:A
 990  9.04831e-01   9.10766e-01  -3.2689e+00  C4H10 + H <=> H2 + pC4H9:E
 991  9.06924e-01   9.08668e-01  -9.6076e-01  C4H10 + H <=> H2 + sC4H9:A
 992  9.09761e-01   9.05837e-01   2.1616e+00  C4H10 + H <=> H2 + sC4H9:E
 1009  9.07810e-01   9.07777e-01   1.8404e-02  C4H10 + CH3 <=> CH4 + pC4H9:A
 1312  9.08272e-01   9.07272e-01   5.5079e-01  HME <=> 2 tC4H9:E
