Value =  1.03548e+00
Rxn  Value+       Value-           Sensitivi   Reaction Name
 377  1.03549e+00   1.03548e+00   6.5308e-03  C2H4 + H (+M) <=> C2H5 (+M):HpA
 540  1.03548e+00   1.03547e+00   6.2655e-03  C3H6 + H <=> C2H4 + CH3:A
 541  1.03544e+00   1.03551e+00  -3.3686e-02  C3H6 + H <=> C2H4 + CH3:E
 877  1.03560e+00   1.03536e+00   1.1958e-01  C4H81 + H (+M) <=> sC4H9 (+M):HpA
 878  1.03548e+00   1.03547e+00   2.9081e-03  C4H81 + H <=> C2H4 + C2H5:A
 879  1.03546e+00   1.03549e+00  -1.5915e-02  C4H81 + H <=> C2H4 + C2H5:E
 880  1.03547e+00   1.03548e+00  -2.9346e-03  C4H81 + H <=> C3H6 + CH3:A
 881  1.03549e+00   1.03546e+00   1.5963e-02  C4H81 + H <=> C3H6 + CH3:E
 898  1.03561e+00   1.03535e+00   1.2421e-01  C4H82 + H (+M) <=> sC4H9 (+M):HpA
 914  1.03547e+00   1.03548e+00  -3.2053e-03  H + iC4H8 <=> C3H6 + CH3:A
 915  1.03549e+00   1.03546e+00   1.7193e-02  H + iC4H8 <=> C3H6 + CH3:E
 942  1.03526e+00   1.03570e+00  -2.0969e-01  C3H6 + CH3 (+M) <=> sC4H9 (+M):HpA
 968  1.03548e+00   1.03548e+00   2.9591e-04  tC4H9 (+M) <=> H + iC4H8 (+M):HpA
 988  1.03550e+00   1.03546e+00   1.8063e-02  2 C2H5 (+M) <=> C4H10 (+M):HpA
 989  1.03646e+00   1.03450e+00   9.4453e-01  C4H10 + H <=> H2 + pC4H9:A
 990  1.03231e+00   1.03865e+00  -3.0604e+00  C4H10 + H <=> H2 + pC4H9:E
 991  1.03450e+00   1.03646e+00  -9.4897e-01  C4H10 + H <=> H2 + sC4H9:A
 992  1.03759e+00   1.03338e+00   2.0316e+00  C4H10 + H <=> H2 + sC4H9:E
 1009  1.03550e+00   1.03545e+00   2.3766e-02  C4H10 + CH3 <=> CH4 + pC4H9:A
 1312  1.03623e+00   1.03475e+00   7.1393e-01  HME <=> 2 tC4H9:E

Parameter number =  377 C2H4 + H (+M) <=> C2H5 (+M):HpA
Positive perturbation =  1.39039e+00
Value =  1.03768e+00
Rxn  Value+       Value-           Sensitivi   Reaction Name
 377  1.03769e+00   1.03768e+00   7.5254e-03  C2H4 + H (+M) <=> C2H5 (+M):HpA
 540  1.03769e+00   1.03768e+00   6.2925e-03  C3H6 + H <=> C2H4 + CH3:A
 541  1.03765e+00   1.03772e+00  -3.3720e-02  C3H6 + H <=> C2H4 + CH3:E
 877  1.03781e+00   1.03756e+00   1.1877e-01  C4H81 + H (+M) <=> sC4H9 (+M):HpA
 878  1.03769e+00   1.03768e+00   2.9756e-03  C4H81 + H <=> C2H4 + C2H5:A
 879  1.03767e+00   1.03770e+00  -1.5944e-02  C4H81 + H <=> C2H4 + C2H5:E
 880  1.03768e+00   1.03769e+00  -2.9861e-03  C4H81 + H <=> C3H6 + CH3:A
 881  1.03770e+00   1.03767e+00   1.6000e-02  C4H81 + H <=> C3H6 + CH3:E
 898  1.03781e+00   1.03756e+00   1.2349e-01  C4H82 + H (+M) <=> sC4H9 (+M):HpA
 914  1.03768e+00   1.03769e+00  -3.2236e-03  H + iC4H8 <=> C3H6 + CH3:A
 915  1.03770e+00   1.03767e+00   1.7220e-02  H + iC4H8 <=> C3H6 + CH3:E
 942  1.03747e+00   1.03790e+00  -2.1018e-01  C3H6 + CH3 (+M) <=> sC4H9 (+M):HpA
 968  1.03768e+00   1.03768e+00  -3.5298e-04  tC4H9 (+M) <=> H + iC4H8 (+M):HpA
 988  1.03770e+00   1.03767e+00   1.5455e-02  2 C2H5 (+M) <=> C4H10 (+M):HpA
 989  1.03866e+00   1.03670e+00   9.4434e-01  C4H10 + H <=> H2 + pC4H9:A
 990  1.03451e+00   1.04086e+00  -3.0580e+00  C4H10 + H <=> H2 + pC4H9:E
 991  1.03670e+00   1.03867e+00  -9.4746e-01  C4H10 + H <=> H2 + sC4H9:A
 992  1.03979e+00   1.03558e+00   2.0300e+00  C4H10 + H <=> H2 + sC4H9:E
 1009  1.03771e+00   1.03766e+00   2.3799e-02  C4H10 + CH3 <=> CH4 + pC4H9:A
 1312  1.03841e+00   1.03698e+00   6.8771e-01  HME <=> 2 tC4H9:E
Negative perturbation =  7.19223e-01
Value =  1.03252e+00
Rxn  Value+       Value-           Sensitivi   Reaction Name
 377  1.03253e+00   1.03251e+00   7.9331e-03  C2H4 + H (+M) <=> C2H5 (+M):HpA
 540  1.03253e+00   1.03252e+00   6.3255e-03  C3H6 + H <=> C2H4 + CH3:A
 541  1.03249e+00   1.03256e+00  -3.3610e-02  C3H6 + H <=> C2H4 + CH3:E
 877  1.03265e+00   1.03240e+00   1.1868e-01  C4H81 + H (+M) <=> sC4H9 (+M):HpA
 878  1.03253e+00   1.03252e+00   2.9502e-03  C4H81 + H <=> C2H4 + C2H5:A
 879  1.03251e+00   1.03254e+00  -1.5777e-02  C4H81 + H <=> C2H4 + C2H5:E
 880  1.03252e+00   1.03253e+00  -2.9589e-03  C4H81 + H <=> C3H6 + CH3:A
 881  1.03254e+00   1.03251e+00   1.5907e-02  C4H81 + H <=> C3H6 + CH3:E
 898  1.03265e+00   1.03240e+00   1.2293e-01  C4H82 + H (+M) <=> sC4H9 (+M):HpA
 914  1.03252e+00   1.03253e+00  -3.1601e-03  H + iC4H8 <=> C3H6 + CH3:A
 915  1.03254e+00   1.03251e+00   1.7230e-02  H + iC4H8 <=> C3H6 + CH3:E
 942  1.03231e+00   1.03274e+00  -2.0838e-01  C3H6 + CH3 (+M) <=> sC4H9 (+M):HpA
 968  1.03253e+00   1.03252e+00   2.1182e-03  tC4H9 (+M) <=> H + iC4H8 (+M):HpA
 988  1.03255e+00   1.03251e+00   1.7929e-02  2 C2H5 (+M) <=> C4H10 (+M):HpA
 989  1.03350e+00   1.03155e+00   9.4304e-01  C4H10 + H <=> H2 + pC4H9:A
 990  1.02937e+00   1.03568e+00  -3.0584e+00  C4H10 + H <=> H2 + pC4H9:E
 991  1.03155e+00   1.03350e+00  -9.4565e-01  C4H10 + H <=> H2 + sC4H9:A
 992  1.03462e+00   1.03044e+00   2.0258e+00  C4H10 + H <=> H2 + sC4H9:E
 1009  1.03255e+00   1.03250e+00   2.4233e-02  C4H10 + CH3 <=> CH4 + pC4H9:A
 1312  1.03331e+00   1.03176e+00   7.5088e-01  HME <=> 2 tC4H9:E

Parameter number =  540 C3H6 + H <=> C2H4 + CH3:A     
Positive perturbation =  1.23114e+00
Value =  1.03698e+00
Rxn  Value+       Value-           Sensitivi   Reaction Name
 377  1.03699e+00   1.03698e+00   6.5687e-03  C2H4 + H (+M) <=> C2H5 (+M):HpA
 540  1.03699e+00   1.03697e+00   7.6790e-03  C3H6 + H <=> C2H4 + CH3:A
 541  1.03694e+00   1.03702e+00  -4.1475e-02  C3H6 + H <=> C2H4 + CH3:E
 877  1.03711e+00   1.03686e+00   1.1970e-01  C4H81 + H (+M) <=> sC4H9 (+M):HpA
 878  1.03698e+00   1.03698e+00   2.9780e-03  C4H81 + H <=> C2H4 + C2H5:A
 879  1.03696e+00   1.03700e+00  -1.5921e-02  C4H81 + H <=> C2H4 + C2H5:E
 880  1.03698e+00   1.03698e+00  -3.0165e-03  C4H81 + H <=> C3H6 + CH3:A
 881  1.03700e+00   1.03696e+00   1.5892e-02  C4H81 + H <=> C3H6 + CH3:E
 898  1.03711e+00   1.03686e+00   1.2448e-01  C4H82 + H (+M) <=> sC4H9 (+M):HpA
 914  1.03698e+00   1.03698e+00  -3.1759e-03  H + iC4H8 <=> C3H6 + CH3:A
 915  1.03700e+00   1.03696e+00   1.7269e-02  H + iC4H8 <=> C3H6 + CH3:E
 942  1.03677e+00   1.03720e+00  -2.0996e-01  C3H6 + CH3 (+M) <=> sC4H9 (+M):HpA
 968  1.03699e+00   1.03699e+00   2.4549e-04  tC4H9 (+M) <=> H + iC4H8 (+M):HpA
 988  1.03700e+00   1.03697e+00   1.7860e-02  2 C2H5 (+M) <=> C4H10 (+M):HpA
 989  1.03796e+00   1.03601e+00   9.4376e-01  C4H10 + H <=> H2 + pC4H9:A
 990  1.03381e+00   1.04016e+00  -3.0582e+00  C4H10 + H <=> H2 + pC4H9:E
 991  1.03600e+00   1.03797e+00  -9.4966e-01  C4H10 + H <=> H2 + sC4H9:A
 992  1.03910e+00   1.03488e+00   2.0329e+00  C4H10 + H <=> H2 + sC4H9:E
 1009  1.03701e+00   1.03696e+00   2.3892e-02  C4H10 + CH3 <=> CH4 + pC4H9:A
 1312  1.03769e+00   1.03630e+00   6.7128e-01  HME <=> 2 tC4H9:E
Negative perturbation =  8.12252e-01
Value =  1.03425e+00
Rxn  Value+       Value-           Sensitivi   Reaction Name
 377  1.03427e+00   1.03425e+00   6.5341e-03  C2H4 + H (+M) <=> C2H5 (+M):HpA
 540  1.03426e+00   1.03425e+00   5.0445e-03  C3H6 + H <=> C2H4 + CH3:A
 541  1.03423e+00   1.03428e+00  -2.7535e-02  C3H6 + H <=> C2H4 + CH3:E
 877  1.03438e+00   1.03413e+00   1.1953e-01  C4H81 + H (+M) <=> sC4H9 (+M):HpA
 878  1.03426e+00   1.03425e+00   2.9676e-03  C4H81 + H <=> C2H4 + C2H5:A
 879  1.03424e+00   1.03427e+00  -1.5770e-02  C4H81 + H <=> C2H4 + C2H5:E
 880  1.03425e+00   1.03426e+00  -3.0448e-03  C4H81 + H <=> C3H6 + CH3:A
 881  1.03427e+00   1.03424e+00   1.6021e-02  C4H81 + H <=> C3H6 + CH3:E
 898  1.03439e+00   1.03413e+00   1.2422e-01  C4H82 + H (+M) <=> sC4H9 (+M):HpA
 914  1.03425e+00   1.03426e+00  -3.2202e-03  H + iC4H8 <=> C3H6 + CH3:A
 915  1.03427e+00   1.03424e+00   1.7293e-02  H + iC4H8 <=> C3H6 + CH3:E
 942  1.03404e+00   1.03447e+00  -2.0978e-01  C3H6 + CH3 (+M) <=> sC4H9 (+M):HpA
 968  1.03426e+00   1.03426e+00   8.2880e-04  tC4H9 (+M) <=> H + iC4H8 (+M):HpA
 988  1.03428e+00   1.03424e+00   1.7994e-02  2 C2H5 (+M) <=> C4H10 (+M):HpA
 989  1.03523e+00   1.03328e+00   9.4497e-01  C4H10 + H <=> H2 + pC4H9:A
 990  1.03109e+00   1.03742e+00  -3.0624e+00  C4H10 + H <=> H2 + pC4H9:E
 991  1.03328e+00   1.03524e+00  -9.4867e-01  C4H10 + H <=> H2 + sC4H9:A
 992  1.03636e+00   1.03216e+00   2.0306e+00  C4H10 + H <=> H2 + sC4H9:E
 1009  1.03428e+00   1.03423e+00   2.3835e-02  C4H10 + CH3 <=> CH4 + pC4H9:A
 1312  1.03504e+00   1.03349e+00   7.4875e-01  HME <=> 2 tC4H9:E

Parameter number =  541 C3H6 + H <=> C2H4 + CH3:E     
Positive perturbation =  1.03547e+00
Value =  1.03435e+00
Rxn  Value+       Value-           Sensitivi   Reaction Name
 377  1.03436e+00   1.03435e+00   6.5455e-03  C2H4 + H (+M) <=> C2H5 (+M):HpA
 540  1.03435e+00   1.03434e+00   5.1403e-03  C3H6 + H <=> C2H4 + CH3:A
 541  1.03432e+00   1.03438e+00  -2.8876e-02  C3H6 + H <=> C2H4 + CH3:E
 877  1.03448e+00   1.03423e+00   1.1961e-01  C4H81 + H (+M) <=> sC4H9 (+M):HpA
 878  1.03435e+00   1.03435e+00   3.0816e-03  C4H81 + H <=> C2H4 + C2H5:A
 879  1.03433e+00   1.03437e+00  -1.5862e-02  C4H81 + H <=> C2H4 + C2H5:E
 880  1.03435e+00   1.03435e+00  -2.9657e-03  C4H81 + H <=> C3H6 + CH3:A
 881  1.03437e+00   1.03433e+00   1.5966e-02  C4H81 + H <=> C3H6 + CH3:E
 898  1.03448e+00   1.03422e+00   1.2430e-01  C4H82 + H (+M) <=> sC4H9 (+M):HpA
 914  1.03435e+00   1.03435e+00  -3.0958e-03  H + iC4H8 <=> C3H6 + CH3:A
 915  1.03437e+00   1.03433e+00   1.7212e-02  H + iC4H8 <=> C3H6 + CH3:E
 942  1.03413e+00   1.03457e+00  -2.0970e-01  C3H6 + CH3 (+M) <=> sC4H9 (+M):HpA
 968  1.03436e+00   1.03435e+00   6.0353e-04  tC4H9 (+M) <=> H + iC4H8 (+M):HpA
 988  1.03437e+00   1.03433e+00   1.8320e-02  2 C2H5 (+M) <=> C4H10 (+M):HpA
 989  1.03533e+00   1.03337e+00   9.4502e-01  C4H10 + H <=> H2 + pC4H9:A
 990  1.03119e+00   1.03752e+00  -3.0622e+00  C4H10 + H <=> H2 + pC4H9:E
 991  1.03337e+00   1.03533e+00  -9.4856e-01  C4H10 + H <=> H2 + sC4H9:A
 992  1.03646e+00   1.03226e+00   2.0307e+00  C4H10 + H <=> H2 + sC4H9:E
 1009  1.03437e+00   1.03432e+00   2.3702e-02  C4H10 + CH3 <=> CH4 + pC4H9:A
 1312  1.03514e+00   1.03359e+00   7.4603e-01  HME <=> 2 tC4H9:E
Negative perturbation =  9.65745e-01
Value =  1.03679e+00
Rxn  Value+       Value-           Sensitivi   Reaction Name
 377  1.03680e+00   1.03679e+00   6.5573e-03  C2H4 + H (+M) <=> C2H5 (+M):HpA
 540  1.03680e+00   1.03678e+00   7.5682e-03  C3H6 + H <=> C2H4 + CH3:A
 541  1.03675e+00   1.03683e+00  -3.9046e-02  C3H6 + H <=> C2H4 + CH3:E
 877  1.03692e+00   1.03667e+00   1.1972e-01  C4H81 + H (+M) <=> sC4H9 (+M):HpA
 878  1.03679e+00   1.03679e+00   2.9697e-03  C4H81 + H <=> C2H4 + C2H5:A
 879  1.03677e+00   1.03681e+00  -1.5918e-02  C4H81 + H <=> C2H4 + C2H5:E
 880  1.03679e+00   1.03679e+00  -3.0885e-03  C4H81 + H <=> C3H6 + CH3:A
 881  1.03681e+00   1.03677e+00   1.5941e-02  C4H81 + H <=> C3H6 + CH3:E
 898  1.03692e+00   1.03666e+00   1.2430e-01  C4H82 + H (+M) <=> sC4H9 (+M):HpA
 914  1.03679e+00   1.03679e+00  -3.2160e-03  H + iC4H8 <=> C3H6 + CH3:A
 915  1.03681e+00   1.03677e+00   1.7184e-02  H + iC4H8 <=> C3H6 + CH3:E
 942  1.03657e+00   1.03701e+00  -2.1003e-01  C3H6 + CH3 (+M) <=> sC4H9 (+M):HpA
 968  1.03679e+00   1.03679e+00   2.3139e-04  tC4H9 (+M) <=> H + iC4H8 (+M):HpA
 988  1.03681e+00   1.03677e+00   1.8042e-02  2 C2H5 (+M) <=> C4H10 (+M):HpA
 989  1.03777e+00   1.03581e+00   9.4386e-01  C4H10 + H <=> H2 + pC4H9:A
 990  1.03362e+00   1.03996e+00  -3.0586e+00  C4H10 + H <=> H2 + pC4H9:E
 991  1.03581e+00   1.03778e+00  -9.4961e-01  C4H10 + H <=> H2 + sC4H9:A
 992  1.03890e+00   1.03469e+00   2.0327e+00  C4H10 + H <=> H2 + sC4H9:E
 1009  1.03681e+00   1.03676e+00   2.3819e-02  C4H10 + CH3 <=> CH4 + pC4H9:A
 1312  1.03751e+00   1.03610e+00   6.7671e-01  HME <=> 2 tC4H9:E

Parameter number =  877 C4H81 + H (+M) <=> sC4H9 (+M):HpA
Positive perturbation =  1.39039e+00
Value =  1.08030e+00
Rxn  Value+       Value-           Sensitivi   Reaction Name
 377  1.08031e+00   1.08029e+00   7.0162e-03  C2H4 + H (+M) <=> C2H5 (+M):HpA
 540  1.08030e+00   1.08029e+00   6.4493e-03  C3H6 + H <=> C2H4 + CH3:A
 541  1.08026e+00   1.08033e+00  -3.4327e-02  C3H6 + H <=> C2H4 + CH3:E
 877  1.08044e+00   1.08015e+00   1.3844e-01  C4H81 + H (+M) <=> sC4H9 (+M):HpA
 878  1.08030e+00   1.08029e+00   3.7693e-03  C4H81 + H <=> C2H4 + C2H5:A
 879  1.08028e+00   1.08032e+00  -2.0105e-02  C4H81 + H <=> C2H4 + C2H5:E
 880  1.08029e+00   1.08030e+00  -3.9350e-03  C4H81 + H <=> C3H6 + CH3:A
 881  1.08032e+00   1.08027e+00   2.1123e-02  C4H81 + H <=> C3H6 + CH3:E
 898  1.08042e+00   1.08016e+00   1.2056e-01  C4H82 + H (+M) <=> sC4H9 (+M):HpA
 914  1.08029e+00   1.08030e+00  -3.3464e-03  H + iC4H8 <=> C3H6 + CH3:A
 915  1.08032e+00   1.08028e+00   1.7968e-02  H + iC4H8 <=> C3H6 + CH3:E
 942  1.08005e+00   1.08054e+00  -2.2782e-01  C3H6 + CH3 (+M) <=> sC4H9 (+M):HpA
 968  1.08030e+00   1.08030e+00   6.8855e-04  tC4H9 (+M) <=> H + iC4H8 (+M):HpA
 988  1.08031e+00   1.08028e+00   1.4998e-02  2 C2H5 (+M) <=> C4H10 (+M):HpA
 989  1.08132e+00   1.07928e+00   9.4675e-01  C4H10 + H <=> H2 + pC4H9:A
 990  1.07699e+00   1.08361e+00  -3.0615e+00  C4H10 + H <=> H2 + pC4H9:E
 991  1.07928e+00   1.08132e+00  -9.4522e-01  C4H10 + H <=> H2 + sC4H9:A
 992  1.08249e+00   1.07811e+00   2.0292e+00  C4H10 + H <=> H2 + sC4H9:E
 1009  1.08032e+00   1.08027e+00   2.3286e-02  C4H10 + CH3 <=> CH4 + pC4H9:A
 1312  1.08107e+00   1.07954e+00   7.0928e-01  HME <=> 2 tC4H9:E
Negative perturbation =  7.19223e-01
Value =  9.98897e-01
Rxn  Value+       Value-           Sensitivi   Reaction Name
 377  9.98902e-01   9.98892e-01   5.1198e-03  C2H4 + H (+M) <=> C2H5 (+M):HpA
 540  9.98903e-01   9.98891e-01   6.1835e-03  C3H6 + H <=> C2H4 + CH3:A
 541  9.98864e-01   9.98930e-01  -3.3153e-02  C3H6 + H <=> C2H4 + CH3:E
 877  9.98996e-01   9.98797e-01   9.9624e-02  C4H81 + H (+M) <=> sC4H9 (+M):HpA
 878  9.98899e-01   9.98894e-01   2.3075e-03  C4H81 + H <=> C2H4 + C2H5:A
 879  9.98884e-01   9.98909e-01  -1.2414e-02  C4H81 + H <=> C2H4 + C2H5:E
 880  9.98894e-01   9.98899e-01  -2.2361e-03  C4H81 + H <=> C3H6 + CH3:A
 881  9.98909e-01   9.98885e-01   1.1982e-02  C4H81 + H <=> C3H6 + CH3:E
 898  9.99024e-01   9.98769e-01   1.2790e-01  C4H82 + H (+M) <=> sC4H9 (+M):HpA
 914  9.98894e-01   9.98900e-01  -3.0905e-03  H + iC4H8 <=> C3H6 + CH3:A
 915  9.98913e-01   9.98880e-01   1.6549e-02  H + iC4H8 <=> C3H6 + CH3:E
 942  9.98702e-01   9.99091e-01  -1.9469e-01  C3H6 + CH3 (+M) <=> sC4H9 (+M):HpA
 968  9.98897e-01   9.98896e-01   1.2094e-04  tC4H9 (+M) <=> H + iC4H8 (+M):HpA
 988  9.98907e-01   9.98882e-01   1.2391e-02  2 C2H5 (+M) <=> C4H10 (+M):HpA
 989  9.99839e-01   9.97955e-01   9.4325e-01  C4H10 + H <=> H2 + pC4H9:A
 990  9.95848e-01   1.00195e+00  -3.0552e+00  C4H10 + H <=> H2 + pC4H9:E
 991  9.97952e-01   9.99842e-01  -9.4633e-01  C4H10 + H <=> H2 + sC4H9:A
 992  1.00093e+00   9.96874e-01   2.0281e+00  C4H10 + H <=> H2 + sC4H9:E
 1009  9.98921e-01   9.98872e-01   2.4663e-02  C4H10 + CH3 <=> CH4 + pC4H9:A
 1312  9.99632e-01   9.98181e-01   7.2591e-01  HME <=> 2 tC4H9:E

Parameter number =  878 C4H81 + H <=> C2H4 + C2H5:A   
Positive perturbation =  1.39039e+00
Value =  1.03667e+00
Rxn  Value+       Value-           Sensitivi   Reaction Name
 377  1.03669e+00   1.03667e+00   6.5961e-03  C2H4 + H (+M) <=> C2H5 (+M):HpA
 540  1.03668e+00   1.03667e+00   6.2071e-03  C3H6 + H <=> C2H4 + CH3:A
 541  1.03664e+00   1.03671e+00  -3.3517e-02  C3H6 + H <=> C2H4 + CH3:E
 877  1.03680e+00   1.03655e+00   1.2046e-01  C4H81 + H (+M) <=> sC4H9 (+M):HpA
 878  1.03668e+00   1.03667e+00   4.1389e-03  C4H81 + H <=> C2H4 + C2H5:A
 879  1.03665e+00   1.03670e+00  -2.1937e-02  C4H81 + H <=> C2H4 + C2H5:E
 880  1.03667e+00   1.03668e+00  -2.9926e-03  C4H81 + H <=> C3H6 + CH3:A
 881  1.03669e+00   1.03666e+00   1.5992e-02  C4H81 + H <=> C3H6 + CH3:E
 898  1.03681e+00   1.03655e+00   1.2430e-01  C4H82 + H (+M) <=> sC4H9 (+M):HpA
 914  1.03667e+00   1.03668e+00  -3.3111e-03  H + iC4H8 <=> C3H6 + CH3:A
 915  1.03669e+00   1.03666e+00   1.7326e-02  H + iC4H8 <=> C3H6 + CH3:E
 942  1.03646e+00   1.03689e+00  -2.1060e-01  C3H6 + CH3 (+M) <=> sC4H9 (+M):HpA
 968  1.03667e+00   1.03668e+00  -1.8599e-03  tC4H9 (+M) <=> H + iC4H8 (+M):HpA
 988  1.03670e+00   1.03666e+00   1.9011e-02  2 C2H5 (+M) <=> C4H10 (+M):HpA
 989  1.03765e+00   1.03570e+00   9.4343e-01  C4H10 + H <=> H2 + pC4H9:A
 990  1.03351e+00   1.03985e+00  -3.0570e+00  C4H10 + H <=> H2 + pC4H9:E
 991  1.03569e+00   1.03766e+00  -9.4910e-01  C4H10 + H <=> H2 + sC4H9:A
 992  1.03879e+00   1.03458e+00   2.0315e+00  C4H10 + H <=> H2 + sC4H9:E
 1009  1.03670e+00   1.03665e+00   2.3873e-02  C4H10 + CH3 <=> CH4 + pC4H9:A
 1312  1.03739e+00   1.03598e+00   6.7985e-01  HME <=> 2 tC4H9:E
Negative perturbation =  7.19223e-01
Value =  1.03461e+00
Rxn  Value+       Value-           Sensitivi   Reaction Name
 377  1.03463e+00   1.03461e+00   6.5276e-03  C2H4 + H (+M) <=> C2H5 (+M):HpA
 540  1.03462e+00   1.03461e+00   6.3207e-03  C3H6 + H <=> C2H4 + CH3:A
 541  1.03458e+00   1.03465e+00  -3.3775e-02  C3H6 + H <=> C2H4 + CH3:E
 877  1.03474e+00   1.03449e+00   1.1888e-01  C4H81 + H (+M) <=> sC4H9 (+M):HpA
 878  1.03462e+00   1.03461e+00   2.1259e-03  C4H81 + H <=> C2H4 + C2H5:A
 879  1.03460e+00   1.03463e+00  -1.1410e-02  C4H81 + H <=> C2H4 + C2H5:E
 880  1.03461e+00   1.03462e+00  -2.9448e-03  C4H81 + H <=> C3H6 + CH3:A
 881  1.03463e+00   1.03460e+00   1.5914e-02  C4H81 + H <=> C3H6 + CH3:E
 898  1.03474e+00   1.03449e+00   1.2428e-01  C4H82 + H (+M) <=> sC4H9 (+M):HpA
 914  1.03461e+00   1.03462e+00  -3.1049e-03  H + iC4H8 <=> C3H6 + CH3:A
 915  1.03463e+00   1.03460e+00   1.7160e-02  H + iC4H8 <=> C3H6 + CH3:E
 942  1.03440e+00   1.03483e+00  -2.0933e-01  C3H6 + CH3 (+M) <=> sC4H9 (+M):HpA
 968  1.03462e+00   1.03462e+00   6.5774e-04  tC4H9 (+M) <=> H + iC4H8 (+M):HpA
 988  1.03463e+00   1.03460e+00   1.7277e-02  2 C2H5 (+M) <=> C4H10 (+M):HpA
 989  1.03559e+00   1.03364e+00   9.4524e-01  C4H10 + H <=> H2 + pC4H9:A
 990  1.03145e+00   1.03779e+00  -3.0629e+00  C4H10 + H <=> H2 + pC4H9:E
 991  1.03363e+00   1.03560e+00  -9.4907e-01  C4H10 + H <=> H2 + sC4H9:A
 992  1.03672e+00   1.03252e+00   2.0317e+00  C4H10 + H <=> H2 + sC4H9:E
 1009  1.03464e+00   1.03459e+00   2.3839e-02  C4H10 + CH3 <=> CH4 + pC4H9:A
 1312  1.03539e+00   1.03386e+00   7.3865e-01  HME <=> 2 tC4H9:E

Parameter number =  879 C4H81 + H <=> C2H4 + C2H5:E   
Positive perturbation =  1.05497e+00
Value =  1.03469e+00
Rxn  Value+       Value-           Sensitivi   Reaction Name
 377  1.03470e+00   1.03469e+00   6.5662e-03  C2H4 + H (+M) <=> C2H5 (+M):HpA
 540  1.03470e+00   1.03469e+00   6.2733e-03  C3H6 + H <=> C2H4 + CH3:A
 541  1.03466e+00   1.03473e+00  -3.3746e-02  C3H6 + H <=> C2H4 + CH3:E
 877  1.03482e+00   1.03457e+00   1.1911e-01  C4H81 + H (+M) <=> sC4H9 (+M):HpA
 878  1.03469e+00   1.03469e+00   2.2516e-03  C4H81 + H <=> C2H4 + C2H5:A
 879  1.03468e+00   1.03471e+00  -1.2512e-02  C4H81 + H <=> C2H4 + C2H5:E
 880  1.03469e+00   1.03470e+00  -2.9205e-03  C4H81 + H <=> C3H6 + CH3:A
 881  1.03471e+00   1.03468e+00   1.5958e-02  C4H81 + H <=> C3H6 + CH3:E
 898  1.03482e+00   1.03457e+00   1.2434e-01  C4H82 + H (+M) <=> sC4H9 (+M):HpA
 914  1.03469e+00   1.03470e+00  -3.2323e-03  H + iC4H8 <=> C3H6 + CH3:A
 915  1.03471e+00   1.03467e+00   1.7254e-02  H + iC4H8 <=> C3H6 + CH3:E
 942  1.03448e+00   1.03491e+00  -2.0949e-01  C3H6 + CH3 (+M) <=> sC4H9 (+M):HpA
 968  1.03470e+00   1.03470e+00   5.8160e-04  tC4H9 (+M) <=> H + iC4H8 (+M):HpA
 988  1.03471e+00   1.03468e+00   1.7129e-02  2 C2H5 (+M) <=> C4H10 (+M):HpA
 989  1.03567e+00   1.03372e+00   9.4520e-01  C4H10 + H <=> H2 + pC4H9:A
 990  1.03153e+00   1.03786e+00  -3.0628e+00  C4H10 + H <=> H2 + pC4H9:E
 991  1.03371e+00   1.03568e+00  -9.4915e-01  C4H10 + H <=> H2 + sC4H9:A
 992  1.03680e+00   1.03260e+00   2.0317e+00  C4H10 + H <=> H2 + sC4H9:E
 1009  1.03472e+00   1.03467e+00   2.3873e-02  C4H10 + CH3 <=> CH4 + pC4H9:A
 1312  1.03547e+00   1.03395e+00   7.3640e-01  HME <=> 2 tC4H9:E
Negative perturbation =  9.47894e-01
Value =  1.03646e+00
Rxn  Value+       Value-           Sensitivi   Reaction Name
 377  1.03648e+00   1.03646e+00   6.5782e-03  C2H4 + H (+M) <=> C2H5 (+M):HpA
 540  1.03647e+00   1.03646e+00   6.2928e-03  C3H6 + H <=> C2H4 + CH3:A
 541  1.03643e+00   1.03650e+00  -3.3564e-02  C3H6 + H <=> C2H4 + CH3:E
 877  1.03659e+00   1.03634e+00   1.2036e-01  C4H81 + H (+M) <=> sC4H9 (+M):HpA
 878  1.03647e+00   1.03646e+00   3.9459e-03  C4H81 + H <=> C2H4 + C2H5:A
 879  1.03644e+00   1.03649e+00  -1.9749e-02  C4H81 + H <=> C2H4 + C2H5:E
 880  1.03646e+00   1.03647e+00  -2.9137e-03  C4H81 + H <=> C3H6 + CH3:A
 881  1.03648e+00   1.03645e+00   1.5960e-02  C4H81 + H <=> C3H6 + CH3:E
 898  1.03660e+00   1.03634e+00   1.2429e-01  C4H82 + H (+M) <=> sC4H9 (+M):HpA
 914  1.03646e+00   1.03647e+00  -3.2480e-03  H + iC4H8 <=> C3H6 + CH3:A
 915  1.03648e+00   1.03645e+00   1.7140e-02  H + iC4H8 <=> C3H6 + CH3:E
 942  1.03625e+00   1.03669e+00  -2.1044e-01  C3H6 + CH3 (+M) <=> sC4H9 (+M):HpA
 968  1.03647e+00   1.03647e+00  -1.8946e-03  tC4H9 (+M) <=> H + iC4H8 (+M):HpA
 988  1.03649e+00   1.03645e+00   1.9273e-02  2 C2H5 (+M) <=> C4H10 (+M):HpA
 989  1.03745e+00   1.03549e+00   9.4355e-01  C4H10 + H <=> H2 + pC4H9:A
 990  1.03330e+00   1.03964e+00  -3.0576e+00  C4H10 + H <=> H2 + pC4H9:E
 991  1.03548e+00   1.03745e+00  -9.4900e-01  C4H10 + H <=> H2 + sC4H9:A
 992  1.03858e+00   1.03437e+00   2.0315e+00  C4H10 + H <=> H2 + sC4H9:E
 1009  1.03649e+00   1.03644e+00   2.3815e-02  C4H10 + CH3 <=> CH4 + pC4H9:A
 1312  1.03719e+00   1.03577e+00   6.8577e-01  HME <=> 2 tC4H9:E

Parameter number =  880 C4H81 + H <=> C3H6 + CH3:A    
Positive perturbation =  1.62066e+00
Value =  1.03358e+00
Rxn  Value+       Value-           Sensitivi   Reaction Name
 377  1.03359e+00   1.03358e+00   6.5423e-03  C2H4 + H (+M) <=> C2H5 (+M):HpA
 540  1.03359e+00   1.03357e+00   6.3777e-03  C3H6 + H <=> C2H4 + CH3:A
 541  1.03355e+00   1.03362e+00  -3.3538e-02  C3H6 + H <=> C2H4 + CH3:E
 877  1.03371e+00   1.03346e+00   1.1804e-01  C4H81 + H (+M) <=> sC4H9 (+M):HpA
 878  1.03358e+00   1.03358e+00   2.9315e-03  C4H81 + H <=> C2H4 + C2H5:A
 879  1.03357e+00   1.03360e+00  -1.5729e-02  C4H81 + H <=> C2H4 + C2H5:E
 880  1.03358e+00   1.03359e+00  -4.8613e-03  C4H81 + H <=> C3H6 + CH3:A
 881  1.03361e+00   1.03356e+00   2.5493e-02  C4H81 + H <=> C3H6 + CH3:E
 898  1.03371e+00   1.03346e+00   1.2415e-01  C4H82 + H (+M) <=> sC4H9 (+M):HpA
 914  1.03358e+00   1.03358e+00  -3.0933e-03  H + iC4H8 <=> C3H6 + CH3:A
 915  1.03360e+00   1.03356e+00   1.7206e-02  H + iC4H8 <=> C3H6 + CH3:E
 942  1.03337e+00   1.03380e+00  -2.0826e-01  C3H6 + CH3 (+M) <=> sC4H9 (+M):HpA
 968  1.03359e+00   1.03359e+00   3.2721e-04  tC4H9 (+M) <=> H + iC4H8 (+M):HpA
 988  1.03361e+00   1.03357e+00   1.9251e-02  2 C2H5 (+M) <=> C4H10 (+M):HpA
 989  1.03456e+00   1.03261e+00   9.4437e-01  C4H10 + H <=> H2 + pC4H9:A
 990  1.03042e+00   1.03675e+00  -3.0603e+00  C4H10 + H <=> H2 + pC4H9:E
 991  1.03260e+00   1.03456e+00  -9.4732e-01  C4H10 + H <=> H2 + sC4H9:A
 992  1.03568e+00   1.03149e+00   2.0280e+00  C4H10 + H <=> H2 + sC4H9:E
 1009  1.03361e+00   1.03356e+00   2.3863e-02  C4H10 + CH3 <=> CH4 + pC4H9:A
 1312  1.03439e+00   1.03280e+00   7.6780e-01  HME <=> 2 tC4H9:E
Negative perturbation =  6.17034e-01
Value =  1.03666e+00
Rxn  Value+       Value-           Sensitivi   Reaction Name
 377  1.03667e+00   1.03666e+00   6.5709e-03  C2H4 + H (+M) <=> C2H5 (+M):HpA
 540  1.03667e+00   1.03666e+00   6.2311e-03  C3H6 + H <=> C2H4 + CH3:A
 541  1.03663e+00   1.03670e+00  -3.3747e-02  C3H6 + H <=> C2H4 + CH3:E
 877  1.03679e+00   1.03654e+00   1.2058e-01  C4H81 + H (+M) <=> sC4H9 (+M):HpA
 878  1.03667e+00   1.03666e+00   2.9701e-03  C4H81 + H <=> C2H4 + C2H5:A
 879  1.03665e+00   1.03668e+00  -1.5971e-02  C4H81 + H <=> C2H4 + C2H5:E
 880  1.03666e+00   1.03667e+00  -1.9017e-03  C4H81 + H <=> C3H6 + CH3:A
 881  1.03667e+00   1.03665e+00   1.0022e-02  C4H81 + H <=> C3H6 + CH3:E
 898  1.03679e+00   1.03654e+00   1.2437e-01  C4H82 + H (+M) <=> sC4H9 (+M):HpA
 914  1.03666e+00   1.03667e+00  -3.1219e-03  H + iC4H8 <=> C3H6 + CH3:A
 915  1.03668e+00   1.03665e+00   1.7360e-02  H + iC4H8 <=> C3H6 + CH3:E
 942  1.03645e+00   1.03688e+00  -2.1078e-01  C3H6 + CH3 (+M) <=> sC4H9 (+M):HpA
 968  1.03667e+00   1.03667e+00   5.7825e-04  tC4H9 (+M) <=> H + iC4H8 (+M):HpA
 988  1.03668e+00   1.03665e+00   1.7072e-02  2 C2H5 (+M) <=> C4H10 (+M):HpA
 989  1.03765e+00   1.03569e+00   9.4450e-01  C4H10 + H <=> H2 + pC4H9:A
 990  1.03349e+00   1.03984e+00  -3.0607e+00  C4H10 + H <=> H2 + pC4H9:E
 991  1.03568e+00   1.03765e+00  -9.5024e-01  C4H10 + H <=> H2 + sC4H9:A
 992  1.03878e+00   1.03456e+00   2.0339e+00  C4H10 + H <=> H2 + sC4H9:E
 1009  1.03669e+00   1.03664e+00   2.3704e-02  C4H10 + CH3 <=> CH4 + pC4H9:A
 1312  1.03738e+00   1.03597e+00   6.7989e-01  HME <=> 2 tC4H9:E

Parameter number =  881 C4H81 + H <=> C3H6 + CH3:E    
Positive perturbation =  1.05622e+00
Value =  1.03628e+00
Rxn  Value+       Value-           Sensitivi   Reaction Name
 377  1.03629e+00   1.03628e+00   6.5342e-03  C2H4 + H (+M) <=> C2H5 (+M):HpA
 540  1.03629e+00   1.03627e+00   6.3037e-03  C3H6 + H <=> C2H4 + CH3:A
 541  1.03625e+00   1.03632e+00  -3.3681e-02  C3H6 + H <=> C2H4 + CH3:E
 877  1.03641e+00   1.03616e+00   1.2027e-01  C4H81 + H (+M) <=> sC4H9 (+M):HpA
 878  1.03628e+00   1.03628e+00   2.9939e-03  C4H81 + H <=> C2H4 + C2H5:A
 879  1.03626e+00   1.03630e+00  -1.5853e-02  C4H81 + H <=> C2H4 + C2H5:E
 880  1.03628e+00   1.03628e+00  -2.2174e-03  C4H81 + H <=> C3H6 + CH3:A
 881  1.03629e+00   1.03627e+00   1.2518e-02  C4H81 + H <=> C3H6 + CH3:E
 898  1.03641e+00   1.03616e+00   1.2445e-01  C4H82 + H (+M) <=> sC4H9 (+M):HpA
 914  1.03628e+00   1.03628e+00  -3.2700e-03  H + iC4H8 <=> C3H6 + CH3:A
 915  1.03630e+00   1.03626e+00   1.7269e-02  H + iC4H8 <=> C3H6 + CH3:E
 942  1.03607e+00   1.03650e+00  -2.1049e-01  C3H6 + CH3 (+M) <=> sC4H9 (+M):HpA
 968  1.03629e+00   1.03629e+00   3.0987e-04  tC4H9 (+M) <=> H + iC4H8 (+M):HpA
 988  1.03630e+00   1.03627e+00   1.7033e-02  2 C2H5 (+M) <=> C4H10 (+M):HpA
 989  1.03726e+00   1.03531e+00   9.4451e-01  C4H10 + H <=> H2 + pC4H9:A
 990  1.03311e+00   1.03946e+00  -3.0605e+00  C4H10 + H <=> H2 + pC4H9:E
 991  1.03530e+00   1.03727e+00  -9.4981e-01  C4H10 + H <=> H2 + sC4H9:A
 992  1.03840e+00   1.03418e+00   2.0332e+00  C4H10 + H <=> H2 + sC4H9:E
 1009  1.03631e+00   1.03626e+00   2.3877e-02  C4H10 + CH3 <=> CH4 + pC4H9:A
 1312  1.03701e+00   1.03558e+00   6.9088e-01  HME <=> 2 tC4H9:E
Negative perturbation =  9.46772e-01
Value =  1.03446e+00
Rxn  Value+       Value-           Sensitivi   Reaction Name
 377  1.03448e+00   1.03446e+00   6.5993e-03  C2H4 + H (+M) <=> C2H5 (+M):HpA
 540  1.03447e+00   1.03446e+00   6.2244e-03  C3H6 + H <=> C2H4 + CH3:A
 541  1.03443e+00   1.03450e+00  -3.3782e-02  C3H6 + H <=> C2H4 + CH3:E
 877  1.03459e+00   1.03435e+00   1.1880e-01  C4H81 + H (+M) <=> sC4H9 (+M):HpA
 878  1.03447e+00   1.03446e+00   3.0022e-03  C4H81 + H <=> C2H4 + C2H5:A
 879  1.03445e+00   1.03448e+00  -1.5969e-02  C4H81 + H <=> C2H4 + C2H5:E
 880  1.03446e+00   1.03447e+00  -3.9450e-03  C4H81 + H <=> C3H6 + CH3:A
 881  1.03449e+00   1.03444e+00   1.9860e-02  C4H81 + H <=> C3H6 + CH3:E
 898  1.03460e+00   1.03434e+00   1.2413e-01  C4H82 + H (+M) <=> sC4H9 (+M):HpA
 914  1.03446e+00   1.03447e+00  -3.2503e-03  H + iC4H8 <=> C3H6 + CH3:A
 915  1.03448e+00   1.03445e+00   1.7129e-02  H + iC4H8 <=> C3H6 + CH3:E
 942  1.03425e+00   1.03468e+00  -2.0899e-01  C3H6 + CH3 (+M) <=> sC4H9 (+M):HpA
 968  1.03447e+00   1.03447e+00   3.7445e-04  tC4H9 (+M) <=> H + iC4H8 (+M):HpA
 988  1.03449e+00   1.03445e+00   1.9386e-02  2 C2H5 (+M) <=> C4H10 (+M):HpA
 989  1.03544e+00   1.03349e+00   9.4438e-01  C4H10 + H <=> H2 + pC4H9:A
 990  1.03130e+00   1.03763e+00  -3.0604e+00  C4H10 + H <=> H2 + pC4H9:E
 991  1.03349e+00   1.03545e+00  -9.4805e-01  C4H10 + H <=> H2 + sC4H9:A
 992  1.03657e+00   1.03237e+00   2.0297e+00  C4H10 + H <=> H2 + sC4H9:E
 1009  1.03449e+00   1.03444e+00   2.3880e-02  C4H10 + CH3 <=> CH4 + pC4H9:A
 1312  1.03525e+00   1.03371e+00   7.4280e-01  HME <=> 2 tC4H9:E

Parameter number =  898 C4H82 + H (+M) <=> sC4H9 (+M):HpA
Positive perturbation =  1.39039e+00
Value =  1.08211e+00
Rxn  Value+       Value-           Sensitivi   Reaction Name
 377  1.08212e+00   1.08210e+00   6.8767e-03  C2H4 + H (+M) <=> C2H5 (+M):HpA
 540  1.08211e+00   1.08210e+00   6.3837e-03  C3H6 + H <=> C2H4 + CH3:A
 541  1.08207e+00   1.08214e+00  -3.4418e-02  C3H6 + H <=> C2H4 + CH3:E
 877  1.08223e+00   1.08199e+00   1.1310e-01  C4H81 + H (+M) <=> sC4H9 (+M):HpA
 878  1.08211e+00   1.08210e+00   2.9641e-03  C4H81 + H <=> C2H4 + C2H5:A
 879  1.08209e+00   1.08212e+00  -1.5862e-02  C4H81 + H <=> C2H4 + C2H5:E
 880  1.08210e+00   1.08211e+00  -3.1009e-03  C4H81 + H <=> C3H6 + CH3:A
 881  1.08212e+00   1.08209e+00   1.6647e-02  C4H81 + H <=> C3H6 + CH3:E
 898  1.08226e+00   1.08195e+00   1.4094e-01  C4H82 + H (+M) <=> sC4H9 (+M):HpA
 914  1.08210e+00   1.08211e+00  -3.3805e-03  H + iC4H8 <=> C3H6 + CH3:A
 915  1.08213e+00   1.08209e+00   1.8075e-02  H + iC4H8 <=> C3H6 + CH3:E
 942  1.08186e+00   1.08236e+00  -2.2931e-01  C3H6 + CH3 (+M) <=> sC4H9 (+M):HpA
 968  1.08210e+00   1.08211e+00  -2.8636e-03  tC4H9 (+M) <=> H + iC4H8 (+M):HpA
 988  1.08212e+00   1.08210e+00   1.2347e-02  2 C2H5 (+M) <=> C4H10 (+M):HpA
 989  1.08313e+00   1.08108e+00   9.4659e-01  C4H10 + H <=> H2 + pC4H9:A
 990  1.07880e+00   1.08543e+00  -3.0637e+00  C4H10 + H <=> H2 + pC4H9:E
 991  1.08108e+00   1.08313e+00  -9.4836e-01  C4H10 + H <=> H2 + sC4H9:A
 992  1.08431e+00   1.07991e+00   2.0329e+00  C4H10 + H <=> H2 + sC4H9:E
 1009  1.08213e+00   1.08208e+00   2.3942e-02  C4H10 + CH3 <=> CH4 + pC4H9:A
 1312  1.08288e+00   1.08135e+00   7.0762e-01  HME <=> 2 tC4H9:E
Negative perturbation =  7.19223e-01
Value =  9.97471e-01
Rxn  Value+       Value-           Sensitivi   Reaction Name
 377  9.97476e-01   9.97462e-01   6.9389e-03  C2H4 + H (+M) <=> C2H5 (+M):HpA
 540  9.97477e-01   9.97465e-01   6.1830e-03  C3H6 + H <=> C2H4 + CH3:A
 541  9.97438e-01   9.97504e-01  -3.3109e-02  C3H6 + H <=> C2H4 + CH3:E
 877  9.97595e-01   9.97348e-01   1.2374e-01  C4H81 + H (+M) <=> sC4H9 (+M):HpA
 878  9.97474e-01   9.97468e-01   2.9601e-03  C4H81 + H <=> C2H4 + C2H5:A
 879  9.97455e-01   9.97487e-01  -1.5882e-02  C4H81 + H <=> C2H4 + C2H5:E
 880  9.97468e-01   9.97474e-01  -2.8784e-03  C4H81 + H <=> C3H6 + CH3:A
 881  9.97486e-01   9.97456e-01   1.5357e-02  C4H81 + H <=> C3H6 + CH3:E
 898  9.97574e-01   9.97368e-01   1.0327e-01  C4H82 + H (+M) <=> sC4H9 (+M):HpA
 914  9.97468e-01   9.97474e-01  -3.0878e-03  H + iC4H8 <=> C3H6 + CH3:A
 915  9.97488e-01   9.97455e-01   1.6518e-02  H + iC4H8 <=> C3H6 + CH3:E
 942  9.97278e-01   9.97664e-01  -1.9336e-01  C3H6 + CH3 (+M) <=> sC4H9 (+M):HpA
 968  9.97471e-01   9.97471e-01   3.8068e-05  tC4H9 (+M) <=> H + iC4H8 (+M):HpA
 988  9.97484e-01   9.97456e-01   1.4493e-02  2 C2H5 (+M) <=> C4H10 (+M):HpA
 989  9.98412e-01   9.96531e-01   9.4265e-01  C4H10 + H <=> H2 + pC4H9:A
 990  9.94429e-01   1.00052e+00  -3.0524e+00  C4H10 + H <=> H2 + pC4H9:E
 991  9.96528e-01   9.98415e-01  -9.4575e-01  C4H10 + H <=> H2 + sC4H9:A
 992  9.99496e-01   9.95452e-01   2.0268e+00  C4H10 + H <=> H2 + sC4H9:E
 1009  9.97495e-01   9.97446e-01   2.4698e-02  C4H10 + CH3 <=> CH4 + pC4H9:A
 1312  9.98204e-01   9.96759e-01   7.2435e-01  HME <=> 2 tC4H9:E

Parameter number =  914 H + iC4H8 <=> C3H6 + CH3:A    
Positive perturbation =  1.39039e+00
Value =  1.03418e+00
Rxn  Value+       Value-           Sensitivi   Reaction Name
 377  1.03419e+00   1.03418e+00   6.5719e-03  C2H4 + H (+M) <=> C2H5 (+M):HpA
 540  1.03419e+00   1.03417e+00   6.3610e-03  C3H6 + H <=> C2H4 + CH3:A
 541  1.03415e+00   1.03422e+00  -3.3651e-02  C3H6 + H <=> C2H4 + CH3:E
 877  1.03431e+00   1.03406e+00   1.1807e-01  C4H81 + H (+M) <=> sC4H9 (+M):HpA
 878  1.03418e+00   1.03418e+00   2.9282e-03  C4H81 + H <=> C2H4 + C2H5:A
 879  1.03416e+00   1.03420e+00  -1.5844e-02  C4H81 + H <=> C2H4 + C2H5:E
 880  1.03418e+00   1.03418e+00  -2.9988e-03  C4H81 + H <=> C3H6 + CH3:A
 881  1.03420e+00   1.03416e+00   1.5866e-02  C4H81 + H <=> C3H6 + CH3:E
 898  1.03431e+00   1.03406e+00   1.2245e-01  C4H82 + H (+M) <=> sC4H9 (+M):HpA
 914  1.03418e+00   1.03419e+00  -4.3822e-03  H + iC4H8 <=> C3H6 + CH3:A
 915  1.03421e+00   1.03416e+00   2.3802e-02  H + iC4H8 <=> C3H6 + CH3:E
 942  1.03397e+00   1.03440e+00  -2.1051e-01  C3H6 + CH3 (+M) <=> sC4H9 (+M):HpA
 968  1.03419e+00   1.03419e+00   1.6341e-03  tC4H9 (+M) <=> H + iC4H8 (+M):HpA
 988  1.03420e+00   1.03416e+00   1.7587e-02  2 C2H5 (+M) <=> C4H10 (+M):HpA
 989  1.03516e+00   1.03321e+00   9.4544e-01  C4H10 + H <=> H2 + pC4H9:A
 990  1.03102e+00   1.03735e+00  -3.0582e+00  C4H10 + H <=> H2 + pC4H9:E
 991  1.03320e+00   1.03516e+00  -9.4766e-01  C4H10 + H <=> H2 + sC4H9:A
 992  1.03629e+00   1.03209e+00   2.0297e+00  C4H10 + H <=> H2 + sC4H9:E
 1009  1.03420e+00   1.03416e+00   2.2270e-02  C4H10 + CH3 <=> CH4 + pC4H9:A
 1312  1.03498e+00   1.03342e+00   7.5349e-01  HME <=> 2 tC4H9:E
Negative perturbation =  7.19223e-01
Value =  1.03641e+00
Rxn  Value+       Value-           Sensitivi   Reaction Name
 377  1.03642e+00   1.03641e+00   6.8192e-03  C2H4 + H (+M) <=> C2H5 (+M):HpA
 540  1.03642e+00   1.03641e+00   6.3464e-03  C3H6 + H <=> C2H4 + CH3:A
 541  1.03638e+00   1.03645e+00  -3.3816e-02  C3H6 + H <=> C2H4 + CH3:E
 877  1.03654e+00   1.03629e+00   1.1944e-01  C4H81 + H (+M) <=> sC4H9 (+M):HpA
 878  1.03642e+00   1.03641e+00   3.0075e-03  C4H81 + H <=> C2H4 + C2H5:A
 879  1.03640e+00   1.03643e+00  -1.5822e-02  C4H81 + H <=> C2H4 + C2H5:E
 880  1.03641e+00   1.03642e+00  -3.0035e-03  C4H81 + H <=> C3H6 + CH3:A
 881  1.03643e+00   1.03640e+00   1.5996e-02  C4H81 + H <=> C3H6 + CH3:E
 898  1.03654e+00   1.03629e+00   1.2438e-01  C4H82 + H (+M) <=> sC4H9 (+M):HpA
 914  1.03641e+00   1.03642e+00  -2.3957e-03  H + iC4H8 <=> C3H6 + CH3:A
 915  1.03643e+00   1.03640e+00   1.2485e-02  H + iC4H8 <=> C3H6 + CH3:E
 942  1.03620e+00   1.03663e+00  -2.1106e-01  C3H6 + CH3 (+M) <=> sC4H9 (+M):HpA
 968  1.03642e+00   1.03642e+00  -7.9100e-04  tC4H9 (+M) <=> H + iC4H8 (+M):HpA
 988  1.03643e+00   1.03639e+00   1.6864e-02  2 C2H5 (+M) <=> C4H10 (+M):HpA
 989  1.03740e+00   1.03543e+00   9.4631e-01  C4H10 + H <=> H2 + pC4H9:A
 990  1.03324e+00   1.03959e+00  -3.0606e+00  C4H10 + H <=> H2 + pC4H9:E
 991  1.03543e+00   1.03740e+00  -9.4849e-01  C4H10 + H <=> H2 + sC4H9:A
 992  1.03853e+00   1.03431e+00   2.0339e+00  C4H10 + H <=> H2 + sC4H9:E
 1009  1.03644e+00   1.03639e+00   2.3418e-02  C4H10 + CH3 <=> CH4 + pC4H9:A
 1312  1.03714e+00   1.03572e+00   6.8540e-01  HME <=> 2 tC4H9:E

Parameter number =  915 H + iC4H8 <=> C3H6 + CH3:E    
Positive perturbation =  1.05497e+00
Value =  1.03633e+00
Rxn  Value+       Value-           Sensitivi   Reaction Name
 377  1.03634e+00   1.03632e+00   6.8220e-03  C2H4 + H (+M) <=> C2H5 (+M):HpA
 540  1.03633e+00   1.03632e+00   6.2299e-03  C3H6 + H <=> C2H4 + CH3:A
 541  1.03629e+00   1.03636e+00  -3.3713e-02  C3H6 + H <=> C2H4 + CH3:E
 877  1.03645e+00   1.03621e+00   1.1937e-01  C4H81 + H (+M) <=> sC4H9 (+M):HpA
 878  1.03633e+00   1.03632e+00   3.0524e-03  C4H81 + H <=> C2H4 + C2H5:A
 879  1.03631e+00   1.03634e+00  -1.5943e-02  C4H81 + H <=> C2H4 + C2H5:E
 880  1.03632e+00   1.03633e+00  -2.8808e-03  C4H81 + H <=> C3H6 + CH3:A
 881  1.03634e+00   1.03631e+00   1.5912e-02  C4H81 + H <=> C3H6 + CH3:E
 898  1.03646e+00   1.03620e+00   1.2263e-01  C4H82 + H (+M) <=> sC4H9 (+M):HpA
 914  1.03633e+00   1.03633e+00  -2.3695e-03  H + iC4H8 <=> C3H6 + CH3:A
 915  1.03634e+00   1.03631e+00   1.3669e-02  H + iC4H8 <=> C3H6 + CH3:E
 942  1.03611e+00   1.03655e+00  -2.1091e-01  C3H6 + CH3 (+M) <=> sC4H9 (+M):HpA
 968  1.03633e+00   1.03633e+00   6.5197e-04  tC4H9 (+M) <=> H + iC4H8 (+M):HpA
 988  1.03633e+00   1.03631e+00   1.2304e-02  2 C2H5 (+M) <=> C4H10 (+M):HpA
 989  1.03731e+00   1.03535e+00   9.4638e-01  C4H10 + H <=> H2 + pC4H9:A
 990  1.03316e+00   1.03950e+00  -3.0610e+00  C4H10 + H <=> H2 + pC4H9:E
 991  1.03535e+00   1.03731e+00  -9.4832e-01  C4H10 + H <=> H2 + sC4H9:A
 992  1.03844e+00   1.03423e+00   2.0338e+00  C4H10 + H <=> H2 + sC4H9:E
 1009  1.03635e+00   1.03630e+00   2.3794e-02  C4H10 + CH3 <=> CH4 + pC4H9:A
 1312  1.03706e+00   1.03563e+00   6.8800e-01  HME <=> 2 tC4H9:E
Negative perturbation =  9.47894e-01
Value =  1.03441e+00
Rxn  Value+       Value-           Sensitivi   Reaction Name
 377  1.03442e+00   1.03441e+00   6.5628e-03  C2H4 + H (+M) <=> C2H5 (+M):HpA
 540  1.03441e+00   1.03440e+00   6.2053e-03  C3H6 + H <=> C2H4 + CH3:A
 541  1.03437e+00   1.03444e+00  -3.3599e-02  C3H6 + H <=> C2H4 + CH3:E
 877  1.03453e+00   1.03429e+00   1.1914e-01  C4H81 + H (+M) <=> sC4H9 (+M):HpA
 878  1.03441e+00   1.03440e+00   2.9692e-03  C4H81 + H <=> C2H4 + C2H5:A
 879  1.03439e+00   1.03442e+00  -1.5839e-02  C4H81 + H <=> C2H4 + C2H5:E
 880  1.03440e+00   1.03441e+00  -2.8867e-03  C4H81 + H <=> C3H6 + CH3:A
 881  1.03442e+00   1.03439e+00   1.5908e-02  C4H81 + H <=> C3H6 + CH3:E
 898  1.03453e+00   1.03428e+00   1.2246e-01  C4H82 + H (+M) <=> sC4H9 (+M):HpA
 914  1.03440e+00   1.03441e+00  -4.2767e-03  H + iC4H8 <=> C3H6 + CH3:A
 915  1.03443e+00   1.03439e+00   2.1544e-02  H + iC4H8 <=> C3H6 + CH3:E
 942  1.03419e+00   1.03463e+00  -2.0973e-01  C3H6 + CH3 (+M) <=> sC4H9 (+M):HpA
 968  1.03442e+00   1.03441e+00   2.7478e-03  tC4H9 (+M) <=> H + iC4H8 (+M):HpA
 988  1.03444e+00   1.03439e+00   2.3184e-02  2 C2H5 (+M) <=> C4H10 (+M):HpA
 989  1.03539e+00   1.03343e+00   9.4452e-01  C4H10 + H <=> H2 + pC4H9:A
 990  1.03125e+00   1.03758e+00  -3.0571e+00  C4H10 + H <=> H2 + pC4H9:E
 991  1.03343e+00   1.03539e+00  -9.4716e-01  C4H10 + H <=> H2 + sC4H9:A
 992  1.03651e+00   1.03231e+00   2.0299e+00  C4H10 + H <=> H2 + sC4H9:E
 1009  1.03443e+00   1.03438e+00   2.2441e-02  C4H10 + CH3 <=> CH4 + pC4H9:A
 1312  1.03519e+00   1.03365e+00   7.4657e-01  HME <=> 2 tC4H9:E

Parameter number =  942 C3H6 + CH3 (+M) <=> sC4H9 (+M):HpA
Positive perturbation =  1.23114e+00
Value =  9.93345e-01
Rxn  Value+       Value-           Sensitivi   Reaction Name
 377  9.93351e-01   9.93339e-01   6.3451e-03  C2H4 + H (+M) <=> C2H5 (+M):HpA
 540  9.93351e-01   9.93339e-01   6.1252e-03  C3H6 + H <=> C2H4 + CH3:A
 541  9.93312e-01   9.93378e-01  -3.3196e-02  C3H6 + H <=> C2H4 + CH3:E
 877  9.93450e-01   9.93236e-01   1.0739e-01  C4H81 + H (+M) <=> sC4H9 (+M):HpA
 878  9.93348e-01   9.93343e-01   2.5970e-03  C4H81 + H <=> C2H4 + C2H5:A
 879  9.93332e-01   9.93359e-01  -1.3896e-02  C4H81 + H <=> C2H4 + C2H5:E
 880  9.93343e-01   9.93348e-01  -2.4379e-03  C4H81 + H <=> C3H6 + CH3:A
 881  9.93358e-01   9.93332e-01   1.3464e-02  C4H81 + H <=> C3H6 + CH3:E
 898  9.93451e-01   9.93227e-01   1.1263e-01  C4H82 + H (+M) <=> sC4H9 (+M):HpA
 914  9.93342e-01   9.93348e-01  -3.0632e-03  H + iC4H8 <=> C3H6 + CH3:A
 915  9.93361e-01   9.93329e-01   1.6404e-02  H + iC4H8 <=> C3H6 + CH3:E
 942  9.93154e-01   9.93530e-01  -1.8937e-01  C3H6 + CH3 (+M) <=> sC4H9 (+M):HpA
 968  9.93346e-01   9.93339e-01   3.6347e-03  tC4H9 (+M) <=> H + iC4H8 (+M):HpA
 988  9.93358e-01   9.93327e-01   1.5883e-02  2 C2H5 (+M) <=> C4H10 (+M):HpA
 989  9.94277e-01   9.92404e-01   9.4288e-01  C4H10 + H <=> H2 + pC4H9:A
 990  9.90315e-01   9.96376e-01  -3.0508e+00  C4H10 + H <=> H2 + pC4H9:E
 991  9.92405e-01   9.94285e-01  -9.4630e-01  C4H10 + H <=> H2 + sC4H9:A
 992  9.95363e-01   9.91332e-01   2.0293e+00  C4H10 + H <=> H2 + sC4H9:E
 1009  9.93371e-01   9.93316e-01   2.7283e-02  C4H10 + CH3 <=> CH4 + pC4H9:A
 1312  9.94081e-01   9.92630e-01   7.3040e-01  HME <=> 2 tC4H9:E
Negative perturbation =  8.12252e-01
Value =  1.08430e+00
Rxn  Value+       Value-           Sensitivi   Reaction Name
 377  1.08431e+00   1.08430e+00   7.7056e-03  C2H4 + H (+M) <=> C2H5 (+M):HpA
 540  1.08430e+00   1.08429e+00   6.4324e-03  C3H6 + H <=> C2H4 + CH3:A
 541  1.08426e+00   1.08433e+00  -3.4396e-02  C3H6 + H <=> C2H4 + CH3:E
 877  1.08444e+00   1.08416e+00   1.3079e-01  C4H81 + H (+M) <=> sC4H9 (+M):HpA
 878  1.08430e+00   1.08429e+00   3.3657e-03  C4H81 + H <=> C2H4 + C2H5:A
 879  1.08428e+00   1.08431e+00  -1.8015e-02  C4H81 + H <=> C2H4 + C2H5:E
 880  1.08429e+00   1.08430e+00  -3.5338e-03  C4H81 + H <=> C3H6 + CH3:A
 881  1.08432e+00   1.08427e+00   1.9014e-02  C4H81 + H <=> C3H6 + CH3:E
 898  1.08445e+00   1.08416e+00   1.3396e-01  C4H82 + H (+M) <=> sC4H9 (+M):HpA
 914  1.08429e+00   1.08430e+00  -3.3392e-03  H + iC4H8 <=> C3H6 + CH3:A
 915  1.08431e+00   1.08428e+00   1.8110e-02  H + iC4H8 <=> C3H6 + CH3:E
 942  1.08404e+00   1.08455e+00  -2.3541e-01  C3H6 + CH3 (+M) <=> sC4H9 (+M):HpA
 968  1.08430e+00   1.08430e+00   2.1542e-03  tC4H9 (+M) <=> H + iC4H8 (+M):HpA
 988  1.08432e+00   1.08428e+00   1.4726e-02  2 C2H5 (+M) <=> C4H10 (+M):HpA
 989  1.08533e+00   1.08328e+00   9.4536e-01  C4H10 + H <=> H2 + pC4H9:A
 990  1.08098e+00   1.08763e+00  -3.0636e+00  C4H10 + H <=> H2 + pC4H9:E
 991  1.08327e+00   1.08533e+00  -9.4853e-01  C4H10 + H <=> H2 + sC4H9:A
 992  1.08651e+00   1.08210e+00   2.0321e+00  C4H10 + H <=> H2 + sC4H9:E
 1009  1.08432e+00   1.08428e+00   1.9651e-02  C4H10 + CH3 <=> CH4 + pC4H9:A
 1312  1.08507e+00   1.08356e+00   6.9769e-01  HME <=> 2 tC4H9:E

Parameter number =  968 tC4H9 (+M) <=> H + iC4H8 (+M):HpA
Positive perturbation =  1.23114e+00
Value =  1.03548e+00
Rxn  Value+       Value-           Sensitivi   Reaction Name
 377  1.03549e+00   1.03547e+00   7.7597e-03  C2H4 + H (+M) <=> C2H5 (+M):HpA
 540  1.03549e+00   1.03548e+00   6.2838e-03  C3H6 + H <=> C2H4 + CH3:A
 541  1.03545e+00   1.03552e+00  -3.3690e-02  C3H6 + H <=> C2H4 + CH3:E
 877  1.03560e+00   1.03536e+00   1.1910e-01  C4H81 + H (+M) <=> sC4H9 (+M):HpA
 878  1.03549e+00   1.03548e+00   2.9752e-03  C4H81 + H <=> C2H4 + C2H5:A
 879  1.03547e+00   1.03550e+00  -1.5899e-02  C4H81 + H <=> C2H4 + C2H5:E
 880  1.03548e+00   1.03549e+00  -2.9798e-03  C4H81 + H <=> C3H6 + CH3:A
 881  1.03550e+00   1.03547e+00   1.5947e-02  C4H81 + H <=> C3H6 + CH3:E
 898  1.03561e+00   1.03535e+00   1.2321e-01  C4H82 + H (+M) <=> sC4H9 (+M):HpA
 914  1.03548e+00   1.03549e+00  -3.2150e-03  H + iC4H8 <=> C3H6 + CH3:A
 915  1.03550e+00   1.03546e+00   1.7216e-02  H + iC4H8 <=> C3H6 + CH3:E
 942  1.03526e+00   1.03570e+00  -2.1015e-01  C3H6 + CH3 (+M) <=> sC4H9 (+M):HpA
 968  1.03548e+00   1.03548e+00   2.1205e-04  tC4H9 (+M) <=> H + iC4H8 (+M):HpA
 988  1.03550e+00   1.03547e+00   1.4486e-02  2 C2H5 (+M) <=> C4H10 (+M):HpA
 989  1.03646e+00   1.03451e+00   9.4406e-01  C4H10 + H <=> H2 + pC4H9:A
 990  1.03232e+00   1.03865e+00  -3.0576e+00  C4H10 + H <=> H2 + pC4H9:E
 991  1.03450e+00   1.03646e+00  -9.4738e-01  C4H10 + H <=> H2 + sC4H9:A
 992  1.03759e+00   1.03338e+00   2.0292e+00  C4H10 + H <=> H2 + sC4H9:E
 1009  1.03551e+00   1.03546e+00   2.3698e-02  C4H10 + CH3 <=> CH4 + pC4H9:A
 1312  1.03623e+00   1.03475e+00   7.1317e-01  HME <=> 2 tC4H9:E
Negative perturbation =  8.12252e-01
Value =  1.03548e+00
Rxn  Value+       Value-           Sensitivi   Reaction Name
 377  1.03549e+00   1.03547e+00   7.4826e-03  C2H4 + H (+M) <=> C2H5 (+M):HpA
 540  1.03549e+00   1.03548e+00   6.2778e-03  C3H6 + H <=> C2H4 + CH3:A
 541  1.03545e+00   1.03552e+00  -3.3655e-02  C3H6 + H <=> C2H4 + CH3:E
 877  1.03560e+00   1.03536e+00   1.1869e-01  C4H81 + H (+M) <=> sC4H9 (+M):HpA
 878  1.03548e+00   1.03548e+00   2.9638e-03  C4H81 + H <=> C2H4 + C2H5:A
 879  1.03547e+00   1.03550e+00  -1.5875e-02  C4H81 + H <=> C2H4 + C2H5:E
 880  1.03548e+00   1.03548e+00  -2.9707e-03  C4H81 + H <=> C3H6 + CH3:A
 881  1.03550e+00   1.03547e+00   1.5919e-02  C4H81 + H <=> C3H6 + CH3:E
 898  1.03561e+00   1.03535e+00   1.2328e-01  C4H82 + H (+M) <=> sC4H9 (+M):HpA
 914  1.03548e+00   1.03548e+00  -3.2051e-03  H + iC4H8 <=> C3H6 + CH3:A
 915  1.03550e+00   1.03546e+00   1.7198e-02  H + iC4H8 <=> C3H6 + CH3:E
 942  1.03526e+00   1.03570e+00  -2.1003e-01  C3H6 + CH3 (+M) <=> sC4H9 (+M):HpA
 968  1.03548e+00   1.03548e+00   1.4066e-04  tC4H9 (+M) <=> H + iC4H8 (+M):HpA
 988  1.03550e+00   1.03547e+00   1.4630e-02  2 C2H5 (+M) <=> C4H10 (+M):HpA
 989  1.03646e+00   1.03450e+00   9.4424e-01  C4H10 + H <=> H2 + pC4H9:A
 990  1.03232e+00   1.03865e+00  -3.0581e+00  C4H10 + H <=> H2 + pC4H9:E
 991  1.03450e+00   1.03646e+00  -9.4696e-01  C4H10 + H <=> H2 + sC4H9:A
 992  1.03759e+00   1.03338e+00   2.0293e+00  C4H10 + H <=> H2 + sC4H9:E
 1009  1.03551e+00   1.03546e+00   2.3758e-02  C4H10 + CH3 <=> CH4 + pC4H9:A
 1312  1.03623e+00   1.03475e+00   7.1539e-01  HME <=> 2 tC4H9:E

Parameter number =  988 2 C2H5 (+M) <=> C4H10 (+M):HpA
Positive perturbation =  1.23114e+00
Value =  1.03894e+00
Rxn  Value+       Value-           Sensitivi   Reaction Name
 377  1.03894e+00   1.03893e+00   5.6527e-03  C2H4 + H (+M) <=> C2H5 (+M):HpA
 540  1.03895e+00   1.03894e+00   6.4237e-03  C3H6 + H <=> C2H4 + CH3:A
 541  1.03891e+00   1.03898e+00  -3.4497e-02  C3H6 + H <=> C2H4 + CH3:E
 877  1.03907e+00   1.03883e+00   1.1725e-01  C4H81 + H (+M) <=> sC4H9 (+M):HpA
 878  1.03895e+00   1.03894e+00   2.4976e-03  C4H81 + H <=> C2H4 + C2H5:A
 879  1.03893e+00   1.03896e+00  -1.6338e-02  C4H81 + H <=> C2H4 + C2H5:E
 880  1.03894e+00   1.03895e+00  -3.6146e-03  C4H81 + H <=> C3H6 + CH3:A
 881  1.03896e+00   1.03893e+00   1.5737e-02  C4H81 + H <=> C3H6 + CH3:E
 898  1.03906e+00   1.03883e+00   1.1244e-01  C4H82 + H (+M) <=> sC4H9 (+M):HpA
 914  1.03894e+00   1.03895e+00  -6.6830e-03  H + iC4H8 <=> C3H6 + CH3:A
 915  1.03897e+00   1.03894e+00   1.5249e-02  H + iC4H8 <=> C3H6 + CH3:E
 942  1.03872e+00   1.03916e+00  -2.0969e-01  C3H6 + CH3 (+M) <=> sC4H9 (+M):HpA
 968  1.03890e+00   1.03890e+00   3.9018e-04  tC4H9 (+M) <=> H + iC4H8 (+M):HpA
 988  1.03895e+00   1.03889e+00   2.5340e-02  2 C2H5 (+M) <=> C4H10 (+M):HpA
 989  1.03991e+00   1.03795e+00   9.4270e-01  C4H10 + H <=> H2 + pC4H9:A
 990  1.03578e+00   1.04207e+00  -3.0300e+00  C4H10 + H <=> H2 + pC4H9:E
 991  1.03794e+00   1.03993e+00  -9.6067e-01  C4H10 + H <=> H2 + sC4H9:A
 992  1.04102e+00   1.03682e+00   2.0218e+00  C4H10 + H <=> H2 + sC4H9:E
 1009  1.03896e+00   1.03890e+00   2.5206e-02  C4H10 + CH3 <=> CH4 + pC4H9:A
 1312  1.03978e+00   1.03810e+00   8.0927e-01  HME <=> 2 tC4H9:E
Negative perturbation =  8.12252e-01
Value =  1.03260e+00
Rxn  Value+       Value-           Sensitivi   Reaction Name
 377  1.03260e+00   1.03259e+00   8.4265e-03  C2H4 + H (+M) <=> C2H5 (+M):HpA
 540  1.03261e+00   1.03259e+00   6.2091e-03  C3H6 + H <=> C2H4 + CH3:A
 541  1.03257e+00   1.03263e+00  -3.3668e-02  C3H6 + H <=> C2H4 + CH3:E
 877  1.03272e+00   1.03247e+00   1.2161e-01  C4H81 + H (+M) <=> sC4H9 (+M):HpA
 878  1.03260e+00   1.03260e+00   2.9565e-03  C4H81 + H <=> C2H4 + C2H5:A
 879  1.03258e+00   1.03262e+00  -1.5945e-02  C4H81 + H <=> C2H4 + C2H5:E
 880  1.03260e+00   1.03260e+00  -2.9706e-03  C4H81 + H <=> C3H6 + CH3:A
 881  1.03262e+00   1.03258e+00   1.5902e-02  C4H81 + H <=> C3H6 + CH3:E
 898  1.03272e+00   1.03246e+00   1.2608e-01  C4H82 + H (+M) <=> sC4H9 (+M):HpA
 914  1.03260e+00   1.03260e+00  -3.1693e-03  H + iC4H8 <=> C3H6 + CH3:A
 915  1.03262e+00   1.03258e+00   1.8563e-02  H + iC4H8 <=> C3H6 + CH3:E
 942  1.03237e+00   1.03281e+00  -2.1062e-01  C3H6 + CH3 (+M) <=> sC4H9 (+M):HpA
 968  1.03259e+00   1.03260e+00  -1.7448e-03  tC4H9 (+M) <=> H + iC4H8 (+M):HpA
 988  1.03261e+00   1.03258e+00   1.2533e-02  2 C2H5 (+M) <=> C4H10 (+M):HpA
 989  1.03358e+00   1.03161e+00   9.4999e-01  C4H10 + H <=> H2 + pC4H9:A
 990  1.02942e+00   1.03576e+00  -3.0698e+00  C4H10 + H <=> H2 + pC4H9:E
 991  1.03161e+00   1.03358e+00  -9.5098e-01  C4H10 + H <=> H2 + sC4H9:A
 992  1.03470e+00   1.03050e+00   2.0359e+00  C4H10 + H <=> H2 + sC4H9:E
 1009  1.03262e+00   1.03257e+00   2.4338e-02  C4H10 + CH3 <=> CH4 + pC4H9:A
 1312  1.03326e+00   1.03195e+00   6.3206e-01  HME <=> 2 tC4H9:E

Parameter number =  989 C4H10 + H <=> H2 + pC4H9:A    
Positive perturbation =  1.39039e+00
Value =  1.41739e+00
Rxn  Value+       Value-           Sensitivi   Reaction Name
 377  1.41740e+00   1.41738e+00   7.3899e-03  C2H4 + H (+M) <=> C2H5 (+M):HpA
 540  1.41740e+00   1.41738e+00   5.3798e-03  C3H6 + H <=> C2H4 + CH3:A
 541  1.41735e+00   1.41743e+00  -2.8922e-02  C3H6 + H <=> C2H4 + CH3:E
 877  1.41756e+00   1.41722e+00   1.1955e-01  C4H81 + H (+M) <=> sC4H9 (+M):HpA
 878  1.41739e+00   1.41738e+00   2.2913e-03  C4H81 + H <=> C2H4 + C2H5:A
 879  1.41737e+00   1.41740e+00  -1.1655e-02  C4H81 + H <=> C2H4 + C2H5:E
 880  1.41738e+00   1.41739e+00  -3.0032e-03  C4H81 + H <=> C3H6 + CH3:A
 881  1.41741e+00   1.41737e+00   1.6085e-02  C4H81 + H <=> C3H6 + CH3:E
 898  1.41757e+00   1.41721e+00   1.2444e-01  C4H82 + H (+M) <=> sC4H9 (+M):HpA
 914  1.41738e+00   1.41739e+00  -3.2755e-03  H + iC4H8 <=> C3H6 + CH3:A
 915  1.41741e+00   1.41736e+00   1.7461e-02  H + iC4H8 <=> C3H6 + CH3:E
 942  1.41709e+00   1.41769e+00  -2.1005e-01  C3H6 + CH3 (+M) <=> sC4H9 (+M):HpA
 968  1.41739e+00   1.41739e+00  -5.6484e-05  tC4H9 (+M) <=> H + iC4H8 (+M):HpA
 988  1.41740e+00   1.41737e+00   1.0670e-02  2 C2H5 (+M) <=> C4H10 (+M):HpA
 989  1.41875e+00   1.41603e+00   9.6079e-01  C4H10 + H <=> H2 + pC4H9:A
 990  1.41299e+00   1.42180e+00  -3.1076e+00  C4H10 + H <=> H2 + pC4H9:E
 991  1.41603e+00   1.41875e+00  -9.6015e-01  C4H10 + H <=> H2 + sC4H9:A
 992  1.42030e+00   1.41448e+00   2.0527e+00  C4H10 + H <=> H2 + sC4H9:E
 1009  1.41741e+00   1.41736e+00   1.7246e-02  C4H10 + CH3 <=> CH4 + pC4H9:A
 1312  1.41821e+00   1.41659e+00   5.7339e-01  HME <=> 2 tC4H9:E
Negative perturbation =  7.19223e-01
Value =  7.60764e-01
Rxn  Value+       Value-           Sensitivi   Reaction Name
 377  7.60771e-01   7.60759e-01   7.8896e-03  C2H4 + H (+M) <=> C2H5 (+M):HpA
 540  7.60770e-01   7.60758e-01   7.4606e-03  C3H6 + H <=> C2H4 + CH3:A
 541  7.60734e-01   7.60795e-01  -4.0000e-02  C3H6 + H <=> C2H4 + CH3:E
 877  7.60853e-01   7.60675e-01   1.1720e-01  C4H81 + H (+M) <=> sC4H9 (+M):HpA
 878  7.60767e-01   7.60761e-01   4.0281e-03  C4H81 + H <=> C2H4 + C2H5:A
 879  7.60748e-01   7.60781e-01  -2.1568e-02  C4H81 + H <=> C2H4 + C2H5:E
 880  7.60762e-01   7.60766e-01  -2.9340e-03  C4H81 + H <=> C3H6 + CH3:A
 881  7.60776e-01   7.60752e-01   1.5739e-02  C4H81 + H <=> C3H6 + CH3:E
 898  7.60857e-01   7.60672e-01   1.2125e-01  C4H82 + H (+M) <=> sC4H9 (+M):HpA
 914  7.60762e-01   7.60766e-01  -3.1598e-03  H + iC4H8 <=> C3H6 + CH3:A
 915  7.60777e-01   7.60751e-01   1.6915e-02  H + iC4H8 <=> C3H6 + CH3:E
 942  7.60607e-01   7.60922e-01  -2.0711e-01  C3H6 + CH3 (+M) <=> sC4H9 (+M):HpA
 968  7.60764e-01   7.60764e-01  -7.6884e-05  tC4H9 (+M) <=> H + iC4H8 (+M):HpA
 988  7.60779e-01   7.60749e-01   1.9892e-02  2 C2H5 (+M) <=> C4H10 (+M):HpA
 989  7.61468e-01   7.60061e-01   9.2448e-01  C4H10 + H <=> H2 + pC4H9:A
 990  7.58489e-01   7.63045e-01  -2.9941e+00  C4H10 + H <=> H2 + pC4H9:E
 991  7.60057e-01   7.61472e-01  -9.3030e-01  C4H10 + H <=> H2 + sC4H9:A
 992  7.62283e-01   7.59250e-01   1.9938e+00  C4H10 + H <=> H2 + sC4H9:E
 1009  7.60789e-01   7.60740e-01   3.2317e-02  C4H10 + CH3 <=> CH4 + pC4H9:A
 1312  7.61463e-01   7.60090e-01   9.0213e-01  HME <=> 2 tC4H9:E

Parameter number =  990 C4H10 + H <=> H2 + pC4H9:E    
Positive perturbation =  1.05622e+00
Value =  8.72634e-01
Rxn  Value+       Value-           Sensitivi   Reaction Name
 377  8.72643e-01   8.72627e-01   9.1730e-03  C2H4 + H (+M) <=> C2H5 (+M):HpA
 540  8.72640e-01   8.72628e-01   6.8979e-03  C3H6 + H <=> C2H4 + CH3:A
 541  8.72602e-01   8.72666e-01  -3.6956e-02  C3H6 + H <=> C2H4 + CH3:E
 877  8.72737e-01   8.72531e-01   1.1818e-01  C4H81 + H (+M) <=> sC4H9 (+M):HpA
 878  8.72637e-01   8.72631e-01   3.5076e-03  C4H81 + H <=> C2H4 + C2H5:A
 879  8.72618e-01   8.72651e-01  -1.8828e-02  C4H81 + H <=> C2H4 + C2H5:E
 880  8.72631e-01   8.72637e-01  -2.9553e-03  C4H81 + H <=> C3H6 + CH3:A
 881  8.72648e-01   8.72620e-01   1.5830e-02  C4H81 + H <=> C3H6 + CH3:E
 898  8.72741e-01   8.72527e-01   1.2211e-01  C4H82 + H (+M) <=> sC4H9 (+M):HpA
 914  8.72631e-01   8.72637e-01  -3.1857e-03  H + iC4H8 <=> C3H6 + CH3:A
 915  8.72649e-01   8.72619e-01   1.7104e-02  H + iC4H8 <=> C3H6 + CH3:E
 942  8.72452e-01   8.72816e-01  -2.0876e-01  C3H6 + CH3 (+M) <=> sC4H9 (+M):HpA
 968  8.72634e-01   8.72634e-01  -1.1338e-04  tC4H9 (+M) <=> H + iC4H8 (+M):HpA
 988  8.72650e-01   8.72619e-01   1.8060e-02  2 C2H5 (+M) <=> C4H10 (+M):HpA
 989  8.73449e-01   8.71819e-01   9.3414e-01  C4H10 + H <=> H2 + pC4H9:A
 990  8.69849e-01   8.75425e-01  -3.1952e+00  C4H10 + H <=> H2 + pC4H9:E
 991  8.71815e-01   8.73453e-01  -9.3852e-01  C4H10 + H <=> H2 + sC4H9:A
 992  8.74392e-01   8.70882e-01   2.0110e+00  C4H10 + H <=> H2 + sC4H9:E
 1009  8.72659e-01   8.72609e-01   2.8380e-02  C4H10 + CH3 <=> CH4 + pC4H9:A
 1312  8.73358e-01   8.71937e-01   8.1371e-01  HME <=> 2 tC4H9:E
Negative perturbation =  9.46772e-01
Value =  1.21952e+00
Rxn  Value+       Value-           Sensitivi   Reaction Name
 377  1.21952e+00   1.21950e+00   6.9796e-03  C2H4 + H (+M) <=> C2H5 (+M):HpA
 540  1.21952e+00   1.21951e+00   5.7821e-03  C3H6 + H <=> C2H4 + CH3:A
 541  1.21948e+00   1.21955e+00  -3.1018e-02  C3H6 + H <=> C2H4 + CH3:E
 877  1.21966e+00   1.21937e+00   1.1791e-01  C4H81 + H (+M) <=> sC4H9 (+M):HpA
 878  1.21952e+00   1.21951e+00   2.5710e-03  C4H81 + H <=> C2H4 + C2H5:A
 879  1.21950e+00   1.21953e+00  -1.3512e-02  C4H81 + H <=> C2H4 + C2H5:E
 880  1.21951e+00   1.21952e+00  -2.9949e-03  C4H81 + H <=> C3H6 + CH3:A
 881  1.21953e+00   1.21950e+00   1.6012e-02  C4H81 + H <=> C3H6 + CH3:E
 898  1.21967e+00   1.21937e+00   1.2662e-01  C4H82 + H (+M) <=> sC4H9 (+M):HpA
 914  1.21951e+00   1.21952e+00  -3.2333e-03  H + iC4H8 <=> C3H6 + CH3:A
 915  1.21954e+00   1.21949e+00   1.7346e-02  H + iC4H8 <=> C3H6 + CH3:E
 942  1.21926e+00   1.21978e+00  -2.1323e-01  C3H6 + CH3 (+M) <=> sC4H9 (+M):HpA
 968  1.21951e+00   1.21951e+00  -8.1079e-04  tC4H9 (+M) <=> H + iC4H8 (+M):HpA
 988  1.21953e+00   1.21950e+00   1.4265e-02  2 C2H5 (+M) <=> C4H10 (+M):HpA
 989  1.22067e+00   1.21835e+00   9.5033e-01  C4H10 + H <=> H2 + pC4H9:A
 990  1.21596e+00   1.22308e+00  -2.9187e+00  C4H10 + H <=> H2 + pC4H9:E
 991  1.21835e+00   1.22067e+00  -9.5275e-01  C4H10 + H <=> H2 + sC4H9:A
 992  1.22201e+00   1.21702e+00   2.0456e+00  C4H10 + H <=> H2 + sC4H9:E
 1009  1.21954e+00   1.21949e+00   1.8710e-02  C4H10 + CH3 <=> CH4 + pC4H9:A
 1312  1.22030e+00   1.21876e+00   6.3056e-01  HME <=> 2 tC4H9:E

Parameter number =  991 C4H10 + H <=> H2 + sC4H9:A    
Positive perturbation =  1.39039e+00
Value =  7.59466e-01
Rxn  Value+       Value-           Sensitivi   Reaction Name
 377  7.59472e-01   7.59462e-01   6.7641e-03  C2H4 + H (+M) <=> C2H5 (+M):HpA
 540  7.59470e-01   7.59461e-01   5.5113e-03  C3H6 + H <=> C2H4 + CH3:A
 541  7.59443e-01   7.59488e-01  -2.9460e-02  C3H6 + H <=> C2H4 + CH3:E
 877  7.59557e-01   7.59376e-01   1.1870e-01  C4H81 + H (+M) <=> sC4H9 (+M):HpA
 878  7.59468e-01   7.59463e-01   2.9941e-03  C4H81 + H <=> C2H4 + C2H5:A
 879  7.59453e-01   7.59478e-01  -1.5969e-02  C4H81 + H <=> C2H4 + C2H5:E
 880  7.59464e-01   7.59467e-01  -2.1630e-03  C4H81 + H <=> C3H6 + CH3:A
 881  7.59474e-01   7.59457e-01   1.1571e-02  C4H81 + H <=> C3H6 + CH3:E
 898  7.59560e-01   7.59374e-01   1.2235e-01  C4H82 + H (+M) <=> sC4H9 (+M):HpA
 914  7.59464e-01   7.59467e-01  -2.2719e-03  H + iC4H8 <=> C3H6 + CH3:A
 915  7.59475e-01   7.59456e-01   1.2128e-02  H + iC4H8 <=> C3H6 + CH3:E
 942  7.59309e-01   7.59625e-01  -2.0752e-01  C3H6 + CH3 (+M) <=> sC4H9 (+M):HpA
 968  7.59467e-01   7.59467e-01   3.7820e-04  tC4H9 (+M) <=> H + iC4H8 (+M):HpA
 988  7.59482e-01   7.59451e-01   2.0454e-02  2 C2H5 (+M) <=> C4H10 (+M):HpA
 989  7.60171e-01   7.58762e-01   9.2817e-01  C4H10 + H <=> H2 + pC4H9:A
 990  7.57189e-01   7.61751e-01  -3.0032e+00  C4H10 + H <=> H2 + pC4H9:E
 991  7.58760e-01   7.60175e-01  -9.3209e-01  C4H10 + H <=> H2 + sC4H9:A
 992  7.60986e-01   7.57950e-01   1.9985e+00  C4H10 + H <=> H2 + sC4H9:E
 1009  7.59492e-01   7.59442e-01   3.2981e-02  C4H10 + CH3 <=> CH4 + pC4H9:A
 1312  7.60181e-01   7.58774e-01   9.2636e-01  HME <=> 2 tC4H9:E
Negative perturbation =  7.19223e-01
Value =  1.41739e+00
Rxn  Value+       Value-           Sensitivi   Reaction Name
 377  1.41739e+00   1.41737e+00   7.4748e-03  C2H4 + H (+M) <=> C2H5 (+M):HpA
 540  1.41740e+00   1.41738e+00   7.2671e-03  C3H6 + H <=> C2H4 + CH3:A
 541  1.41733e+00   1.41744e+00  -3.8988e-02  C3H6 + H <=> C2H4 + CH3:E
 877  1.41755e+00   1.41721e+00   1.1828e-01  C4H81 + H (+M) <=> sC4H9 (+M):HpA
 878  1.41739e+00   1.41738e+00   2.7160e-03  C4H81 + H <=> C2H4 + C2H5:A
 879  1.41736e+00   1.41741e+00  -1.5616e-02  C4H81 + H <=> C2H4 + C2H5:E
 880  1.41738e+00   1.41739e+00  -4.0340e-03  C4H81 + H <=> C3H6 + CH3:A
 881  1.41742e+00   1.41736e+00   2.1608e-02  C4H81 + H <=> C3H6 + CH3:E
 898  1.41756e+00   1.41721e+00   1.2396e-01  C4H82 + H (+M) <=> sC4H9 (+M):HpA
 914  1.41738e+00   1.41739e+00  -4.5182e-03  H + iC4H8 <=> C3H6 + CH3:A
 915  1.41742e+00   1.41735e+00   2.4274e-02  H + iC4H8 <=> C3H6 + CH3:E
 942  1.41708e+00   1.41768e+00  -2.1088e-01  C3H6 + CH3 (+M) <=> sC4H9 (+M):HpA
 968  1.41738e+00   1.41738e+00   6.2415e-04  tC4H9 (+M) <=> H + iC4H8 (+M):HpA
 988  1.41740e+00   1.41737e+00   1.1082e-02  2 C2H5 (+M) <=> C4H10 (+M):HpA
 989  1.41874e+00   1.41603e+00   9.5699e-01  C4H10 + H <=> H2 + pC4H9:A
 990  1.41300e+00   1.42178e+00  -3.0979e+00  C4H10 + H <=> H2 + pC4H9:E
 991  1.41603e+00   1.41874e+00  -9.5621e-01  C4H10 + H <=> H2 + sC4H9:A
 992  1.42029e+00   1.41448e+00   2.0494e+00  C4H10 + H <=> H2 + sC4H9:E
 1009  1.41741e+00   1.41736e+00   1.7247e-02  C4H10 + CH3 <=> CH4 + pC4H9:A
 1312  1.41824e+00   1.41654e+00   5.9999e-01  HME <=> 2 tC4H9:E

Parameter number =  992 C4H10 + H <=> H2 + sC4H9:E    
Positive perturbation =  1.05622e+00
Value =  1.16098e+00
Rxn  Value+       Value-           Sensitivi   Reaction Name
 377  1.16099e+00   1.16097e+00   8.0779e-03  C2H4 + H (+M) <=> C2H5 (+M):HpA
 540  1.16099e+00   1.16097e+00   6.6547e-03  C3H6 + H <=> C2H4 + CH3:A
 541  1.16094e+00   1.16102e+00  -3.5487e-02  C3H6 + H <=> C2H4 + CH3:E
 877  1.16112e+00   1.16084e+00   1.1776e-01  C4H81 + H (+M) <=> sC4H9 (+M):HpA
 878  1.16098e+00   1.16098e+00   3.0862e-03  C4H81 + H <=> C2H4 + C2H5:A
 879  1.16096e+00   1.16100e+00  -1.5791e-02  C4H81 + H <=> C2H4 + C2H5:E
 880  1.16098e+00   1.16098e+00  -3.4324e-03  C4H81 + H <=> C3H6 + CH3:A
 881  1.16100e+00   1.16096e+00   1.7871e-02  C4H81 + H <=> C3H6 + CH3:E
 898  1.16112e+00   1.16084e+00   1.2110e-01  C4H82 + H (+M) <=> sC4H9 (+M):HpA
 914  1.16098e+00   1.16098e+00  -3.5948e-03  H + iC4H8 <=> C3H6 + CH3:A
 915  1.16100e+00   1.16096e+00   1.9650e-02  H + iC4H8 <=> C3H6 + CH3:E
 942  1.16074e+00   1.16122e+00  -2.1079e-01  C3H6 + CH3 (+M) <=> sC4H9 (+M):HpA
 968  1.16098e+00   1.16099e+00  -1.2872e-03  tC4H9 (+M) <=> H + iC4H8 (+M):HpA
 988  1.16100e+00   1.16096e+00   1.4189e-02  2 C2H5 (+M) <=> C4H10 (+M):HpA
 989  1.16208e+00   1.15988e+00   9.4839e-01  C4H10 + H <=> H2 + pC4H9:A
 990  1.15742e+00   1.16455e+00  -3.0707e+00  C4H10 + H <=> H2 + pC4H9:E
 991  1.15988e+00   1.16208e+00  -9.4960e-01  C4H10 + H <=> H2 + sC4H9:A
 992  1.16348e+00   1.15848e+00   2.1531e+00  C4H10 + H <=> H2 + sC4H9:E
 1009  1.16101e+00   1.16095e+00   2.2682e-02  C4H10 + CH3 <=> CH4 + pC4H9:A
 1312  1.16176e+00   1.16022e+00   6.6107e-01  HME <=> 2 tC4H9:E
Negative perturbation =  9.46772e-01
Value =  9.29638e-01
Rxn  Value+       Value-           Sensitivi   Reaction Name
 377  9.29645e-01   9.29632e-01   6.9400e-03  C2H4 + H (+M) <=> C2H5 (+M):HpA
 540  9.29644e-01   9.29633e-01   5.9866e-03  C3H6 + H <=> C2H4 + CH3:A
 541  9.29609e-01   9.29668e-01  -3.2106e-02  C3H6 + H <=> C2H4 + CH3:E
 877  9.29748e-01   9.29529e-01   1.1817e-01  C4H81 + H (+M) <=> sC4H9 (+M):HpA
 878  9.29641e-01   9.29636e-01   2.9673e-03  C4H81 + H <=> C2H4 + C2H5:A
 879  9.29624e-01   9.29653e-01  -1.5911e-02  C4H81 + H <=> C2H4 + C2H5:E
 880  9.29636e-01   9.29641e-01  -2.6412e-03  C4H81 + H <=> C3H6 + CH3:A
 881  9.29652e-01   9.29625e-01   1.4280e-02  C4H81 + H <=> C3H6 + CH3:E
 898  9.29754e-01   9.29525e-01   1.2333e-01  C4H82 + H (+M) <=> sC4H9 (+M):HpA
 914  9.29636e-01   9.29641e-01  -2.8585e-03  H + iC4H8 <=> C3H6 + CH3:A
 915  9.29653e-01   9.29624e-01   1.5261e-02  H + iC4H8 <=> C3H6 + CH3:E
 942  9.29444e-01   9.29833e-01  -2.0935e-01  C3H6 + CH3 (+M) <=> sC4H9 (+M):HpA
 968  9.29638e-01   9.29639e-01  -7.2246e-04  tC4H9 (+M) <=> H + iC4H8 (+M):HpA
 988  9.29653e-01   9.29626e-01   1.4441e-02  2 C2H5 (+M) <=> C4H10 (+M):HpA
 989  9.30513e-01   9.28766e-01   9.3955e-01  C4H10 + H <=> H2 + pC4H9:A
 990  9.26815e-01   9.32468e-01  -3.0403e+00  C4H10 + H <=> H2 + pC4H9:E
 991  9.28763e-01   9.30516e-01  -9.4312e-01  C4H10 + H <=> H2 + sC4H9:A
 992  9.31419e-01   9.27864e-01   1.9122e+00  C4H10 + H <=> H2 + sC4H9:E
 1009  9.29663e-01   9.29614e-01   2.6113e-02  C4H10 + CH3 <=> CH4 + pC4H9:A
 1312  9.30372e-01   9.28928e-01   7.7668e-01  HME <=> 2 tC4H9:E

Parameter number =  1009 C4H10 + CH3 <=> CH4 + pC4H9:A 
Positive perturbation =  1.39039e+00
Value =  1.04505e+00
Rxn  Value+       Value-           Sensitivi   Reaction Name
 377  1.04506e+00   1.04504e+00   8.1264e-03  C2H4 + H (+M) <=> C2H5 (+M):HpA
 540  1.04505e+00   1.04504e+00   6.3929e-03  C3H6 + H <=> C2H4 + CH3:A
 541  1.04501e+00   1.04508e+00  -3.3752e-02  C3H6 + H <=> C2H4 + CH3:E
 877  1.04517e+00   1.04492e+00   1.1669e-01  C4H81 + H (+M) <=> sC4H9 (+M):HpA
 878  1.04505e+00   1.04504e+00   2.8912e-03  C4H81 + H <=> C2H4 + C2H5:A
 879  1.04503e+00   1.04506e+00  -1.5750e-02  C4H81 + H <=> C2H4 + C2H5:E
 880  1.04504e+00   1.04505e+00  -2.9636e-03  C4H81 + H <=> C3H6 + CH3:A
 881  1.04506e+00   1.04503e+00   1.5884e-02  C4H81 + H <=> C3H6 + CH3:E
 898  1.04518e+00   1.04492e+00   1.2285e-01  C4H82 + H (+M) <=> sC4H9 (+M):HpA
 914  1.04504e+00   1.04505e+00  -3.0507e-03  H + iC4H8 <=> C3H6 + CH3:A
 915  1.04506e+00   1.04503e+00   1.7074e-02  H + iC4H8 <=> C3H6 + CH3:E
 942  1.04483e+00   1.04526e+00  -2.0920e-01  C3H6 + CH3 (+M) <=> sC4H9 (+M):HpA
 968  1.04505e+00   1.04505e+00   1.3192e-03  tC4H9 (+M) <=> H + iC4H8 (+M):HpA
 988  1.04506e+00   1.04503e+00   1.6287e-02  2 C2H5 (+M) <=> C4H10 (+M):HpA
 989  1.04603e+00   1.04407e+00   9.3697e-01  C4H10 + H <=> H2 + pC4H9:A
 990  1.04189e+00   1.04822e+00  -3.0285e+00  C4H10 + H <=> H2 + pC4H9:E
 991  1.04407e+00   1.04603e+00  -9.3923e-01  C4H10 + H <=> H2 + sC4H9:A
 992  1.04715e+00   1.04295e+00   2.0087e+00  C4H10 + H <=> H2 + sC4H9:E
 1009  1.04508e+00   1.04501e+00   3.3961e-02  C4H10 + CH3 <=> CH4 + pC4H9:A
 1312  1.04585e+00   1.04427e+00   7.5683e-01  HME <=> 2 tC4H9:E
Negative perturbation =  7.19223e-01
Value =  1.02854e+00
Rxn  Value+       Value-           Sensitivi   Reaction Name
 377  1.02855e+00   1.02853e+00   8.5248e-03  C2H4 + H (+M) <=> C2H5 (+M):HpA
 540  1.02855e+00   1.02853e+00   6.2792e-03  C3H6 + H <=> C2H4 + CH3:A
 541  1.02851e+00   1.02858e+00  -3.3634e-02  C3H6 + H <=> C2H4 + CH3:E
 877  1.02866e+00   1.02842e+00   1.1843e-01  C4H81 + H (+M) <=> sC4H9 (+M):HpA
 878  1.02854e+00   1.02854e+00   2.9507e-03  C4H81 + H <=> C2H4 + C2H5:A
 879  1.02852e+00   1.02856e+00  -1.5941e-02  C4H81 + H <=> C2H4 + C2H5:E
 880  1.02854e+00   1.02854e+00  -3.0074e-03  C4H81 + H <=> C3H6 + CH3:A
 881  1.02856e+00   1.02852e+00   1.6057e-02  C4H81 + H <=> C3H6 + CH3:E
 898  1.02867e+00   1.02841e+00   1.2257e-01  C4H82 + H (+M) <=> sC4H9 (+M):HpA
 914  1.02854e+00   1.02854e+00  -3.2844e-03  H + iC4H8 <=> C3H6 + CH3:A
 915  1.02856e+00   1.02852e+00   1.7324e-02  H + iC4H8 <=> C3H6 + CH3:E
 942  1.02832e+00   1.02876e+00  -2.1148e-01  C3H6 + CH3 (+M) <=> sC4H9 (+M):HpA
 968  1.02855e+00   1.02854e+00   1.5400e-03  tC4H9 (+M) <=> H + iC4H8 (+M):HpA
 988  1.02855e+00   1.02853e+00   1.0458e-02  2 C2H5 (+M) <=> C4H10 (+M):HpA
 989  1.02952e+00   1.02756e+00   9.5146e-01  C4H10 + H <=> H2 + pC4H9:A
 990  1.02538e+00   1.03171e+00  -3.0778e+00  C4H10 + H <=> H2 + pC4H9:E
 991  1.02756e+00   1.02952e+00  -9.5211e-01  C4H10 + H <=> H2 + sC4H9:A
 992  1.03065e+00   1.02644e+00   2.0448e+00  C4H10 + H <=> H2 + sC4H9:E
 1009  1.02856e+00   1.02852e+00   1.9356e-02  C4H10 + CH3 <=> CH4 + pC4H9:A
 1312  1.02926e+00   1.02785e+00   6.8144e-01  HME <=> 2 tC4H9:E

Parameter number =  1312 HME <=> 2 tC4H9:E             
Positive perturbation =  1.00601e+00
Value =  1.04031e+00
Rxn  Value+       Value-           Sensitivi   Reaction Name
 377  1.04027e+00   1.04031e+00  -1.8689e-02  C2H4 + H (+M) <=> C2H5 (+M):HpA
 540  1.04032e+00   1.04031e+00   5.2620e-03  C3H6 + H <=> C2H4 + CH3:A
 541  1.04028e+00   1.04034e+00  -2.8200e-02  C3H6 + H <=> C2H4 + CH3:E
 877  1.04043e+00   1.04019e+00   1.1847e-01  C4H81 + H (+M) <=> sC4H9 (+M):HpA
 878  1.04031e+00   1.04031e+00   2.4780e-03  C4H81 + H <=> C2H4 + C2H5:A
 879  1.04030e+00   1.04032e+00  -1.3278e-02  C4H81 + H <=> C2H4 + C2H5:E
 880  1.04031e+00   1.04031e+00  -2.4864e-03  C4H81 + H <=> C3H6 + CH3:A
 881  1.04032e+00   1.04030e+00   1.3315e-02  C4H81 + H <=> C3H6 + CH3:E
 898  1.04044e+00   1.04018e+00   1.2318e-01  C4H82 + H (+M) <=> sC4H9 (+M):HpA
 914  1.04031e+00   1.04031e+00  -2.6529e-03  H + iC4H8 <=> C3H6 + CH3:A
 915  1.04033e+00   1.04030e+00   1.4217e-02  H + iC4H8 <=> C3H6 + CH3:E
 942  1.04010e+00   1.04054e+00  -2.0949e-01  C3H6 + CH3 (+M) <=> sC4H9 (+M):HpA
 968  1.04040e+00   1.04032e+00   3.9293e-02  tC4H9 (+M) <=> H + iC4H8 (+M):HpA
 988  1.04028e+00   1.04033e+00  -2.3776e-02  2 C2H5 (+M) <=> C4H10 (+M):HpA
 989  1.04129e+00   1.03933e+00   9.4084e-01  C4H10 + H <=> H2 + pC4H9:A
 990  1.03724e+00   1.04348e+00  -3.0020e+00  C4H10 + H <=> H2 + pC4H9:E
 991  1.03933e+00   1.04139e+00  -9.8845e-01  C4H10 + H <=> H2 + sC4H9:A
 992  1.04251e+00   1.03821e+00   2.0669e+00  C4H10 + H <=> H2 + sC4H9:E
 1009  1.04034e+00   1.04029e+00   2.4661e-02  C4H10 + CH3 <=> CH4 + pC4H9:A
 1312  1.04121e+00   1.03945e+00   8.4365e-01  HME <=> 2 tC4H9:E
Negative perturbation =  9.94027e-01
Value =  1.03141e+00
Rxn  Value+       Value-           Sensitivi   Reaction Name
 377  1.03142e+00   1.03140e+00   8.0367e-03  C2H4 + H (+M) <=> C2H5 (+M):HpA
 540  1.03142e+00   1.03140e+00   7.4843e-03  C3H6 + H <=> C2H4 + CH3:A
 541  1.03137e+00   1.03145e+00  -4.0126e-02  C3H6 + H <=> C2H4 + CH3:E
 877  1.03153e+00   1.03129e+00   1.1868e-01  C4H81 + H (+M) <=> sC4H9 (+M):HpA
 878  1.03141e+00   1.03141e+00   3.5091e-03  C4H81 + H <=> C2H4 + C2H5:A
 879  1.03139e+00   1.03143e+00  -1.8940e-02  C4H81 + H <=> C2H4 + C2H5:E
 880  1.03141e+00   1.03141e+00  -3.5496e-03  C4H81 + H <=> C3H6 + CH3:A
 881  1.03143e+00   1.03139e+00   1.8990e-02  C4H81 + H <=> C3H6 + CH3:E
 898  1.03154e+00   1.03128e+00   1.2405e-01  C4H82 + H (+M) <=> sC4H9 (+M):HpA
 914  1.03140e+00   1.03141e+00  -3.8796e-03  H + iC4H8 <=> C3H6 + CH3:A
 915  1.03143e+00   1.03139e+00   2.0775e-02  H + iC4H8 <=> C3H6 + CH3:E
 942  1.03119e+00   1.03163e+00  -2.0997e-01  C3H6 + CH3 (+M) <=> sC4H9 (+M):HpA
 968  1.03141e+00   1.03141e+00  -1.9614e-04  tC4H9 (+M) <=> H + iC4H8 (+M):HpA
 988  1.03142e+00   1.03139e+00   1.3516e-02  2 C2H5 (+M) <=> C4H10 (+M):HpA
 989  1.03238e+00   1.03043e+00   9.4648e-01  C4H10 + H <=> H2 + pC4H9:A
 990  1.02825e+00   1.03457e+00  -3.0662e+00  C4H10 + H <=> H2 + pC4H9:E
 991  1.03043e+00   1.03239e+00  -9.4905e-01  C4H10 + H <=> H2 + sC4H9:A
 992  1.03351e+00   1.02931e+00   2.0349e+00  C4H10 + H <=> H2 + sC4H9:E
 1009  1.03143e+00   1.03138e+00   2.2783e-02  C4H10 + CH3 <=> CH4 + pC4H9:A
 1312  1.03204e+00   1.03079e+00   6.0440e-01  HME <=> 2 tC4H9:E
