Value =  6.26258e-01
Rxn  Value+       Value-           Sensitivi   Reaction Name
 377  6.26323e-01   6.26208e-01   9.1392e-02  C2H4 + H (+M) <=> C2H5 (+M):HpA
 540  6.26258e-01   6.26258e-01   3.3059e-05  C3H6 + H <=> C2H4 + CH3:A
 541  6.26258e-01   6.26259e-01  -2.0847e-04  C3H6 + H <=> C2H4 + CH3:E
 877  6.26308e-01   6.26209e-01   7.8933e-02  C4H81 + H (+M) <=> sC4H9 (+M):HpA
 878  6.26258e-01   6.26258e-01   8.0154e-06  C4H81 + H <=> C2H4 + C2H5:A
 879  6.26258e-01   6.26258e-01  -5.0903e-05  C4H81 + H <=> C2H4 + C2H5:E
 880  6.26258e-01   6.26258e-01  -6.1355e-06  C4H81 + H <=> C3H6 + CH3:A
 881  6.26258e-01   6.26258e-01   3.6860e-05  C4H81 + H <=> C3H6 + CH3:E
 898  6.26325e-01   6.26192e-01   1.0571e-01  C4H82 + H (+M) <=> sC4H9 (+M):HpA
 914  6.26258e-01   6.26258e-01  -1.4996e-05  H + iC4H8 <=> C3H6 + CH3:A
 915  6.26258e-01   6.26258e-01   9.2436e-05  H + iC4H8 <=> C3H6 + CH3:E
 942  6.26168e-01   6.26360e-01  -1.5306e-01  C3H6 + CH3 (+M) <=> sC4H9 (+M):HpA
 968  6.26268e-01   6.26249e-01   1.4578e-02  tC4H9 (+M) <=> H + iC4H8 (+M):HpA
 988  6.20176e-01   6.26212e-01  -4.8186e+00  2 C2H5 (+M) <=> C4H10 (+M):HpA
 989  6.26872e-01   6.25645e-01   9.7931e-01  C4H10 + H <=> H2 + pC4H9:A
 990  6.23945e-01   6.28578e-01  -3.6994e+00  C4H10 + H <=> H2 + pC4H9:E
 991  6.25650e-01   6.26867e-01  -9.7155e-01  C4H10 + H <=> H2 + sC4H9:A
 992  6.27782e-01   6.24740e-01   2.4287e+00  C4H10 + H <=> H2 + sC4H9:E
 1009  6.26275e-01   6.26263e-01   1.0109e-02  C4H10 + CH3 <=> CH4 + pC4H9:A
 1312  6.25745e-01   6.25857e-01  -8.9008e-02  HME <=> 2 tC4H9:E

Parameter number =  377 C2H4 + H (+M) <=> C2H5 (+M):HpA
Positive perturbation =  1.39039e+00
Value =  6.43348e-01
Rxn  Value+       Value-           Sensitivi   Reaction Name
 377  6.43395e-01   6.42948e-01   3.4702e-01  C2H4 + H (+M) <=> C2H5 (+M):HpA
 540  6.43348e-01   6.43348e-01   3.2999e-05  C3H6 + H <=> C2H4 + CH3:A
 541  6.43348e-01   6.43348e-01  -2.0770e-04  C3H6 + H <=> C2H4 + CH3:E
 877  6.43399e-01   6.43297e-01   7.9139e-02  C4H81 + H (+M) <=> sC4H9 (+M):HpA
 878  6.43348e-01   6.43348e-01   8.3784e-06  C4H81 + H <=> C2H4 + C2H5:A
 879  6.43348e-01   6.43348e-01  -5.2533e-05  C4H81 + H <=> C2H4 + C2H5:E
 880  6.43348e-01   6.43348e-01  -6.2991e-06  C4H81 + H <=> C3H6 + CH3:A
 881  6.43348e-01   6.43348e-01   3.7775e-05  C4H81 + H <=> C3H6 + CH3:E
 898  6.43416e-01   6.43280e-01   1.0594e-01  C4H82 + H (+M) <=> sC4H9 (+M):HpA
 914  6.43348e-01   6.43348e-01  -1.5090e-05  H + iC4H8 <=> C3H6 + CH3:A
 915  6.43348e-01   6.43348e-01   9.2731e-05  H + iC4H8 <=> C3H6 + CH3:E
 942  6.43259e-01   6.43453e-01  -1.5074e-01  C3H6 + CH3 (+M) <=> sC4H9 (+M):HpA
 968  6.43356e-01   6.43337e-01   1.4979e-02  tC4H9 (+M) <=> H + iC4H8 (+M):HpA
 988  6.42756e-01   6.43422e-01  -5.1729e-01  2 C2H5 (+M) <=> C4H10 (+M):HpA
 989  6.43978e-01   6.42718e-01   9.7948e-01  C4H10 + H <=> H2 + pC4H9:A
 990  6.40971e-01   6.45736e-01  -3.7032e+00  C4H10 + H <=> H2 + pC4H9:E
 991  6.42722e-01   6.43978e-01  -9.7596e-01  C4H10 + H <=> H2 + sC4H9:A
 992  6.44919e-01   6.41786e-01   2.4350e+00  C4H10 + H <=> H2 + sC4H9:E
 1009  6.43370e-01   6.43357e-01   1.0164e-02  C4H10 + CH3 <=> CH4 + pC4H9:A
 1312  6.43239e-01   6.43292e-01  -4.1316e-02  HME <=> 2 tC4H9:E
Negative perturbation =  7.19223e-01
Value =  6.05706e-01
Rxn  Value+       Value-           Sensitivi   Reaction Name
 377  5.98237e-01   6.05836e-01  -6.2728e+00  C2H4 + H (+M) <=> C2H5 (+M):HpA
 540  6.05706e-01   6.05706e-01   3.2835e-05  C3H6 + H <=> C2H4 + CH3:A
 541  6.05706e-01   6.05706e-01  -2.0888e-04  C3H6 + H <=> C2H4 + CH3:E
 877  6.05754e-01   6.05658e-01   7.8805e-02  C4H81 + H (+M) <=> sC4H9 (+M):HpA
 878  6.05706e-01   6.05706e-01   8.0253e-06  C4H81 + H <=> C2H4 + C2H5:A
 879  6.05706e-01   6.05706e-01  -5.0293e-05  C4H81 + H <=> C2H4 + C2H5:E
 880  6.05706e-01   6.05706e-01  -5.8757e-06  C4H81 + H <=> C3H6 + CH3:A
 881  6.05706e-01   6.05706e-01   3.6122e-05  C4H81 + H <=> C3H6 + CH3:E
 898  6.05770e-01   6.05642e-01   1.0554e-01  C4H82 + H (+M) <=> sC4H9 (+M):HpA
 914  6.05706e-01   6.05706e-01  -1.4896e-05  H + iC4H8 <=> C3H6 + CH3:A
 915  6.05706e-01   6.05706e-01   9.2761e-05  H + iC4H8 <=> C3H6 + CH3:E
 942  6.05621e-01   6.05804e-01  -1.5090e-01  C3H6 + CH3 (+M) <=> sC4H9 (+M):HpA
 968  6.05715e-01   6.05697e-01   1.5566e-02  tC4H9 (+M) <=> H + iC4H8 (+M):HpA
 988  6.05612e-01   6.05891e-01  -2.2972e-01  2 C2H5 (+M) <=> C4H10 (+M):HpA
 989  6.06300e-01   6.05113e-01   9.8017e-01  C4H10 + H <=> H2 + pC4H9:A
 990  6.03466e-01   6.07952e-01  -3.7026e+00  C4H10 + H <=> H2 + pC4H9:E
 991  6.05119e-01   6.06294e-01  -9.6952e-01  C4H10 + H <=> H2 + sC4H9:A
 992  6.07177e-01   6.04240e-01   2.4237e+00  C4H10 + H <=> H2 + sC4H9:E
 1009  6.05723e-01   6.05711e-01   1.0174e-02  C4H10 + CH3 <=> CH4 + pC4H9:A
 1312  6.06165e-01   6.05419e-01   6.1568e-01  HME <=> 2 tC4H9:E

Parameter number =  540 C3H6 + H <=> C2H4 + CH3:A     
Positive perturbation =  1.23114e+00
Value =  6.26263e-01
Rxn  Value+       Value-           Sensitivi   Reaction Name
 377  6.26327e-01   6.26213e-01   9.1392e-02  C2H4 + H (+M) <=> C2H5 (+M):HpA
 540  6.26263e-01   6.26263e-01   4.1060e-05  C3H6 + H <=> C2H4 + CH3:A
 541  6.26263e-01   6.26263e-01  -2.5631e-04  C3H6 + H <=> C2H4 + CH3:E
 877  6.26313e-01   6.26214e-01   7.8933e-02  C4H81 + H (+M) <=> sC4H9 (+M):HpA
 878  6.26263e-01   6.26263e-01   8.2210e-06  C4H81 + H <=> C2H4 + C2H5:A
 879  6.26263e-01   6.26263e-01  -5.1537e-05  C4H81 + H <=> C2H4 + C2H5:E
 880  6.26263e-01   6.26263e-01  -5.8502e-06  C4H81 + H <=> C3H6 + CH3:A
 881  6.26263e-01   6.26263e-01   3.7054e-05  C4H81 + H <=> C3H6 + CH3:E
 898  6.26329e-01   6.26197e-01   1.0571e-01  C4H82 + H (+M) <=> sC4H9 (+M):HpA
 914  6.26263e-01   6.26263e-01  -1.4671e-05  H + iC4H8 <=> C3H6 + CH3:A
 915  6.26263e-01   6.26263e-01   9.2694e-05  H + iC4H8 <=> C3H6 + CH3:E
 942  6.26173e-01   6.26365e-01  -1.5306e-01  C3H6 + CH3 (+M) <=> sC4H9 (+M):HpA
 968  6.26272e-01   6.26254e-01   1.4579e-02  tC4H9 (+M) <=> H + iC4H8 (+M):HpA
 988  6.20181e-01   6.26217e-01  -4.8186e+00  2 C2H5 (+M) <=> C4H10 (+M):HpA
 989  6.26877e-01   6.25650e-01   9.7931e-01  C4H10 + H <=> H2 + pC4H9:A
 990  6.23950e-01   6.28583e-01  -3.6994e+00  C4H10 + H <=> H2 + pC4H9:E
 991  6.25655e-01   6.26872e-01  -9.7156e-01  C4H10 + H <=> H2 + sC4H9:A
 992  6.27787e-01   6.24745e-01   2.4287e+00  C4H10 + H <=> H2 + sC4H9:E
 1009  6.26280e-01   6.26268e-01   1.0109e-02  C4H10 + CH3 <=> CH4 + pC4H9:A
 1312  6.25750e-01   6.25862e-01  -8.9304e-02  HME <=> 2 tC4H9:E
Negative perturbation =  8.12252e-01
Value =  6.26254e-01
Rxn  Value+       Value-           Sensitivi   Reaction Name
 377  6.26319e-01   6.26204e-01   9.1392e-02  C2H4 + H (+M) <=> C2H5 (+M):HpA
 540  6.26254e-01   6.26254e-01   2.7287e-05  C3H6 + H <=> C2H4 + CH3:A
 541  6.26254e-01   6.26255e-01  -1.6911e-04  C3H6 + H <=> C2H4 + CH3:E
 877  6.26304e-01   6.26205e-01   7.8933e-02  C4H81 + H (+M) <=> sC4H9 (+M):HpA
 878  6.26254e-01   6.26254e-01   8.3874e-06  C4H81 + H <=> C2H4 + C2H5:A
 879  6.26254e-01   6.26255e-01  -5.1444e-05  C4H81 + H <=> C2H4 + C2H5:E
 880  6.26254e-01   6.26254e-01  -5.8635e-06  C4H81 + H <=> C3H6 + CH3:A
 881  6.26255e-01   6.26254e-01   3.6689e-05  C4H81 + H <=> C3H6 + CH3:E
 898  6.26321e-01   6.26188e-01   1.0571e-01  C4H82 + H (+M) <=> sC4H9 (+M):HpA
 914  6.26254e-01   6.26254e-01  -1.4601e-05  H + iC4H8 <=> C3H6 + CH3:A
 915  6.26255e-01   6.26254e-01   9.2623e-05  H + iC4H8 <=> C3H6 + CH3:E
 942  6.26164e-01   6.26356e-01  -1.5306e-01  C3H6 + CH3 (+M) <=> sC4H9 (+M):HpA
 968  6.26264e-01   6.26245e-01   1.4578e-02  tC4H9 (+M) <=> H + iC4H8 (+M):HpA
 988  6.20173e-01   6.26208e-01  -4.8186e+00  2 C2H5 (+M) <=> C4H10 (+M):HpA
 989  6.26868e-01   6.25641e-01   9.7932e-01  C4H10 + H <=> H2 + pC4H9:A
 990  6.23941e-01   6.28574e-01  -3.6994e+00  C4H10 + H <=> H2 + pC4H9:E
 991  6.25646e-01   6.26863e-01  -9.7155e-01  C4H10 + H <=> H2 + sC4H9:A
 992  6.27778e-01   6.24736e-01   2.4287e+00  C4H10 + H <=> H2 + sC4H9:E
 1009  6.26271e-01   6.26259e-01   1.0109e-02  C4H10 + CH3 <=> CH4 + pC4H9:A
 1312  6.25741e-01   6.25852e-01  -8.8768e-02  HME <=> 2 tC4H9:E

Parameter number =  541 C3H6 + H <=> C2H4 + CH3:E     
Positive perturbation =  1.03547e+00
Value =  6.26254e-01
Rxn  Value+       Value-           Sensitivi   Reaction Name
 377  6.26318e-01   6.26204e-01   9.1392e-02  C2H4 + H (+M) <=> C2H5 (+M):HpA
 540  6.26254e-01   6.26254e-01   2.6589e-05  C3H6 + H <=> C2H4 + CH3:A
 541  6.26254e-01   6.26254e-01  -1.7280e-04  C3H6 + H <=> C2H4 + CH3:E
 877  6.26304e-01   6.26205e-01   7.8933e-02  C4H81 + H (+M) <=> sC4H9 (+M):HpA
 878  6.26254e-01   6.26254e-01   8.1925e-06  C4H81 + H <=> C2H4 + C2H5:A
 879  6.26254e-01   6.26254e-01  -5.1149e-05  C4H81 + H <=> C2H4 + C2H5:E
 880  6.26254e-01   6.26254e-01  -6.0775e-06  C4H81 + H <=> C3H6 + CH3:A
 881  6.26254e-01   6.26254e-01   3.7035e-05  C4H81 + H <=> C3H6 + CH3:E
 898  6.26320e-01   6.26188e-01   1.0571e-01  C4H82 + H (+M) <=> sC4H9 (+M):HpA
 914  6.26254e-01   6.26254e-01  -1.4835e-05  H + iC4H8 <=> C3H6 + CH3:A
 915  6.26254e-01   6.26254e-01   9.2532e-05  H + iC4H8 <=> C3H6 + CH3:E
 942  6.26164e-01   6.26356e-01  -1.5306e-01  C3H6 + CH3 (+M) <=> sC4H9 (+M):HpA
 968  6.26263e-01   6.26245e-01   1.4578e-02  tC4H9 (+M) <=> H + iC4H8 (+M):HpA
 988  6.20172e-01   6.26208e-01  -4.8186e+00  2 C2H5 (+M) <=> C4H10 (+M):HpA
 989  6.26868e-01   6.25641e-01   9.7932e-01  C4H10 + H <=> H2 + pC4H9:A
 990  6.23941e-01   6.28574e-01  -3.6994e+00  C4H10 + H <=> H2 + pC4H9:E
 991  6.25646e-01   6.26863e-01  -9.7155e-01  C4H10 + H <=> H2 + sC4H9:A
 992  6.27778e-01   6.24736e-01   2.4287e+00  C4H10 + H <=> H2 + sC4H9:E
 1009  6.26271e-01   6.26259e-01   1.0109e-02  C4H10 + CH3 <=> CH4 + pC4H9:A
 1312  6.25741e-01   6.25852e-01  -8.8754e-02  HME <=> 2 tC4H9:E
Negative perturbation =  9.65745e-01
Value =  6.26263e-01
Rxn  Value+       Value-           Sensitivi   Reaction Name
 377  6.26328e-01   6.26213e-01   9.1392e-02  C2H4 + H (+M) <=> C2H5 (+M):HpA
 540  6.26263e-01   6.26263e-01   4.1309e-05  C3H6 + H <=> C2H4 + CH3:A
 541  6.26263e-01   6.26264e-01  -2.4928e-04  C3H6 + H <=> C2H4 + CH3:E
 877  6.26313e-01   6.26214e-01   7.8933e-02  C4H81 + H (+M) <=> sC4H9 (+M):HpA
 878  6.26263e-01   6.26263e-01   8.1701e-06  C4H81 + H <=> C2H4 + C2H5:A
 879  6.26263e-01   6.26263e-01  -5.1328e-05  C4H81 + H <=> C2H4 + C2H5:E
 880  6.26263e-01   6.26263e-01  -6.0956e-06  C4H81 + H <=> C3H6 + CH3:A
 881  6.26263e-01   6.26263e-01   3.7147e-05  C4H81 + H <=> C3H6 + CH3:E
 898  6.26330e-01   6.26197e-01   1.0571e-01  C4H82 + H (+M) <=> sC4H9 (+M):HpA
 914  6.26263e-01   6.26263e-01  -1.4768e-05  H + iC4H8 <=> C3H6 + CH3:A
 915  6.26263e-01   6.26263e-01   9.3064e-05  H + iC4H8 <=> C3H6 + CH3:E
 942  6.26173e-01   6.26365e-01  -1.5306e-01  C3H6 + CH3 (+M) <=> sC4H9 (+M):HpA
 968  6.26273e-01   6.26254e-01   1.4579e-02  tC4H9 (+M) <=> H + iC4H8 (+M):HpA
 988  6.20181e-01   6.26217e-01  -4.8186e+00  2 C2H5 (+M) <=> C4H10 (+M):HpA
 989  6.26877e-01   6.25650e-01   9.7931e-01  C4H10 + H <=> H2 + pC4H9:A
 990  6.23950e-01   6.28583e-01  -3.6994e+00  C4H10 + H <=> H2 + pC4H9:E
 991  6.25655e-01   6.26872e-01  -9.7156e-01  C4H10 + H <=> H2 + sC4H9:A
 992  6.27787e-01   6.24745e-01   2.4287e+00  C4H10 + H <=> H2 + sC4H9:E
 1009  6.26280e-01   6.26268e-01   1.0109e-02  C4H10 + CH3 <=> CH4 + pC4H9:A
 1312  6.25750e-01   6.25862e-01  -8.9313e-02  HME <=> 2 tC4H9:E

Parameter number =  877 C4H81 + H (+M) <=> sC4H9 (+M):HpA
Positive perturbation =  1.39039e+00
Value =  6.44755e-01
Rxn  Value+       Value-           Sensitivi   Reaction Name
 377  6.44820e-01   6.44702e-01   9.1513e-02  C2H4 + H (+M) <=> C2H5 (+M):HpA
 540  6.44755e-01   6.44755e-01   3.3433e-05  C3H6 + H <=> C2H4 + CH3:A
 541  6.44754e-01   6.44755e-01  -2.0993e-04  C3H6 + H <=> C2H4 + CH3:E
 877  6.44818e-01   6.44691e-01   9.7971e-02  C4H81 + H (+M) <=> sC4H9 (+M):HpA
 878  6.44755e-01   6.44755e-01   1.0717e-05  C4H81 + H <=> C2H4 + C2H5:A
 879  6.44755e-01   6.44755e-01  -6.7120e-05  C4H81 + H <=> C2H4 + C2H5:E
 880  6.44755e-01   6.44755e-01  -7.8995e-06  C4H81 + H <=> C3H6 + CH3:A
 881  6.44755e-01   6.44755e-01   4.9630e-05  C4H81 + H <=> C3H6 + CH3:E
 898  6.44821e-01   6.44688e-01   1.0268e-01  C4H82 + H (+M) <=> sC4H9 (+M):HpA
 914  6.44755e-01   6.44755e-01  -1.5427e-05  H + iC4H8 <=> C3H6 + CH3:A
 915  6.44755e-01   6.44755e-01   9.5756e-05  H + iC4H8 <=> C3H6 + CH3:E
 942  6.44651e-01   6.44870e-01  -1.7031e-01  C3H6 + CH3 (+M) <=> sC4H9 (+M):HpA
 968  6.44764e-01   6.44743e-01   1.6368e-02  tC4H9 (+M) <=> H + iC4H8 (+M):HpA
 988  6.44781e-01   6.44713e-01   5.2535e-02  2 C2H5 (+M) <=> C4H10 (+M):HpA
 989  6.45387e-01   6.44123e-01   9.7974e-01  C4H10 + H <=> H2 + pC4H9:A
 990  6.42372e-01   6.47144e-01  -3.7009e+00  C4H10 + H <=> H2 + pC4H9:E
 991  6.44128e-01   6.45382e-01  -9.7192e-01  C4H10 + H <=> H2 + sC4H9:A
 992  6.46324e-01   6.43191e-01   2.4296e+00  C4H10 + H <=> H2 + sC4H9:E
 1009  6.44771e-01   6.44759e-01   9.7944e-03  C4H10 + CH3 <=> CH4 + pC4H9:A
 1312  6.45243e-01   6.44397e-01   6.5605e-01  HME <=> 2 tC4H9:E
Negative perturbation =  7.19223e-01
Value =  6.11864e-01
Rxn  Value+       Value-           Sensitivi   Reaction Name
 377  6.11928e-01   6.11816e-01   9.1298e-02  C2H4 + H (+M) <=> C2H5 (+M):HpA
 540  6.11864e-01   6.11864e-01   3.2906e-05  C3H6 + H <=> C2H4 + CH3:A
 541  6.11864e-01   6.11865e-01  -2.0687e-04  C3H6 + H <=> C2H4 + CH3:E
 877  6.11903e-01   6.11826e-01   6.2492e-02  C4H81 + H (+M) <=> sC4H9 (+M):HpA
 878  6.11864e-01   6.11864e-01   6.4149e-06  C4H81 + H <=> C2H4 + C2H5:A
 879  6.11864e-01   6.11864e-01  -3.8713e-05  C4H81 + H <=> C2H4 + C2H5:E
 880  6.11864e-01   6.11864e-01  -4.7146e-06  C4H81 + H <=> C3H6 + CH3:A
 881  6.11864e-01   6.11864e-01   2.7513e-05  C4H81 + H <=> C3H6 + CH3:E
 898  6.11931e-01   6.11798e-01   1.0821e-01  C4H82 + H (+M) <=> sC4H9 (+M):HpA
 914  6.11864e-01   6.11864e-01  -1.4706e-05  H + iC4H8 <=> C3H6 + CH3:A
 915  6.11864e-01   6.11864e-01   9.0381e-05  H + iC4H8 <=> C3H6 + CH3:E
 942  6.11785e-01   6.11955e-01  -1.3927e-01  C3H6 + CH3 (+M) <=> sC4H9 (+M):HpA
 968  6.11873e-01   6.11857e-01   1.3097e-02  tC4H9 (+M) <=> H + iC4H8 (+M):HpA
 988  6.05765e-01   6.11815e-01  -4.9436e+00  2 C2H5 (+M) <=> C4H10 (+M):HpA
 989  6.12464e-01   6.11266e-01   9.7887e-01  C4H10 + H <=> H2 + pC4H9:A
 990  6.09605e-01   6.14130e-01  -3.6977e+00  C4H10 + H <=> H2 + pC4H9:E
 991  6.11270e-01   6.12459e-01  -9.7114e-01  C4H10 + H <=> H2 + sC4H9:A
 992  6.13352e-01   6.10382e-01   2.4277e+00  C4H10 + H <=> H2 + sC4H9:E
 1009  6.11881e-01   6.11869e-01   1.0358e-02  C4H10 + CH3 <=> CH4 + pC4H9:A
 1312  6.05110e-01   6.11435e-01  -5.1687e+00  HME <=> 2 tC4H9:E

Parameter number =  878 C4H81 + H <=> C2H4 + C2H5:A   
Positive perturbation =  1.39039e+00
Value =  6.26260e-01
Rxn  Value+       Value-           Sensitivi   Reaction Name
 377  6.26325e-01   6.26210e-01   9.1393e-02  C2H4 + H (+M) <=> C2H5 (+M):HpA
 540  6.26260e-01   6.26260e-01   3.3699e-05  C3H6 + H <=> C2H4 + CH3:A
 541  6.26260e-01   6.26261e-01  -2.0843e-04  C3H6 + H <=> C2H4 + CH3:E
 877  6.26310e-01   6.26211e-01   7.8936e-02  C4H81 + H (+M) <=> sC4H9 (+M):HpA
 878  6.26260e-01   6.26260e-01   1.1737e-05  C4H81 + H <=> C2H4 + C2H5:A
 879  6.26260e-01   6.26260e-01  -7.1450e-05  C4H81 + H <=> C2H4 + C2H5:E
 880  6.26260e-01   6.26260e-01  -5.7443e-06  C4H81 + H <=> C3H6 + CH3:A
 881  6.26260e-01   6.26260e-01   3.6717e-05  C4H81 + H <=> C3H6 + CH3:E
 898  6.26327e-01   6.26194e-01   1.0571e-01  C4H82 + H (+M) <=> sC4H9 (+M):HpA
 914  6.26260e-01   6.26260e-01  -1.4580e-05  H + iC4H8 <=> C3H6 + CH3:A
 915  6.26260e-01   6.26260e-01   9.2582e-05  H + iC4H8 <=> C3H6 + CH3:E
 942  6.26170e-01   6.26362e-01  -1.5306e-01  C3H6 + CH3 (+M) <=> sC4H9 (+M):HpA
 968  6.26270e-01   6.26251e-01   1.4579e-02  tC4H9 (+M) <=> H + iC4H8 (+M):HpA
 988  6.20178e-01   6.26214e-01  -4.8186e+00  2 C2H5 (+M) <=> C4H10 (+M):HpA
 989  6.26874e-01   6.25647e-01   9.7931e-01  C4H10 + H <=> H2 + pC4H9:A
 990  6.23947e-01   6.28580e-01  -3.6994e+00  C4H10 + H <=> H2 + pC4H9:E
 991  6.25652e-01   6.26869e-01  -9.7155e-01  C4H10 + H <=> H2 + sC4H9:A
 992  6.27784e-01   6.24742e-01   2.4287e+00  C4H10 + H <=> H2 + sC4H9:E
 1009  6.26277e-01   6.26265e-01   1.0109e-02  C4H10 + CH3 <=> CH4 + pC4H9:A
 1312  6.25747e-01   6.25859e-01  -8.9131e-02  HME <=> 2 tC4H9:E
Negative perturbation =  7.19223e-01
Value =  6.26257e-01
Rxn  Value+       Value-           Sensitivi   Reaction Name
 377  6.26321e-01   6.26207e-01   9.1392e-02  C2H4 + H (+M) <=> C2H5 (+M):HpA
 540  6.26257e-01   6.26257e-01   3.3258e-05  C3H6 + H <=> C2H4 + CH3:A
 541  6.26257e-01   6.26257e-01  -2.0843e-04  C3H6 + H <=> C2H4 + CH3:E
 877  6.26306e-01   6.26208e-01   7.8931e-02  C4H81 + H (+M) <=> sC4H9 (+M):HpA
 878  6.26257e-01   6.26257e-01   6.0061e-06  C4H81 + H <=> C2H4 + C2H5:A
 879  6.26257e-01   6.26257e-01  -3.6856e-05  C4H81 + H <=> C2H4 + C2H5:E
 880  6.26257e-01   6.26257e-01  -5.7320e-06  C4H81 + H <=> C3H6 + CH3:A
 881  6.26257e-01   6.26257e-01   3.6835e-05  C4H81 + H <=> C3H6 + CH3:E
 898  6.26323e-01   6.26191e-01   1.0571e-01  C4H82 + H (+M) <=> sC4H9 (+M):HpA
 914  6.26257e-01   6.26257e-01  -1.4927e-05  H + iC4H8 <=> C3H6 + CH3:A
 915  6.26257e-01   6.26257e-01   9.2814e-05  H + iC4H8 <=> C3H6 + CH3:E
 942  6.26167e-01   6.26359e-01  -1.5306e-01  C3H6 + CH3 (+M) <=> sC4H9 (+M):HpA
 968  6.26266e-01   6.26248e-01   1.4578e-02  tC4H9 (+M) <=> H + iC4H8 (+M):HpA
 988  6.20175e-01   6.26210e-01  -4.8186e+00  2 C2H5 (+M) <=> C4H10 (+M):HpA
 989  6.26871e-01   6.25644e-01   9.7932e-01  C4H10 + H <=> H2 + pC4H9:A
 990  6.23943e-01   6.28577e-01  -3.6994e+00  C4H10 + H <=> H2 + pC4H9:E
 991  6.25649e-01   6.26866e-01  -9.7155e-01  C4H10 + H <=> H2 + sC4H9:A
 992  6.27781e-01   6.24739e-01   2.4287e+00  C4H10 + H <=> H2 + sC4H9:E
 1009  6.26274e-01   6.26261e-01   1.0109e-02  C4H10 + CH3 <=> CH4 + pC4H9:A
 1312  6.25744e-01   6.25855e-01  -8.8921e-02  HME <=> 2 tC4H9:E

Parameter number =  879 C4H81 + H <=> C2H4 + C2H5:E   
Positive perturbation =  1.05497e+00
Value =  6.26257e-01
Rxn  Value+       Value-           Sensitivi   Reaction Name
 377  6.26321e-01   6.26207e-01   9.1392e-02  C2H4 + H (+M) <=> C2H5 (+M):HpA
 540  6.26257e-01   6.26257e-01   3.3388e-05  C3H6 + H <=> C2H4 + CH3:A
 541  6.26257e-01   6.26257e-01  -2.0813e-04  C3H6 + H <=> C2H4 + CH3:E
 877  6.26306e-01   6.26207e-01   7.8931e-02  C4H81 + H (+M) <=> sC4H9 (+M):HpA
 878  6.26257e-01   6.26257e-01   5.8789e-06  C4H81 + H <=> C2H4 + C2H5:A
 879  6.26257e-01   6.26257e-01  -3.8441e-05  C4H81 + H <=> C2H4 + C2H5:E
 880  6.26257e-01   6.26257e-01  -5.9507e-06  C4H81 + H <=> C3H6 + CH3:A
 881  6.26257e-01   6.26257e-01   3.7191e-05  C4H81 + H <=> C3H6 + CH3:E
 898  6.26323e-01   6.26191e-01   1.0571e-01  C4H82 + H (+M) <=> sC4H9 (+M):HpA
 914  6.26257e-01   6.26257e-01  -1.4763e-05  H + iC4H8 <=> C3H6 + CH3:A
 915  6.26257e-01   6.26257e-01   9.2792e-05  H + iC4H8 <=> C3H6 + CH3:E
 942  6.26167e-01   6.26359e-01  -1.5306e-01  C3H6 + CH3 (+M) <=> sC4H9 (+M):HpA
 968  6.26266e-01   6.26248e-01   1.4579e-02  tC4H9 (+M) <=> H + iC4H8 (+M):HpA
 988  6.20175e-01   6.26210e-01  -4.8186e+00  2 C2H5 (+M) <=> C4H10 (+M):HpA
 989  6.26870e-01   6.25644e-01   9.7932e-01  C4H10 + H <=> H2 + pC4H9:A
 990  6.23943e-01   6.28577e-01  -3.6994e+00  C4H10 + H <=> H2 + pC4H9:E
 991  6.25649e-01   6.26866e-01  -9.7155e-01  C4H10 + H <=> H2 + sC4H9:A
 992  6.27781e-01   6.24739e-01   2.4287e+00  C4H10 + H <=> H2 + sC4H9:E
 1009  6.26274e-01   6.26261e-01   1.0109e-02  C4H10 + CH3 <=> CH4 + pC4H9:A
 1312  6.25744e-01   6.25855e-01  -8.8917e-02  HME <=> 2 tC4H9:E
Negative perturbation =  9.47894e-01
Value =  6.26260e-01
Rxn  Value+       Value-           Sensitivi   Reaction Name
 377  6.26325e-01   6.26210e-01   9.1393e-02  C2H4 + H (+M) <=> C2H5 (+M):HpA
 540  6.26260e-01   6.26260e-01   3.3222e-05  C3H6 + H <=> C2H4 + CH3:A
 541  6.26260e-01   6.26261e-01  -2.0846e-04  C3H6 + H <=> C2H4 + CH3:E
 877  6.26310e-01   6.26211e-01   7.8935e-02  C4H81 + H (+M) <=> sC4H9 (+M):HpA
 878  6.26260e-01   6.26260e-01   1.1301e-05  C4H81 + H <=> C2H4 + C2H5:A
 879  6.26260e-01   6.26260e-01  -6.7621e-05  C4H81 + H <=> C2H4 + C2H5:E
 880  6.26260e-01   6.26260e-01  -5.9786e-06  C4H81 + H <=> C3H6 + CH3:A
 881  6.26260e-01   6.26260e-01   3.6813e-05  C4H81 + H <=> C3H6 + CH3:E
 898  6.26327e-01   6.26194e-01   1.0571e-01  C4H82 + H (+M) <=> sC4H9 (+M):HpA
 914  6.26260e-01   6.26260e-01  -1.4954e-05  H + iC4H8 <=> C3H6 + CH3:A
 915  6.26260e-01   6.26260e-01   9.2350e-05  H + iC4H8 <=> C3H6 + CH3:E
 942  6.26170e-01   6.26362e-01  -1.5306e-01  C3H6 + CH3 (+M) <=> sC4H9 (+M):HpA
 968  6.26270e-01   6.26251e-01   1.4579e-02  tC4H9 (+M) <=> H + iC4H8 (+M):HpA
 988  6.20178e-01   6.26214e-01  -4.8186e+00  2 C2H5 (+M) <=> C4H10 (+M):HpA
 989  6.26874e-01   6.25647e-01   9.7931e-01  C4H10 + H <=> H2 + pC4H9:A
 990  6.23947e-01   6.28580e-01  -3.6994e+00  C4H10 + H <=> H2 + pC4H9:E
 991  6.25652e-01   6.26869e-01  -9.7155e-01  C4H10 + H <=> H2 + sC4H9:A
 992  6.27784e-01   6.24742e-01   2.4287e+00  C4H10 + H <=> H2 + sC4H9:E
 1009  6.26277e-01   6.26265e-01   1.0109e-02  C4H10 + CH3 <=> CH4 + pC4H9:A
 1312  6.25747e-01   6.25859e-01  -8.9129e-02  HME <=> 2 tC4H9:E

Parameter number =  880 C4H81 + H <=> C3H6 + CH3:A    
Positive perturbation =  1.62066e+00
Value =  6.26256e-01
Rxn  Value+       Value-           Sensitivi   Reaction Name
 377  6.26320e-01   6.26206e-01   9.1392e-02  C2H4 + H (+M) <=> C2H5 (+M):HpA
 540  6.26256e-01   6.26256e-01   3.3342e-05  C3H6 + H <=> C2H4 + CH3:A
 541  6.26256e-01   6.26256e-01  -2.0837e-04  C3H6 + H <=> C2H4 + CH3:E
 877  6.26306e-01   6.26207e-01   7.8930e-02  C4H81 + H (+M) <=> sC4H9 (+M):HpA
 878  6.26256e-01   6.26256e-01   7.9617e-06  C4H81 + H <=> C2H4 + C2H5:A
 879  6.26256e-01   6.26256e-01  -5.1129e-05  C4H81 + H <=> C2H4 + C2H5:E
 880  6.26256e-01   6.26256e-01  -9.8263e-06  C4H81 + H <=> C3H6 + CH3:A
 881  6.26256e-01   6.26256e-01   5.9921e-05  C4H81 + H <=> C3H6 + CH3:E
 898  6.26322e-01   6.26190e-01   1.0571e-01  C4H82 + H (+M) <=> sC4H9 (+M):HpA
 914  6.26256e-01   6.26256e-01  -1.4835e-05  H + iC4H8 <=> C3H6 + CH3:A
 915  6.26256e-01   6.26256e-01   9.2575e-05  H + iC4H8 <=> C3H6 + CH3:E
 942  6.26166e-01   6.26358e-01  -1.5306e-01  C3H6 + CH3 (+M) <=> sC4H9 (+M):HpA
 968  6.26265e-01   6.26247e-01   1.4578e-02  tC4H9 (+M) <=> H + iC4H8 (+M):HpA
 988  6.20174e-01   6.26210e-01  -4.8187e+00  2 C2H5 (+M) <=> C4H10 (+M):HpA
 989  6.26870e-01   6.25643e-01   9.7931e-01  C4H10 + H <=> H2 + pC4H9:A
 990  6.23943e-01   6.28576e-01  -3.6994e+00  C4H10 + H <=> H2 + pC4H9:E
 991  6.25648e-01   6.26865e-01  -9.7155e-01  C4H10 + H <=> H2 + sC4H9:A
 992  6.27780e-01   6.24738e-01   2.4287e+00  C4H10 + H <=> H2 + sC4H9:E
 1009  6.26273e-01   6.26260e-01   1.0109e-02  C4H10 + CH3 <=> CH4 + pC4H9:A
 1312  6.25743e-01   6.25854e-01  -8.8872e-02  HME <=> 2 tC4H9:E
Negative perturbation =  6.17034e-01
Value =  6.26260e-01
Rxn  Value+       Value-           Sensitivi   Reaction Name
 377  6.26324e-01   6.26209e-01   9.1392e-02  C2H4 + H (+M) <=> C2H5 (+M):HpA
 540  6.26260e-01   6.26260e-01   3.3406e-05  C3H6 + H <=> C2H4 + CH3:A
 541  6.26260e-01   6.26260e-01  -2.0864e-04  C3H6 + H <=> C2H4 + CH3:E
 877  6.26309e-01   6.26210e-01   7.8935e-02  C4H81 + H (+M) <=> sC4H9 (+M):HpA
 878  6.26260e-01   6.26260e-01   8.2485e-06  C4H81 + H <=> C2H4 + C2H5:A
 879  6.26260e-01   6.26260e-01  -5.1404e-05  C4H81 + H <=> C2H4 + C2H5:E
 880  6.26260e-01   6.26260e-01  -3.5551e-06  C4H81 + H <=> C3H6 + CH3:A
 881  6.26260e-01   6.26260e-01   2.2706e-05  C4H81 + H <=> C3H6 + CH3:E
 898  6.26326e-01   6.26194e-01   1.0571e-01  C4H82 + H (+M) <=> sC4H9 (+M):HpA
 914  6.26260e-01   6.26260e-01  -1.4892e-05  H + iC4H8 <=> C3H6 + CH3:A
 915  6.26260e-01   6.26260e-01   9.2306e-05  H + iC4H8 <=> C3H6 + CH3:E
 942  6.26170e-01   6.26362e-01  -1.5306e-01  C3H6 + CH3 (+M) <=> sC4H9 (+M):HpA
 968  6.26269e-01   6.26251e-01   1.4579e-02  tC4H9 (+M) <=> H + iC4H8 (+M):HpA
 988  6.20178e-01   6.26213e-01  -4.8186e+00  2 C2H5 (+M) <=> C4H10 (+M):HpA
 989  6.26873e-01   6.25647e-01   9.7931e-01  C4H10 + H <=> H2 + pC4H9:A
 990  6.23946e-01   6.28580e-01  -3.6994e+00  C4H10 + H <=> H2 + pC4H9:E
 991  6.25652e-01   6.26869e-01  -9.7156e-01  C4H10 + H <=> H2 + sC4H9:A
 992  6.27783e-01   6.24741e-01   2.4287e+00  C4H10 + H <=> H2 + sC4H9:E
 1009  6.26277e-01   6.26264e-01   1.0109e-02  C4H10 + CH3 <=> CH4 + pC4H9:A
 1312  6.25746e-01   6.25858e-01  -8.9093e-02  HME <=> 2 tC4H9:E

Parameter number =  881 C4H81 + H <=> C3H6 + CH3:E    
Positive perturbation =  1.05622e+00
Value =  6.26259e-01
Rxn  Value+       Value-           Sensitivi   Reaction Name
 377  6.26324e-01   6.26209e-01   9.1392e-02  C2H4 + H (+M) <=> C2H5 (+M):HpA
 540  6.26260e-01   6.26259e-01   3.3365e-05  C3H6 + H <=> C2H4 + CH3:A
 541  6.26259e-01   6.26260e-01  -2.0794e-04  C3H6 + H <=> C2H4 + CH3:E
 877  6.26309e-01   6.26210e-01   7.8934e-02  C4H81 + H (+M) <=> sC4H9 (+M):HpA
 878  6.26260e-01   6.26259e-01   8.0188e-06  C4H81 + H <=> C2H4 + C2H5:A
 879  6.26259e-01   6.26260e-01  -5.1255e-05  C4H81 + H <=> C2H4 + C2H5:E
 880  6.26259e-01   6.26260e-01  -4.3638e-06  C4H81 + H <=> C3H6 + CH3:A
 881  6.26260e-01   6.26259e-01   2.7382e-05  C4H81 + H <=> C3H6 + CH3:E
 898  6.26326e-01   6.26193e-01   1.0571e-01  C4H82 + H (+M) <=> sC4H9 (+M):HpA
 914  6.26259e-01   6.26260e-01  -1.4887e-05  H + iC4H8 <=> C3H6 + CH3:A
 915  6.26260e-01   6.26259e-01   9.2679e-05  H + iC4H8 <=> C3H6 + CH3:E
 942  6.26169e-01   6.26361e-01  -1.5306e-01  C3H6 + CH3 (+M) <=> sC4H9 (+M):HpA
 968  6.26269e-01   6.26250e-01   1.4579e-02  tC4H9 (+M) <=> H + iC4H8 (+M):HpA
 988  6.20178e-01   6.26213e-01  -4.8186e+00  2 C2H5 (+M) <=> C4H10 (+M):HpA
 989  6.26873e-01   6.25646e-01   9.7931e-01  C4H10 + H <=> H2 + pC4H9:A
 990  6.23946e-01   6.28579e-01  -3.6994e+00  C4H10 + H <=> H2 + pC4H9:E
 991  6.25651e-01   6.26868e-01  -9.7155e-01  C4H10 + H <=> H2 + sC4H9:A
 992  6.27783e-01   6.24741e-01   2.4287e+00  C4H10 + H <=> H2 + sC4H9:E
 1009  6.26276e-01   6.26264e-01   1.0109e-02  C4H10 + CH3 <=> CH4 + pC4H9:A
 1312  6.25746e-01   6.25858e-01  -8.9074e-02  HME <=> 2 tC4H9:E
Negative perturbation =  9.46772e-01
Value =  6.26257e-01
Rxn  Value+       Value-           Sensitivi   Reaction Name
 377  6.26321e-01   6.26207e-01   9.1392e-02  C2H4 + H (+M) <=> C2H5 (+M):HpA
 540  6.26257e-01   6.26257e-01   3.3734e-05  C3H6 + H <=> C2H4 + CH3:A
 541  6.26257e-01   6.26257e-01  -2.0842e-04  C3H6 + H <=> C2H4 + CH3:E
 877  6.26306e-01   6.26208e-01   7.8931e-02  C4H81 + H (+M) <=> sC4H9 (+M):HpA
 878  6.26257e-01   6.26257e-01   8.4830e-06  C4H81 + H <=> C2H4 + C2H5:A
 879  6.26257e-01   6.26257e-01  -5.1545e-05  C4H81 + H <=> C2H4 + C2H5:E
 880  6.26257e-01   6.26257e-01  -7.9662e-06  C4H81 + H <=> C3H6 + CH3:A
 881  6.26257e-01   6.26257e-01   4.8801e-05  C4H81 + H <=> C3H6 + CH3:E
 898  6.26323e-01   6.26191e-01   1.0571e-01  C4H82 + H (+M) <=> sC4H9 (+M):HpA
 914  6.26257e-01   6.26257e-01  -1.4829e-05  H + iC4H8 <=> C3H6 + CH3:A
 915  6.26257e-01   6.26257e-01   9.2861e-05  H + iC4H8 <=> C3H6 + CH3:E
 942  6.26167e-01   6.26359e-01  -1.5306e-01  C3H6 + CH3 (+M) <=> sC4H9 (+M):HpA
 968  6.26266e-01   6.26248e-01   1.4579e-02  tC4H9 (+M) <=> H + iC4H8 (+M):HpA
 988  6.20175e-01   6.26210e-01  -4.8186e+00  2 C2H5 (+M) <=> C4H10 (+M):HpA
 989  6.26871e-01   6.25644e-01   9.7931e-01  C4H10 + H <=> H2 + pC4H9:A
 990  6.23943e-01   6.28577e-01  -3.6994e+00  C4H10 + H <=> H2 + pC4H9:E
 991  6.25649e-01   6.26866e-01  -9.7155e-01  C4H10 + H <=> H2 + sC4H9:A
 992  6.27781e-01   6.24739e-01   2.4287e+00  C4H10 + H <=> H2 + sC4H9:E
 1009  6.26274e-01   6.26261e-01   1.0109e-02  C4H10 + CH3 <=> CH4 + pC4H9:A
 1312  6.25744e-01   6.25855e-01  -8.8921e-02  HME <=> 2 tC4H9:E

Parameter number =  898 C4H82 + H (+M) <=> sC4H9 (+M):HpA
Positive perturbation =  1.39039e+00
Value =  6.51024e-01
Rxn  Value+       Value-           Sensitivi   Reaction Name
 377  6.51090e-01   6.50971e-01   9.1547e-02  C2H4 + H (+M) <=> C2H5 (+M):HpA
 540  6.51025e-01   6.51024e-01   3.3903e-05  C3H6 + H <=> C2H4 + CH3:A
 541  6.51024e-01   6.51025e-01  -2.1037e-04  C3H6 + H <=> C2H4 + CH3:E
 877  6.51074e-01   6.50975e-01   7.5994e-02  C4H81 + H (+M) <=> sC4H9 (+M):HpA
 878  6.51024e-01   6.51024e-01   8.3959e-06  C4H81 + H <=> C2H4 + C2H5:A
 879  6.51024e-01   6.51025e-01  -5.0972e-05  C4H81 + H <=> C2H4 + C2H5:E
 880  6.51024e-01   6.51024e-01  -5.9037e-06  C4H81 + H <=> C3H6 + CH3:A
 881  6.51025e-01   6.51024e-01   3.8088e-05  C4H81 + H <=> C3H6 + CH3:E
 898  6.51109e-01   6.50940e-01   1.2995e-01  C4H82 + H (+M) <=> sC4H9 (+M):HpA
 914  6.51024e-01   6.51024e-01  -1.5236e-05  H + iC4H8 <=> C3H6 + CH3:A
 915  6.51025e-01   6.51024e-01   9.6831e-05  H + iC4H8 <=> C3H6 + CH3:E
 942  6.50916e-01   6.51145e-01  -1.7607e-01  C3H6 + CH3 (+M) <=> sC4H9 (+M):HpA
 968  6.51034e-01   6.51012e-01   1.6712e-02  tC4H9 (+M) <=> H + iC4H8 (+M):HpA
 988  6.51055e-01   6.50985e-01   5.3390e-02  2 C2H5 (+M) <=> C4H10 (+M):HpA
 989  6.51663e-01   6.50387e-01   9.7980e-01  C4H10 + H <=> H2 + pC4H9:A
 990  6.48618e-01   6.53437e-01  -3.7012e+00  C4H10 + H <=> H2 + pC4H9:E
 991  6.50392e-01   6.51658e-01  -9.7203e-01  C4H10 + H <=> H2 + sC4H9:A
 992  6.52609e-01   6.49445e-01   2.4299e+00  C4H10 + H <=> H2 + sC4H9:E
 1009  6.51041e-01   6.51029e-01   9.6855e-03  C4H10 + CH3 <=> CH4 + pC4H9:A
 1312  6.51503e-01   6.50645e-01   6.5852e-01  HME <=> 2 tC4H9:E
Negative perturbation =  7.19223e-01
Value =  6.06988e-01
Rxn  Value+       Value-           Sensitivi   Reaction Name
 377  6.07051e-01   6.06940e-01   9.1255e-02  C2H4 + H (+M) <=> C2H5 (+M):HpA
 540  6.06988e-01   6.06988e-01   3.2867e-05  C3H6 + H <=> C2H4 + CH3:A
 541  6.06988e-01   6.06988e-01  -2.0657e-04  C3H6 + H <=> C2H4 + CH3:E
 877  6.07038e-01   6.06939e-01   8.1463e-02  C4H81 + H (+M) <=> sC4H9 (+M):HpA
 878  6.06988e-01   6.06988e-01   8.3192e-06  C4H81 + H <=> C2H4 + C2H5:A
 879  6.06988e-01   6.06988e-01  -5.1533e-05  C4H81 + H <=> C2H4 + C2H5:E
 880  6.06988e-01   6.06988e-01  -5.6574e-06  C4H81 + H <=> C3H6 + CH3:A
 881  6.06988e-01   6.06988e-01   3.5805e-05  C4H81 + H <=> C3H6 + CH3:E
 898  6.07040e-01   6.06937e-01   8.4354e-02  C4H82 + H (+M) <=> sC4H9 (+M):HpA
 914  6.06988e-01   6.06988e-01  -1.4497e-05  H + iC4H8 <=> C3H6 + CH3:A
 915  6.06988e-01   6.06988e-01   8.9392e-05  H + iC4H8 <=> C3H6 + CH3:E
 942  6.06912e-01   6.07076e-01  -1.3446e-01  C3H6 + CH3 (+M) <=> sC4H9 (+M):HpA
 968  6.06997e-01   6.06982e-01   1.2758e-02  tC4H9 (+M) <=> H + iC4H8 (+M):HpA
 988  6.00898e-01   6.06938e-01  -4.9752e+00  2 C2H5 (+M) <=> C4H10 (+M):HpA
 989  6.07583e-01   6.06395e-01   9.7873e-01  C4H10 + H <=> H2 + pC4H9:A
 990  6.04747e-01   6.09236e-01  -3.6972e+00  C4H10 + H <=> H2 + pC4H9:E
 991  6.06399e-01   6.07578e-01  -9.7098e-01  C4H10 + H <=> H2 + sC4H9:A
 992  6.08464e-01   6.05518e-01   2.4273e+00  C4H10 + H <=> H2 + sC4H9:E
 1009  6.07005e-01   6.06993e-01   1.0447e-02  C4H10 + CH3 <=> CH4 + pC4H9:A
 1312  6.00455e-01   6.06550e-01  -5.0213e+00  HME <=> 2 tC4H9:E

Parameter number =  914 H + iC4H8 <=> C3H6 + CH3:A    
Positive perturbation =  1.39039e+00
Value =  6.26255e-01
Rxn  Value+       Value-           Sensitivi   Reaction Name
 377  6.26319e-01   6.26204e-01   9.1392e-02  C2H4 + H (+M) <=> C2H5 (+M):HpA
 540  6.26255e-01   6.26255e-01   3.3063e-05  C3H6 + H <=> C2H4 + CH3:A
 541  6.26255e-01   6.26255e-01  -2.0840e-04  C3H6 + H <=> C2H4 + CH3:E
 877  6.26304e-01   6.26205e-01   7.8932e-02  C4H81 + H (+M) <=> sC4H9 (+M):HpA
 878  6.26255e-01   6.26255e-01   8.2390e-06  C4H81 + H <=> C2H4 + C2H5:A
 879  6.26255e-01   6.26255e-01  -5.1040e-05  C4H81 + H <=> C2H4 + C2H5:E
 880  6.26255e-01   6.26255e-01  -6.0544e-06  C4H81 + H <=> C3H6 + CH3:A
 881  6.26255e-01   6.26255e-01   3.7100e-05  C4H81 + H <=> C3H6 + CH3:E
 898  6.26321e-01   6.26189e-01   1.0571e-01  C4H82 + H (+M) <=> sC4H9 (+M):HpA
 914  6.26255e-01   6.26255e-01  -2.0802e-05  H + iC4H8 <=> C3H6 + CH3:A
 915  6.26255e-01   6.26255e-01   1.2898e-04  H + iC4H8 <=> C3H6 + CH3:E
 942  6.26165e-01   6.26356e-01  -1.5306e-01  C3H6 + CH3 (+M) <=> sC4H9 (+M):HpA
 968  6.26264e-01   6.26246e-01   1.4578e-02  tC4H9 (+M) <=> H + iC4H8 (+M):HpA
 988  6.20173e-01   6.26208e-01  -4.8187e+00  2 C2H5 (+M) <=> C4H10 (+M):HpA
 989  6.26868e-01   6.25642e-01   9.7931e-01  C4H10 + H <=> H2 + pC4H9:A
 990  6.23941e-01   6.28575e-01  -3.6994e+00  C4H10 + H <=> H2 + pC4H9:E
 991  6.25647e-01   6.26864e-01  -9.7155e-01  C4H10 + H <=> H2 + sC4H9:A
 992  6.27778e-01   6.24736e-01   2.4287e+00  C4H10 + H <=> H2 + sC4H9:E
 1009  6.26272e-01   6.26259e-01   1.0109e-02  C4H10 + CH3 <=> CH4 + pC4H9:A
 1312  6.25742e-01   6.25853e-01  -8.8791e-02  HME <=> 2 tC4H9:E
Negative perturbation =  7.19223e-01
Value =  6.26261e-01
Rxn  Value+       Value-           Sensitivi   Reaction Name
 377  6.26325e-01   6.26211e-01   9.1392e-02  C2H4 + H (+M) <=> C2H5 (+M):HpA
 540  6.26261e-01   6.26261e-01   3.3142e-05  C3H6 + H <=> C2H4 + CH3:A
 541  6.26261e-01   6.26261e-01  -2.0829e-04  C3H6 + H <=> C2H4 + CH3:E
 877  6.26310e-01   6.26212e-01   7.8933e-02  C4H81 + H (+M) <=> sC4H9 (+M):HpA
 878  6.26261e-01   6.26261e-01   7.9465e-06  C4H81 + H <=> C2H4 + C2H5:A
 879  6.26261e-01   6.26261e-01  -5.1107e-05  C4H81 + H <=> C2H4 + C2H5:E
 880  6.26261e-01   6.26261e-01  -6.1973e-06  C4H81 + H <=> C3H6 + CH3:A
 881  6.26261e-01   6.26261e-01   3.6923e-05  C4H81 + H <=> C3H6 + CH3:E
 898  6.26327e-01   6.26195e-01   1.0571e-01  C4H82 + H (+M) <=> sC4H9 (+M):HpA
 914  6.26261e-01   6.26261e-01  -1.0877e-05  H + iC4H8 <=> C3H6 + CH3:A
 915  6.26261e-01   6.26261e-01   6.6799e-05  H + iC4H8 <=> C3H6 + CH3:E
 942  6.26171e-01   6.26363e-01  -1.5306e-01  C3H6 + CH3 (+M) <=> sC4H9 (+M):HpA
 968  6.26270e-01   6.26252e-01   1.4579e-02  tC4H9 (+M) <=> H + iC4H8 (+M):HpA
 988  6.20179e-01   6.26215e-01  -4.8186e+00  2 C2H5 (+M) <=> C4H10 (+M):HpA
 989  6.26875e-01   6.25648e-01   9.7931e-01  C4H10 + H <=> H2 + pC4H9:A
 990  6.23947e-01   6.28581e-01  -3.6994e+00  C4H10 + H <=> H2 + pC4H9:E
 991  6.25653e-01   6.26870e-01  -9.7156e-01  C4H10 + H <=> H2 + sC4H9:A
 992  6.27785e-01   6.24743e-01   2.4287e+00  C4H10 + H <=> H2 + sC4H9:E
 1009  6.26278e-01   6.26265e-01   1.0109e-02  C4H10 + CH3 <=> CH4 + pC4H9:A
 1312  6.25748e-01   6.25859e-01  -8.9165e-02  HME <=> 2 tC4H9:E

Parameter number =  915 H + iC4H8 <=> C3H6 + CH3:E    
Positive perturbation =  1.05497e+00
Value =  6.26261e-01
Rxn  Value+       Value-           Sensitivi   Reaction Name
 377  6.26325e-01   6.26211e-01   9.1392e-02  C2H4 + H (+M) <=> C2H5 (+M):HpA
 540  6.26261e-01   6.26261e-01   3.3075e-05  C3H6 + H <=> C2H4 + CH3:A
 541  6.26261e-01   6.26261e-01  -2.0825e-04  C3H6 + H <=> C2H4 + CH3:E
 877  6.26311e-01   6.26212e-01   7.8933e-02  C4H81 + H (+M) <=> sC4H9 (+M):HpA
 878  6.26261e-01   6.26261e-01   8.2307e-06  C4H81 + H <=> C2H4 + C2H5:A
 879  6.26261e-01   6.26261e-01  -5.1173e-05  C4H81 + H <=> C2H4 + C2H5:E
 880  6.26261e-01   6.26261e-01  -5.9405e-06  C4H81 + H <=> C3H6 + CH3:A
 881  6.26261e-01   6.26261e-01   3.7123e-05  C4H81 + H <=> C3H6 + CH3:E
 898  6.26327e-01   6.26195e-01   1.0571e-01  C4H82 + H (+M) <=> sC4H9 (+M):HpA
 914  6.26261e-01   6.26261e-01  -1.0827e-05  H + iC4H8 <=> C3H6 + CH3:A
 915  6.26261e-01   6.26261e-01   6.9365e-05  H + iC4H8 <=> C3H6 + CH3:E
 942  6.26171e-01   6.26363e-01  -1.5306e-01  C3H6 + CH3 (+M) <=> sC4H9 (+M):HpA
 968  6.26270e-01   6.26252e-01   1.4579e-02  tC4H9 (+M) <=> H + iC4H8 (+M):HpA
 988  6.20179e-01   6.26215e-01  -4.8186e+00  2 C2H5 (+M) <=> C4H10 (+M):HpA
 989  6.26875e-01   6.25648e-01   9.7931e-01  C4H10 + H <=> H2 + pC4H9:A
 990  6.23947e-01   6.28581e-01  -3.6994e+00  C4H10 + H <=> H2 + pC4H9:E
 991  6.25653e-01   6.26870e-01  -9.7156e-01  C4H10 + H <=> H2 + sC4H9:A
 992  6.27785e-01   6.24743e-01   2.4287e+00  C4H10 + H <=> H2 + sC4H9:E
 1009  6.26278e-01   6.26265e-01   1.0109e-02  C4H10 + CH3 <=> CH4 + pC4H9:A
 1312  6.25748e-01   6.25859e-01  -8.9171e-02  HME <=> 2 tC4H9:E
Negative perturbation =  9.47894e-01
Value =  6.26255e-01
Rxn  Value+       Value-           Sensitivi   Reaction Name
 377  6.26319e-01   6.26204e-01   9.1392e-02  C2H4 + H (+M) <=> C2H5 (+M):HpA
 540  6.26255e-01   6.26255e-01   3.3353e-05  C3H6 + H <=> C2H4 + CH3:A
 541  6.26255e-01   6.26255e-01  -2.0827e-04  C3H6 + H <=> C2H4 + CH3:E
 877  6.26304e-01   6.26205e-01   7.8932e-02  C4H81 + H (+M) <=> sC4H9 (+M):HpA
 878  6.26255e-01   6.26255e-01   8.1584e-06  C4H81 + H <=> C2H4 + C2H5:A
 879  6.26255e-01   6.26255e-01  -5.1453e-05  C4H81 + H <=> C2H4 + C2H5:E
 880  6.26255e-01   6.26255e-01  -5.8671e-06  C4H81 + H <=> C3H6 + CH3:A
 881  6.26255e-01   6.26255e-01   3.6969e-05  C4H81 + H <=> C3H6 + CH3:E
 898  6.26321e-01   6.26189e-01   1.0571e-01  C4H82 + H (+M) <=> sC4H9 (+M):HpA
 914  6.26255e-01   6.26255e-01  -2.0387e-05  H + iC4H8 <=> C3H6 + CH3:A
 915  6.26255e-01   6.26255e-01   1.2170e-04  H + iC4H8 <=> C3H6 + CH3:E
 942  6.26165e-01   6.26357e-01  -1.5306e-01  C3H6 + CH3 (+M) <=> sC4H9 (+M):HpA
 968  6.26264e-01   6.26246e-01   1.4578e-02  tC4H9 (+M) <=> H + iC4H8 (+M):HpA
 988  6.20173e-01   6.26208e-01  -4.8187e+00  2 C2H5 (+M) <=> C4H10 (+M):HpA
 989  6.26868e-01   6.25642e-01   9.7931e-01  C4H10 + H <=> H2 + pC4H9:A
 990  6.23941e-01   6.28575e-01  -3.6994e+00  C4H10 + H <=> H2 + pC4H9:E
 991  6.25647e-01   6.26864e-01  -9.7155e-01  C4H10 + H <=> H2 + sC4H9:A
 992  6.27778e-01   6.24736e-01   2.4287e+00  C4H10 + H <=> H2 + sC4H9:E
 1009  6.26272e-01   6.26259e-01   1.0109e-02  C4H10 + CH3 <=> CH4 + pC4H9:A
 1312  6.25742e-01   6.25853e-01  -8.8794e-02  HME <=> 2 tC4H9:E

Parameter number =  942 C3H6 + CH3 (+M) <=> sC4H9 (+M):HpA
Positive perturbation =  1.23114e+00
Value =  6.05798e-01
Rxn  Value+       Value-           Sensitivi   Reaction Name
 377  6.05862e-01   6.05751e-01   9.1758e-02  C2H4 + H (+M) <=> C2H5 (+M):HpA
 540  6.05798e-01   6.05798e-01   3.3057e-05  C3H6 + H <=> C2H4 + CH3:A
 541  6.05798e-01   6.05798e-01  -2.0677e-04  C3H6 + H <=> C2H4 + CH3:E
 877  6.05840e-01   6.05755e-01   6.9901e-02  C4H81 + H (+M) <=> sC4H9 (+M):HpA
 878  6.05798e-01   6.05798e-01   7.0932e-06  C4H81 + H <=> C2H4 + C2H5:A
 879  6.05798e-01   6.05798e-01  -4.4641e-05  C4H81 + H <=> C2H4 + C2H5:E
 880  6.05798e-01   6.05798e-01  -4.7338e-06  C4H81 + H <=> C3H6 + CH3:A
 881  6.05798e-01   6.05798e-01   3.1017e-05  C4H81 + H <=> C3H6 + CH3:E
 898  6.05854e-01   6.05741e-01   9.3560e-02  C4H82 + H (+M) <=> sC4H9 (+M):HpA
 914  6.05798e-01   6.05798e-01  -1.4224e-05  H + iC4H8 <=> C3H6 + CH3:A
 915  6.05798e-01   6.05798e-01   8.9329e-05  H + iC4H8 <=> C3H6 + CH3:E
 942  6.05713e-01   6.05867e-01  -1.2730e-01  C3H6 + CH3 (+M) <=> sC4H9 (+M):HpA
 968  6.05810e-01   6.05805e-01   3.8848e-03  tC4H9 (+M) <=> H + iC4H8 (+M):HpA
 988  6.07285e-01   6.07248e-01   3.0079e-02  2 C2H5 (+M) <=> C4H10 (+M):HpA
 989  6.06392e-01   6.05204e-01   9.7997e-01  C4H10 + H <=> H2 + pC4H9:A
 990  6.03558e-01   6.08043e-01  -3.7018e+00  C4H10 + H <=> H2 + pC4H9:E
 991  6.05211e-01   6.06385e-01  -9.6940e-01  C4H10 + H <=> H2 + sC4H9:A
 992  6.07268e-01   6.04332e-01   2.4232e+00  C4H10 + H <=> H2 + sC4H9:E
 1009  6.05804e-01   6.05784e-01   1.6809e-02  C4H10 + CH3 <=> CH4 + pC4H9:A
 1312  5.99729e-01   6.06861e-01  -5.8863e+00  HME <=> 2 tC4H9:E
Negative perturbation =  8.12252e-01
Value =  6.58785e-01
Rxn  Value+       Value-           Sensitivi   Reaction Name
 377  6.58807e-01   6.58528e-01   2.1133e-01  C2H4 + H (+M) <=> C2H5 (+M):HpA
 540  6.58785e-01   6.58785e-01   3.3645e-05  C3H6 + H <=> C2H4 + CH3:A
 541  6.58785e-01   6.58785e-01  -2.1030e-04  C3H6 + H <=> C2H4 + CH3:E
 877  6.58853e-01   6.58717e-01   1.0288e-01  C4H81 + H (+M) <=> sC4H9 (+M):HpA
 878  6.58785e-01   6.58785e-01   9.2784e-06  C4H81 + H <=> C2H4 + C2H5:A
 879  6.58785e-01   6.58785e-01  -5.8001e-05  C4H81 + H <=> C2H4 + C2H5:E
 880  6.58785e-01   6.58785e-01  -7.1182e-06  C4H81 + H <=> C3H6 + CH3:A
 881  6.58785e-01   6.58785e-01   4.4493e-05  C4H81 + H <=> C3H6 + CH3:E
 898  6.58875e-01   6.58695e-01   1.3712e-01  C4H82 + H (+M) <=> sC4H9 (+M):HpA
 914  6.58785e-01   6.58785e-01  -1.5486e-05  H + iC4H8 <=> C3H6 + CH3:A
 915  6.58785e-01   6.58785e-01   9.6814e-05  H + iC4H8 <=> C3H6 + CH3:E
 942  6.58349e-01   6.58912e-01  -4.2712e-01  C3H6 + CH3 (+M) <=> sC4H9 (+M):HpA
 968  6.58750e-01   6.58845e-01  -7.2556e-02  tC4H9 (+M) <=> H + iC4H8 (+M):HpA
 988  6.52188e-01   6.52339e-01  -1.1417e-01  2 C2H5 (+M) <=> C4H10 (+M):HpA
 989  6.59408e-01   6.58163e-01   9.4495e-01  C4H10 + H <=> H2 + pC4H9:A
 990  6.56428e-01   6.61183e-01  -3.6091e+00  C4H10 + H <=> H2 + pC4H9:E
 991  6.58186e-01   6.59427e-01  -9.4200e-01  C4H10 + H <=> H2 + sC4H9:A
 992  6.60352e-01   6.57160e-01   2.4231e+00  C4H10 + H <=> H2 + sC4H9:E
 1009  6.58790e-01   6.58781e-01   6.9330e-03  C4H10 + CH3 <=> CH4 + pC4H9:A
 1312  6.54712e-01   6.52076e-01   2.0012e+00  HME <=> 2 tC4H9:E

Parameter number =  968 tC4H9 (+M) <=> H + iC4H8 (+M):HpA
Positive perturbation =  1.23114e+00
Value =  6.17850e-01
Rxn  Value+       Value-           Sensitivi   Reaction Name
 377  6.17915e-01   6.17793e-01   9.8699e-02  C2H4 + H (+M) <=> C2H5 (+M):HpA
 540  6.17850e-01   6.17850e-01   3.3185e-05  C3H6 + H <=> C2H4 + CH3:A
 541  6.17850e-01   6.17850e-01  -2.0747e-04  C3H6 + H <=> C2H4 + CH3:E
 877  6.17900e-01   6.17800e-01   8.0466e-02  C4H81 + H (+M) <=> sC4H9 (+M):HpA
 878  6.17850e-01   6.17850e-01   8.2364e-06  C4H81 + H <=> C2H4 + C2H5:A
 879  6.17850e-01   6.17850e-01  -5.1483e-05  C4H81 + H <=> C2H4 + C2H5:E
 880  6.17850e-01   6.17850e-01  -6.2188e-06  C4H81 + H <=> C3H6 + CH3:A
 881  6.17850e-01   6.17850e-01   3.8835e-05  C4H81 + H <=> C3H6 + CH3:E
 898  6.17916e-01   6.17784e-01   1.0705e-01  C4H82 + H (+M) <=> sC4H9 (+M):HpA
 914  6.17850e-01   6.17850e-01  -1.5547e-05  H + iC4H8 <=> C3H6 + CH3:A
 915  6.17850e-01   6.17850e-01   9.7167e-05  H + iC4H8 <=> C3H6 + CH3:E
 942  6.17980e-01   6.17952e-01   2.2796e-02  C3H6 + CH3 (+M) <=> sC4H9 (+M):HpA
 968  6.17929e-01   6.17843e-01   6.9053e-02  tC4H9 (+M) <=> H + iC4H8 (+M):HpA
 988  6.33124e-01   6.19164e-01   1.1297e+01  2 C2H5 (+M) <=> C4H10 (+M):HpA
 989  6.18456e-01   6.17245e-01   9.8036e-01  C4H10 + H <=> H2 + pC4H9:A
 990  6.15564e-01   6.20142e-01  -3.7040e+00  C4H10 + H <=> H2 + pC4H9:E
 991  6.17256e-01   6.18445e-01  -9.6237e-01  C4H10 + H <=> H2 + sC4H9:A
 992  6.19339e-01   6.16367e-01   2.4045e+00  C4H10 + H <=> H2 + sC4H9:E
 1009  6.18088e-01   6.18075e-01   1.0170e-02  C4H10 + CH3 <=> CH4 + pC4H9:A
 1312  6.30813e-01   6.20187e-01   8.5994e+00  HME <=> 2 tC4H9:E
Negative perturbation =  8.12252e-01
Value =  6.38043e-01
Rxn  Value+       Value-           Sensitivi   Reaction Name
 377  6.38081e-01   6.37944e-01   1.0737e-01  C2H4 + H (+M) <=> C2H5 (+M):HpA
 540  6.38043e-01   6.38043e-01   3.2996e-05  C3H6 + H <=> C2H4 + CH3:A
 541  6.38043e-01   6.38043e-01  -2.0626e-04  C3H6 + H <=> C2H4 + CH3:E
 877  6.38095e-01   6.37991e-01   8.1211e-02  C4H81 + H (+M) <=> sC4H9 (+M):HpA
 878  6.38043e-01   6.38043e-01   8.0015e-06  C4H81 + H <=> C2H4 + C2H5:A
 879  6.38043e-01   6.38043e-01  -5.0027e-05  C4H81 + H <=> C2H4 + C2H5:E
 880  6.38043e-01   6.38043e-01  -5.7827e-06  C4H81 + H <=> C3H6 + CH3:A
 881  6.38043e-01   6.38043e-01   3.6145e-05  C4H81 + H <=> C3H6 + CH3:E
 898  6.38112e-01   6.37974e-01   1.0878e-01  C4H82 + H (+M) <=> sC4H9 (+M):HpA
 914  6.38043e-01   6.38043e-01  -1.4418e-05  H + iC4H8 <=> C3H6 + CH3:A
 915  6.38043e-01   6.38043e-01   9.0127e-05  H + iC4H8 <=> C3H6 + CH3:E
 942  6.32034e-01   6.38150e-01  -4.7934e+00  C3H6 + CH3 (+M) <=> sC4H9 (+M):HpA
 968  6.37950e-01   6.37933e-01   1.3733e-02  tC4H9 (+M) <=> H + iC4H8 (+M):HpA
 988  6.30968e-01   6.30664e-01   2.3812e-01  2 C2H5 (+M) <=> C4H10 (+M):HpA
 989  6.38652e-01   6.37434e-01   9.5440e-01  C4H10 + H <=> H2 + pC4H9:A
 990  6.35741e-01   6.40342e-01  -3.6059e+00  C4H10 + H <=> H2 + pC4H9:E
 991  6.37443e-01   6.38644e-01  -9.4143e-01  C4H10 + H <=> H2 + sC4H9:A
 992  6.39548e-01   6.36543e-01   2.3542e+00  C4H10 + H <=> H2 + sC4H9:E
 1009  6.32157e-01   6.32144e-01   1.0094e-02  C4H10 + CH3 <=> CH4 + pC4H9:A
 1312  6.24250e-01   6.32853e-01  -6.7416e+00  HME <=> 2 tC4H9:E

Parameter number =  988 2 C2H5 (+M) <=> C4H10 (+M):HpA
Positive perturbation =  1.23114e+00
Value =  6.27610e-01
Rxn  Value+       Value-           Sensitivi   Reaction Name
 377  6.28105e-01   6.21240e-01   5.4695e+00  C2H4 + H (+M) <=> C2H5 (+M):HpA
 540  6.27610e-01   6.27610e-01   3.3167e-05  C3H6 + H <=> C2H4 + CH3:A
 541  6.27610e-01   6.27610e-01  -2.0781e-04  C3H6 + H <=> C2H4 + CH3:E
 877  6.27659e-01   6.27560e-01   7.8770e-02  C4H81 + H (+M) <=> sC4H9 (+M):HpA
 878  6.27610e-01   6.27610e-01   8.2252e-06  C4H81 + H <=> C2H4 + C2H5:A
 879  6.27610e-01   6.27610e-01  -5.1093e-05  C4H81 + H <=> C2H4 + C2H5:E
 880  6.27610e-01   6.27610e-01  -5.9658e-06  C4H81 + H <=> C3H6 + CH3:A
 881  6.27610e-01   6.27610e-01   3.6794e-05  C4H81 + H <=> C3H6 + CH3:E
 898  6.27676e-01   6.27544e-01   1.0547e-01  C4H82 + H (+M) <=> sC4H9 (+M):HpA
 914  6.27610e-01   6.27610e-01  -1.4999e-05  H + iC4H8 <=> C3H6 + CH3:A
 915  6.27610e-01   6.27610e-01   9.2791e-05  H + iC4H8 <=> C3H6 + CH3:E
 942  6.27497e-01   6.27712e-01  -1.7095e-01  C3H6 + CH3 (+M) <=> sC4H9 (+M):HpA
 968  6.27618e-01   6.27279e-01   2.6968e-01  tC4H9 (+M) <=> H + iC4H8 (+M):HpA
 988  6.20870e-01   6.21698e-01  -6.5951e-01  2 C2H5 (+M) <=> C4H10 (+M):HpA
 989  6.28224e-01   6.26996e-01   9.7797e-01  C4H10 + H <=> H2 + pC4H9:A
 990  6.25294e-01   6.29932e-01  -3.6943e+00  C4H10 + H <=> H2 + pC4H9:E
 991  6.27003e-01   6.28217e-01  -9.6728e-01  C4H10 + H <=> H2 + sC4H9:A
 992  6.29130e-01   6.26095e-01   2.4181e+00  C4H10 + H <=> H2 + sC4H9:E
 1009  6.27615e-01   6.27592e-01   1.9064e-02  C4H10 + CH3 <=> CH4 + pC4H9:A
 1312  6.40425e-01   6.21081e-01   1.5410e+01  HME <=> 2 tC4H9:E
Negative perturbation =  8.12252e-01
Value =  6.19203e-01
Rxn  Value+       Value-           Sensitivi   Reaction Name
 377  6.19020e-01   6.21209e-01  -1.7676e+00  C2H4 + H (+M) <=> C2H5 (+M):HpA
 540  6.19203e-01   6.19203e-01   3.3090e-05  C3H6 + H <=> C2H4 + CH3:A
 541  6.19203e-01   6.19203e-01  -2.0685e-04  C3H6 + H <=> C2H4 + CH3:E
 877  6.19252e-01   6.19154e-01   7.9227e-02  C4H81 + H (+M) <=> sC4H9 (+M):HpA
 878  6.19203e-01   6.19203e-01   8.2148e-06  C4H81 + H <=> C2H4 + C2H5:A
 879  6.19203e-01   6.19203e-01  -5.1354e-05  C4H81 + H <=> C2H4 + C2H5:E
 880  6.19203e-01   6.19203e-01  -6.0123e-06  C4H81 + H <=> C3H6 + CH3:A
 881  6.19203e-01   6.19203e-01   3.7584e-05  C4H81 + H <=> C3H6 + CH3:E
 898  6.19269e-01   6.19137e-01   1.0608e-01  C4H82 + H (+M) <=> sC4H9 (+M):HpA
 914  6.19203e-01   6.19203e-01  -1.5085e-05  H + iC4H8 <=> C3H6 + CH3:A
 915  6.19203e-01   6.19203e-01   9.4299e-05  H + iC4H8 <=> C3H6 + CH3:E
 942  6.19136e-01   6.19305e-01  -1.3584e-01  C3H6 + CH3 (+M) <=> sC4H9 (+M):HpA
 968  6.19218e-01   6.19250e-01  -2.6005e-02  tC4H9 (+M) <=> H + iC4H8 (+M):HpA
 988  6.19261e-01   6.19298e-01  -3.0128e-02  2 C2H5 (+M) <=> C4H10 (+M):HpA
 989  6.19813e-01   6.18594e-01   9.8414e-01  C4H10 + H <=> H2 + pC4H9:A
 990  6.16905e-01   6.21513e-01  -3.7209e+00  C4H10 + H <=> H2 + pC4H9:E
 991  6.18605e-01   6.19807e-01  -9.7026e-01  C4H10 + H <=> H2 + sC4H9:A
 992  6.20713e-01   6.17699e-01   2.4341e+00  C4H10 + H <=> H2 + sC4H9:E
 1009  6.19243e-01   6.19230e-01   1.0245e-02  C4H10 + CH3 <=> CH4 + pC4H9:A
 1312  6.17980e-01   6.19311e-01  -1.0752e+00  HME <=> 2 tC4H9:E

Parameter number =  989 C4H10 + H <=> H2 + pC4H9:A    
Positive perturbation =  1.39039e+00
Value =  8.55820e-01
Rxn  Value+       Value-           Sensitivi   Reaction Name
 377  8.55910e-01   8.55740e-01   9.8874e-02  C2H4 + H (+M) <=> C2H5 (+M):HpA
 540  8.55820e-01   8.55820e-01   2.6468e-05  C3H6 + H <=> C2H4 + CH3:A
 541  8.55819e-01   8.55820e-01  -1.6545e-04  C3H6 + H <=> C2H4 + CH3:E
 877  8.55888e-01   8.55751e-01   7.9976e-02  C4H81 + H (+M) <=> sC4H9 (+M):HpA
 878  8.55820e-01   8.55820e-01   5.7264e-06  C4H81 + H <=> C2H4 + C2H5:A
 879  8.55820e-01   8.55820e-01  -3.5788e-05  C4H81 + H <=> C2H4 + C2H5:E
 880  8.55820e-01   8.55820e-01  -5.8862e-06  C4H81 + H <=> C3H6 + CH3:A
 881  8.55820e-01   8.55820e-01   3.6784e-05  C4H81 + H <=> C3H6 + CH3:E
 898  8.55911e-01   8.55728e-01   1.0672e-01  C4H82 + H (+M) <=> sC4H9 (+M):HpA
 914  8.55820e-01   8.55820e-01  -1.5334e-05  H + iC4H8 <=> C3H6 + CH3:A
 915  8.55820e-01   8.55820e-01   9.5866e-05  H + iC4H8 <=> C3H6 + CH3:E
 942  8.55894e-01   8.55958e-01  -3.7740e-02  C3H6 + CH3 (+M) <=> sC4H9 (+M):HpA
 968  8.55832e-01   8.55821e-01   6.2093e-03  tC4H9 (+M) <=> H + iC4H8 (+M):HpA
 988  8.65594e-01   8.57784e-01   4.5627e+00  2 C2H5 (+M) <=> C4H10 (+M):HpA
 989  8.56666e-01   8.54975e-01   9.8788e-01  C4H10 + H <=> H2 + pC4H9:A
 990  8.52630e-01   8.59018e-01  -3.7323e+00  C4H10 + H <=> H2 + pC4H9:E
 991  8.54988e-01   8.56653e-01  -9.7299e-01  C4H10 + H <=> H2 + sC4H9:A
 992  8.57904e-01   8.53742e-01   2.4315e+00  C4H10 + H <=> H2 + sC4H9:E
 1009  8.56039e-01   8.56025e-01   8.1000e-03  C4H10 + CH3 <=> CH4 + pC4H9:A
 1312  8.60650e-01   8.57716e-01   1.7141e+00  HME <=> 2 tC4H9:E
Negative perturbation =  7.19223e-01
Value =  4.57816e-01
Rxn  Value+       Value-           Sensitivi   Reaction Name
 377  4.57866e-01   4.57781e-01   9.2929e-02  C2H4 + H (+M) <=> C2H5 (+M):HpA
 540  4.57816e-01   4.57816e-01   4.2064e-05  C3H6 + H <=> C2H4 + CH3:A
 541  4.57816e-01   4.57816e-01  -2.6241e-04  C3H6 + H <=> C2H4 + CH3:E
 877  4.57851e-01   4.57780e-01   7.7489e-02  C4H81 + H (+M) <=> sC4H9 (+M):HpA
 878  4.57816e-01   4.57816e-01   1.0689e-05  C4H81 + H <=> C2H4 + C2H5:A
 879  4.57816e-01   4.57816e-01  -7.2061e-05  C4H81 + H <=> C2H4 + C2H5:E
 880  4.57816e-01   4.57816e-01  -6.9424e-06  C4H81 + H <=> C3H6 + CH3:A
 881  4.57816e-01   4.57816e-01   3.7417e-05  C4H81 + H <=> C3H6 + CH3:E
 898  4.57863e-01   4.57768e-01   1.0365e-01  C4H82 + H (+M) <=> sC4H9 (+M):HpA
 914  4.57816e-01   4.57816e-01  -1.4535e-05  H + iC4H8 <=> C3H6 + CH3:A
 915  4.57816e-01   4.57816e-01   8.8857e-05  H + iC4H8 <=> C3H6 + CH3:E
 942  4.57703e-01   4.57891e-01  -2.0582e-01  C3H6 + CH3 (+M) <=> sC4H9 (+M):HpA
 968  4.57824e-01   4.57820e-01   4.8151e-03  tC4H9 (+M) <=> H + iC4H8 (+M):HpA
 988  4.55932e-01   4.56076e-01  -1.5681e-01  2 C2H5 (+M) <=> C4H10 (+M):HpA
 989  4.58259e-01   4.57374e-01   9.6669e-01  C4H10 + H <=> H2 + pC4H9:A
 990  4.56146e-01   4.59490e-01  -3.6517e+00  C4H10 + H <=> H2 + pC4H9:E
 991  4.57376e-01   4.58256e-01  -9.6112e-01  C4H10 + H <=> H2 + sC4H9:A
 992  4.58918e-01   4.56718e-01   2.4026e+00  C4H10 + H <=> H2 + sC4H9:E
 1009  4.57784e-01   4.57772e-01   1.3579e-02  C4H10 + CH3 <=> CH4 + pC4H9:A
 1312  4.54129e-01   4.55519e-01  -1.5180e+00  HME <=> 2 tC4H9:E

Parameter number =  990 C4H10 + H <=> H2 + pC4H9:E    
Positive perturbation =  1.05622e+00
Value =  5.08544e-01
Rxn  Value+       Value-           Sensitivi   Reaction Name
 377  5.21546e-01   5.21426e-01   1.1782e-01  C2H4 + H (+M) <=> C2H5 (+M):HpA
 540  5.08544e-01   5.08544e-01   3.8233e-05  C3H6 + H <=> C2H4 + CH3:A
 541  5.08544e-01   5.08544e-01  -2.4145e-04  C3H6 + H <=> C2H4 + CH3:E
 877  5.08584e-01   5.08504e-01   7.8059e-02  C4H81 + H (+M) <=> sC4H9 (+M):HpA
 878  5.08544e-01   5.08544e-01   1.0523e-05  C4H81 + H <=> C2H4 + C2H5:A
 879  5.08544e-01   5.08544e-01  -6.3874e-05  C4H81 + H <=> C2H4 + C2H5:E
 880  5.08544e-01   5.08544e-01  -5.5460e-06  C4H81 + H <=> C3H6 + CH3:A
 881  5.08544e-01   5.08544e-01   3.7272e-05  C4H81 + H <=> C3H6 + CH3:E
 898  5.08597e-01   5.08491e-01   1.0466e-01  C4H82 + H (+M) <=> sC4H9 (+M):HpA
 914  5.08544e-01   5.08544e-01  -1.4218e-05  H + iC4H8 <=> C3H6 + CH3:A
 915  5.08544e-01   5.08544e-01   9.1528e-05  H + iC4H8 <=> C3H6 + CH3:E
 942  5.08475e-01   5.08627e-01  -1.5019e-01  C3H6 + CH3 (+M) <=> sC4H9 (+M):HpA
 968  5.08552e-01   5.21958e-01  -1.3181e+01  tC4H9 (+M) <=> H + iC4H8 (+M):HpA
 988  5.05188e-01   5.02229e-01   2.9087e+00  2 C2H5 (+M) <=> C4H10 (+M):HpA
 989  5.09040e-01   5.08048e-01   9.7503e-01  C4H10 + H <=> H2 + pC4H9:A
 990  5.19530e-01   5.10526e-01   8.8536e+00  C4H10 + H <=> H2 + pC4H9:E
 991  5.08054e-01   5.21996e-01  -1.3708e+01  C4H10 + H <=> H2 + sC4H9:A
 992  5.22731e-01   5.07321e-01   1.5151e+01  C4H10 + H <=> H2 + sC4H9:E
 1009  5.08564e-01   5.08551e-01   1.2291e-02  C4H10 + CH3 <=> CH4 + pC4H9:A
 1312  5.09213e-01   5.10430e-01  -1.1960e+00  HME <=> 2 tC4H9:E
Negative perturbation =  9.46772e-01
Value =  7.54186e-01
Rxn  Value+       Value-           Sensitivi   Reaction Name
 377  7.54251e-01   7.54129e-01   8.0921e-02  C2H4 + H (+M) <=> C2H5 (+M):HpA
 540  7.54186e-01   7.54186e-01   2.8897e-05  C3H6 + H <=> C2H4 + CH3:A
 541  7.54186e-01   7.54186e-01  -1.8064e-04  C3H6 + H <=> C2H4 + CH3:E
 877  7.54246e-01   7.54126e-01   7.9847e-02  C4H81 + H (+M) <=> sC4H9 (+M):HpA
 878  7.54186e-01   7.54186e-01   6.6570e-06  C4H81 + H <=> C2H4 + C2H5:A
 879  7.54186e-01   7.54186e-01  -4.1615e-05  C4H81 + H <=> C2H4 + C2H5:E
 880  7.54186e-01   7.54186e-01  -5.9213e-06  C4H81 + H <=> C3H6 + CH3:A
 881  7.54186e-01   7.54186e-01   3.7013e-05  C4H81 + H <=> C3H6 + CH3:E
 898  7.54267e-01   7.54106e-01   1.0689e-01  C4H82 + H (+M) <=> sC4H9 (+M):HpA
 914  7.54186e-01   7.54186e-01  -1.5136e-05  H + iC4H8 <=> C3H6 + CH3:A
 915  7.54186e-01   7.54186e-01   9.4616e-05  H + iC4H8 <=> C3H6 + CH3:E
 942  7.54036e-01   7.54312e-01  -1.8309e-01  C3H6 + CH3 (+M) <=> sC4H9 (+M):HpA
 968  7.54195e-01   7.54174e-01   1.4139e-02  tC4H9 (+M) <=> H + iC4H8 (+M):HpA
 988  7.51506e-01   7.54639e-01  -2.0770e+00  2 C2H5 (+M) <=> C4H10 (+M):HpA
 989  7.54929e-01   7.53444e-01   9.8449e-01  C4H10 + H <=> H2 + pC4H9:A
 990  7.51534e-01   7.56845e-01  -3.5210e+00  C4H10 + H <=> H2 + pC4H9:E
 991  7.53444e-01   7.54930e-01  -9.8513e-01  C4H10 + H <=> H2 + sC4H9:A
 992  7.56047e-01   7.52332e-01   2.4626e+00  C4H10 + H <=> H2 + sC4H9:E
 1009  7.54167e-01   7.54155e-01   8.3140e-03  C4H10 + CH3 <=> CH4 + pC4H9:A
 1312  7.54340e-01   7.62350e-01  -5.3108e+00  HME <=> 2 tC4H9:E

Parameter number =  991 C4H10 + H <=> H2 + sC4H9:A    
Positive perturbation =  1.39039e+00
Value =  4.59652e-01
Rxn  Value+       Value-           Sensitivi   Reaction Name
 377  4.59849e-01   4.59793e-01   6.0210e-02  C2H4 + H (+M) <=> C2H5 (+M):HpA
 540  4.59652e-01   4.59652e-01   3.0398e-05  C3H6 + H <=> C2H4 + CH3:A
 541  4.59652e-01   4.59652e-01  -1.9004e-04  C3H6 + H <=> C2H4 + CH3:E
 877  4.59686e-01   4.59759e-01  -7.9936e-02  C4H81 + H (+M) <=> sC4H9 (+M):HpA
 878  4.59652e-01   4.59652e-01   8.3368e-06  C4H81 + H <=> C2H4 + C2H5:A
 879  4.59652e-01   4.59652e-01  -5.2078e-05  C4H81 + H <=> C2H4 + C2H5:E
 880  4.59652e-01   4.59652e-01  -4.4945e-06  C4H81 + H <=> C3H6 + CH3:A
 881  4.59652e-01   4.59652e-01   2.8123e-05  C4H81 + H <=> C3H6 + CH3:E
 898  4.59695e-01   4.59750e-01  -5.9354e-02  C4H82 + H (+M) <=> sC4H9 (+M):HpA
 914  4.59652e-01   4.59652e-01  -1.0462e-05  H + iC4H8 <=> C3H6 + CH3:A
 915  4.59652e-01   4.59652e-01   6.5298e-05  H + iC4H8 <=> C3H6 + CH3:E
 942  4.60182e-01   4.59699e-01   5.2489e-01  C3H6 + CH3 (+M) <=> sC4H9 (+M):HpA
 968  4.59815e-01   4.60383e-01  -6.1835e-01  tC4H9 (+M) <=> H + iC4H8 (+M):HpA
 988  4.61627e-01   4.59295e-01   2.5362e+00  2 C2H5 (+M) <=> C4H10 (+M):HpA
 989  4.60252e-01   4.59192e-01   1.1536e+00  C4H10 + H <=> H2 + pC4H9:A
 990  4.57900e-01   4.61534e-01  -3.9538e+00  C4H10 + H <=> H2 + pC4H9:E
 991  4.59366e-01   4.60079e-01  -7.7612e-01  C4H10 + H <=> H2 + sC4H9:A
 992  4.60715e-01   4.58730e-01   2.1586e+00  C4H10 + H <=> H2 + sC4H9:E
 1009  4.60311e-01   4.60298e-01   1.3873e-02  C4H10 + CH3 <=> CH4 + pC4H9:A
 1312  4.55324e-01   4.46203e-01   9.9219e+00  HME <=> 2 tC4H9:E
Negative perturbation =  7.19223e-01
Value =  8.66757e-01
Rxn  Value+       Value-           Sensitivi   Reaction Name
 377  8.68897e-01   8.66721e-01   1.2552e+00  C2H4 + H (+M) <=> C2H5 (+M):HpA
 540  8.66757e-01   8.66757e-01   3.6413e-05  C3H6 + H <=> C2H4 + CH3:A
 541  8.66757e-01   8.66757e-01  -2.2761e-04  C3H6 + H <=> C2H4 + CH3:E
 877  8.66827e-01   8.66690e-01   7.8779e-02  C4H81 + H (+M) <=> sC4H9 (+M):HpA
 878  8.66757e-01   8.66757e-01   7.8087e-06  C4H81 + H <=> C2H4 + C2H5:A
 879  8.66757e-01   8.66757e-01  -4.8812e-05  C4H81 + H <=> C2H4 + C2H5:E
 880  8.66757e-01   8.66757e-01  -7.8612e-06  C4H81 + H <=> C3H6 + CH3:A
 881  8.66757e-01   8.66757e-01   4.9140e-05  C4H81 + H <=> C3H6 + CH3:E
 898  8.66850e-01   8.66667e-01   1.0562e-01  C4H82 + H (+M) <=> sC4H9 (+M):HpA
 914  8.66757e-01   8.66757e-01  -2.1194e-05  H + iC4H8 <=> C3H6 + CH3:A
 915  8.66757e-01   8.66757e-01   1.3248e-04  H + iC4H8 <=> C3H6 + CH3:E
 942  8.68635e-01   8.66902e-01   9.9976e-01  C3H6 + CH3 (+M) <=> sC4H9 (+M):HpA
 968  8.66746e-01   8.67279e-01  -3.0716e-01  tC4H9 (+M) <=> H + iC4H8 (+M):HpA
 988  8.63839e-01   8.75657e-01  -6.8170e+00  2 C2H5 (+M) <=> C4H10 (+M):HpA
 989  8.67610e-01   8.65904e-01   9.8437e-01  C4H10 + H <=> H2 + pC4H9:A
 990  8.63538e-01   8.71966e-01  -4.8619e+00  C4H10 + H <=> H2 + pC4H9:E
 991  8.65898e-01   8.67614e-01  -9.9032e-01  C4H10 + H <=> H2 + sC4H9:A
 992  8.68889e-01   8.64614e-01   2.4663e+00  C4H10 + H <=> H2 + sC4H9:E
 1009  8.68744e-01   8.68732e-01   6.9065e-03  C4H10 + CH3 <=> CH4 + pC4H9:A
 1312  8.53343e-01   8.66855e-01  -7.7945e+00  HME <=> 2 tC4H9:E

Parameter number =  992 C4H10 + H <=> H2 + sC4H9:E    
Positive perturbation =  1.05622e+00
Value =  7.21947e-01
Rxn  Value+       Value-           Sensitivi   Reaction Name
 377  7.22007e-01   7.21883e-01   8.6017e-02  C2H4 + H (+M) <=> C2H5 (+M):HpA
 540  7.21947e-01   7.21947e-01   3.4525e-05  C3H6 + H <=> C2H4 + CH3:A
 541  7.21947e-01   7.21947e-01  -2.1582e-04  C3H6 + H <=> C2H4 + CH3:E
 877  7.22004e-01   7.21890e-01   7.8608e-02  C4H81 + H (+M) <=> sC4H9 (+M):HpA
 878  7.21947e-01   7.21947e-01   8.0435e-06  C4H81 + H <=> C2H4 + C2H5:A
 879  7.21947e-01   7.21947e-01  -5.0279e-05  C4H81 + H <=> C2H4 + C2H5:E
 880  7.21947e-01   7.21947e-01  -6.7245e-06  C4H81 + H <=> C3H6 + CH3:A
 881  7.21947e-01   7.21947e-01   4.2039e-05  C4H81 + H <=> C3H6 + CH3:E
 898  7.22023e-01   7.21871e-01   1.0498e-01  C4H82 + H (+M) <=> sC4H9 (+M):HpA
 914  7.21947e-01   7.21947e-01  -1.7283e-05  H + iC4H8 <=> C3H6 + CH3:A
 915  7.21947e-01   7.21947e-01   1.0804e-04  H + iC4H8 <=> C3H6 + CH3:E
 942  7.21725e-01   7.22069e-01  -2.3785e-01  C3H6 + CH3 (+M) <=> sC4H9 (+M):HpA
 968  7.21962e-01   7.19016e-01   2.0401e+00  tC4H9 (+M) <=> H + iC4H8 (+M):HpA
 988  7.20004e-01   7.26357e-01  -4.4002e+00  2 C2H5 (+M) <=> C4H10 (+M):HpA
 989  7.22652e-01   7.21243e-01   9.7553e-01  C4H10 + H <=> H2 + pC4H9:A
 990  7.19291e-01   7.24612e-01  -3.6855e+00  C4H10 + H <=> H2 + pC4H9:E
 991  7.21251e-01   7.22644e-01  -9.6493e-01  C4H10 + H <=> H2 + sC4H9:A
 992  7.23791e-01   7.20112e-01   2.5475e+00  C4H10 + H <=> H2 + sC4H9:E
 1009  7.21853e-01   7.21840e-01   9.1772e-03  C4H10 + CH3 <=> CH4 + pC4H9:A
 1312  7.26045e-01   7.25463e-01   4.0328e-01  HME <=> 2 tC4H9:E
Negative perturbation =  9.46772e-01
Value =  5.50282e-01
Rxn  Value+       Value-           Sensitivi   Reaction Name
 377  5.50338e-01   5.50238e-01   9.0920e-02  C2H4 + H (+M) <=> C2H5 (+M):HpA
 540  5.50282e-01   5.50282e-01   3.2309e-05  C3H6 + H <=> C2H4 + CH3:A
 541  5.50282e-01   5.50283e-01  -2.0129e-04  C3H6 + H <=> C2H4 + CH3:E
 877  5.50326e-01   5.50239e-01   7.8791e-02  C4H81 + H (+M) <=> sC4H9 (+M):HpA
 878  5.50282e-01   5.50282e-01   8.4045e-06  C4H81 + H <=> C2H4 + C2H5:A
 879  5.50282e-01   5.50282e-01  -5.2332e-05  C4H81 + H <=> C2H4 + C2H5:E
 880  5.50282e-01   5.50282e-01  -5.0616e-06  C4H81 + H <=> C3H6 + CH3:A
 881  5.50282e-01   5.50282e-01   3.2589e-05  C4H81 + H <=> C3H6 + CH3:E
 898  5.50341e-01   5.50224e-01   1.0551e-01  C4H82 + H (+M) <=> sC4H9 (+M):HpA
 914  5.50282e-01   5.50282e-01  -1.2622e-05  H + iC4H8 <=> C3H6 + CH3:A
 915  5.50283e-01   5.50282e-01   8.0317e-05  H + iC4H8 <=> C3H6 + CH3:E
 942  5.50208e-01   5.50372e-01  -1.4893e-01  C3H6 + CH3 (+M) <=> sC4H9 (+M):HpA
 968  5.50290e-01   5.50273e-01   1.6048e-02  tC4H9 (+M) <=> H + iC4H8 (+M):HpA
 988  5.50399e-01   5.50250e-01   1.3472e-01  2 C2H5 (+M) <=> C4H10 (+M):HpA
 989  5.50821e-01   5.49745e-01   9.7749e-01  C4H10 + H <=> H2 + pC4H9:A
 990  5.48253e-01   5.52317e-01  -3.6925e+00  C4H10 + H <=> H2 + pC4H9:E
 991  5.49748e-01   5.50817e-01  -9.7128e-01  C4H10 + H <=> H2 + sC4H9:A
 992  5.51550e-01   5.49020e-01   2.2989e+00  C4H10 + H <=> H2 + sC4H9:E
 1009  5.50302e-01   5.50290e-01   1.1551e-02  C4H10 + CH3 <=> CH4 + pC4H9:A
 1312  5.50783e-01   5.49788e-01   9.0384e-01  HME <=> 2 tC4H9:E

Parameter number =  1009 C4H10 + CH3 <=> CH4 + pC4H9:A 
Positive perturbation =  1.39039e+00
Value =  6.28668e-01
Rxn  Value+       Value-           Sensitivi   Reaction Name
 377  6.28732e-01   6.28617e-01   9.1450e-02  C2H4 + H (+M) <=> C2H5 (+M):HpA
 540  6.28668e-01   6.28668e-01   3.3267e-05  C3H6 + H <=> C2H4 + CH3:A
 541  6.28668e-01   6.28668e-01  -2.0827e-04  C3H6 + H <=> C2H4 + CH3:E
 877  6.28717e-01   6.28618e-01   7.8603e-02  C4H81 + H (+M) <=> sC4H9 (+M):HpA
 878  6.28668e-01   6.28668e-01   8.2362e-06  C4H81 + H <=> C2H4 + C2H5:A
 879  6.28668e-01   6.28668e-01  -5.1215e-05  C4H81 + H <=> C2H4 + C2H5:E
 880  6.28668e-01   6.28668e-01  -5.8479e-06  C4H81 + H <=> C3H6 + CH3:A
 881  6.28668e-01   6.28668e-01   3.6851e-05  C4H81 + H <=> C3H6 + CH3:E
 898  6.28734e-01   6.28602e-01   1.0527e-01  C4H82 + H (+M) <=> sC4H9 (+M):HpA
 914  6.28668e-01   6.28668e-01  -1.4780e-05  H + iC4H8 <=> C3H6 + CH3:A
 915  6.28668e-01   6.28668e-01   9.2334e-05  H + iC4H8 <=> C3H6 + CH3:E
 942  6.28567e-01   6.28780e-01  -1.6990e-01  C3H6 + CH3 (+M) <=> sC4H9 (+M):HpA
 968  6.28677e-01   6.28659e-01   1.4607e-02  tC4H9 (+M) <=> H + iC4H8 (+M):HpA
 988  6.22122e-01   6.28621e-01  -5.1692e+00  2 C2H5 (+M) <=> C4H10 (+M):HpA
 989  6.29281e-01   6.28055e-01   9.7541e-01  C4H10 + H <=> H2 + pC4H9:A
 990  6.26355e-01   6.30987e-01  -3.6846e+00  C4H10 + H <=> H2 + pC4H9:E
 991  6.28060e-01   6.29276e-01  -9.6743e-01  C4H10 + H <=> H2 + sC4H9:A
 992  6.30191e-01   6.27150e-01   2.4185e+00  C4H10 + H <=> H2 + sC4H9:E
 1009  6.28687e-01   6.28659e-01   2.2120e-02  C4H10 + CH3 <=> CH4 + pC4H9:A
 1312  6.28156e-01   6.28255e-01  -7.8905e-02  HME <=> 2 tC4H9:E
Negative perturbation =  7.19223e-01
Value =  6.24540e-01
Rxn  Value+       Value-           Sensitivi   Reaction Name
 377  6.24604e-01   6.24490e-01   9.1327e-02  C2H4 + H (+M) <=> C2H5 (+M):HpA
 540  6.24540e-01   6.24540e-01   3.3322e-05  C3H6 + H <=> C2H4 + CH3:A
 541  6.24540e-01   6.24541e-01  -2.0841e-04  C3H6 + H <=> C2H4 + CH3:E
 877  6.24590e-01   6.24491e-01   7.9170e-02  C4H81 + H (+M) <=> sC4H9 (+M):HpA
 878  6.24540e-01   6.24540e-01   8.1887e-06  C4H81 + H <=> C2H4 + C2H5:A
 879  6.24540e-01   6.24541e-01  -5.1332e-05  C4H81 + H <=> C2H4 + C2H5:E
 880  6.24540e-01   6.24540e-01  -5.8834e-06  C4H81 + H <=> C3H6 + CH3:A
 881  6.24540e-01   6.24540e-01   3.6962e-05  C4H81 + H <=> C3H6 + CH3:E
 898  6.24607e-01   6.24474e-01   1.0603e-01  C4H82 + H (+M) <=> sC4H9 (+M):HpA
 914  6.24540e-01   6.24540e-01  -1.4858e-05  H + iC4H8 <=> C3H6 + CH3:A
 915  6.24541e-01   6.24540e-01   9.2808e-05  H + iC4H8 <=> C3H6 + CH3:E
 942  6.24440e-01   6.24642e-01  -1.6226e-01  C3H6 + CH3 (+M) <=> sC4H9 (+M):HpA
 968  6.24550e-01   6.24532e-01   1.4358e-02  tC4H9 (+M) <=> H + iC4H8 (+M):HpA
 988  6.17947e-01   6.24494e-01  -5.2416e+00  2 C2H5 (+M) <=> C4H10 (+M):HpA
 989  6.25154e-01   6.23927e-01   9.8212e-01  C4H10 + H <=> H2 + pC4H9:A
 990  6.22227e-01   6.26861e-01  -3.7100e+00  C4H10 + H <=> H2 + pC4H9:E
 991  6.23932e-01   6.25149e-01  -9.7438e-01  C4H10 + H <=> H2 + sC4H9:A
 992  6.26064e-01   6.23022e-01   2.4359e+00  C4H10 + H <=> H2 + sC4H9:E
 1009  6.24544e-01   6.24525e-01   1.5177e-02  C4H10 + CH3 <=> CH4 + pC4H9:A
 1312  6.24025e-01   6.24139e-01  -9.0938e-02  HME <=> 2 tC4H9:E

Parameter number =  1312 HME <=> 2 tC4H9:E             
Positive perturbation =  1.00601e+00
Value =  6.31959e-01
Rxn  Value+       Value-           Sensitivi   Reaction Name
 377  6.22965e-01   6.21074e-01   1.4967e+00  C2H4 + H (+M) <=> C2H5 (+M):HpA
 540  6.31959e-01   6.31959e-01   2.6717e-05  C3H6 + H <=> C2H4 + CH3:A
 541  6.31959e-01   6.31959e-01  -1.6694e-04  C3H6 + H <=> C2H4 + CH3:E
 877  6.32017e-01   6.31900e-01   9.2853e-02  C4H81 + H (+M) <=> sC4H9 (+M):HpA
 878  6.31959e-01   6.31959e-01   6.6507e-06  C4H81 + H <=> C2H4 + C2H5:A
 879  6.31959e-01   6.31959e-01  -4.1420e-05  C4H81 + H <=> C2H4 + C2H5:E
 880  6.31959e-01   6.31959e-01  -4.5309e-06  C4H81 + H <=> C3H6 + CH3:A
 881  6.31959e-01   6.31959e-01   2.8439e-05  C4H81 + H <=> C3H6 + CH3:E
 898  6.32037e-01   6.31881e-01   1.2386e-01  C4H82 + H (+M) <=> sC4H9 (+M):HpA
 914  6.31959e-01   6.31959e-01  -1.1202e-05  H + iC4H8 <=> C3H6 + CH3:A
 915  6.31959e-01   6.31959e-01   7.0177e-05  H + iC4H8 <=> C3H6 + CH3:E
 942  6.31791e-01   6.36416e-01  -3.6587e+00  C3H6 + CH3 (+M) <=> sC4H9 (+M):HpA
 968  6.32281e-01   6.24877e-01   5.8583e+00  tC4H9 (+M) <=> H + iC4H8 (+M):HpA
 988  6.21631e-01   6.20783e-01   6.7101e-01  2 C2H5 (+M) <=> C4H10 (+M):HpA
 989  6.32533e-01   6.31385e-01   9.0819e-01  C4H10 + H <=> H2 + pC4H9:A
 990  6.29789e-01   6.34134e-01  -3.4378e+00  C4H10 + H <=> H2 + pC4H9:E
 991  6.31294e-01   6.32625e-01  -1.0536e+00  C4H10 + H <=> H2 + sC4H9:A
 992  6.33621e-01   6.30281e-01   2.6428e+00  C4H10 + H <=> H2 + sC4H9:E
 1009  6.31965e-01   6.31953e-01   9.5008e-03  C4H10 + CH3 <=> CH4 + pC4H9:A
 1312  6.34514e-01   6.26070e-01   6.6802e+00  HME <=> 2 tC4H9:E
Negative perturbation =  9.94027e-01
Value =  6.34453e-01
Rxn  Value+       Value-           Sensitivi   Reaction Name
 377  6.30357e-01   6.29611e-01   5.8801e-01  C2H4 + H (+M) <=> C2H5 (+M):HpA
 540  6.34453e-01   6.34453e-01   4.1798e-05  C3H6 + H <=> C2H4 + CH3:A
 541  6.34453e-01   6.34453e-01  -2.6128e-04  C3H6 + H <=> C2H4 + CH3:E
 877  6.34501e-01   6.34405e-01   7.6262e-02  C4H81 + H (+M) <=> sC4H9 (+M):HpA
 878  6.34453e-01   6.34453e-01   1.0203e-05  C4H81 + H <=> C2H4 + C2H5:A
 879  6.34453e-01   6.34453e-01  -6.3781e-05  C4H81 + H <=> C2H4 + C2H5:E
 880  6.34453e-01   6.34453e-01  -7.4826e-06  C4H81 + H <=> C3H6 + CH3:A
 881  6.34453e-01   6.34453e-01   4.6774e-05  C4H81 + H <=> C3H6 + CH3:E
 898  6.34518e-01   6.34388e-01   1.0194e-01  C4H82 + H (+M) <=> sC4H9 (+M):HpA
 914  6.34453e-01   6.34453e-01  -1.8583e-05  H + iC4H8 <=> C3H6 + CH3:A
 915  6.34453e-01   6.34453e-01   1.1617e-04  H + iC4H8 <=> C3H6 + CH3:E
 942  6.34132e-01   6.36062e-01  -1.5210e+00  C3H6 + CH3 (+M) <=> sC4H9 (+M):HpA
 968  6.34619e-01   6.34227e-01   3.0888e-01  tC4H9 (+M) <=> H + iC4H8 (+M):HpA
 988  6.29713e-01   6.34054e-01  -3.4208e+00  2 C2H5 (+M) <=> C4H10 (+M):HpA
 989  6.35074e-01   6.33833e-01   9.7819e-01  C4H10 + H <=> H2 + pC4H9:A
 990  6.32112e-01   6.36799e-01  -3.6943e+00  C4H10 + H <=> H2 + pC4H9:E
 991  6.33844e-01   6.35063e-01  -9.6038e-01  C4H10 + H <=> H2 + sC4H9:A
 992  6.35979e-01   6.32932e-01   2.4011e+00  C4H10 + H <=> H2 + sC4H9:E
 1009  6.34459e-01   6.34447e-01   9.6430e-03  C4H10 + CH3 <=> CH4 + pC4H9:A
 1312  6.35929e-01   6.29256e-01   5.2592e+00  HME <=> 2 tC4H9:E
